robotStartMode.robotStartMode_INFO [0.013481451] [0.013] Fri Mar 15 11:44:20 PDT 2024: ***** TELEOP_MODE *****
Climber.motor.pidCtrlTask_INFO [0.082820399] Zero calibration done, event=null
FrcTeleOp.operatorControllerButtonEvent_INFO [1.900687862] >>>>> button=4, pressed=true
Shooter.aimShooter_DEBUG [1.911756376] owner=null, vel=90.0, tiltAngle=38.20088205865884, panAngle=0.0, event=null, timeout=0.0, aimOnly=true, shootOffDelay=0.0
Shooter.aimShooter_DEBUG [1.955750486] owner=null, vel=90.0, tiltAngle=38.19677563072304, panAngle=0.0, event=null, timeout=0.0, aimOnly=true, shootOffDelay=0.0
Shooter.aimShooter_DEBUG [2.008206193] owner=null, vel=90.0, tiltAngle=38.190520202524695, panAngle=0.0, event=null, timeout=0.0, aimOnly=true, shootOffDelay=0.0
Shooter.aimShooter_DEBUG [2.059719803] owner=null, vel=90.0, tiltAngle=38.195247346893616, panAngle=0.0, event=null, timeout=0.0, aimOnly=true, shootOffDelay=0.0
Shooter.aimShooter_DEBUG [2.108700324] owner=null, vel=90.0, tiltAngle=38.204864079844526, panAngle=0.0, event=null, timeout=0.0, aimOnly=true, shootOffDelay=0.0
Shooter.aimShooter_DEBUG [2.172462378] owner=null, vel=90.0, tiltAngle=38.18407190937478, panAngle=0.0, event=null, timeout=0.0, aimOnly=true, shootOffDelay=0.0
Shooter.aimShooter_DEBUG [2.220986488] owner=null, vel=90.0, tiltAngle=38.19945005907262, panAngle=0.0, event=null, timeout=0.0, aimOnly=true, shootOffDelay=0.0
Shooter.aimShooter_DEBUG [2.273968672] owner=null, vel=90.0, tiltAngle=38.20335063696802, panAngle=0.0, event=null, timeout=0.0, aimOnly=true, shootOffDelay=0.0
Shooter.aimShooter_DEBUG [2.321837472] owner=null, vel=90.0, tiltAngle=38.21245664667694, panAngle=0.0, event=null, timeout=0.0, aimOnly=true, shootOffDelay=0.0
Shooter.aimShooter_DEBUG [2.378322675] owner=null, vel=90.0, tiltAngle=38.18528561778989, panAngle=0.0, event=null, timeout=0.0, aimOnly=true, shootOffDelay=0.0
FrcTeleOp.operatorControllerButtonEvent_INFO [2.419825876] >>>>> button=4, pressed=false
FrcTeleOp.operatorControllerButtonEvent_INFO [2.98591594] >>>>> button=4, pressed=true
Shooter.aimShooter_DEBUG [3.002403942] owner=null, vel=90.0, tiltAngle=38.20825047197546, panAngle=0.0, event=null, timeout=0.0, aimOnly=true, shootOffDelay=0.0
Shooter.aimShooter_DEBUG [3.042187033] owner=null, vel=90.0, tiltAngle=38.21068505209246, panAngle=0.0, event=null, timeout=0.0, aimOnly=true, shootOffDelay=0.0
Shooter.aimShooter_DEBUG [3.089559397] owner=null, vel=90.0, tiltAngle=38.19069430307538, panAngle=0.0, event=null, timeout=0.0, aimOnly=true, shootOffDelay=0.0
FrcTeleOp.operatorControllerButtonEvent_INFO [3.137200653] >>>>> button=4, pressed=false
FrcTeleOp.operatorControllerButtonEvent_INFO [3.237796048] >>>>> button=4, pressed=true
Shooter.aimShooter_DEBUG [3.24272074] owner=null, vel=90.0, tiltAngle=38.200534191084344, panAngle=0.0, event=null, timeout=0.0, aimOnly=true, shootOffDelay=0.0
FrcTeleOp.operatorControllerButtonEvent_INFO [3.29008897] >>>>> button=4, pressed=false
FrcTeleOp.operatorControllerButtonEvent_INFO [3.395452792] >>>>> button=4, pressed=true
Shooter.aimShooter_DEBUG [3.407083573] owner=null, vel=90.0, tiltAngle=38.21186732061011, panAngle=0.0, event=null, timeout=0.0, aimOnly=true, shootOffDelay=0.0
FrcTeleOp.operatorControllerButtonEvent_INFO [3.448053122] >>>>> button=4, pressed=false
FrcTeleOp.operatorControllerButtonEvent_INFO [3.546127321] >>>>> button=4, pressed=true
Shooter.aimShooter_DEBUG [3.55972193] owner=null, vel=90.0, tiltAngle=38.21611943048683, panAngle=0.0, event=null, timeout=0.0, aimOnly=true, shootOffDelay=0.0
Shooter.aimShooter_DEBUG [3.60065052] owner=null, vel=90.0, tiltAngle=38.21459232869094, panAngle=0.0, event=null, timeout=0.0, aimOnly=true, shootOffDelay=0.0
FrcTeleOp.operatorControllerButtonEvent_INFO [3.646346149] >>>>> button=4, pressed=false
FrcTeleOp.operatorControllerButtonEvent_INFO [4.316695886] >>>>> button=4, pressed=true
Shooter.aimShooter_DEBUG [4.320365579] owner=null, vel=90.0, tiltAngle=38.21548496861812, panAngle=0.0, event=null, timeout=0.0, aimOnly=true, shootOffDelay=0.0
Shooter.aimShooter_DEBUG [4.378017997] owner=null, vel=90.0, tiltAngle=38.21581823309746, panAngle=0.0, event=null, timeout=0.0, aimOnly=true, shootOffDelay=0.0
FrcTeleOp.operatorControllerButtonEvent_INFO [4.418975795] >>>>> button=4, pressed=false
FrcTeleOp.operatorControllerButtonEvent_INFO [4.467547585] >>>>> button=4, pressed=true
Shooter.aimShooter_DEBUG [4.475004463] owner=null, vel=90.0, tiltAngle=38.21576578731592, panAngle=0.0, event=null, timeout=0.0, aimOnly=true, shootOffDelay=0.0
FrcTeleOp.operatorControllerButtonEvent_INFO [4.519087352] >>>>> button=4, pressed=false
FrcTeleOp.operatorControllerButtonEvent_INFO [5.382005321] >>>>> button=4, pressed=true
Shooter.aimShooter_DEBUG [5.3912012] owner=null, vel=90.0, tiltAngle=38.21787564657937, panAngle=0.0, event=null, timeout=0.0, aimOnly=true, shootOffDelay=0.0
Shooter.aimShooter_DEBUG [5.435714354] owner=null, vel=90.0, tiltAngle=38.21055867522915, panAngle=0.0, event=null, timeout=0.0, aimOnly=true, shootOffDelay=0.0
Shooter.aimShooter_DEBUG [5.484708834] owner=null, vel=90.0, tiltAngle=38.21122149117646, panAngle=0.0, event=null, timeout=0.0, aimOnly=true, shootOffDelay=0.0
Shooter.aimShooter_DEBUG [5.536948927] owner=null, vel=90.0, tiltAngle=38.215929180412324, panAngle=0.0, event=null, timeout=0.0, aimOnly=true, shootOffDelay=0.0
Shooter.aimShooter_DEBUG [5.588302023] owner=null, vel=90.0, tiltAngle=38.216649853549555, panAngle=0.0, event=null, timeout=0.0, aimOnly=true, shootOffDelay=0.0
Shooter.aimShooter_DEBUG [5.639167663] owner=null, vel=90.0, tiltAngle=38.20599190657184, panAngle=0.0, event=null, timeout=0.0, aimOnly=true, shootOffDelay=0.0
Shooter.aimShooter_DEBUG [5.690007113] owner=null, vel=90.0, tiltAngle=38.21452949822572, panAngle=0.0, event=null, timeout=0.0, aimOnly=true, shootOffDelay=0.0
Shooter.aimShooter_DEBUG [5.73934894] owner=null, vel=90.0, tiltAngle=38.210131773074835, panAngle=0.0, event=null, timeout=0.0, aimOnly=true, shootOffDelay=0.0
FrcTeleOp.operatorControllerButtonEvent_INFO [5.788271194] >>>>> button=4, pressed=false
FrcTeleOp.operatorControllerButtonEvent_INFO [6.19684938] >>>>> button=4, pressed=true
Shooter.aimShooter_DEBUG [6.208721647] owner=null, vel=90.0, tiltAngle=38.21394506501027, panAngle=0.0, event=null, timeout=0.0, aimOnly=true, shootOffDelay=0.0
Shooter.aimShooter_DEBUG [6.248747189] owner=null, vel=90.0, tiltAngle=38.213581654429824, panAngle=0.0, event=null, timeout=0.0, aimOnly=true, shootOffDelay=0.0
Shooter.aimShooter_DEBUG [6.29845328] owner=null, vel=90.0, tiltAngle=38.21359963334863, panAngle=0.0, event=null, timeout=0.0, aimOnly=true, shootOffDelay=0.0
Shooter.aimShooter_DEBUG [6.354165042] owner=null, vel=90.0, tiltAngle=38.217350868313936, panAngle=0.0, event=null, timeout=0.0, aimOnly=true, shootOffDelay=0.0
FrcTeleOp.operatorControllerButtonEvent_INFO [6.397912933] >>>>> button=4, pressed=false
FrcTeleOp.driverControllerButtonEvent_INFO [8.276461069] >>>>> button=4, pressed=true
Shooter.aimShooter_DEBUG [8.291084426] owner=null, vel=90.0, tiltAngle=38.20747599234876, panAngle=0.0, event=null, timeout=0.0, aimOnly=true, shootOffDelay=0.0
Shooter.aimShooter_DEBUG [8.33001047] owner=null, vel=90.0, tiltAngle=38.20652985108, panAngle=0.0, event=null, timeout=0.0, aimOnly=true, shootOffDelay=0.0
Shooter.aimShooter_DEBUG [8.379589327] owner=null, vel=90.0, tiltAngle=38.219035339001195, panAngle=0.0, event=null, timeout=0.0, aimOnly=true, shootOffDelay=0.0
Shooter.aimShooter_DEBUG [8.427586129] owner=null, vel=90.0, tiltAngle=38.20888315858462, panAngle=0.0, event=null, timeout=0.0, aimOnly=true, shootOffDelay=0.0
FrcTeleOp.driverControllerButtonEvent_INFO [8.478381085] >>>>> button=4, pressed=false
FrcTeleOp.driverControllerButtonEvent_INFO [8.987865855] >>>>> button=4, pressed=true
Shooter.aimShooter_DEBUG [9.01091901] owner=null, vel=90.0, tiltAngle=38.20946136464508, panAngle=0.0, event=null, timeout=0.0, aimOnly=true, shootOffDelay=0.0
Shooter.aimShooter_DEBUG [9.044331838] owner=null, vel=90.0, tiltAngle=38.20946136464508, panAngle=0.0, event=null, timeout=0.0, aimOnly=true, shootOffDelay=0.0
Shooter.aimShooter_DEBUG [9.09715694] owner=null, vel=90.0, tiltAngle=38.21615402277459, panAngle=0.0, event=null, timeout=0.0, aimOnly=true, shootOffDelay=0.0
FrcTeleOp.driverControllerButtonEvent_INFO [9.138918851] >>>>> button=4, pressed=false
FrcTeleOp.driverControllerButtonEvent_INFO [9.799468156] >>>>> button=4, pressed=true
Shooter.aimShooter_DEBUG [9.804691327] owner=null, vel=90.0, tiltAngle=38.215760829459846, panAngle=0.0, event=null, timeout=0.0, aimOnly=true, shootOffDelay=0.0
FrcTeleOp.driverControllerButtonEvent_INFO [9.849553113] >>>>> button=4, pressed=false
FrcTeleOp.driverControllerButtonEvent_INFO [10.258740271] >>>>> button=4, pressed=true
Shooter.aimShooter_DEBUG [10.286147699] owner=null, vel=90.0, tiltAngle=38.21439090623645, panAngle=0.0, event=null, timeout=0.0, aimOnly=true, shootOffDelay=0.0
Shooter.aimShooter_DEBUG [10.320734072] owner=null, vel=90.0, tiltAngle=38.21906572115373, panAngle=0.0, event=null, timeout=0.0, aimOnly=true, shootOffDelay=0.0
Shooter.aimShooter_DEBUG [10.370935921] owner=null, vel=90.0, tiltAngle=38.21434632977842, panAngle=0.0, event=null, timeout=0.0, aimOnly=true, shootOffDelay=0.0
FrcTeleOp.driverControllerButtonEvent_INFO [10.42513575] >>>>> button=4, pressed=false
FrcTeleOp.driverControllerButtonEvent_INFO [10.629446579] >>>>> button=4, pressed=true
Shooter.aimShooter_DEBUG [10.64035267] owner=null, vel=90.0, tiltAngle=38.21021303625571, panAngle=0.0, event=null, timeout=0.0, aimOnly=true, shootOffDelay=0.0
Shooter.aimShooter_DEBUG [10.68231099] owner=null, vel=90.0, tiltAngle=38.21394490841458, panAngle=0.0, event=null, timeout=0.0, aimOnly=true, shootOffDelay=0.0
FrcTeleOp.driverControllerButtonEvent_INFO [10.730107625] >>>>> button=4, pressed=false
FrcTeleOp.driverControllerButtonEvent_INFO [10.885295553] >>>>> button=4, pressed=true
Shooter.aimShooter_DEBUG [10.895457975] owner=null, vel=90.0, tiltAngle=38.21358216631404, panAngle=0.0, event=null, timeout=0.0, aimOnly=true, shootOffDelay=0.0
Shooter.aimShooter_DEBUG [10.946716398] owner=null, vel=90.0, tiltAngle=38.21722283823243, panAngle=0.0, event=null, timeout=0.0, aimOnly=true, shootOffDelay=0.0
FrcTeleOp.driverControllerButtonEvent_INFO [10.993577553] >>>>> button=4, pressed=false
FrcTeleOp.driverControllerButtonEvent_INFO [11.662972263] >>>>> button=4, pressed=true
Shooter.aimShooter_DEBUG [11.667137992] owner=null, vel=90.0, tiltAngle=38.21045336750556, panAngle=0.0, event=null, timeout=0.0, aimOnly=true, shootOffDelay=0.0
Shooter.aimShooter_DEBUG [11.72016753] owner=null, vel=90.0, tiltAngle=38.215490379552406, panAngle=0.0, event=null, timeout=0.0, aimOnly=true, shootOffDelay=0.0
FrcTeleOp.driverControllerButtonEvent_INFO [11.76490597] >>>>> button=4, pressed=false
FrcTeleOp.driverControllerButtonEvent_INFO [12.693462423] >>>>> button=4, pressed=true
FrcTeleOp.driverControllerButtonEvent_INFO [12.844209488] >>>>> button=4, pressed=false
FrcTeleOp.operatorControllerButtonEvent_INFO [13.301511409] >>>>> button=7, pressed=true
FrcTeleOp.operatorControllerButtonEvent_INFO [13.455155218] >>>>> button=7, pressed=false
Climber.motor.pidCtrlTask_INFO [14.082309556] Zero calibration done, event=null
FrcTeleOp.driverControllerButtonEvent_INFO [15.948345463] >>>>> button=13, pressed=true
FrcTeleOp.driverControllerButtonEvent_INFO [16.202534108] >>>>> button=13, pressed=false
FrcTeleOp.operatorControllerButtonEvent_INFO [16.460181091] >>>>> button=5, pressed=true
FrcTeleOp.driverControllerButtonEvent_INFO [16.86376076] >>>>> button=2, pressed=true
FrcTeleOp.driverControllerButtonEvent_INFO [17.216598133] >>>>> button=2, pressed=false
FrcTeleOp.driverControllerButtonEvent_INFO [17.320073359] >>>>> button=4, pressed=true
Shooter.aimShooter_DEBUG [17.336270032] owner=null, vel=90.0, tiltAngle=38.207018958508954, panAngle=0.0, event=null, timeout=0.0, aimOnly=true, shootOffDelay=0.0
Shooter.aimShooter_DEBUG [17.375562135] owner=null, vel=90.0, tiltAngle=38.20723794922076, panAngle=0.0, event=null, timeout=0.0, aimOnly=true, shootOffDelay=0.0
Shooter.aimShooter_DEBUG [17.425552389] owner=null, vel=90.0, tiltAngle=38.21100371350819, panAngle=0.0, event=null, timeout=0.0, aimOnly=true, shootOffDelay=0.0
FrcTeleOp.driverControllerButtonEvent_INFO [17.475611722] >>>>> button=4, pressed=false
FrcTeleOp.operatorControllerButtonEvent_INFO [18.700945996] >>>>> button=5, pressed=false
FrcTeleOp.operatorControllerButtonEvent_INFO [19.258149875] >>>>> button=5, pressed=true
FrcTeleOp.driverControllerButtonEvent_INFO [19.464205823] >>>>> button=17, pressed=true
FrcTeleOp.operatorControllerButtonEvent_INFO [19.514309917] >>>>> button=7, pressed=true
Climber.motor.pidCtrlTask_INFO [19.525805214] Zero calibration done, event=null
FrcTeleOp.driverControllerButtonEvent_INFO [19.617595124] >>>>> button=17, pressed=false
FrcTeleOp.driverControllerButtonEvent_INFO [19.818526379] >>>>> button=13, pressed=true
FrcTeleOp.driverControllerButtonEvent_INFO [19.970643459] >>>>> button=13, pressed=false
FrcTeleOp.driverControllerButtonEvent_INFO [20.12175771] >>>>> button=15, pressed=true
FrcTeleOp.operatorControllerButtonEvent_INFO [20.13104817] >>>>> button=5, pressed=false
FrcTeleOp.driverControllerButtonEvent_INFO [20.274609538] >>>>> button=15, pressed=false
FrcTeleOp.operatorControllerButtonEvent_INFO [20.429622476] >>>>> button=7, pressed=false
FrcTeleOp.driverControllerButtonEvent_INFO [20.58070526] >>>>> button=13, pressed=true
FrcTeleOp.driverControllerButtonEvent_INFO [20.731937295] >>>>> button=13, pressed=false
FrcTeleOp.driverControllerButtonEvent_INFO [23.757863795] >>>>> button=13, pressed=true
FrcTeleOp.driverControllerButtonEvent_INFO [23.960340216] >>>>> button=13, pressed=false
FrcTeleOp.driverControllerButtonEvent_INFO [25.6494233] >>>>> button=11, pressed=true
FrcTeleOp.driverControllerButtonEvent_INFO [25.850269367] >>>>> button=11, pressed=false
FrcTeleOp.driverControllerButtonEvent_INFO [26.407020285] >>>>> button=15, pressed=true
FrcTeleOp.operatorControllerButtonEvent_INFO [26.563924994] >>>>> button=4, pressed=true
Shooter.aimShooter_DEBUG [26.574645789] owner=null, vel=90.0, tiltAngle=38.210273721364544, panAngle=0.0, event=null, timeout=0.0, aimOnly=true, shootOffDelay=0.0
FrcTeleOp.driverControllerButtonEvent_INFO [26.617111694] >>>>> button=15, pressed=false
Shooter.aimShooter_DEBUG [26.626534106] owner=null, vel=90.0, tiltAngle=38.214741719731656, panAngle=0.0, event=null, timeout=0.0, aimOnly=true, shootOffDelay=0.0
FrcTeleOp.operatorControllerButtonEvent_INFO [26.668313831] >>>>> button=4, pressed=false
FrcTeleOp.driverControllerButtonEvent_INFO [27.030351742] >>>>> button=1, pressed=true
FrcTeleOp.driverControllerButtonEvent_INFO [27.337044387] >>>>> button=1, pressed=false
FrcTeleOp.operatorControllerButtonEvent_INFO [28.357177308] >>>>> button=4, pressed=true
Shooter.aimShooter_DEBUG [28.373681873] owner=null, vel=90.0, tiltAngle=38.21161958794487, panAngle=0.0, event=null, timeout=0.0, aimOnly=true, shootOffDelay=0.0
Shooter.aimShooter_DEBUG [28.416995465] owner=null, vel=90.0, tiltAngle=38.2166163197752, panAngle=0.0, event=null, timeout=0.0, aimOnly=true, shootOffDelay=0.0
Shooter.aimShooter_DEBUG [28.461282477] owner=null, vel=90.0, tiltAngle=38.21561018039145, panAngle=0.0, event=null, timeout=0.0, aimOnly=true, shootOffDelay=0.0
Shooter.aimShooter_DEBUG [28.510641902] owner=null, vel=90.0, tiltAngle=38.208021112129686, panAngle=0.0, event=null, timeout=0.0, aimOnly=true, shootOffDelay=0.0
Shooter.aimShooter_DEBUG [28.563205674] owner=null, vel=90.0, tiltAngle=38.218953286701804, panAngle=0.0, event=null, timeout=0.0, aimOnly=true, shootOffDelay=0.0
Shooter.aimShooter_DEBUG [28.614234249] owner=null, vel=90.0, tiltAngle=38.21938373463496, panAngle=0.0, event=null, timeout=0.0, aimOnly=true, shootOffDelay=0.0
Shooter.aimShooter_DEBUG [28.665886671] owner=null, vel=90.0, tiltAngle=38.211571462310204, panAngle=0.0, event=null, timeout=0.0, aimOnly=true, shootOffDelay=0.0
Shooter.aimShooter_DEBUG [28.711611931] owner=null, vel=90.0, tiltAngle=38.20975200755463, panAngle=0.0, event=null, timeout=0.0, aimOnly=true, shootOffDelay=0.0
Shooter.aimShooter_DEBUG [28.767584236] owner=null, vel=90.0, tiltAngle=38.21699357352476, panAngle=0.0, event=null, timeout=0.0, aimOnly=true, shootOffDelay=0.0
Shooter.aimShooter_DEBUG [28.813735256] owner=null, vel=90.0, tiltAngle=38.21314062922038, panAngle=0.0, event=null, timeout=0.0, aimOnly=true, shootOffDelay=0.0
Shooter.aimShooter_DEBUG [28.871620982] owner=null, vel=90.0, tiltAngle=38.215858640855856, panAngle=0.0, event=null, timeout=0.0, aimOnly=true, shootOffDelay=0.0
Shooter.aimShooter_DEBUG [28.917459226] owner=null, vel=90.0, tiltAngle=38.21361137354321, panAngle=0.0, event=null, timeout=0.0, aimOnly=true, shootOffDelay=0.0
Shooter.aimShooter_DEBUG [28.96925281] owner=null, vel=90.0, tiltAngle=38.21711402618374, panAngle=0.0, event=null, timeout=0.0, aimOnly=true, shootOffDelay=0.0
FrcTeleOp.operatorControllerButtonEvent_INFO [29.017246576] >>>>> button=4, pressed=false
FrcTeleOp.operatorControllerButtonEvent_INFO [29.577141494] >>>>> button=4, pressed=true
Shooter.aimShooter_DEBUG [29.589484999] owner=null, vel=90.0, tiltAngle=38.21436464577578, panAngle=0.0, event=null, timeout=0.0, aimOnly=true, shootOffDelay=0.0
Shooter.aimShooter_DEBUG [29.631275157] owner=null, vel=90.0, tiltAngle=38.21880805818928, panAngle=0.0, event=null, timeout=0.0, aimOnly=true, shootOffDelay=0.0
Shooter.aimShooter_DEBUG [29.684532058] owner=null, vel=90.0, tiltAngle=38.20946801143241, panAngle=0.0, event=null, timeout=0.0, aimOnly=true, shootOffDelay=0.0
Shooter.aimShooter_DEBUG [29.731856445] owner=null, vel=90.0, tiltAngle=38.209682357574515, panAngle=0.0, event=null, timeout=0.0, aimOnly=true, shootOffDelay=0.0
Shooter.aimShooter_DEBUG [29.78245463] owner=null, vel=90.0, tiltAngle=38.21319803672398, panAngle=0.0, event=null, timeout=0.0, aimOnly=true, shootOffDelay=0.0
Shooter.aimShooter_DEBUG [29.834126013] owner=null, vel=90.0, tiltAngle=38.21384971318711, panAngle=0.0, event=null, timeout=0.0, aimOnly=true, shootOffDelay=0.0
Shooter.aimShooter_DEBUG [29.884709718] owner=null, vel=90.0, tiltAngle=38.209970910646206, panAngle=0.0, event=null, timeout=0.0, aimOnly=true, shootOffDelay=0.0
Shooter.aimShooter_DEBUG [29.937555048] owner=null, vel=90.0, tiltAngle=38.213910789629324, panAngle=0.0, event=null, timeout=0.0, aimOnly=true, shootOffDelay=0.0
Shooter.aimShooter_DEBUG [29.996831503] owner=null, vel=90.0, tiltAngle=38.21660918003252, panAngle=0.0, event=null, timeout=0.0, aimOnly=true, shootOffDelay=0.0
FrcTeleOp.operatorControllerButtonEvent_INFO [30.036931793] >>>>> button=4, pressed=false
FrcTeleOp.operatorControllerButtonEvent_INFO [30.961491182] >>>>> button=1, pressed=true
Shooter.cancel_INFO [30.964437323] owner=null
FrcTeleOp.operatorControllerButtonEvent_INFO [31.112257113] >>>>> button=1, pressed=false
FrcTeleOp.driverControllerButtonEvent_INFO [33.002051286] >>>>> button=4, pressed=true
Shooter.aimShooter_DEBUG [33.006417881] owner=null, vel=90.0, tiltAngle=38.213286425432905, panAngle=0.0, event=null, timeout=0.0, aimOnly=true, shootOffDelay=0.0
Shooter.aimShooter_DEBUG [33.057413359] owner=null, vel=90.0, tiltAngle=38.21598330320357, panAngle=0.0, event=null, timeout=0.0, aimOnly=true, shootOffDelay=0.0
Shooter.aimShooter_DEBUG [33.111855091] owner=null, vel=90.0, tiltAngle=38.214278079465075, panAngle=0.0, event=null, timeout=0.0, aimOnly=true, shootOffDelay=0.0
Shooter.aimShooter_DEBUG [33.160369435] owner=null, vel=90.0, tiltAngle=38.21068849863514, panAngle=0.0, event=null, timeout=0.0, aimOnly=true, shootOffDelay=0.0
Shooter.aimShooter_DEBUG [33.212655564] owner=null, vel=90.0, tiltAngle=38.21440299412747, panAngle=0.0, event=null, timeout=0.0, aimOnly=true, shootOffDelay=0.0
Shooter.aimShooter_DEBUG [33.260707333] owner=null, vel=90.0, tiltAngle=38.211205025734856, panAngle=0.0, event=null, timeout=0.0, aimOnly=true, shootOffDelay=0.0
Shooter.aimShooter_DEBUG [33.311808972] owner=null, vel=90.0, tiltAngle=38.21828838004795, panAngle=0.0, event=null, timeout=0.0, aimOnly=true, shootOffDelay=0.0
Shooter.aimShooter_DEBUG [33.362778121] owner=null, vel=90.0, tiltAngle=38.21308426798873, panAngle=0.0, event=null, timeout=0.0, aimOnly=true, shootOffDelay=0.0
Shooter.aimShooter_DEBUG [33.419128149] owner=null, vel=90.0, tiltAngle=38.21484722709495, panAngle=0.0, event=null, timeout=0.0, aimOnly=true, shootOffDelay=0.0
Shooter.aimShooter_DEBUG [33.467367608] owner=null, vel=90.0, tiltAngle=38.20504799956273, panAngle=0.0, event=null, timeout=0.0, aimOnly=true, shootOffDelay=0.0
Shooter.aimShooter_DEBUG [33.516054957] owner=null, vel=90.0, tiltAngle=38.21856401306492, panAngle=0.0, event=null, timeout=0.0, aimOnly=true, shootOffDelay=0.0
Shooter.aimShooter_DEBUG [33.575574007] owner=null, vel=90.0, tiltAngle=38.218385581240604, panAngle=0.0, event=null, timeout=0.0, aimOnly=true, shootOffDelay=0.0
Shooter.aimShooter_DEBUG [33.623329677] owner=null, vel=90.0, tiltAngle=38.2126439983613, panAngle=0.0, event=null, timeout=0.0, aimOnly=true, shootOffDelay=0.0
Shooter.aimShooter_DEBUG [33.672598359] owner=null, vel=90.0, tiltAngle=38.21198511894103, panAngle=0.0, event=null, timeout=0.0, aimOnly=true, shootOffDelay=0.0
FrcTeleOp.driverControllerButtonEvent_INFO [33.721210782] >>>>> button=4, pressed=false
FrcTeleOp.driverControllerButtonEvent_INFO [33.825408483] >>>>> button=4, pressed=true
Shooter.aimShooter_DEBUG [33.829981034] owner=null, vel=90.0, tiltAngle=38.2174016267553, panAngle=0.0, event=null, timeout=0.0, aimOnly=true, shootOffDelay=0.0
Shooter.aimShooter_DEBUG [33.882334725] owner=null, vel=90.0, tiltAngle=38.21237886671188, panAngle=0.0, event=null, timeout=0.0, aimOnly=true, shootOffDelay=0.0
Shooter.aimShooter_DEBUG [33.935383952] owner=null, vel=90.0, tiltAngle=38.21283210148107, panAngle=0.0, event=null, timeout=0.0, aimOnly=true, shootOffDelay=0.0
Shooter.aimShooter_DEBUG [33.980527801] owner=null, vel=90.0, tiltAngle=38.209440328564774, panAngle=0.0, event=null, timeout=0.0, aimOnly=true, shootOffDelay=0.0
Shooter.aimShooter_DEBUG [34.031248416] owner=null, vel=90.0, tiltAngle=38.209320764818514, panAngle=0.0, event=null, timeout=0.0, aimOnly=true, shootOffDelay=0.0
Shooter.aimShooter_DEBUG [34.081060597] owner=null, vel=90.0, tiltAngle=38.21729252448995, panAngle=0.0, event=null, timeout=0.0, aimOnly=true, shootOffDelay=0.0
FrcTeleOp.driverControllerButtonEvent_INFO [34.129907182] >>>>> button=4, pressed=false
FrcTeleOp.driverControllerButtonEvent_INFO [34.387369083] >>>>> button=4, pressed=true
Shooter.aimShooter_DEBUG [34.391967075] owner=null, vel=90.0, tiltAngle=38.215326739350125, panAngle=0.0, event=null, timeout=0.0, aimOnly=true, shootOffDelay=0.0
Shooter.aimShooter_DEBUG [34.440073574] owner=null, vel=90.0, tiltAngle=38.20960303111411, panAngle=0.0, event=null, timeout=0.0, aimOnly=true, shootOffDelay=0.0
FrcTeleOp.driverControllerButtonEvent_INFO [34.487838321] >>>>> button=4, pressed=false
FrcTeleOp.driverControllerButtonEvent_INFO [35.820517979] >>>>> button=5, pressed=true
FrcTeleOp.driverControllerButtonEvent_INFO [35.82252083] >>>>> button=6, pressed=true
FrcTeleOp.operatorControllerButtonEvent_INFO [35.974337429] >>>>> button=4, pressed=true
Shooter.aimShooter_DEBUG [35.988096614] owner=null, vel=90.0, tiltAngle=38.20701033495716, panAngle=0.0, event=null, timeout=0.0, aimOnly=true, shootOffDelay=0.0
FrcTeleOp.driverControllerButtonEvent_INFO [36.024676805] >>>>> button=5, pressed=false
FrcTeleOp.driverControllerButtonEvent_INFO [36.029287362] >>>>> button=6, pressed=false
Shooter.aimShooter_DEBUG [36.040406428] owner=null, vel=90.0, tiltAngle=38.21391065088497, panAngle=0.0, event=null, timeout=0.0, aimOnly=true, shootOffDelay=0.0
Shooter.aimShooter_DEBUG [36.078658243] owner=null, vel=90.0, tiltAngle=38.21558860432738, panAngle=0.0, event=null, timeout=0.0, aimOnly=true, shootOffDelay=0.0
FrcTeleOp.driverControllerButtonEvent_INFO [36.126956806] >>>>> button=2, pressed=true
Shooter.aimShooter_DEBUG [36.140251382] owner=null, vel=90.0, tiltAngle=38.210715872228285, panAngle=0.0, event=null, timeout=0.0, aimOnly=true, shootOffDelay=0.0
FrcTeleOp.driverControllerButtonEvent_INFO [36.177119345] >>>>> button=6, pressed=true
Shooter.aimShooter_DEBUG [36.186735668] owner=null, vel=90.0, tiltAngle=38.211707570484535, panAngle=0.0, event=null, timeout=0.0, aimOnly=true, shootOffDelay=0.0
Shooter.aimShooter_DEBUG [36.231604264] owner=null, vel=90.0, tiltAngle=38.21037924695958, panAngle=0.0, event=null, timeout=0.0, aimOnly=true, shootOffDelay=0.0
Shooter.aimShooter_DEBUG [36.285784819] owner=null, vel=90.0, tiltAngle=38.21625973398598, panAngle=0.0, event=null, timeout=0.0, aimOnly=true, shootOffDelay=0.0
FrcTeleOp.driverControllerButtonEvent_INFO [36.331007611] >>>>> button=2, pressed=false
FrcTeleOp.driverControllerButtonEvent_INFO [36.333828202] >>>>> button=5, pressed=true
FrcTeleOp.driverControllerButtonEvent_INFO [36.335841553] >>>>> button=6, pressed=false
Shooter.aimShooter_DEBUG [36.341280458] owner=null, vel=90.0, tiltAngle=38.21548024127166, panAngle=0.0, event=null, timeout=0.0, aimOnly=true, shootOffDelay=0.0
Shooter.aimShooter_DEBUG [36.389829074] owner=null, vel=90.0, tiltAngle=38.21110669449422, panAngle=0.0, event=null, timeout=0.0, aimOnly=true, shootOffDelay=0.0
Shooter.aimShooter_DEBUG [36.439089449] owner=null, vel=90.0, tiltAngle=38.21511666079734, panAngle=0.0, event=null, timeout=0.0, aimOnly=true, shootOffDelay=0.0
FrcTeleOp.driverControllerButtonEvent_INFO [36.484869839] >>>>> button=1, pressed=true
FrcTeleOp.driverControllerButtonEvent_INFO [36.490416987] >>>>> button=3, pressed=true
TaskAutoPickupFromGround.autoAssistPickup_INFO [36.493684839] useVision=false, inAuto=false, event=null
TaskAutoPickupFromGround.acquireSubsystemsOwnership_WARN [36.499118665] Failed to acquire subsystem ownership (currOwner=null, intake=AutoScoreNote, robotDrive=AutoScoreNote).
TaskAutoPickupFromGround.startAutoTask_WARN [36.501066154] Failed to acquire subsystems ownership.
FrcTeleOp.driverControllerButtonEvent_INFO [36.504631705] >>>>> button=6, pressed=true
Shooter.aimShooter_DEBUG [36.520430412] owner=null, vel=90.0, tiltAngle=38.21429865011824, panAngle=0.0, event=null, timeout=0.0, aimOnly=true, shootOffDelay=0.0
FrcTeleOp.driverControllerButtonEvent_INFO [36.556422945] >>>>> button=5, pressed=false
Shooter.aimShooter_DEBUG [36.583617375] owner=null, vel=90.0, tiltAngle=38.21085926143198, panAngle=0.0, event=null, timeout=0.0, aimOnly=true, shootOffDelay=0.0
FrcTeleOp.driverControllerButtonEvent_INFO [36.60542258] >>>>> button=3, pressed=false
FrcTeleOp.operatorControllerButtonEvent_INFO [36.609956695] >>>>> button=4, pressed=false
FrcTeleOp.driverControllerButtonEvent_INFO [36.659687439] >>>>> button=1, pressed=false
FrcTeleOp.driverControllerButtonEvent_INFO [36.710135646] >>>>> button=6, pressed=false
FrcTeleOp.operatorControllerButtonEvent_INFO [70.304484756] >>>>> button=15, pressed=true
TaskAutoPickupFromGround.autoAssistPickup_INFO [70.305256779] useVision=false, inAuto=false, event=null
TaskAutoPickupFromGround.acquireSubsystemsOwnership_WARN [70.319422594] Failed to acquire subsystem ownership (currOwner=null, intake=AutoScoreNote, robotDrive=AutoScoreNote).
TaskAutoPickupFromGround.startAutoTask_WARN [70.321120772] Failed to acquire subsystems ownership.
FrcTeleOp.operatorControllerButtonEvent_INFO [70.710125691] >>>>> button=15, pressed=false
FrcTeleOp.operatorControllerButtonEvent_INFO [70.810800768] >>>>> button=15, pressed=true
TaskAutoPickupFromGround.autoAssistPickup_INFO [70.811971024] useVision=false, inAuto=false, event=null
TaskAutoPickupFromGround.acquireSubsystemsOwnership_WARN [70.823786173] Failed to acquire subsystem ownership (currOwner=null, intake=AutoScoreNote, robotDrive=AutoScoreNote).
TaskAutoPickupFromGround.startAutoTask_WARN [70.824976668] Failed to acquire subsystems ownership.
FrcTeleOp.operatorControllerButtonEvent_INFO [70.965955989] >>>>> button=15, pressed=false
FrcTeleOp.operatorControllerButtonEvent_INFO [71.228316284] >>>>> button=11, pressed=true
TaskAutoPickupFromGround.autoAssistPickup_INFO [71.230617545] useVision=true, inAuto=false, event=null
TaskAutoPickupFromGround.acquireSubsystemsOwnership_WARN [71.236603652] Failed to acquire subsystem ownership (currOwner=null, intake=AutoScoreNote, robotDrive=AutoScoreNote).
TaskAutoPickupFromGround.startAutoTask_WARN [71.237860865] Failed to acquire subsystems ownership.
FrcTeleOp.operatorControllerButtonEvent_INFO [71.328423133] >>>>> button=11, pressed=false
FrcTeleOp.operatorControllerButtonEvent_INFO [71.482863249] >>>>> button=15, pressed=true
TaskAutoPickupFromGround.autoAssistPickup_INFO [71.484002873] useVision=false, inAuto=false, event=null
TaskAutoPickupFromGround.acquireSubsystemsOwnership_WARN [71.48490588] Failed to acquire subsystem ownership (currOwner=null, intake=AutoScoreNote, robotDrive=AutoScoreNote).
TaskAutoPickupFromGround.startAutoTask_WARN [71.485593701] Failed to acquire subsystems ownership.
FrcTeleOp.operatorControllerButtonEvent_INFO [71.636183409] >>>>> button=15, pressed=false
FrcTeleOp.operatorControllerButtonEvent_INFO [71.68677133] >>>>> button=15, pressed=true
TaskAutoPickupFromGround.autoAssistPickup_INFO [71.688130995] useVision=false, inAuto=false, event=null
TaskAutoPickupFromGround.acquireSubsystemsOwnership_WARN [71.688737697] Failed to acquire subsystem ownership (currOwner=null, intake=AutoScoreNote, robotDrive=AutoScoreNote).
TaskAutoPickupFromGround.startAutoTask_WARN [71.689479585] Failed to acquire subsystems ownership.
FrcTeleOp.operatorControllerButtonEvent_INFO [71.788965402] >>>>> button=15, pressed=false
FrcTeleOp.operatorControllerButtonEvent_INFO [71.842343429] >>>>> button=15, pressed=true
TaskAutoPickupFromGround.autoAssistPickup_INFO [71.843868219] useVision=false, inAuto=false, event=null
TaskAutoPickupFromGround.acquireSubsystemsOwnership_WARN [71.845155962] Failed to acquire subsystem ownership (currOwner=null, intake=AutoScoreNote, robotDrive=AutoScoreNote).
TaskAutoPickupFromGround.startAutoTask_WARN [71.847229054] Failed to acquire subsystems ownership.
FrcTeleOp.operatorControllerButtonEvent_INFO [71.94526406] >>>>> button=15, pressed=false
FrcTeleOp.operatorControllerButtonEvent_INFO [72.248133007] >>>>> button=2, pressed=true
FrcTeleOp.operatorControllerButtonEvent_INFO [72.559115308] >>>>> button=2, pressed=false
FrcTeleOp.operatorControllerButtonEvent_INFO [78.121523678] >>>>> button=2, pressed=true
FrcTeleOp.operatorControllerButtonEvent_INFO [78.998229762] >>>>> button=2, pressed=false
FrcTeleOp.operatorControllerButtonEvent_INFO [79.30313558] >>>>> button=2, pressed=true
FrcTeleOp.operatorControllerButtonEvent_INFO [79.404146408] >>>>> button=2, pressed=false
FrcTeleOp.operatorControllerButtonEvent_INFO [80.27923488] >>>>> button=15, pressed=true
TaskAutoPickupFromGround.autoAssistPickup_INFO [80.289719684] useVision=false, inAuto=false, event=null
TaskAutoPickupFromGround.acquireSubsystemsOwnership_WARN [80.29493599] Failed to acquire subsystem ownership (currOwner=null, intake=AutoScoreNote, robotDrive=AutoScoreNote).
TaskAutoPickupFromGround.startAutoTask_WARN [80.298365474] Failed to acquire subsystems ownership.
FrcTeleOp.operatorControllerButtonEvent_INFO [80.737936171] >>>>> button=15, pressed=false
FrcTeleOp.operatorControllerButtonEvent_INFO [85.038077095] >>>>> button=2, pressed=true
FrcTeleOp.operatorControllerButtonEvent_INFO [85.854932636] >>>>> button=2, pressed=false
FrcTeleOp.operatorControllerButtonEvent_INFO [87.841187018] >>>>> button=15, pressed=true
TaskAutoPickupFromGround.autoAssistPickup_INFO [87.845770412] useVision=false, inAuto=false, event=null
TaskAutoPickupFromGround.acquireSubsystemsOwnership_WARN [87.847088766] Failed to acquire subsystem ownership (currOwner=null, intake=AutoScoreNote, robotDrive=AutoScoreNote).
TaskAutoPickupFromGround.startAutoTask_WARN [87.848166696] Failed to acquire subsystems ownership.
FrcTeleOp.operatorControllerButtonEvent_INFO [87.943106722] >>>>> button=15, pressed=false
FrcTeleOp.operatorControllerButtonEvent_INFO [89.525173726] >>>>> button=2, pressed=true
FrcTeleOp.operatorControllerButtonEvent_INFO [90.1317202] >>>>> button=2, pressed=false
FrcRobotBase.startCompetition_INFO [135.416732278] *** Transitioning from TELEOP_MODE to DISABLED_MODE ***
TaskAutoScoreNote.autoAssistCancel_INFO [135.430475013] Canceling auto-assist.
TaskAutoScoreNote.stopSubsystems_INFO [135.437439523] Stopping subsystems.
Intake.cancel_INFO [135.43902922] owner=AutoScoreNote
Shooter.cancel_INFO [135.441594345] owner=AutoScoreNote
TaskAutoScoreNote.releaseSubsystemsOwnership_INFO [135.448448401] Releasing subsystem ownership (currOwner=AutoScoreNote, intake=AutoScoreNote, shooter=AutoScoreNote, robotDrive=AutoScoreNote).
TaskAutoPickupFromGround.autoAssistCancel_INFO [135.452421147] Canceling auto-assist.
TaskAutoPickupFromSource.autoAssistCancel_INFO [135.456966161] Canceling auto-assist.
pidDrive.printPerformanceMetrics_INFO [135.461961835] [pidDrive] Loop Performance Metrics:
Average Loop Interval = NaNs (freq=NaNHz, min=0.000000s, max=0.000000s)

FrcRobotBase.printPerformanceMetrics_INFO [135.472125214] [FrcRobotBase] Loop Performance Metrics:
Average Loop Interval = 0.000782s (freq=1278.740Hz, min=0.000000s, max=0.244808s)
[03]                StartTask=0.000000s
[04]          PrePeriodicTask=0.000083s
[07]               UpdateTask=0.000518s
[02]                StartMode=0.000000s
[06]         PostPeriodicTask=0.000044s
[08]                 StopTask=0.000000s
[09]                 StopMode=0.000000s
[00]                RobotInit=8.750230s
[01]           RobotStartMode=0.000001s
[05]                 Periodic=0.000089s
[10]            RobotStopMode=0.000000s

TrcTaskMgr.printTaskPerformanceMetrics_INFO [135.481402843] TrcWatchdogMgr: STANDALONE_TASK=0.000079/0.997267
TrcTaskMgr.printTaskPerformanceMetrics_INFO [135.485130189] DriverController.buttonEvent: PRE_PERIODIC_TASK=0.000010/0.001408
TrcTaskMgr.printTaskPerformanceMetrics_INFO [135.489660399] OperatorController.buttonEvent: PRE_PERIODIC_TASK=0.000008/0.001408
TrcTaskMgr.printTaskPerformanceMetrics_INFO [135.492528738] LED: OUTPUT_TASK=0.000017/0.010611
TrcTaskMgr.printTaskPerformanceMetrics_INFO [135.495550361] lfDriveMotor.pidCtrlTask: OUTPUT_TASK=0.000009/0.010611
TrcTaskMgr.printTaskPerformanceMetrics_INFO [135.49750293] TrcMotor.odometryTask: STANDALONE_TASK=0.000749/0.000802
TrcTaskMgr.printTaskPerformanceMetrics_INFO [135.502332845] lfDriveMotor.odometryCleanupTask: STOP_TASK=0.003865/38.370862
TrcTaskMgr.printTaskPerformanceMetrics_INFO [135.505238038] rfDriveMotor.pidCtrlTask: OUTPUT_TASK=0.000005/0.010611
TrcTaskMgr.printTaskPerformanceMetrics_INFO [135.50787975] lbDriveMotor.pidCtrlTask: OUTPUT_TASK=0.000004/0.010611
TrcTaskMgr.printTaskPerformanceMetrics_INFO [135.512578126] rbDriveMotor.pidCtrlTask: OUTPUT_TASK=0.000005/0.010611
TrcTaskMgr.printTaskPerformanceMetrics_INFO [135.516705266] lfSteerMotor.pidCtrlTask: OUTPUT_TASK=0.000077/0.010611
TrcTaskMgr.printTaskPerformanceMetrics_INFO [135.518123933] rfSteerMotor.pidCtrlTask: OUTPUT_TASK=0.000057/0.010611
TrcTaskMgr.printTaskPerformanceMetrics_INFO [135.522310415] lbSteerMotor.pidCtrlTask: OUTPUT_TASK=0.000059/0.010611
TrcTaskMgr.printTaskPerformanceMetrics_INFO [135.525973027] rbSteerMotor.pidCtrlTask: OUTPUT_TASK=0.000057/0.010611
TrcTaskMgr.printTaskPerformanceMetrics_INFO [135.53182081] TrcDriveBase.odometryTask: INPUT_TASK=0.002409/0.010974
TrcTaskMgr.printTaskPerformanceMetrics_INFO [135.534217074] TrcDriveBase.stopTask: STOP_TASK=0.002055/38.373656
TrcTaskMgr.printTaskPerformanceMetrics_INFO [135.536180098] purePursuitDrive.driveTask: POST_PERIODIC_TASK=0.014304/0.022186
TrcTaskMgr.printTaskPerformanceMetrics_INFO [135.539070088] Intake.motor.pidCtrlTask: OUTPUT_TASK=0.000005/0.010611
TrcTaskMgr.printTaskPerformanceMetrics_INFO [135.543610316] Intake.entryTrigger.triggerTask: PRE_PERIODIC_TASK=0.000015/0.000782
TrcTaskMgr.printTaskPerformanceMetrics_INFO [135.546497244] Intake.exitTrigger.triggerTask: PRE_PERIODIC_TASK=0.000007/0.000782
TrcTaskMgr.printTaskPerformanceMetrics_INFO [135.549438435] Shooter.shooterMotor.pidCtrlTask: OUTPUT_TASK=0.000015/0.010611
TrcTaskMgr.printTaskPerformanceMetrics_INFO [135.553069275] Shooter.tiltMotor.pidCtrlTask: OUTPUT_TASK=0.000171/0.010611
TrcTaskMgr.printTaskPerformanceMetrics_INFO [135.556577482] Shooter.tiltMotor.converterTask: INPUT_TASK=0.000098/0.010611
TrcTaskMgr.printTaskPerformanceMetrics_INFO [135.559088823] Climber.motor.pidCtrlTask: OUTPUT_TASK=0.000115/0.010611
TrcTaskMgr.printTaskPerformanceMetrics_INFO [135.562992735] TaskAutoScoreNote: POST_PERIODIC_TASK=0.000009/0.001392
TrcTaskMgr.printTaskPerformanceMetrics_INFO [135.565398373] TaskAutoPickupFromGround: POST_PERIODIC_TASK=0.000510/0.004397
