robotStartMode.robotStartMode_INFO [0.024728299] [0.024] Fri Mar 15 11:44:20 PDT 2024: ***** AUTO_MODE *****
FrcAuto.startMode_INFO [0.067733593] <Info name="MatchInfo" date="Fri Mar 15 11:44:20 PDT 2024" event="WAYAK" type="Qualification" match=4 replay=1 alliance="Red" location=2 gameMsg="" />
Climber.motor.pidCtrlTask_INFO [0.072581065] Zero calibration done, event=null
FrcAuto.startMode_INFO [0.092529438] <Info name="AutoChoices" alliance="Red" strategy="CRESCENDO_AUTO" startPos="SW_SOURCE_SIDE" scoreWingNotes="SCORE_TWO" endAction="JUST_STOP" relocalize="false" startDelay=0 sec pathFile="DrivePath.csv" xDistance=6.0 ft yDistance=6.0 ft turnDegrees=90 deg driveTime=4 sec drivePower=4.0 />
Shooter.aimShooter_DEBUG [0.163838805] owner=null, vel=90.0, tiltAngle=60.0, panAngle=0.0, event=(CmdAuto=CLEARED), timeout=0.0, aimOnly=false, shootOffDelay=0.0
CmdAuto.cmdPeriodic_INFO [0.196130138] <Event name="StateInfo" time="0.195877758" tag="^^^^^" CmdAuto.state="START" />
Shooter.onTarget_DEBUG [0.21530057] shooterEvent=(Shooter.shooterOnTargetEvent=SIGNALED), tiltEvent=(Shooter.tiltOnTargetEvent=CLEARED), panEvent=null, aimOnly=false
Shooter.onTarget_DEBUG [1.026135992] shooterEvent=(Shooter.shooterOnTargetEvent=SIGNALED), tiltEvent=(Shooter.tiltOnTargetEvent=SIGNALED), panEvent=null, aimOnly=false
Shooter.tiltMotor.pidCtrlTask_INFO [1.032108125] controlMode: Position onTarget=true(59.01322021161096/60.0), stalled=false, expired=false, event=(Shooter.tiltOnTargetEvent=SIGNALED)
Intake: pwr=0.0, current=0.0, isActive=false, hasObject=true.shoot_DEBUG [1.051877696] owner=null, power=1.0, event=(Shooter.shootCompletionEvent=CLEARED)
Intake.performAction_INFO [1.068633924] Action: (op=EjectForward, intakePower=1.0, retainPower=0.0, finishDelay=0.0, event=(Shooter.shootCompletionEvent=CLEARED), timeout=0.0), hasObject=true
Intake.exitTriggerCallback_INFO [1.137456824] active=true, actionParams=(op=EjectForward, intakePower=1.0, retainPower=0.0, finishDelay=0.0, event=(Shooter.shootCompletionEvent=CLEARED), timeout=0.0)
Intake.entryTriggerCallback_INFO [1.158093829] active=false, actionParams=(op=EjectForward, intakePower=1.0, retainPower=0.0, finishDelay=0.0, event=(Shooter.shootCompletionEvent=CLEARED), timeout=0.0)
Intake.exitTriggerCallback_INFO [1.432703034] active=false, actionParams=(op=EjectForward, intakePower=1.0, retainPower=0.0, finishDelay=0.0, event=(Shooter.shootCompletionEvent=CLEARED), timeout=0.0)
Shooter.shootCompleted_INFO [1.451785141] Shoot completed.
Shooter.aimShooter_DEBUG [1.45754851] owner=null, vel=90.0, tiltAngle=39.0, panAngle=0.0, event=null, timeout=0.0, aimOnly=true, shootOffDelay=0.0
CmdAuto.cmdPeriodic_INFO [1.465837822] <Event name="StateInfo" time="1.465522432" tag="^^^^^" CmdAuto.state="DO_DELAY" />
Shooter.onTarget_DEBUG [1.471266537] shooterEvent=(Shooter.shooterOnTargetEvent=SIGNALED), tiltEvent=(Shooter.tiltOnTargetEvent=CLEARED), panEvent=null, aimOnly=true
purePursuitDrive.start_INFO [1.515051648] Path=TrcPath(degrees=true, [TrcWaypoint(pose=(x=-175.2,y=648.0,angle=-63.1),vel=0.000000), TrcWaypoint(pose=(x=-161.6,y=561.2,angle=0.0),vel=0.000000)])
CmdAuto.cmdPeriodic_INFO [1.523592782] <Event name="StateInfo" time="1.523294483" tag="^^^^^" CmdAuto.state="DRIVE_TO_WING_NOTE" RobotPose=(x=-175.2,y=648.0,angle=-63.1) TargetPose=(x=-161.6,y=561.2,angle=0.0) vel=(x=0.0,y=0.0,angle=0.0) Path=TrcPath(degrees=true, [TrcWaypoint(pose=(x=0.0,y=0.0,angle=0.0),vel=0.000000), TrcWaypoint(simple=false,timestep=0.660,pose=(x=-7.4,y=-5.3,angle=6.6),vel=157.480000,encPos=0.000000,accel=-157.480000,jerk=0.000000), TrcWaypoint(simple=false,timestep=0.340,pose=(x=-63.9,y=-46.0,angle=56.6),vel=53.581823,encPos=0.000000,accel=-157.480000,jerk=0.000000), TrcWaypoint(pose=(x=-71.3,y=-51.3,angle=63.1),vel=0.000000)]) />
CmdAuto.cmdPeriodic_INFO [2.275031619] Vision found note too far or not turn enough at (x=18.1,y=34.8,angle=27.5).
CmdAuto.cmdPeriodic_INFO [2.293511423] Vision found note too far or not turn enough at (x=18.1,y=34.8,angle=27.5).
CmdAuto.cmdPeriodic_INFO [2.316205329] Vision found note too far or not turn enough at (x=15.3,y=33.4,angle=24.6).
CmdAuto.cmdPeriodic_INFO [2.349939222] Vision found note too far or not turn enough at (x=13.1,y=25.9,angle=26.9).
CmdAuto.cmdPeriodic_INFO [2.37140464] Vision found note too far or not turn enough at (x=11.8,y=25.0,angle=25.2).
CmdAuto.cmdPeriodic_INFO [2.392160842] Vision found note too far or not turn enough at (x=10.5,y=24.1,angle=23.6).
CmdAuto.cmdPeriodic_INFO [2.417402374] Vision found note too far or not turn enough at (x=9.2,y=22.7,angle=22.0).
CmdAuto.cmdPeriodic_INFO [2.458994804] Vision found note at (x=7.6,y=21.3,angle=19.7).
CmdAuto.cmdPeriodic_INFO [2.493593766] Vision found note at (x=6.2,y=21.3,angle=16.2).
TaskAutoPickupFromGround.autoAssistPickup_INFO [2.504883255] useVision=true, inAuto=true, event=(CmdAuto=CANCELED)
TaskAutoPickupFromGround.acquireSubsystemsOwnership_INFO [2.529531897] Successfully acquired subsystem ownerships for AutoPickupGround.
CmdAuto.cmdPeriodic_INFO [2.542837737] <Event name="StateInfo" time="2.536128473" tag="^^^^^" CmdAuto.state="PICKUP_WING_NOTE" />
TaskAutoPickupFromGround.runTaskState_INFO [2.567693705] Using Note Vision.
TaskAutoPickupFromGround.autoTask_INFO [2.57066577] <Event name="StateInfo" time="2.570004879" tag="^^^^^" TaskAutoPickupFromGround.state="START" />
TaskAutoPickupFromGround.runTaskState_INFO [2.581071796] Vision found Note at (x=-1.6,y=-21.5,angle=4.1) from robot back.
TaskAutoPickupFromGround.autoTask_INFO [2.584796779] <Event name="StateInfo" time="2.583943962" tag="^^^^^" TaskAutoPickupFromGround.state="DETECT_NOTE" />
Intake.performAction_INFO [2.595647151] Action: (op=IntakeForward, intakePower=1.0, retainPower=0.0, finishDelay=0.0, event=(TaskAutoPickupFromGround.intakeEvent=CLEARED), timeout=0.0), hasObject=false
purePursuitDrive.start_INFO [2.604838275] Path=TrcPath(degrees=true, [TrcWaypoint(pose=(x=-164.0,y=569.1,angle=-15.9),vel=0.000000), TrcWaypoint(pose=(x=-159.6,y=548.0,angle=-11.8),vel=0.000000), TrcWaypoint(pose=(x=-157.6,y=538.2,angle=-11.8),vel=0.000000)])
TaskAutoPickupFromGround.autoTask_INFO [2.606660837] <Event name="StateInfo" time="2.606432818" tag="^^^^^" TaskAutoPickupFromGround.state="DRIVE_TO_NOTE" />
Intake.entryTriggerCallback_INFO [3.122697402] active=true, actionParams=(op=IntakeForward, intakePower=1.0, retainPower=0.0, finishDelay=0.0, event=(TaskAutoPickupFromGround.intakeEvent=CLEARED), timeout=0.0)
TaskAutoPickupFromGround.runTaskState_INFO [3.159274231] intakeEvent=(TaskAutoPickupFromGround.intakeEvent=CLEARED), gotNoteEvent=(TaskAutoPickupFromGround.gotNoteEvent=SIGNALED), driveEvent=(TaskAutoPickupFromGround.driveEvent=CLEARED), gotNote=true
TaskAutoPickupFromGround.autoTask_INFO [3.18546834] <Event name="StateInfo" time="3.184253808" tag="^^^^^" TaskAutoPickupFromGround.state="CHECK_INTAKE_COMPLETION" />
Intake.exitTriggerCallback_INFO [3.53493194] active=true, actionParams=(op=IntakeForward, intakePower=1.0, retainPower=0.0, finishDelay=0.0, event=(TaskAutoPickupFromGround.intakeEvent=CLEARED), timeout=0.0)
TaskAutoPickupFromGround.stopSubsystems_INFO [3.538216907] Stopping subsystems.
Intake.cancel_INFO [3.539587164] owner=AutoPickupGround
TaskAutoPickupFromGround.releaseSubsystemsOwnership_INFO [3.54903476] Releasing subsystem ownership (currOwner=AutoPickupGround, intake=AutoPickupGround, robotDrive=null).
TaskAutoPickupFromGround.autoTask_INFO [3.553598893] <Event name="StateInfo" time="3.552617365" tag="^^^^^" TaskAutoPickupFromGround.state="DONE" />
Intake.entryTriggerCallback_INFO [3.557794564] active=false, actionParams=null
CmdAuto.cmdPeriodic_INFO [3.561463449] <Event name="StateInfo" time="3.561037038" tag="^^^^^" CmdAuto.state="TURN_TO_SPEAKER" />
TaskAutoScoreNote.autoAssistScore_INFO [3.570718403] targetType=Speaker, useVision=true, inAuto=true, relocalize=false, event=(CmdAuto=SIGNALED)
TaskAutoScoreNote.acquireSubsystemsOwnership_INFO [3.578592766] Successfully acquired subsystem ownerships for AutoScoreNote.
CmdAuto.cmdPeriodic_INFO [3.580977364] Scoring Wing Note 1
CmdAuto.cmdPeriodic_INFO [3.583605777] <Event name="StateInfo" time="3.582813547" tag="^^^^^" CmdAuto.state="SCORE_WING_NOTE" />
TaskAutoScoreNote.runTaskState_INFO [3.588955624] Using AprilTag Vision.
TaskAutoScoreNote.autoTask_INFO [3.591433744] <Event name="StateInfo" time="3.590826805" tag="^^^^^" TaskAutoScoreNote.state="START" />
TaskAutoScoreNote.runTaskState_INFO [3.599929731] Vision found AprilTag 4 at (x=-39.7,y=117.9,angle=-18.6) from camera.
TaskAutoScoreNote.autoTask_INFO [3.60249936] <Event name="StateInfo" time="3.601898513" tag="^^^^^" TaskAutoScoreNote.state="FIND_APRILTAG" />
TaskAutoScoreNote.autoTask_INFO [3.606211816] <Event name="StateInfo" time="3.60596613" tag="^^^^^" TaskAutoScoreNote.state="DRIVE_TO_APRILTAG" />
TaskAutoScoreNote.runTaskState_INFO [3.616548381] ShootParams: distance=124.43042739694694, params={loc=Interpolated, distance=124.43042739694694, shooterVel=90.0, tiltAngle=38.18012480976611}
Shooter.aimShooter_DEBUG [3.619296787] owner=AutoScoreNote, vel=90.0, tiltAngle=38.18012480976611, panAngle=0.0, event=(TaskAutoScoreNote.event=CLEARED), timeout=0.0, aimOnly=true, shootOffDelay=0.0
purePursuitDrive.start_INFO [3.623531864] Path=TrcPath(degrees=true, [TrcWaypoint(pose=(x=-159.0,y=545.4,angle=-7.8),vel=0.000000), TrcWaypoint(pose=(x=-159.0,y=545.4,angle=-26.4),vel=0.000000)])
TaskAutoScoreNote.autoTask_INFO [3.625744348] <Event name="StateInfo" time="3.625507364" tag="^^^^^" TaskAutoScoreNote.state="AIM_IN_PLACE" />
Shooter.onTarget_DEBUG [3.631080499] shooterEvent=(Shooter.shooterOnTargetEvent=SIGNALED), tiltEvent=(Shooter.tiltOnTargetEvent=CANCELED), panEvent=null, aimOnly=true
Shooter.tiltMotor.pidCtrlTask_INFO [4.032012922] controlMode: Position onTarget=true(37.36263052730237/38.18012480976611), stalled=false, expired=false, event=(Shooter.tiltOnTargetEvent=CANCELED)
purePursuitDrive.xPosPid.isStalled_INFO [4.361541715] PID stalled.
purePursuitDrive.yPosPid.isStalled_INFO [4.363094658] PID stalled.
purePursuitDrive.turnPid.isStalled_INFO [4.364353285] PID stalled.
purePursuitDrive.driveTask_INFO [4.365940414] Done: index=1/2, stalled=true, timeout=false, posOnTarget=true,headingOnTarget=false,robotPose=(x=-159.5,y=545.8,angle=-17.1)
purePursuitDrive.driveTask_INFO [4.388528172] Signal completion event (TaskAutoScoreNote.driveEvent=CLEARED).
FrcRobotBase.startCompetition_INFO [15.309064739] *** Transitioning from AUTO_MODE to DISABLED_MODE ***
pidDrive.printPerformanceMetrics_INFO [15.325164565] [pidDrive] Loop Performance Metrics:
Average Loop Interval = NaNs (freq=NaNHz, min=0.000000s, max=0.000000s)

FrcRobotBase.printPerformanceMetrics_INFO [15.330778008] [FrcRobotBase] Loop Performance Metrics:
Average Loop Interval = 0.000593s (freq=1686.936Hz, min=0.000000s, max=0.244808s)
[03]                StartTask=0.000000s
[04]          PrePeriodicTask=0.000062s
[07]               UpdateTask=0.000425s
[02]                StartMode=0.000000s
[06]         PostPeriodicTask=0.000036s
[08]                 StopTask=0.000000s
[09]                 StopMode=0.000000s
[00]                RobotInit=8.750230s
[01]           RobotStartMode=0.000000s
[05]                 Periodic=0.000030s
[10]            RobotStopMode=0.000000s

TrcTaskMgr.printTaskPerformanceMetrics_INFO [15.335084134] TrcWatchdogMgr: STANDALONE_TASK=0.000075/0.995074
TrcTaskMgr.printTaskPerformanceMetrics_INFO [15.336580839] LED: OUTPUT_TASK=0.000016/0.010508
TrcTaskMgr.printTaskPerformanceMetrics_INFO [15.338731521] lfDriveMotor.pidCtrlTask: OUTPUT_TASK=0.000009/0.010508
TrcTaskMgr.printTaskPerformanceMetrics_INFO [15.340563072] TrcMotor.odometryTask: STANDALONE_TASK=0.001696/0.001990
TrcTaskMgr.printTaskPerformanceMetrics_INFO [15.341613616] lfDriveMotor.odometryCleanupTask: STOP_TASK=0.002054/7.660472
TrcTaskMgr.printTaskPerformanceMetrics_INFO [15.342869984] rfDriveMotor.pidCtrlTask: OUTPUT_TASK=0.000005/0.010508
TrcTaskMgr.printTaskPerformanceMetrics_INFO [15.345042589] lbDriveMotor.pidCtrlTask: OUTPUT_TASK=0.000004/0.010508
TrcTaskMgr.printTaskPerformanceMetrics_INFO [15.346555675] rbDriveMotor.pidCtrlTask: OUTPUT_TASK=0.000004/0.010508
TrcTaskMgr.printTaskPerformanceMetrics_INFO [15.348340992] lfSteerMotor.pidCtrlTask: OUTPUT_TASK=0.000020/0.010508
TrcTaskMgr.printTaskPerformanceMetrics_INFO [15.359539535] rfSteerMotor.pidCtrlTask: OUTPUT_TASK=0.000016/0.010508
TrcTaskMgr.printTaskPerformanceMetrics_INFO [15.360893638] lbSteerMotor.pidCtrlTask: OUTPUT_TASK=0.000015/0.010508
TrcTaskMgr.printTaskPerformanceMetrics_INFO [15.362560817] rbSteerMotor.pidCtrlTask: OUTPUT_TASK=0.000015/0.010508
TrcTaskMgr.printTaskPerformanceMetrics_INFO [15.364652873] TrcDriveBase.odometryTask: INPUT_TASK=0.003072/0.010946
TrcTaskMgr.printTaskPerformanceMetrics_INFO [15.36728119] TrcDriveBase.stopTask: STOP_TASK=0.004083/7.662363
TrcTaskMgr.printTaskPerformanceMetrics_INFO [15.370709851] purePursuitDrive.driveTask: POST_PERIODIC_TASK=0.014304/0.022186
TrcTaskMgr.printTaskPerformanceMetrics_INFO [15.372119041] Intake.motor.pidCtrlTask: OUTPUT_TASK=0.000004/0.010508
TrcTaskMgr.printTaskPerformanceMetrics_INFO [15.373394689] Intake.entryTrigger.triggerTask: PRE_PERIODIC_TASK=0.000012/0.000593
TrcTaskMgr.printTaskPerformanceMetrics_INFO [15.375383186] Intake.exitTrigger.triggerTask: PRE_PERIODIC_TASK=0.000006/0.000593
TrcTaskMgr.printTaskPerformanceMetrics_INFO [15.377911217] Shooter.shooterMotor.pidCtrlTask: OUTPUT_TASK=0.000013/0.010508
TrcTaskMgr.printTaskPerformanceMetrics_INFO [15.379210468] Shooter.tiltMotor.pidCtrlTask: OUTPUT_TASK=0.000043/0.010508
TrcTaskMgr.printTaskPerformanceMetrics_INFO [15.380380408] Shooter.tiltMotor.converterTask: INPUT_TASK=0.000092/0.010508
TrcTaskMgr.printTaskPerformanceMetrics_INFO [15.381682212] Climber.motor.pidCtrlTask: OUTPUT_TASK=0.000006/0.010508
TrcTaskMgr.printTaskPerformanceMetrics_INFO [15.382910073] TaskAutoScoreNote: POST_PERIODIC_TASK=0.000014/0.001303
TrcTaskMgr.printTaskPerformanceMetrics_INFO [15.384041604] TaskAutoPickupFromGround: POST_PERIODIC_TASK=0.000510/0.004397
