Robot.robotStartMode_INFO [0.008502102] Sun Mar 24 12:43:33 PDT 2024: ***** TELEOP_MODE *****
Climber.motor.pidCtrlTask_INFO [0.082921691] Zero calibration done, event=null
FrcTeleOp.driverControllerButtonEvent_INFO [0.747992469] ##### button=BUTTON_A, pressed=true
FrcTeleOp.driverControllerButtonEvent_INFO [0.795574337] ##### button=BUTTON_A, pressed=false
FrcTeleOp.driverControllerButtonEvent_INFO [0.896410477] ##### button=BUTTON_A, pressed=true
FrcTeleOp.driverControllerButtonEvent_INFO [0.946547932] ##### button=BUTTON_A, pressed=false
FrcTeleOp.driverControllerButtonEvent_INFO [1.61753756] ##### button=BUTTON_X, pressed=true
TaskAutoPickupFromGround.autoAssistPickup_INFO [1.625939743] useVision=true, inAuto=false, event=null
TaskAutoPickupFromGround.acquireSubsystemsOwnership_INFO [1.638315641] Successfully acquired subsystem ownerships for AutoPickupGround.
TaskAutoPickupFromGround.autoTask_INFO [1.658104138] <Event name="StateInfo" time="1.657840223" tag="vvvvv" TaskAutoPickupFromGround.state="START" />
TaskAutoPickupFromGround.runTaskState_INFO [1.662295807] ***** Using Note Vision.
TaskAutoPickupFromGround.autoTask_INFO [1.683599754] <Event name="StateInfo" time="1.682520074" tag="vvvvv" TaskAutoPickupFromGround.state="DETECT_NOTE" />
TaskAutoPickupFromGround.runTaskState_INFO [1.691472931] ***** Vision found Note at (x=11.1,y=-21.0,angle=-28.0) from robot back.
TaskAutoPickupFromGround.autoTask_INFO [1.698831723] <Event name="StateInfo" time="1.698626094" tag="vvvvv" TaskAutoPickupFromGround.state="DRIVE_TO_NOTE" />
Intake.performAction_INFO [1.702299019] Action: (op=IntakeForward, intakePower=1.0, retainPower=0.0, finishDelay=0.0, event=(TaskAutoPickupFromGround.intakeEvent=CLEARED), timeout=0.0), hasObject=false
TaskAutoPickupFromGround.runTaskState_INFO [1.709055878] ***** Approach Note.
purePursuitDrive.start_INFO [1.714941799] Path=TrcPath(degrees=true, [TrcWaypoint(pose=(x=-131.9,y=323.1,angle=174.7),vel=0.000000), TrcWaypoint(pose=(x=-144.3,y=337.0,angle=146.8),vel=0.000000), TrcWaypoint(pose=(x=-158.6,y=358.7,angle=146.8),vel=0.000000)])
FrcTeleOp.driverControllerButtonEvent_INFO [1.723003314] ##### button=BUTTON_X, pressed=false
FrcTeleOp.driverControllerButtonEvent_INFO [2.446237221] ##### button=BUTTON_X, pressed=true
TaskAutoScoreNote.autoAssistCancel_INFO [2.447900973] Canceling auto-assist.
TaskAutoPickupFromGround.autoAssistCancel_INFO [2.448723799] Canceling auto-assist.
TaskAutoPickupFromGround.stopSubsystems_INFO [2.449500139] Stopping subsystems.
Intake.cancel_INFO [2.452050171] owner=AutoPickupGround
Intake.finish_INFO [2.453616358] Finishing intake: completed=false, power=0.0, finishDelay=0.0
TaskAutoPickupFromGround.releaseSubsystemsOwnership_INFO [2.463431613] Releasing subsystem ownership (currOwner=AutoPickupGround, intake=AutoPickupGround, robotDrive=AutoPickupGround).
TaskAutoPickupFromSource.autoAssistCancel_INFO [2.469830265] Canceling auto-assist.
FrcTeleOp.driverControllerButtonEvent_INFO [2.505224697] ##### button=BUTTON_X, pressed=false
FrcTeleOp.driverControllerButtonEvent_INFO [3.268741647] ##### button=LEFT_BUMPER, pressed=true
FrcTeleOp.driverControllerButtonEvent_INFO [3.318845626] ##### button=BUTTON_X, pressed=true
TaskAutoPickupFromGround.autoAssistPickup_INFO [3.328029124] useVision=false, inAuto=false, event=null
TaskAutoPickupFromGround.acquireSubsystemsOwnership_INFO [3.337673033] Successfully acquired subsystem ownerships for AutoPickupGround.
TaskAutoPickupFromGround.autoTask_INFO [3.364000263] <Event name="StateInfo" time="3.362730744" tag="vvvvv" TaskAutoPickupFromGround.state="START" />
TaskAutoPickupFromGround.runTaskState_INFO [3.366624594] ***** Not using Note Vision.
FrcTeleOp.driverControllerButtonEvent_INFO [3.374527161] ##### button=BUTTON_X, pressed=false
TaskAutoPickupFromGround.autoTask_INFO [3.397196006] <Event name="StateInfo" time="3.396915093" tag="vvvvv" TaskAutoPickupFromGround.state="DRIVE_TO_NOTE" />
Intake.performAction_INFO [3.401873847] Action: (op=IntakeForward, intakePower=1.0, retainPower=0.0, finishDelay=0.0, event=(TaskAutoPickupFromGround.intakeEvent=CANCELED), timeout=0.0), hasObject=false
TaskAutoPickupFromGround.runTaskState_INFO [3.407287907] ***** Did not see Note, release drive ownership.
FrcTeleOp.driverControllerButtonEvent_INFO [3.426097991] ##### button=LEFT_BUMPER, pressed=false
FrcTeleOp.driverControllerButtonEvent_INFO [4.035819917] ##### button=BUTTON_X, pressed=true
TaskAutoScoreNote.autoAssistCancel_INFO [4.039339333] Canceling auto-assist.
TaskAutoPickupFromGround.autoAssistCancel_INFO [4.041910118] Canceling auto-assist.
TaskAutoPickupFromGround.stopSubsystems_INFO [4.043178615] Stopping subsystems.
Intake.cancel_INFO [4.044081387] owner=AutoPickupGround
Intake.finish_INFO [4.046948099] Finishing intake: completed=false, power=0.0, finishDelay=0.0
TaskAutoPickupFromGround.releaseSubsystemsOwnership_INFO [4.050072121] Releasing subsystem ownership (currOwner=AutoPickupGround, intake=AutoPickupGround, robotDrive=null).
TaskAutoPickupFromSource.autoAssistCancel_INFO [4.053831237] Canceling auto-assist.
FrcTeleOp.driverControllerButtonEvent_INFO [4.140813663] ##### button=BUTTON_X, pressed=false
FrcTeleOp.driverControllerButtonEvent_INFO [9.507984191] ##### button=BUTTON_X, pressed=true
TaskAutoPickupFromGround.autoAssistPickup_INFO [9.523872443] useVision=true, inAuto=false, event=null
TaskAutoPickupFromGround.acquireSubsystemsOwnership_INFO [9.537303884] Successfully acquired subsystem ownerships for AutoPickupGround.
TaskAutoPickupFromGround.autoTask_INFO [9.556762415] <Event name="StateInfo" time="9.556512298" tag="vvvvv" TaskAutoPickupFromGround.state="START" />
TaskAutoPickupFromGround.runTaskState_INFO [9.563062784] ***** Using Note Vision.
TaskAutoPickupFromGround.autoTask_INFO [9.574961502] <Event name="StateInfo" time="9.574620282" tag="vvvvv" TaskAutoPickupFromGround.state="DETECT_NOTE" />
TaskAutoPickupFromGround.runTaskState_INFO [9.578654048] ***** Vision found Note at (x=-0.1,y=-25.2,angle=0.1) from robot back.
TaskAutoPickupFromGround.autoTask_INFO [9.581884492] <Event name="StateInfo" time="9.581674789" tag="vvvvv" TaskAutoPickupFromGround.state="DRIVE_TO_NOTE" />
Intake.performAction_INFO [9.583960552] Action: (op=IntakeForward, intakePower=1.0, retainPower=0.0, finishDelay=0.0, event=(TaskAutoPickupFromGround.intakeEvent=CANCELED), timeout=0.0), hasObject=false
TaskAutoPickupFromGround.runTaskState_INFO [9.591084026] ***** Approach Note.
purePursuitDrive.start_INFO [9.608491988] Path=TrcPath(degrees=true, [TrcWaypoint(pose=(x=-118.5,y=655.6,angle=206.4),vel=0.000000), TrcWaypoint(pose=(x=-110.0,y=672.8,angle=206.5),vel=0.000000), TrcWaypoint(pose=(x=-98.3,y=696.0,angle=206.5),vel=0.000000)])
FrcTeleOp.driverControllerButtonEvent_INFO [9.624593974] ##### button=BUTTON_X, pressed=false
Intake.entryTriggerCallback_INFO [10.660913236] active=true, actionParams=(op=IntakeForward, intakePower=1.0, retainPower=0.0, finishDelay=0.0, event=(TaskAutoPickupFromGround.intakeEvent=CLEARED), timeout=0.0)
TaskAutoPickupFromGround.autoTask_INFO [10.698198572] <Event name="StateInfo" time="10.697851724" tag="vvvvv" TaskAutoPickupFromGround.state="CHECK_INTAKE_COMPLETION" />
TaskAutoPickupFromGround.runTaskState_INFO [10.71906975] **** Check Intake: intakeEvent=(TaskAutoPickupFromGround.intakeEvent=CLEARED), gotNoteEvent=(TaskAutoPickupFromGround.gotNoteEvent=SIGNALED), driveEvent=(TaskAutoPickupFromGround.driveEvent=CLEARED), gotNote=true
Intake.exitTriggerCallback_INFO [11.240366174] active=true, actionParams=(op=IntakeForward, intakePower=1.0, retainPower=0.0, finishDelay=0.0, event=(TaskAutoPickupFromGround.intakeEvent=CLEARED), timeout=0.0)
Intake.finish_INFO [11.242101868] Finishing intake: completed=true, power=0.0, finishDelay=0.0
TaskAutoPickupFromGround.autoTask_INFO [11.247607295] <Event name="StateInfo" time="11.247357001" tag="vvvvv" TaskAutoPickupFromGround.state="DONE" />
TaskAutoPickupFromGround.stopSubsystems_INFO [11.252757065] Stopping subsystems.
Intake.cancel_INFO [11.255699726] owner=AutoPickupGround
Intake.finish_INFO [11.257801266] Finishing inactive intake: completed=false, delayFinishPending=false
TaskAutoPickupFromGround.releaseSubsystemsOwnership_INFO [11.26413778] Releasing subsystem ownership (currOwner=AutoPickupGround, intake=AutoPickupGround, robotDrive=null).
Intake.entryTriggerCallback_INFO [11.300947511] active=false, actionParams=null
Intake.entryTriggerCallback_INFO [11.3532601] active=true, actionParams=null
FrcTeleOp.operatorControllerButtonEvent_INFO [12.486534803] ##### button=BUTTON_X, pressed=true
Shooter.aimShooter_DEBUG [12.488874729] owner=null, currOwner=null, vel=17.5, tiltAngle=58.0, panAngle=0.0, event=null, timeout=0.0, aimOnly=true, shootOffDelay=0.0
Shooter.onTarget_DEBUG [12.49210128] shooterEvent=(Shooter.shooterOnTargetEvent=SIGNALED), tiltEvent=(Shooter.tiltOnTargetEvent=CLEARED), panEvent=null, aimOnly=true
FrcTeleOp.operatorControllerButtonEvent_INFO [12.744712488] ##### button=BUTTON_X, pressed=false
Shooter.tiltMotor.pidCtrlTask_INFO [13.598317275] controlMode: Position onTarget=true(58.02023553040068/58.0), stalled=false, expired=false, event=(Shooter.tiltOnTargetEvent=SIGNALED)
Shooter.onTarget_DEBUG [13.600600321] shooterEvent=(Shooter.shooterOnTargetEvent=SIGNALED), tiltEvent=(Shooter.tiltOnTargetEvent=SIGNALED), panEvent=null, aimOnly=true
FrcTeleOp.operatorControllerButtonEvent_INFO [13.962408762] ##### button=BUTTON_B, pressed=true
Intake.performAction_INFO [13.982428797] Action: (op=EjectForward, intakePower=1.0, retainPower=0.0, finishDelay=0.0, event=null, timeout=0.0), hasObject=true
Intake.entryTriggerCallback_INFO [14.039242966] active=false, actionParams=(op=EjectForward, intakePower=1.0, retainPower=0.0, finishDelay=0.0, event=null, timeout=0.0)
Intake.exitTriggerCallback_INFO [14.352218999] active=false, actionParams=(op=EjectForward, intakePower=1.0, retainPower=0.0, finishDelay=0.0, event=null, timeout=0.0)
Intake.finish_INFO [14.369490627] Finishing intake: completed=true, power=0.0, finishDelay=0.0
FrcTeleOp.operatorControllerButtonEvent_INFO [14.633506591] ##### button=BUTTON_B, pressed=false
FrcTeleOp.driverControllerButtonEvent_INFO [16.928058668] ##### button=BUTTON_X, pressed=true
TaskAutoPickupFromGround.autoAssistPickup_INFO [16.929610976] useVision=true, inAuto=false, event=null
TaskAutoPickupFromGround.acquireSubsystemsOwnership_INFO [16.944621922] Successfully acquired subsystem ownerships for AutoPickupGround.
TaskAutoPickupFromGround.autoTask_INFO [16.984048806] <Event name="StateInfo" time="16.983102888" tag="vvvvv" TaskAutoPickupFromGround.state="START" />
TaskAutoPickupFromGround.runTaskState_INFO [16.985707038] ***** Using Note Vision.
TaskAutoPickupFromGround.autoTask_INFO [17.013879745] <Event name="StateInfo" time="17.012968595" tag="vvvvv" TaskAutoPickupFromGround.state="DETECT_NOTE" />
TaskAutoPickupFromGround.runTaskState_INFO [17.018224209] ***** Vision found Note at (x=-12.7,y=-26.4,angle=25.7) from robot back.
TaskAutoPickupFromGround.autoTask_INFO [17.024553713] <Event name="StateInfo" time="17.023670123" tag="vvvvv" TaskAutoPickupFromGround.state="DRIVE_TO_NOTE" />
Intake.performAction_INFO [17.027658093] Action: (op=IntakeForward, intakePower=1.0, retainPower=0.0, finishDelay=0.0, event=(TaskAutoPickupFromGround.intakeEvent=SIGNALED), timeout=0.0), hasObject=false
TaskAutoPickupFromGround.runTaskState_INFO [17.0308143] ***** Approach Note.
purePursuitDrive.start_INFO [17.037350569] Path=TrcPath(degrees=true, [TrcWaypoint(pose=(x=-274.7,y=571.2,angle=325.1),vel=0.000000), TrcWaypoint(pose=(x=-273.4,y=547.2,angle=350.8),vel=0.000000), TrcWaypoint(pose=(x=-269.2,y=521.5,angle=350.8),vel=0.000000)])
FrcTeleOp.driverControllerButtonEvent_INFO [17.058437325] ##### button=BUTTON_X, pressed=false
Intake.entryTriggerCallback_INFO [18.032484759] active=true, actionParams=(op=IntakeForward, intakePower=1.0, retainPower=0.0, finishDelay=0.0, event=(TaskAutoPickupFromGround.intakeEvent=CLEARED), timeout=0.0)
TaskAutoPickupFromGround.autoTask_INFO [18.049436739] <Event name="StateInfo" time="18.049084308" tag="vvvvv" TaskAutoPickupFromGround.state="CHECK_INTAKE_COMPLETION" />
TaskAutoPickupFromGround.runTaskState_INFO [18.051178622] **** Check Intake: intakeEvent=(TaskAutoPickupFromGround.intakeEvent=CLEARED), gotNoteEvent=(TaskAutoPickupFromGround.gotNoteEvent=SIGNALED), driveEvent=(TaskAutoPickupFromGround.driveEvent=CLEARED), gotNote=true
FrcTeleOp.operatorControllerButtonEvent_INFO [18.419422977] ##### button=BUTTON_X, pressed=true
Shooter.aimShooter_DEBUG [18.421454116] owner=null, currOwner=null, vel=17.5, tiltAngle=58.0, panAngle=0.0, event=null, timeout=0.0, aimOnly=true, shootOffDelay=0.0
Shooter.onTarget_DEBUG [18.423580343] shooterEvent=(Shooter.shooterOnTargetEvent=SIGNALED), tiltEvent=(Shooter.tiltOnTargetEvent=CLEARED), panEvent=null, aimOnly=true
Intake.exitTriggerCallback_INFO [18.533414307] active=true, actionParams=(op=IntakeForward, intakePower=1.0, retainPower=0.0, finishDelay=0.0, event=(TaskAutoPickupFromGround.intakeEvent=CLEARED), timeout=0.0)
Intake.finish_INFO [18.542424708] Finishing intake: completed=true, power=0.0, finishDelay=0.0
TaskAutoPickupFromGround.autoTask_INFO [18.552500933] <Event name="StateInfo" time="18.552243505" tag="vvvvv" TaskAutoPickupFromGround.state="DONE" />
TaskAutoPickupFromGround.stopSubsystems_INFO [18.554739593] Stopping subsystems.
Intake.cancel_INFO [18.559766363] owner=AutoPickupGround
Intake.finish_INFO [18.561727092] Finishing inactive intake: completed=false, delayFinishPending=false
TaskAutoPickupFromGround.releaseSubsystemsOwnership_INFO [18.565894708] Releasing subsystem ownership (currOwner=AutoPickupGround, intake=AutoPickupGround, robotDrive=null).
Intake.entryTriggerCallback_INFO [18.573866248] active=false, actionParams=null
FrcTeleOp.operatorControllerButtonEvent_INFO [18.628977855] ##### button=BUTTON_X, pressed=false
Shooter.tiltMotor.pidCtrlTask_INFO [19.005559453] controlMode: Position onTarget=true(58.98778160547806/58.0), stalled=false, expired=false, event=(Shooter.tiltOnTargetEvent=SIGNALED)
Shooter.onTarget_DEBUG [19.023786442] shooterEvent=(Shooter.shooterOnTargetEvent=SIGNALED), tiltEvent=(Shooter.tiltOnTargetEvent=SIGNALED), panEvent=null, aimOnly=true
FrcTeleOp.operatorControllerButtonEvent_INFO [20.246814187] ##### button=BUTTON_B, pressed=true
Intake.performAction_INFO [20.251141299] Action: (op=EjectForward, intakePower=1.0, retainPower=0.0, finishDelay=0.0, event=null, timeout=0.0), hasObject=true
Intake.exitTriggerCallback_INFO [20.621063481] active=false, actionParams=(op=EjectForward, intakePower=1.0, retainPower=0.0, finishDelay=0.0, event=null, timeout=0.0)
Intake.finish_INFO [20.633247194] Finishing intake: completed=true, power=0.0, finishDelay=0.0
FrcTeleOp.operatorControllerButtonEvent_INFO [20.920303951] ##### button=BUTTON_B, pressed=false
FrcTeleOp.driverControllerButtonEvent_INFO [27.710508004] ##### button=BUTTON_X, pressed=true
TaskAutoPickupFromGround.autoAssistPickup_INFO [27.712342352] useVision=true, inAuto=false, event=null
TaskAutoPickupFromGround.acquireSubsystemsOwnership_INFO [27.713553787] Successfully acquired subsystem ownerships for AutoPickupGround.
TaskAutoPickupFromGround.autoTask_INFO [27.727117715] <Event name="StateInfo" time="27.725791188" tag="vvvvv" TaskAutoPickupFromGround.state="START" />
TaskAutoPickupFromGround.runTaskState_INFO [27.73215951] ***** Using Note Vision.
TaskAutoPickupFromGround.autoTask_INFO [27.736285078] <Event name="StateInfo" time="27.735929006" tag="vvvvv" TaskAutoPickupFromGround.state="DETECT_NOTE" />
TaskAutoPickupFromGround.runTaskState_INFO [27.742296023] ***** Vision found Note at (x=4.6,y=-21.4,angle=-12.1) from robot back.
TaskAutoPickupFromGround.autoTask_INFO [27.744726453] <Event name="StateInfo" time="27.744236112" tag="vvvvv" TaskAutoPickupFromGround.state="DRIVE_TO_NOTE" />
Intake.performAction_INFO [27.746690033] Action: (op=IntakeForward, intakePower=1.0, retainPower=0.0, finishDelay=0.0, event=(TaskAutoPickupFromGround.intakeEvent=SIGNALED), timeout=0.0), hasObject=false
TaskAutoPickupFromGround.runTaskState_INFO [27.749634007] ***** Approach Note.
purePursuitDrive.start_INFO [27.758936274] Path=TrcPath(degrees=true, [TrcWaypoint(pose=(x=-153.5,y=594.2,angle=346.2),vel=0.000000), TrcWaypoint(pose=(x=-145.4,y=580.4,angle=334.2),vel=0.000000), TrcWaypoint(pose=(x=-134.1,y=557.0,angle=334.2),vel=0.000000)])
FrcTeleOp.driverControllerButtonEvent_INFO [27.822259654] ##### button=BUTTON_X, pressed=false
FrcTeleOp.driverControllerButtonEvent_INFO [29.682095894] ##### button=BUTTON_X, pressed=true
TaskAutoScoreNote.autoAssistCancel_INFO [29.689030997] Canceling auto-assist.
TaskAutoPickupFromGround.autoAssistCancel_INFO [29.696551111] Canceling auto-assist.
TaskAutoPickupFromGround.stopSubsystems_INFO [29.699679405] Stopping subsystems.
Intake.cancel_INFO [29.701841643] owner=AutoPickupGround
Intake.finish_INFO [29.704433422] Finishing intake: completed=false, power=0.0, finishDelay=0.0
TaskAutoPickupFromGround.releaseSubsystemsOwnership_INFO [29.713776746] Releasing subsystem ownership (currOwner=AutoPickupGround, intake=AutoPickupGround, robotDrive=AutoPickupGround).
TaskAutoPickupFromSource.autoAssistCancel_INFO [29.715124806] Canceling auto-assist.
FrcTeleOp.driverControllerButtonEvent_INFO [29.747109126] ##### button=BUTTON_X, pressed=false
FrcTeleOp.driverControllerButtonEvent_INFO [30.562677888] ##### button=BUTTON_X, pressed=true
TaskAutoPickupFromGround.autoAssistPickup_INFO [30.564609794] useVision=true, inAuto=false, event=null
TaskAutoPickupFromGround.acquireSubsystemsOwnership_INFO [30.565642419] Successfully acquired subsystem ownerships for AutoPickupGround.
TaskAutoPickupFromGround.autoTask_INFO [30.569965209] <Event name="StateInfo" time="30.569316679" tag="vvvvv" TaskAutoPickupFromGround.state="START" />
TaskAutoPickupFromGround.runTaskState_INFO [30.572240972] ***** Using Note Vision.
TaskAutoPickupFromGround.autoTask_INFO [30.574987491] <Event name="StateInfo" time="30.574805437" tag="vvvvv" TaskAutoPickupFromGround.state="DETECT_NOTE" />
TaskAutoPickupFromGround.runTaskState_INFO [30.576913604] ***** Vision found Note at (x=10.1,y=-20.9,angle=-25.7) from robot back.
TaskAutoPickupFromGround.autoTask_INFO [30.583557286] <Event name="StateInfo" time="30.583336108" tag="vvvvv" TaskAutoPickupFromGround.state="DRIVE_TO_NOTE" />
Intake.performAction_INFO [30.585343136] Action: (op=IntakeForward, intakePower=1.0, retainPower=0.0, finishDelay=0.0, event=(TaskAutoPickupFromGround.intakeEvent=CANCELED), timeout=0.0), hasObject=false
TaskAutoPickupFromGround.runTaskState_INFO [30.596461055] ***** Approach Note.
purePursuitDrive.start_INFO [30.601594304] Path=TrcPath(degrees=true, [TrcWaypoint(pose=(x=-142.3,y=574.9,angle=381.0),vel=0.000000), TrcWaypoint(pose=(x=-138.2,y=557.3,angle=355.3),vel=0.000000), TrcWaypoint(pose=(x=-136.1,y=531.4,angle=355.3),vel=0.000000)])
FrcTeleOp.driverControllerButtonEvent_INFO [30.728107208] ##### button=BUTTON_X, pressed=false
FrcTeleOp.driverControllerButtonEvent_INFO [30.968929613] ##### button=LEFT_BUMPER, pressed=true
FrcTeleOp.driverControllerButtonEvent_INFO [31.078011775] ##### button=BUTTON_X, pressed=true
TaskAutoScoreNote.autoAssistCancel_INFO [31.084427065] Canceling auto-assist.
TaskAutoPickupFromGround.autoAssistCancel_INFO [31.094291649] Canceling auto-assist.
TaskAutoPickupFromGround.stopSubsystems_INFO [31.096648491] Stopping subsystems.
Intake.cancel_INFO [31.098718791] owner=AutoPickupGround
Intake.finish_INFO [31.100752763] Finishing intake: completed=false, power=0.0, finishDelay=0.0
TaskAutoPickupFromGround.releaseSubsystemsOwnership_INFO [31.108676954] Releasing subsystem ownership (currOwner=AutoPickupGround, intake=AutoPickupGround, robotDrive=AutoPickupGround).
TaskAutoPickupFromSource.autoAssistCancel_INFO [31.113058593] Canceling auto-assist.
FrcTeleOp.driverControllerButtonEvent_INFO [31.200510881] ##### button=BUTTON_X, pressed=false
FrcTeleOp.driverControllerButtonEvent_INFO [31.25011333] ##### button=LEFT_BUMPER, pressed=false
FrcTeleOp.operatorControllerButtonEvent_INFO [31.963430787] ##### button=BUTTON_Y, pressed=true
Shooter.aimShooter_DEBUG [32.118967805] owner=null, currOwner=null, vel=90.0, tiltAngle=49.268553060427884, panAngle=0.0, event=null, timeout=0.0, aimOnly=true, shootOffDelay=0.0
Shooter.onTarget_DEBUG [32.144284817] shooterEvent=(Shooter.shooterOnTargetEvent=SIGNALED), tiltEvent=(Shooter.tiltOnTargetEvent=CLEARED), panEvent=null, aimOnly=true
Shooter.aimShooter_DEBUG [32.168944266] owner=null, currOwner=null, vel=90.0, tiltAngle=49.308338416176646, panAngle=0.0, event=null, timeout=0.0, aimOnly=true, shootOffDelay=0.0
Shooter.onTarget_DEBUG [32.192892043] shooterEvent=(Shooter.shooterOnTargetEvent=SIGNALED), tiltEvent=(Shooter.tiltOnTargetEvent=CLEARED), panEvent=null, aimOnly=true
Shooter.aimShooter_DEBUG [32.217237514] owner=null, currOwner=null, vel=90.0, tiltAngle=49.45083342043927, panAngle=0.0, event=null, timeout=0.0, aimOnly=true, shootOffDelay=0.0
Shooter.onTarget_DEBUG [32.250456937] shooterEvent=(Shooter.shooterOnTargetEvent=SIGNALED), tiltEvent=(Shooter.tiltOnTargetEvent=CLEARED), panEvent=null, aimOnly=true
Shooter.aimShooter_DEBUG [32.317630931] owner=null, currOwner=null, vel=90.0, tiltAngle=49.08817382524654, panAngle=0.0, event=null, timeout=0.0, aimOnly=true, shootOffDelay=0.0
Shooter.onTarget_DEBUG [32.363463981] shooterEvent=(Shooter.shooterOnTargetEvent=SIGNALED), tiltEvent=(Shooter.tiltOnTargetEvent=CLEARED), panEvent=null, aimOnly=true
Shooter.aimShooter_DEBUG [32.368484797] owner=null, currOwner=null, vel=90.0, tiltAngle=49.17682309659506, panAngle=0.0, event=null, timeout=0.0, aimOnly=true, shootOffDelay=0.0
Shooter.onTarget_DEBUG [32.400743338] shooterEvent=(Shooter.shooterOnTargetEvent=SIGNALED), tiltEvent=(Shooter.tiltOnTargetEvent=CLEARED), panEvent=null, aimOnly=true
Shooter.aimShooter_DEBUG [32.424240112] owner=null, currOwner=null, vel=90.0, tiltAngle=48.44113195530476, panAngle=0.0, event=null, timeout=0.0, aimOnly=true, shootOffDelay=0.0
Shooter.onTarget_DEBUG [32.452953193] shooterEvent=(Shooter.shooterOnTargetEvent=SIGNALED), tiltEvent=(Shooter.tiltOnTargetEvent=CLEARED), panEvent=null, aimOnly=true
Shooter.aimShooter_DEBUG [32.474037987] owner=null, currOwner=null, vel=90.0, tiltAngle=48.4010274999485, panAngle=0.0, event=null, timeout=0.0, aimOnly=true, shootOffDelay=0.0
Shooter.onTarget_DEBUG [32.506666246] shooterEvent=(Shooter.shooterOnTargetEvent=SIGNALED), tiltEvent=(Shooter.tiltOnTargetEvent=CLEARED), panEvent=null, aimOnly=true
Shooter.aimShooter_DEBUG [32.531895799] owner=null, currOwner=null, vel=90.0, tiltAngle=48.96746977232479, panAngle=0.0, event=null, timeout=0.0, aimOnly=true, shootOffDelay=0.0
Shooter.onTarget_DEBUG [32.564601117] shooterEvent=(Shooter.shooterOnTargetEvent=SIGNALED), tiltEvent=(Shooter.tiltOnTargetEvent=CLEARED), panEvent=null, aimOnly=true
Shooter.aimShooter_DEBUG [32.581105206] owner=null, currOwner=null, vel=90.0, tiltAngle=48.03952794948168, panAngle=0.0, event=null, timeout=0.0, aimOnly=true, shootOffDelay=0.0
Shooter.onTarget_DEBUG [32.621161984] shooterEvent=(Shooter.shooterOnTargetEvent=SIGNALED), tiltEvent=(Shooter.tiltOnTargetEvent=CLEARED), panEvent=null, aimOnly=true
Shooter.aimShooter_DEBUG [32.633727032] owner=null, currOwner=null, vel=90.0, tiltAngle=48.880552548843454, panAngle=0.0, event=null, timeout=0.0, aimOnly=true, shootOffDelay=0.0
Shooter.onTarget_DEBUG [32.657860713] shooterEvent=(Shooter.shooterOnTargetEvent=SIGNALED), tiltEvent=(Shooter.tiltOnTargetEvent=CLEARED), panEvent=null, aimOnly=true
Shooter.aimShooter_DEBUG [32.683437407] owner=null, currOwner=null, vel=90.0, tiltAngle=48.76323190230448, panAngle=0.0, event=null, timeout=0.0, aimOnly=true, shootOffDelay=0.0
Shooter.onTarget_DEBUG [32.708436539] shooterEvent=(Shooter.shooterOnTargetEvent=SIGNALED), tiltEvent=(Shooter.tiltOnTargetEvent=CLEARED), panEvent=null, aimOnly=true
Shooter.aimShooter_DEBUG [32.734253612] owner=null, currOwner=null, vel=90.0, tiltAngle=48.71325342554803, panAngle=0.0, event=null, timeout=0.0, aimOnly=true, shootOffDelay=0.0
Shooter.onTarget_DEBUG [32.774196379] shooterEvent=(Shooter.shooterOnTargetEvent=SIGNALED), tiltEvent=(Shooter.tiltOnTargetEvent=CLEARED), panEvent=null, aimOnly=true
Shooter.aimShooter_DEBUG [32.785468856] owner=null, currOwner=null, vel=90.0, tiltAngle=48.586003280626414, panAngle=0.0, event=null, timeout=0.0, aimOnly=true, shootOffDelay=0.0
Shooter.onTarget_DEBUG [32.81257729] shooterEvent=(Shooter.shooterOnTargetEvent=SIGNALED), tiltEvent=(Shooter.tiltOnTargetEvent=CLEARED), panEvent=null, aimOnly=true
Shooter.aimShooter_DEBUG [32.837095132] owner=null, currOwner=null, vel=90.0, tiltAngle=48.55470850902659, panAngle=0.0, event=null, timeout=0.0, aimOnly=true, shootOffDelay=0.0
Shooter.onTarget_DEBUG [32.882056931] shooterEvent=(Shooter.shooterOnTargetEvent=SIGNALED), tiltEvent=(Shooter.tiltOnTargetEvent=CLEARED), panEvent=null, aimOnly=true
Shooter.aimShooter_DEBUG [32.889814043] owner=null, currOwner=null, vel=90.0, tiltAngle=47.795015412342416, panAngle=0.0, event=null, timeout=0.0, aimOnly=true, shootOffDelay=0.0
Shooter.onTarget_DEBUG [32.9343211] shooterEvent=(Shooter.shooterOnTargetEvent=SIGNALED), tiltEvent=(Shooter.tiltOnTargetEvent=CLEARED), panEvent=null, aimOnly=true
Shooter.aimShooter_DEBUG [32.951246055] owner=null, currOwner=null, vel=90.0, tiltAngle=47.1816157299558, panAngle=0.0, event=null, timeout=0.0, aimOnly=true, shootOffDelay=0.0
Shooter.onTarget_DEBUG [33.007440145] shooterEvent=(Shooter.shooterOnTargetEvent=SIGNALED), tiltEvent=(Shooter.tiltOnTargetEvent=CLEARED), panEvent=null, aimOnly=true
Shooter.aimShooter_DEBUG [33.113401421] owner=null, currOwner=null, vel=90.0, tiltAngle=43.81573737293013, panAngle=0.0, event=null, timeout=0.0, aimOnly=true, shootOffDelay=0.0
Shooter.onTarget_DEBUG [33.138400645] shooterEvent=(Shooter.shooterOnTargetEvent=SIGNALED), tiltEvent=(Shooter.tiltOnTargetEvent=CLEARED), panEvent=null, aimOnly=true
FrcTeleOp.operatorControllerButtonEvent_INFO [33.166752349] ##### button=BUTTON_Y, pressed=false
FrcTeleOp.operatorControllerButtonEvent_INFO [33.683282179] ##### button=DPAD_DOWN, pressed=true
TaskAutoPickupFromGround.autoAssistPickup_INFO [33.687916941] useVision=false, inAuto=false, event=null
TaskAutoPickupFromGround.acquireSubsystemsOwnership_INFO [33.688840085] Successfully acquired subsystem ownerships for AutoPickupGround.
TaskAutoPickupFromGround.autoTask_INFO [33.708884632] <Event name="StateInfo" time="33.70864999" tag="vvvvv" TaskAutoPickupFromGround.state="START" />
TaskAutoPickupFromGround.runTaskState_INFO [33.711037007] ***** Not using Note Vision.
TaskAutoPickupFromGround.autoTask_INFO [33.712855817] <Event name="StateInfo" time="33.712669785" tag="vvvvv" TaskAutoPickupFromGround.state="DRIVE_TO_NOTE" />
Intake.performAction_INFO [33.713501648] Action: (op=IntakeForward, intakePower=1.0, retainPower=0.0, finishDelay=0.0, event=(TaskAutoPickupFromGround.intakeEvent=CANCELED), timeout=0.0), hasObject=false
TaskAutoPickupFromGround.runTaskState_INFO [33.714140168] ***** Did not see Note, release drive ownership.
Intake.entryTriggerCallback_INFO [33.966248675] active=true, actionParams=(op=IntakeForward, intakePower=1.0, retainPower=0.0, finishDelay=0.0, event=(TaskAutoPickupFromGround.intakeEvent=CLEARED), timeout=0.0)
TaskAutoPickupFromGround.autoTask_INFO [33.978611833] <Event name="StateInfo" time="33.978329943" tag="vvvvv" TaskAutoPickupFromGround.state="CHECK_INTAKE_COMPLETION" />
TaskAutoPickupFromGround.runTaskState_INFO [33.981961863] **** Check Intake: intakeEvent=(TaskAutoPickupFromGround.intakeEvent=CLEARED), gotNoteEvent=(TaskAutoPickupFromGround.gotNoteEvent=SIGNALED), driveEvent=(TaskAutoPickupFromGround.driveEvent=CANCELED), gotNote=true
Intake.exitTriggerCallback_INFO [34.429614754] active=true, actionParams=(op=IntakeForward, intakePower=1.0, retainPower=0.0, finishDelay=0.0, event=(TaskAutoPickupFromGround.intakeEvent=CLEARED), timeout=0.0)
Intake.finish_INFO [34.434216175] Finishing intake: completed=true, power=0.0, finishDelay=0.0
TaskAutoPickupFromGround.autoTask_INFO [34.435780306] <Event name="StateInfo" time="34.435528816" tag="vvvvv" TaskAutoPickupFromGround.state="DONE" />
TaskAutoPickupFromGround.stopSubsystems_INFO [34.438722152] Stopping subsystems.
Intake.cancel_INFO [34.439909287] owner=AutoPickupGround
Intake.finish_INFO [34.441126147] Finishing inactive intake: completed=false, delayFinishPending=false
TaskAutoPickupFromGround.releaseSubsystemsOwnership_INFO [34.452002534] Releasing subsystem ownership (currOwner=AutoPickupGround, intake=AutoPickupGround, robotDrive=null).
Intake.entryTriggerCallback_INFO [34.462766855] active=false, actionParams=null
FrcTeleOp.operatorControllerButtonEvent_INFO [34.510779184] ##### button=DPAD_DOWN, pressed=false
FrcTeleOp.operatorControllerButtonEvent_INFO [34.973029452] ##### button=BUTTON_Y, pressed=true
Shooter.aimShooter_DEBUG [35.533724927] owner=null, currOwner=null, vel=90.0, tiltAngle=53.08911565634788, panAngle=0.0, event=null, timeout=0.0, aimOnly=true, shootOffDelay=0.0
Shooter.onTarget_DEBUG [35.574511539] shooterEvent=(Shooter.shooterOnTargetEvent=SIGNALED), tiltEvent=(Shooter.tiltOnTargetEvent=CLEARED), panEvent=null, aimOnly=true
Shooter.aimShooter_DEBUG [35.591637692] owner=null, currOwner=null, vel=90.0, tiltAngle=53.260090731348185, panAngle=0.0, event=null, timeout=0.0, aimOnly=true, shootOffDelay=0.0
Shooter.onTarget_DEBUG [35.624493363] shooterEvent=(Shooter.shooterOnTargetEvent=SIGNALED), tiltEvent=(Shooter.tiltOnTargetEvent=CLEARED), panEvent=null, aimOnly=true
Shooter.aimShooter_DEBUG [35.646150555] owner=null, currOwner=null, vel=90.0, tiltAngle=53.170906027879425, panAngle=0.0, event=null, timeout=0.0, aimOnly=true, shootOffDelay=0.0
Shooter.onTarget_DEBUG [35.667980083] shooterEvent=(Shooter.shooterOnTargetEvent=SIGNALED), tiltEvent=(Shooter.tiltOnTargetEvent=CLEARED), panEvent=null, aimOnly=true
Shooter.aimShooter_DEBUG [35.695510499] owner=null, currOwner=null, vel=90.0, tiltAngle=53.18647622719315, panAngle=0.0, event=null, timeout=0.0, aimOnly=true, shootOffDelay=0.0
Shooter.onTarget_DEBUG [35.727274844] shooterEvent=(Shooter.shooterOnTargetEvent=SIGNALED), tiltEvent=(Shooter.tiltOnTargetEvent=CLEARED), panEvent=null, aimOnly=true
Shooter.aimShooter_DEBUG [35.743485928] owner=null, currOwner=null, vel=90.0, tiltAngle=53.1745942711079, panAngle=0.0, event=null, timeout=0.0, aimOnly=true, shootOffDelay=0.0
Shooter.onTarget_DEBUG [35.764742211] shooterEvent=(Shooter.shooterOnTargetEvent=SIGNALED), tiltEvent=(Shooter.tiltOnTargetEvent=CLEARED), panEvent=null, aimOnly=true
Shooter.aimShooter_DEBUG [35.797221433] owner=null, currOwner=null, vel=90.0, tiltAngle=53.171282797304336, panAngle=0.0, event=null, timeout=0.0, aimOnly=true, shootOffDelay=0.0
Shooter.onTarget_DEBUG [35.84057421] shooterEvent=(Shooter.shooterOnTargetEvent=SIGNALED), tiltEvent=(Shooter.tiltOnTargetEvent=CLEARED), panEvent=null, aimOnly=true
FrcTeleOp.operatorControllerButtonEvent_INFO [35.846175591] ##### button=BUTTON_B, pressed=true
Intake.performAction_INFO [35.860859596] Action: (op=EjectForward, intakePower=1.0, retainPower=0.0, finishDelay=0.0, event=null, timeout=0.0), hasObject=true
Shooter.aimShooter_DEBUG [35.872623584] owner=null, currOwner=null, vel=90.0, tiltAngle=53.195098793175674, panAngle=0.0, event=null, timeout=0.0, aimOnly=true, shootOffDelay=0.0
Shooter.onTarget_DEBUG [35.88438253] shooterEvent=(Shooter.shooterOnTargetEvent=SIGNALED), tiltEvent=(Shooter.tiltOnTargetEvent=CLEARED), panEvent=null, aimOnly=true
Shooter.aimShooter_DEBUG [35.902278358] owner=null, currOwner=null, vel=90.0, tiltAngle=53.197431848475574, panAngle=0.0, event=null, timeout=0.0, aimOnly=true, shootOffDelay=0.0
Shooter.onTarget_DEBUG [35.914244576] shooterEvent=(Shooter.shooterOnTargetEvent=SIGNALED), tiltEvent=(Shooter.tiltOnTargetEvent=CLEARED), panEvent=null, aimOnly=true
Shooter.aimShooter_DEBUG [35.954796057] owner=null, currOwner=null, vel=90.0, tiltAngle=53.15625636498661, panAngle=0.0, event=null, timeout=0.0, aimOnly=true, shootOffDelay=0.0
Shooter.onTarget_DEBUG [35.983375096] shooterEvent=(Shooter.shooterOnTargetEvent=SIGNALED), tiltEvent=(Shooter.tiltOnTargetEvent=CLEARED), panEvent=null, aimOnly=true
Shooter.aimShooter_DEBUG [36.0049861] owner=null, currOwner=null, vel=90.0, tiltAngle=53.19873833463094, panAngle=0.0, event=null, timeout=0.0, aimOnly=true, shootOffDelay=0.0
Shooter.onTarget_DEBUG [36.018792289] shooterEvent=(Shooter.shooterOnTargetEvent=SIGNALED), tiltEvent=(Shooter.tiltOnTargetEvent=CLEARED), panEvent=null, aimOnly=true
Shooter.aimShooter_DEBUG [36.056064592] owner=null, currOwner=null, vel=90.0, tiltAngle=53.16981041318609, panAngle=0.0, event=null, timeout=0.0, aimOnly=true, shootOffDelay=0.0
Shooter.onTarget_DEBUG [36.073078204] shooterEvent=(Shooter.shooterOnTargetEvent=SIGNALED), tiltEvent=(Shooter.tiltOnTargetEvent=CLEARED), panEvent=null, aimOnly=true
Shooter.aimShooter_DEBUG [36.106665418] owner=null, currOwner=null, vel=90.0, tiltAngle=53.1268522804362, panAngle=0.0, event=null, timeout=0.0, aimOnly=true, shootOffDelay=0.0
Shooter.onTarget_DEBUG [36.136068107] shooterEvent=(Shooter.shooterOnTargetEvent=SIGNALED), tiltEvent=(Shooter.tiltOnTargetEvent=CLEARED), panEvent=null, aimOnly=true
Shooter.aimShooter_DEBUG [36.164709236] owner=null, currOwner=null, vel=90.0, tiltAngle=53.13595374373964, panAngle=0.0, event=null, timeout=0.0, aimOnly=true, shootOffDelay=0.0
Shooter.onTarget_DEBUG [36.185212986] shooterEvent=(Shooter.shooterOnTargetEvent=SIGNALED), tiltEvent=(Shooter.tiltOnTargetEvent=CLEARED), panEvent=null, aimOnly=true
Intake.exitTriggerCallback_INFO [36.191850018] active=false, actionParams=(op=EjectForward, intakePower=1.0, retainPower=0.0, finishDelay=0.0, event=null, timeout=0.0)
Intake.finish_INFO [36.193348988] Finishing intake: completed=true, power=0.0, finishDelay=0.0
Shooter.aimShooter_DEBUG [36.212130341] owner=null, currOwner=null, vel=90.0, tiltAngle=53.16316396671282, panAngle=0.0, event=null, timeout=0.0, aimOnly=true, shootOffDelay=0.0
Shooter.onTarget_DEBUG [36.245413288] shooterEvent=(Shooter.shooterOnTargetEvent=SIGNALED), tiltEvent=(Shooter.tiltOnTargetEvent=CLEARED), panEvent=null, aimOnly=true
Shooter.aimShooter_DEBUG [36.262576641] owner=null, currOwner=null, vel=90.0, tiltAngle=50.09263755550987, panAngle=0.0, event=null, timeout=0.0, aimOnly=true, shootOffDelay=0.0
Shooter.onTarget_DEBUG [36.274708279] shooterEvent=(Shooter.shooterOnTargetEvent=SIGNALED), tiltEvent=(Shooter.tiltOnTargetEvent=CLEARED), panEvent=null, aimOnly=true
Shooter.aimShooter_DEBUG [36.370784795] owner=null, currOwner=null, vel=90.0, tiltAngle=53.146609006095, panAngle=0.0, event=null, timeout=0.0, aimOnly=true, shootOffDelay=0.0
Shooter.onTarget_DEBUG [36.401265102] shooterEvent=(Shooter.shooterOnTargetEvent=SIGNALED), tiltEvent=(Shooter.tiltOnTargetEvent=CLEARED), panEvent=null, aimOnly=true
Shooter.aimShooter_DEBUG [36.42226861] owner=null, currOwner=null, vel=90.0, tiltAngle=53.13840588367026, panAngle=0.0, event=null, timeout=0.0, aimOnly=true, shootOffDelay=0.0
Shooter.onTarget_DEBUG [36.432994589] shooterEvent=(Shooter.shooterOnTargetEvent=SIGNALED), tiltEvent=(Shooter.tiltOnTargetEvent=CLEARED), panEvent=null, aimOnly=true
Shooter.aimShooter_DEBUG [36.475343065] owner=null, currOwner=null, vel=90.0, tiltAngle=53.132852647282505, panAngle=0.0, event=null, timeout=0.0, aimOnly=true, shootOffDelay=0.0
Shooter.onTarget_DEBUG [36.491187025] shooterEvent=(Shooter.shooterOnTargetEvent=SIGNALED), tiltEvent=(Shooter.tiltOnTargetEvent=CLEARED), panEvent=null, aimOnly=true
Shooter.aimShooter_DEBUG [36.637706603] owner=null, currOwner=null, vel=90.0, tiltAngle=53.11180219264247, panAngle=0.0, event=null, timeout=0.0, aimOnly=true, shootOffDelay=0.0
Shooter.onTarget_DEBUG [36.660585984] shooterEvent=(Shooter.shooterOnTargetEvent=SIGNALED), tiltEvent=(Shooter.tiltOnTargetEvent=CLEARED), panEvent=null, aimOnly=true
Shooter.aimShooter_DEBUG [36.686500286] owner=null, currOwner=null, vel=90.0, tiltAngle=53.09204604166735, panAngle=0.0, event=null, timeout=0.0, aimOnly=true, shootOffDelay=0.0
Shooter.onTarget_DEBUG [36.705466437] shooterEvent=(Shooter.shooterOnTargetEvent=SIGNALED), tiltEvent=(Shooter.tiltOnTargetEvent=CLEARED), panEvent=null, aimOnly=true
Shooter.aimShooter_DEBUG [36.795179207] owner=null, currOwner=null, vel=90.0, tiltAngle=52.91436220380467, panAngle=0.0, event=null, timeout=0.0, aimOnly=true, shootOffDelay=0.0
Shooter.onTarget_DEBUG [36.814629396] shooterEvent=(Shooter.shooterOnTargetEvent=SIGNALED), tiltEvent=(Shooter.tiltOnTargetEvent=CLEARED), panEvent=null, aimOnly=true
FrcTeleOp.operatorControllerButtonEvent_INFO [36.891118281] ##### button=BUTTON_B, pressed=false
FrcTeleOp.operatorControllerButtonEvent_INFO [36.894880652] ##### button=BUTTON_Y, pressed=false
FrcTeleOp.driverControllerButtonEvent_INFO [40.853151682] ##### button=BUTTON_X, pressed=true
TaskAutoPickupFromGround.autoAssistPickup_INFO [40.864135502] useVision=true, inAuto=false, event=null
TaskAutoPickupFromGround.acquireSubsystemsOwnership_INFO [40.874135109] Successfully acquired subsystem ownerships for AutoPickupGround.
TaskAutoPickupFromGround.autoTask_INFO [40.897792985] <Event name="StateInfo" time="40.896843346" tag="vvvvv" TaskAutoPickupFromGround.state="START" />
TaskAutoPickupFromGround.runTaskState_INFO [40.899511784] ***** Using Note Vision.
TaskAutoPickupFromGround.autoTask_INFO [40.916299166] <Event name="StateInfo" time="40.916097058" tag="vvvvv" TaskAutoPickupFromGround.state="DETECT_NOTE" />
TaskAutoPickupFromGround.runTaskState_INFO [40.92417604] ***** Vision found Note at (x=14.2,y=-50.9,angle=-15.6) from robot back.
TaskAutoPickupFromGround.autoTask_INFO [40.926337706] <Event name="StateInfo" time="40.926145429" tag="vvvvv" TaskAutoPickupFromGround.state="DRIVE_TO_NOTE" />
Intake.performAction_INFO [40.929431985] Action: (op=IntakeForward, intakePower=1.0, retainPower=0.0, finishDelay=0.0, event=(TaskAutoPickupFromGround.intakeEvent=SIGNALED), timeout=0.0), hasObject=false
TaskAutoPickupFromGround.runTaskState_INFO [40.93380049] ***** Approach Note.
purePursuitDrive.start_INFO [40.939798406] Path=TrcPath(degrees=true, [TrcWaypoint(pose=(x=-96.9,y=452.6,angle=386.1),vel=0.000000), TrcWaypoint(pose=(x=-103.8,y=406.0,angle=370.5),vel=0.000000), TrcWaypoint(pose=(x=-108.6,y=380.4,angle=370.5),vel=0.000000)])
FrcTeleOp.driverControllerButtonEvent_INFO [40.970408353] ##### button=BUTTON_X, pressed=false
Intake.entryTriggerCallback_INFO [42.235334329] active=true, actionParams=(op=IntakeForward, intakePower=1.0, retainPower=0.0, finishDelay=0.0, event=(TaskAutoPickupFromGround.intakeEvent=CLEARED), timeout=0.0)
TaskAutoPickupFromGround.autoTask_INFO [42.267263339] <Event name="StateInfo" time="42.267024242" tag="vvvvv" TaskAutoPickupFromGround.state="CHECK_INTAKE_COMPLETION" />
TaskAutoPickupFromGround.runTaskState_INFO [42.278957099] **** Check Intake: intakeEvent=(TaskAutoPickupFromGround.intakeEvent=CLEARED), gotNoteEvent=(TaskAutoPickupFromGround.gotNoteEvent=SIGNALED), driveEvent=(TaskAutoPickupFromGround.driveEvent=CLEARED), gotNote=true
Intake.exitTriggerCallback_INFO [42.726413052] active=true, actionParams=(op=IntakeForward, intakePower=1.0, retainPower=0.0, finishDelay=0.0, event=(TaskAutoPickupFromGround.intakeEvent=CLEARED), timeout=0.0)
Intake.finish_INFO [42.727825844] Finishing intake: completed=true, power=0.0, finishDelay=0.0
TaskAutoPickupFromGround.autoTask_INFO [42.731152064] <Event name="StateInfo" time="42.730890838" tag="vvvvv" TaskAutoPickupFromGround.state="DONE" />
TaskAutoPickupFromGround.stopSubsystems_INFO [42.733134661] Stopping subsystems.
Intake.cancel_INFO [42.735414776] owner=AutoPickupGround
Intake.finish_INFO [42.736277498] Finishing inactive intake: completed=false, delayFinishPending=false
TaskAutoPickupFromGround.releaseSubsystemsOwnership_INFO [42.742932347] Releasing subsystem ownership (currOwner=AutoPickupGround, intake=AutoPickupGround, robotDrive=null).
Intake.entryTriggerCallback_INFO [42.754778203] active=false, actionParams=null
                                                                                                                                                                                                                                                                                                                                                                                                                                 