Robot.robotStartMode_INFO [0.01105254] Sat Mar 23 14:00:08 PDT 2024: ***** TELEOP_MODE *****
Climber.motor.pidCtrlTask_INFO [0.083559138] Zero calibration done, event=null
FrcTeleOp.driverControllerButtonEvent_INFO [0.901046139] ##### button=BUTTON_A, pressed=true
FrcTeleOp.driverControllerButtonEvent_INFO [0.944564622] ##### button=BUTTON_A, pressed=false
FrcTeleOp.driverControllerButtonEvent_INFO [0.999117253] ##### button=BUTTON_A, pressed=true
FrcTeleOp.driverControllerButtonEvent_INFO [1.05071635] ##### button=BUTTON_A, pressed=false
FrcTeleOp.operatorControllerButtonEvent_INFO [2.836600599] ##### button=RIGHT_BUMPER, pressed=true
FrcTeleOp.operatorControllerButtonEvent_INFO [2.939890338] ##### button=RIGHT_BUMPER, pressed=false
FrcTeleOp.operatorControllerButtonEvent_INFO [3.041018501] ##### button=RIGHT_BUMPER, pressed=true
FrcTeleOp.operatorControllerButtonEvent_INFO [3.143578653] ##### button=RIGHT_BUMPER, pressed=false
FrcTeleOp.operatorControllerButtonEvent_INFO [3.244465207] ##### button=RIGHT_BUMPER, pressed=true
FrcTeleOp.operatorControllerButtonEvent_INFO [3.349849306] ##### button=RIGHT_BUMPER, pressed=false
FrcTeleOp.operatorControllerButtonEvent_INFO [3.400078339] ##### button=RIGHT_BUMPER, pressed=true
FrcTeleOp.operatorControllerButtonEvent_INFO [3.50048253] ##### button=RIGHT_BUMPER, pressed=false
FrcTeleOp.driverControllerButtonEvent_INFO [3.807103695] ##### button=BUTTON_X, pressed=true
TaskAutoPickupFromGround.autoAssistPickup_INFO [3.809094502] useVision=true, inAuto=false, event=null
TaskAutoPickupFromGround.acquireSubsystemsOwnership_INFO [3.809763131] Successfully acquired subsystem ownerships for AutoPickupGround.
TaskAutoPickupFromGround.autoTask_INFO [3.813434231] <Event name="StateInfo" time="3.813188669" tag="vvvvv" TaskAutoPickupFromGround.state="START" />
TaskAutoPickupFromGround.runTaskState_INFO [3.816169338] ***** Using Note Vision.
TaskAutoPickupFromGround.autoTask_INFO [3.818453674] <Event name="StateInfo" time="3.818274447" tag="vvvvv" TaskAutoPickupFromGround.state="DETECT_NOTE" />
TaskAutoPickupFromGround.runTaskState_INFO [3.821085562] ***** Vision found Note at (x=18.2,y=-46.9,angle=-21.3) from robot back.
TaskAutoPickupFromGround.autoTask_INFO [3.823163605] <Event name="StateInfo" time="3.822955481" tag="vvvvv" TaskAutoPickupFromGround.state="DRIVE_TO_NOTE" />
Intake.performAction_INFO [3.824537233] Action: (op=IntakeForward, intakePower=1.0, retainPower=0.0, finishDelay=0.0, event=(TaskAutoPickupFromGround.intakeEvent=SIGNALED), timeout=0.0), hasObject=false
TaskAutoPickupFromGround.runTaskState_INFO [3.827027235] ***** Approach Note.
purePursuitDrive.start_INFO [3.853793218] Path=TrcPath(degrees=true, [TrcWaypoint(pose=(x=-253.6,y=130.0,angle=38.2),vel=0.000000), TrcWaypoint(pose=(x=-264.5,y=86.6,angle=16.9),vel=0.000000), TrcWaypoint(pose=(x=-272.0,y=61.7,angle=16.9),vel=0.000000)])
FrcTeleOp.driverControllerButtonEvent_INFO [3.859362651] ##### button=BUTTON_X, pressed=false
FrcTeleOp.driverControllerButtonEvent_INFO [4.947866899] ##### button=LEFT_BUMPER, pressed=true
FrcTeleOp.driverControllerButtonEvent_INFO [5.00468216] ##### button=BUTTON_X, pressed=true
TaskAutoScoreNote.autoAssistCancel_INFO [5.014065586] Canceling auto-assist.
TaskAutoPickupFromGround.autoAssistCancel_INFO [5.024740572] Canceling auto-assist.
TaskAutoPickupFromGround.stopSubsystems_INFO [5.02849416] Stopping subsystems.
Intake.cancel_INFO [5.033336938] owner=AutoPickupGround
Intake.finish_INFO [5.036771857] Finishing intake: completed=false, power=0.0, finishDelay=0.0
TaskAutoPickupFromGround.releaseSubsystemsOwnership_INFO [5.045279553] Releasing subsystem ownership (currOwner=AutoPickupGround, intake=AutoPickupGround, robotDrive=AutoPickupGround).
TaskAutoPickupFromSource.autoAssistCancel_INFO [5.047667807] Canceling auto-assist.
FrcTeleOp.driverControllerButtonEvent_INFO [5.102478232] ##### button=BUTTON_X, pressed=false
FrcTeleOp.driverControllerButtonEvent_INFO [5.243307394] ##### button=LEFT_BUMPER, pressed=false
FrcTeleOp.driverControllerButtonEvent_INFO [5.758925049] ##### button=BUTTON_X, pressed=true
TaskAutoPickupFromGround.autoAssistPickup_INFO [5.760934437] useVision=true, inAuto=false, event=null
TaskAutoPickupFromGround.acquireSubsystemsOwnership_INFO [5.761771852] Successfully acquired subsystem ownerships for AutoPickupGround.
TaskAutoPickupFromGround.autoTask_INFO [5.784069773] <Event name="StateInfo" time="5.78382083" tag="vvvvv" TaskAutoPickupFromGround.state="START" />
TaskAutoPickupFromGround.runTaskState_INFO [5.788253871] ***** Using Note Vision.
TaskAutoPickupFromGround.autoTask_INFO [5.796891097] <Event name="StateInfo" time="5.795154385" tag="vvvvv" TaskAutoPickupFromGround.state="DETECT_NOTE" />
TaskAutoPickupFromGround.runTaskState_INFO [5.804030949] ***** Vision found Note at (x=1.3,y=-28.3,angle=-2.6) from robot back.
TaskAutoPickupFromGround.autoTask_INFO [5.808751747] <Event name="StateInfo" time="5.808561337" tag="vvvvv" TaskAutoPickupFromGround.state="DRIVE_TO_NOTE" />
Intake.performAction_INFO [5.812147491] Action: (op=IntakeForward, intakePower=1.0, retainPower=0.0, finishDelay=0.0, event=(TaskAutoPickupFromGround.intakeEvent=CANCELED), timeout=0.0), hasObject=false
TaskAutoPickupFromGround.runTaskState_INFO [5.816114571] ***** Approach Note.
purePursuitDrive.start_INFO [5.821183913] Path=TrcPath(degrees=true, [TrcWaypoint(pose=(x=-302.8,y=58.4,angle=7.7),vel=0.000000), TrcWaypoint(pose=(x=-304.5,y=36.1,angle=5.1),vel=0.000000), TrcWaypoint(pose=(x=-306.8,y=10.2,angle=5.1),vel=0.000000)])
FrcTeleOp.driverControllerButtonEvent_INFO [5.885568701] ##### button=BUTTON_X, pressed=false
Intake.entryTriggerCallback_INFO [6.505099734] active=true, actionParams=(op=IntakeForward, intakePower=1.0, retainPower=0.0, finishDelay=0.0, event=(TaskAutoPickupFromGround.intakeEvent=CLEARED), timeout=0.0)
TaskAutoPickupFromGround.autoTask_INFO [6.534063705] <Event name="StateInfo" time="6.533798014" tag="vvvvv" TaskAutoPickupFromGround.state="CHECK_INTAKE_COMPLETION" />
TaskAutoPickupFromGround.runTaskState_INFO [6.543878423] **** Check Intake: intakeEvent=(TaskAutoPickupFromGround.intakeEvent=CLEARED), gotNoteEvent=(TaskAutoPickupFromGround.gotNoteEvent=SIGNALED), driveEvent=(TaskAutoPickupFromGround.driveEvent=CLEARED), gotNote=true
Intake.exitTriggerCallback_INFO [6.979900221] active=true, actionParams=(op=IntakeForward, intakePower=1.0, retainPower=0.0, finishDelay=0.0, event=(TaskAutoPickupFromGround.intakeEvent=CLEARED), timeout=0.0)
Intake.finish_INFO [6.994562599] Finishing intake: completed=true, power=0.0, finishDelay=0.0
TaskAutoPickupFromGround.autoTask_INFO [6.997663332] <Event name="StateInfo" time="6.997316509" tag="vvvvv" TaskAutoPickupFromGround.state="DONE" />
TaskAutoPickupFromGround.stopSubsystems_INFO [6.998754656] Stopping subsystems.
Intake.cancel_INFO [7.007022169] owner=AutoPickupGround
Intake.finish_INFO [7.009656236] Finishing inactive intake: completed=false, delayFinishPending=false
TaskAutoPickupFromGround.releaseSubsystemsOwnership_INFO [7.013731914] Releasing subsystem ownership (currOwner=AutoPickupGround, intake=AutoPickupGround, robotDrive=null).
Intake.entryTriggerCallback_INFO [7.018933496] active=false, actionParams=null
FrcTeleOp.driverControllerButtonEvent_INFO [8.244972208] ##### button=BUTTON_B, pressed=true
FrcTeleOp.driverControllerButtonEvent_INFO [8.348072392] ##### button=BUTTON_B, pressed=false
FrcTeleOp.operatorControllerButtonEvent_INFO [9.977186553] ##### button=BUTTON_X, pressed=true
Shooter.aimShooter_DEBUG [9.987113715] owner=null, currOwner=null, vel=17.5, tiltAngle=59.5, panAngle=0.0, event=null, timeout=0.0, aimOnly=true, shootOffDelay=0.0
Shooter.onTarget_DEBUG [9.998107709] shooterEvent=(Shooter.shooterOnTargetEvent=SIGNALED), tiltEvent=(Shooter.tiltOnTargetEvent=CLEARED), panEvent=null, aimOnly=true
FrcTeleOp.operatorControllerButtonEvent_INFO [10.180502739] ##### button=BUTTON_X, pressed=false
FrcTeleOp.operatorControllerButtonEvent_INFO [10.279822352] ##### button=BUTTON_X, pressed=true
Shooter.cancel_INFO [10.281453516] owner=null
FrcTeleOp.operatorControllerButtonEvent_INFO [10.481871758] ##### button=BUTTON_X, pressed=false
FrcTeleOp.operatorControllerButtonEvent_INFO [11.50550095] ##### button=BUTTON_X, pressed=true
Shooter.aimShooter_DEBUG [11.515766327] owner=null, currOwner=null, vel=17.5, tiltAngle=59.5, panAngle=0.0, event=null, timeout=0.0, aimOnly=true, shootOffDelay=0.0
Shooter.onTarget_DEBUG [11.534444339] shooterEvent=(Shooter.shooterOnTargetEvent=SIGNALED), tiltEvent=(Shooter.tiltOnTargetEvent=CLEARED), panEvent=null, aimOnly=true
FrcTeleOp.operatorControllerButtonEvent_INFO [11.691443623] ##### button=BUTTON_X, pressed=false
FrcTeleOp.operatorControllerButtonEvent_INFO [12.302792295] ##### button=BUTTON_B, pressed=true
Intake.performAction_INFO [12.318389459] Action: (op=EjectForward, intakePower=1.0, retainPower=0.0, finishDelay=0.0, event=null, timeout=0.0), hasObject=true
Intake.exitTriggerCallback_INFO [12.704277578] active=false, actionParams=(op=EjectForward, intakePower=1.0, retainPower=0.0, finishDelay=0.0, event=null, timeout=0.0)
Intake.finish_INFO [12.717219357] Finishing intake: completed=true, power=0.0, finishDelay=0.0
FrcTeleOp.operatorControllerButtonEvent_INFO [12.976511861] ##### button=BUTTON_B, pressed=false
Shooter.tiltMotor.pidCtrlTask_INFO [13.079194928] controlMode: Position onTarget=true(59.41297738026765/59.5), stalled=false, expired=false, event=(Shooter.tiltOnTargetEvent=SIGNALED)
Shooter.onTarget_DEBUG [13.080357975] shooterEvent=(Shooter.shooterOnTargetEvent=SIGNALED), tiltEvent=(Shooter.tiltOnTargetEvent=SIGNALED), panEvent=null, aimOnly=true
FrcTeleOp.operatorControllerButtonEvent_INFO [13.839274932] ##### button=RIGHT_BUMPER, pressed=true
FrcTeleOp.operatorControllerButtonEvent_INFO [13.941306249] ##### button=RIGHT_BUMPER, pressed=false
FrcTeleOp.driverControllerButtonEvent_INFO [14.044219585] ##### button=BUTTON_B, pressed=true
FrcTeleOp.driverControllerButtonEvent_INFO [14.195135938] ##### button=BUTTON_B, pressed=false
FrcTeleOp.driverControllerButtonEvent_INFO [22.366313332] ##### button=BUTTON_X, pressed=true
TaskAutoPickupFromGround.autoAssistPickup_INFO [22.373884053] useVision=true, inAuto=false, event=null
TaskAutoPickupFromGround.acquireSubsystemsOwnership_INFO [22.387813723] Successfully acquired subsystem ownerships for AutoPickupGround.
TaskAutoPickupFromGround.autoTask_INFO [22.416352749] <Event name="StateInfo" time="22.414692874" tag="vvvvv" TaskAutoPickupFromGround.state="START" />
TaskAutoPickupFromGround.runTaskState_INFO [22.421796837] ***** Using Note Vision.
TaskAutoPickupFromGround.autoTask_INFO [22.449302402] <Event name="StateInfo" time="22.446321305" tag="vvvvv" TaskAutoPickupFromGround.state="DETECT_NOTE" />
TaskAutoPickupFromGround.runTaskState_INFO [22.457258278] ***** Vision found Note at (x=-6.8,y=-28.0,angle=13.7) from robot back.
TaskAutoPickupFromGround.autoTask_INFO [22.463686424] <Event name="StateInfo" time="22.462392056" tag="vvvvv" TaskAutoPickupFromGround.state="DRIVE_TO_NOTE" />
Intake.performAction_INFO [22.474595465] Action: (op=IntakeForward, intakePower=1.0, retainPower=0.0, finishDelay=0.0, event=(TaskAutoPickupFromGround.intakeEvent=SIGNALED), timeout=0.0), hasObject=false
TaskAutoPickupFromGround.runTaskState_INFO [22.476949734] ***** Approach Note.
purePursuitDrive.start_INFO [22.480431141] Path=TrcPath(degrees=true, [TrcWaypoint(pose=(x=-105.9,y=-12.5,angle=-72.0),vel=0.000000), TrcWaypoint(pose=(x=-87.0,y=-25.8,angle=-58.3),vel=0.000000), TrcWaypoint(pose=(x=-64.9,y=-39.4,angle=-58.3),vel=0.000000)])
FrcTeleOp.driverControllerButtonEvent_INFO [22.488244238] ##### button=BUTTON_X, pressed=false
Intake.entryTriggerCallback_INFO [23.241401327] active=true, actionParams=(op=IntakeForward, intakePower=1.0, retainPower=0.0, finishDelay=0.0, event=(TaskAutoPickupFromGround.intakeEvent=CLEARED), timeout=0.0)
TaskAutoPickupFromGround.autoTask_INFO [23.254880918] <Event name="StateInfo" time="23.2536361" tag="vvvvv" TaskAutoPickupFromGround.state="CHECK_INTAKE_COMPLETION" />
TaskAutoPickupFromGround.runTaskState_INFO [23.257072738] **** Check Intake: intakeEvent=(TaskAutoPickupFromGround.intakeEvent=CLEARED), gotNoteEvent=(TaskAutoPickupFromGround.gotNoteEvent=SIGNALED), driveEvent=(TaskAutoPickupFromGround.driveEvent=CLEARED), gotNote=true
Intake.exitTriggerCallback_INFO [23.779076228] active=true, actionParams=(op=IntakeForward, intakePower=1.0, retainPower=0.0, finishDelay=0.0, event=(TaskAutoPickupFromGround.intakeEvent=CLEARED), timeout=0.0)
Intake.finish_INFO [23.798398081] Finishing intake: completed=true, power=0.0, finishDelay=0.0
TaskAutoPickupFromGround.autoTask_INFO [23.809617523] <Event name="StateInfo" time="23.809153153" tag="vvvvv" TaskAutoPickupFromGround.state="DONE" />
TaskAutoPickupFromGround.stopSubsystems_INFO [23.811142481] Stopping subsystems.
Intake.cancel_INFO [23.812251357] owner=AutoPickupGround
Intake.finish_INFO [23.815144843] Finishing inactive intake: completed=false, delayFinishPending=false
TaskAutoPickupFromGround.releaseSubsystemsOwnership_INFO [23.82035453] Releasing subsystem ownership (currOwner=AutoPickupGround, intake=AutoPickupGround, robotDrive=null).
Intake.entryTriggerCallback_INFO [23.849573354] active=false, actionParams=null
FrcTeleOp.operatorControllerButtonEvent_INFO [29.308117316] ##### button=BUTTON_X, pressed=true
Shooter.aimShooter_DEBUG [29.310870711] owner=null, currOwner=null, vel=17.5, tiltAngle=59.5, panAngle=0.0, event=null, timeout=0.0, aimOnly=true, shootOffDelay=0.0
Shooter.onTarget_DEBUG [29.31991798] shooterEvent=(Shooter.shooterOnTargetEvent=SIGNALED), tiltEvent=(Shooter.tiltOnTargetEvent=CLEARED), panEvent=null, aimOnly=true
FrcTeleOp.operatorControllerButtonEvent_INFO [29.559626735] ##### button=BUTTON_X, pressed=false
Shooter.tiltMotor.pidCtrlTask_INFO [30.478777627] controlMode: Position onTarget=true(63.69342509770797/59.5), stalled=false, expired=false, event=(Shooter.tiltOnTargetEvent=SIGNALED)
Shooter.onTarget_DEBUG [30.503803159] shooterEvent=(Shooter.shooterOnTargetEvent=SIGNALED), tiltEvent=(Shooter.tiltOnTargetEvent=SIGNALED), panEvent=null, aimOnly=true
FrcTeleOp.operatorControllerButtonEvent_INFO [31.440350189] ##### button=BUTTON_B, pressed=true
Intake.performAction_INFO [31.449873293] Action: (op=EjectForward, intakePower=1.0, retainPower=0.0, finishDelay=0.0, event=null, timeout=0.0), hasObject=true
Intake.exitTriggerCallback_INFO [31.8049478] active=false, actionParams=(op=EjectForward, intakePower=1.0, retainPower=0.0, finishDelay=0.0, event=null, timeout=0.0)
Intake.finish_INFO [31.818641505] Finishing intake: completed=true, power=0.0, finishDelay=0.0
FrcTeleOp.operatorControllerButtonEvent_INFO [32.155404492] ##### button=BUTTON_B, pressed=false
FrcTeleOp.operatorControllerButtonEvent_INFO [32.819470342] ##### button=RIGHT_BUMPER, pressed=true
FrcTeleOp.operatorControllerButtonEvent_INFO [32.922926216] ##### button=RIGHT_BUMPER, pressed=false
FrcTeleOp.operatorControllerButtonEvent_INFO [33.439118003] ##### button=RIGHT_BUMPER, pressed=true
FrcTeleOp.operatorControllerButtonEvent_INFO [33.590048288] ##### button=RIGHT_BUMPER, pressed=false
FrcTeleOp.driverControllerButtonEvent_INFO [36.08938211] ##### button=BUTTON_B, pressed=true
FrcTeleOp.driverControllerButtonEvent_INFO [36.189927756] ##### button=BUTTON_B, pressed=false
FrcTeleOp.driverControllerButtonEvent_INFO [39.45993659] ##### button=BUTTON_X, pressed=true
TaskAutoPickupFromGround.autoAssistPickup_INFO [39.467020927] useVision=true, inAuto=false, event=null
TaskAutoPickupFromGround.acquireSubsystemsOwnership_INFO [39.468251536] Successfully acquired subsystem ownerships for AutoPickupGround.
TaskAutoPickupFromGround.autoTask_INFO [39.487026196] <Event name="StateInfo" time="39.485922187" tag="vvvvv" TaskAutoPickupFromGround.state="START" />
TaskAutoPickupFromGround.runTaskState_INFO [39.489555683] ***** Using Note Vision.
TaskAutoPickupFromGround.autoTask_INFO [39.497756476] <Event name="StateInfo" time="39.49536081" tag="vvvvv" TaskAutoPickupFromGround.state="DETECT_NOTE" />
TaskAutoPickupFromGround.autoTask_INFO [39.502591874] <Event name="StateInfo" time="39.502076043" tag="vvvvv" TaskAutoPickupFromGround.state="DETECT_NOTE" />
TaskAutoPickupFromGround.autoTask_INFO [39.50835708] <Event name="StateInfo" time="39.50734054" tag="vvvvv" TaskAutoPickupFromGround.state="DETECT_NOTE" />
FrcTeleOp.driverControllerButtonEvent_INFO [39.516945981] ##### button=BUTTON_X, pressed=false
TaskAutoPickupFromGround.autoTask_INFO [39.533758866] <Event name="StateInfo" time="39.533342246" tag="vvvvv" TaskAutoPickupFromGround.state="DETECT_NOTE" />
TaskAutoPickupFromGround.autoTask_INFO [39.536975463] <Event name="StateInfo" time="39.536684334" tag="vvvvv" TaskAutoPickupFromGround.state="DETECT_NOTE" />
TaskAutoPickupFromGround.autoTask_INFO [39.53925688] <Event name="StateInfo" time="39.539017713" tag="vvvvv" TaskAutoPickupFromGround.state="DETECT_NOTE" />
TaskAutoPickupFromGround.autoTask_INFO [39.543253656] <Event name="StateInfo" time="39.542702565" tag="vvvvv" TaskAutoPickupFromGround.state="DETECT_NOTE" />
TaskAutoPickupFromGround.autoTask_INFO [39.548093676] <Event name="StateInfo" time="39.547882439" tag="vvvvv" TaskAutoPickupFromGround.state="DETECT_NOTE" />
TaskAutoPickupFromGround.autoTask_INFO [39.552990661] <Event name="StateInfo" time="39.55278118" tag="vvvvv" TaskAutoPickupFromGround.state="DETECT_NOTE" />
TaskAutoPickupFromGround.autoTask_INFO [39.558903262] <Event name="StateInfo" time="39.558256762" tag="vvvvv" TaskAutoPickupFromGround.state="DETECT_NOTE" />
TaskAutoPickupFromGround.autoTask_INFO [39.563201796] <Event name="StateInfo" time="39.5629667" tag="vvvvv" TaskAutoPickupFromGround.state="DETECT_NOTE" />
TaskAutoPickupFromGround.autoTask_INFO [39.577534112] <Event name="StateInfo" time="39.577320092" tag="vvvvv" TaskAutoPickupFromGround.state="DETECT_NOTE" />
TaskAutoPickupFromGround.autoTask_INFO [39.581554896] <Event name="StateInfo" time="39.581358846" tag="vvvvv" TaskAutoPickupFromGround.state="DETECT_NOTE" />
TaskAutoPickupFromGround.autoTask_INFO [39.589004854] <Event name="StateInfo" time="39.588805117" tag="vvvvv" TaskAutoPickupFromGround.state="DETECT_NOTE" />
TaskAutoPickupFromGround.autoTask_INFO [39.597068963] <Event name="StateInfo" time="39.59687384" tag="vvvvv" TaskAutoPickupFromGround.state="DETECT_NOTE" />
TaskAutoPickupFromGround.autoTask_INFO [39.604875048] <Event name="StateInfo" time="39.603084254" tag="vvvvv" TaskAutoPickupFromGround.state="DETECT_NOTE" />
TaskAutoPickupFromGround.autoTask_INFO [39.611468476] <Event name="StateInfo" time="39.61060383" tag="vvvvv" TaskAutoPickupFromGround.state="DETECT_NOTE" />
TaskAutoPickupFromGround.autoTask_INFO [39.62713647] <Event name="StateInfo" time="39.626929673" tag="vvvvv" TaskAutoPickupFromGround.state="DETECT_NOTE" />
TaskAutoPickupFromGround.autoTask_INFO [39.632197987] <Event name="StateInfo" time="39.632008787" tag="vvvvv" TaskAutoPickupFromGround.state="DETECT_NOTE" />
TaskAutoPickupFromGround.autoTask_INFO [39.641185104] <Event name="StateInfo" time="39.640257358" tag="vvvvv" TaskAutoPickupFromGround.state="DETECT_NOTE" />
TaskAutoPickupFromGround.autoTask_INFO [39.650055536] <Event name="StateInfo" time="39.649225099" tag="vvvvv" TaskAutoPickupFromGround.state="DETECT_NOTE" />
TaskAutoPickupFromGround.autoTask_INFO [39.654571568] <Event name="StateInfo" time="39.654348455" tag="vvvvv" TaskAutoPickupFromGround.state="DETECT_NOTE" />
TaskAutoPickupFromGround.autoTask_INFO [39.661849007] <Event name="StateInfo" time="39.661241551" tag="vvvvv" TaskAutoPickupFromGround.state="DETECT_NOTE" />
TaskAutoPickupFromGround.autoTask_INFO [39.678374403] <Event name="StateInfo" time="39.675159061" tag="vvvvv" TaskAutoPickupFromGround.state="DETECT_NOTE" />
TaskAutoPickupFromGround.autoTask_INFO [39.684147426] <Event name="StateInfo" time="39.683316052" tag="vvvvv" TaskAutoPickupFromGround.state="DETECT_NOTE" />
TaskAutoPickupFromGround.autoTask_INFO [39.69158798] <Event name="StateInfo" time="39.690782268" tag="vvvvv" TaskAutoPickupFromGround.state="DETECT_NOTE" />
TaskAutoPickupFromGround.autoTask_INFO [39.696769947] <Event name="StateInfo" time="39.696550975" tag="vvvvv" TaskAutoPickupFromGround.state="DETECT_NOTE" />
TaskAutoPickupFromGround.autoTask_INFO [39.704630199] <Event name="StateInfo" time="39.701826883" tag="vvvvv" TaskAutoPickupFromGround.state="DETECT_NOTE" />
TaskAutoPickupFromGround.autoTask_INFO [39.709691487] <Event name="StateInfo" time="39.70950308" tag="vvvvv" TaskAutoPickupFromGround.state="DETECT_NOTE" />
TaskAutoPickupFromGround.autoTask_INFO [39.715494821] <Event name="StateInfo" time="39.715023205" tag="vvvvv" TaskAutoPickupFromGround.state="DETECT_NOTE" />
TaskAutoPickupFromGround.autoTask_INFO [39.726425501] <Event name="StateInfo" time="39.72580497" tag="vvvvv" TaskAutoPickupFromGround.state="DETECT_NOTE" />
TaskAutoPickupFromGround.autoTask_INFO [39.731667803] <Event name="StateInfo" time="39.731463676" tag="vvvvv" TaskAutoPickupFromGround.state="DETECT_NOTE" />
TaskAutoPickupFromGround.autoTask_INFO [39.737506421] <Event name="StateInfo" time="39.736569907" tag="vvvvv" TaskAutoPickupFromGround.state="DETECT_NOTE" />
TaskAutoPickupFromGround.autoTask_INFO [39.74210235] <Event name="StateInfo" time="39.741899442" tag="vvvvv" TaskAutoPickupFromGround.state="DETECT_NOTE" />
TaskAutoPickupFromGround.autoTask_INFO [39.747713015] <Event name="StateInfo" time="39.747472126" tag="vvvvv" TaskAutoPickupFromGround.state="DETECT_NOTE" />
TaskAutoPickupFromGround.autoTask_INFO [39.750617354] <Event name="StateInfo" time="39.750413483" tag="vvvvv" TaskAutoPickupFromGround.state="DETECT_NOTE" />
TaskAutoPickupFromGround.autoTask_INFO [39.75707067] <Event name="StateInfo" time="39.756000014" tag="vvvvv" TaskAutoPickupFromGround.state="DETECT_NOTE" />
TaskAutoPickupFromGround.autoTask_INFO [39.761982213] <Event name="StateInfo" time="39.761768063" tag="vvvvv" TaskAutoPickupFromGround.state="DETECT_NOTE" />
TaskAutoPickupFromGround.autoTask_INFO [39.766910073] <Event name="StateInfo" time="39.766720602" tag="vvvvv" TaskAutoPickupFromGround.state="DETECT_NOTE" />
TaskAutoPickupFromGround.autoTask_INFO [39.790711436] <Event name="StateInfo" time="39.790382034" tag="vvvvv" TaskAutoPickupFromGround.state="DETECT_NOTE" />
TaskAutoPickupFromGround.autoTask_INFO [39.79509091] <Event name="StateInfo" time="39.794904949" tag="vvvvv" TaskAutoPickupFromGround.state="DETECT_NOTE" />
TaskAutoPickupFromGround.autoTask_INFO [39.798692793] <Event name="StateInfo" time="39.798442143" tag="vvvvv" TaskAutoPickupFromGround.state="DETECT_NOTE" />
TaskAutoPickupFromGround.autoTask_INFO [39.801480502] <Event name="StateInfo" time="39.800894246" tag="vvvvv" TaskAutoPickupFromGround.state="DETECT_NOTE" />
TaskAutoPickupFromGround.autoTask_INFO [39.806009256] <Event name="StateInfo" time="39.80581718" tag="vvvvv" TaskAutoPickupFromGround.state="DETECT_NOTE" />
TaskAutoPickupFromGround.autoTask_INFO [39.810796344] <Event name="StateInfo" time="39.810584927" tag="vvvvv" TaskAutoPickupFromGround.state="DETECT_NOTE" />
TaskAutoPickupFromGround.autoTask_INFO [39.816467981] <Event name="StateInfo" time="39.815592096" tag="vvvvv" TaskAutoPickupFromGround.state="DETECT_NOTE" />
TaskAutoPickupFromGround.autoTask_INFO [39.82154924] <Event name="StateInfo" time="39.82035533" tag="vvvvv" TaskAutoPickupFromGround.state="DETECT_NOTE" />
TaskAutoPickupFromGround.autoTask_INFO [39.833364731] <Event name="StateInfo" time="39.832466051" tag="vvvvv" TaskAutoPickupFromGround.state="DETECT_NOTE" />
TaskAutoPickupFromGround.autoTask_INFO [39.839527601] <Event name="StateInfo" time="39.839240326" tag="vvvvv" TaskAutoPickupFromGround.state="DETECT_NOTE" />
TaskAutoPickupFromGround.autoTask_INFO [39.844031614] <Event name="StateInfo" time="39.843823142" tag="vvvvv" TaskAutoPickupFromGround.state="DETECT_NOTE" />
TaskAutoPickupFromGround.autoTask_INFO [39.849924147] <Event name="StateInfo" time="39.848712293" tag="vvvvv" TaskAutoPickupFromGround.state="DETECT_NOTE" />
TaskAutoPickupFromGround.autoTask_INFO [39.855331571] <Event name="StateInfo" time="39.85442255" tag="vvvvv" TaskAutoPickupFromGround.state="DETECT_NOTE" />
TaskAutoPickupFromGround.autoTask_INFO [39.860316884] <Event name="StateInfo" time="39.859781908" tag="vvvvv" TaskAutoPickupFromGround.state="DETECT_NOTE" />
TaskAutoPickupFromGround.autoTask_INFO [39.865612154] <Event name="StateInfo" time="39.864679964" tag="vvvvv" TaskAutoPickupFromGround.state="DETECT_NOTE" />
TaskAutoPickupFromGround.autoTask_INFO [39.871540253] <Event name="StateInfo" time="39.871343063" tag="vvvvv" TaskAutoPickupFromGround.state="DETECT_NOTE" />
TaskAutoPickupFromGround.autoTask_INFO [39.884031628] <Event name="StateInfo" time="39.883827076" tag="vvvvv" TaskAutoPickupFromGround.state="DETECT_NOTE" />
TaskAutoPickupFromGround.autoTask_INFO [39.88902909] <Event name="StateInfo" time="39.88824406" tag="vvvvv" TaskAutoPickupFromGround.state="DETECT_NOTE" />
TaskAutoPickupFromGround.autoTask_INFO [39.894168291] <Event name="StateInfo" time="39.893951615" tag="vvvvv" TaskAutoPickupFromGround.state="DETECT_NOTE" />
TaskAutoPickupFromGround.autoTask_INFO [39.898921277] <Event name="StateInfo" time="39.898733899" tag="vvvvv" TaskAutoPickupFromGround.state="DETECT_NOTE" />
TaskAutoPickupFromGround.autoTask_INFO [39.904473109] <Event name="StateInfo" time="39.904268682" tag="vvvvv" TaskAutoPickupFromGround.state="DETECT_NOTE" />
TaskAutoPickupFromGround.autoTask_INFO [39.910084851] <Event name="StateInfo" time="39.909248008" tag="vvvvv" TaskAutoPickupFromGround.state="DETECT_NOTE" />
TaskAutoPickupFromGround.autoTask_INFO [39.917655017] <Event name="StateInfo" time="39.915612269" tag="vvvvv" TaskAutoPickupFromGround.state="DETECT_NOTE" />
TaskAutoPickupFromGround.autoTask_INFO [39.922292147] <Event name="StateInfo" time="39.922077486" tag="vvvvv" TaskAutoPickupFromGround.state="DETECT_NOTE" />
TaskAutoPickupFromGround.autoTask_INFO [39.929110859] <Event name="StateInfo" time="39.928910447" tag="vvvvv" TaskAutoPickupFromGround.state="DETECT_NOTE" />
TaskAutoPickupFromGround.autoTask_INFO [39.943093524] <Event name="StateInfo" time="39.94250087" tag="vvvvv" TaskAutoPickupFromGround.state="DETECT_NOTE" />
TaskAutoPickupFromGround.autoTask_INFO [39.948531258] <Event name="StateInfo" time="39.948006694" tag="vvvvv" TaskAutoPickupFromGround.state="DETECT_NOTE" />
TaskAutoPickupFromGround.autoTask_INFO [39.951771071] <Event name="StateInfo" time="39.951577737" tag="vvvvv" TaskAutoPickupFromGround.state="DETECT_NOTE" />
TaskAutoPickupFromGround.autoTask_INFO [39.956430576] <Event name="StateInfo" time="39.956195805" tag="vvvvv" TaskAutoPickupFromGround.state="DETECT_NOTE" />
TaskAutoPickupFromGround.autoTask_INFO [39.962398511] <Event name="StateInfo" time="39.960431229" tag="vvvvv" TaskAutoPickupFromGround.state="DETECT_NOTE" />
TaskAutoPickupFromGround.autoTask_INFO [39.968518197] <Event name="StateInfo" time="39.968281543" tag="vvvvv" TaskAutoPickupFromGround.state="DETECT_NOTE" />
TaskAutoPickupFromGround.autoTask_INFO [39.974316073] <Event name="StateInfo" time="39.97316166" tag="vvvvv" TaskAutoPickupFromGround.state="DETECT_NOTE" />
TaskAutoPickupFromGround.autoTask_INFO [39.980921877] <Event name="StateInfo" time="39.97961756" tag="vvvvv" TaskAutoPickupFromGround.state="DETECT_NOTE" />
FrcTeleOp.driverControllerButtonEvent_INFO [39.987149139] ##### button=BUTTON_X, pressed=true
TaskAutoScoreNote.autoAssistCancel_INFO [39.990130031] Canceling auto-assist.
TaskAutoPickupFromGround.autoAssistCancel_INFO [39.994195952] Canceling auto-assist.
TaskAutoPickupFromGround.stopSubsystems_INFO [39.998699065] Stopping subsystems.
Intake.cancel_INFO [40.003023443] owner=AutoPickupGround
Intake.finish_INFO [40.005266042] Finishing inactive intake: completed=false, delayFinishPending=false
TaskAutoPickupFromGround.releaseSubsystemsOwnership_INFO [40.009871889] Releasing subsystem ownership (currOwner=AutoPickupGround, intake=AutoPickupGround, robotDrive=AutoPickupGround).
TaskAutoPickupFromSource.autoAssistCancel_INFO [40.012578826] Canceling auto-assist.
FrcTeleOp.driverControllerButtonEvent_INFO [40.046508746] ##### button=BUTTON_X, pressed=false
FrcTeleOp.driverControllerButtonEvent_INFO [40.561064973] ##### button=BUTTON_X, pressed=true
TaskAutoPickupFromGround.autoAssistPickup_INFO [40.565258152] useVision=true, inAuto=false, event=null
TaskAutoPickupFromGround.acquireSubsystemsOwnership_INFO [40.568066392] Successfully acquired subsystem ownerships for AutoPickupGround.
TaskAutoPickupFromGround.autoTask_INFO [40.580831362] <Event name="StateInfo" time="40.580530566" tag="vvvvv" TaskAutoPickupFromGround.state="START" />
TaskAutoPickupFromGround.runTaskState_INFO [40.583841557] ***** Using Note Vision.
TaskAutoPickupFromGround.autoTask_INFO [40.590533291] <Event name="StateInfo" time="40.589679583" tag="vvvvv" TaskAutoPickupFromGround.state="DETECT_NOTE" />
TaskAutoPickupFromGround.runTaskState_INFO [40.598738311] ***** Vision found Note at (x=7.5,y=-30.5,angle=-13.8) from robot back.
TaskAutoPickupFromGround.autoTask_INFO [40.604923363] <Event name="StateInfo" time="40.604737811" tag="vvvvv" TaskAutoPickupFromGround.state="DRIVE_TO_NOTE" />
Intake.performAction_INFO [40.609570527] Action: (op=IntakeForward, intakePower=1.0, retainPower=0.0, finishDelay=0.0, event=(TaskAutoPickupFromGround.intakeEvent=SIGNALED), timeout=0.0), hasObject=false
TaskAutoPickupFromGround.runTaskState_INFO [40.613490129] ***** Approach Note.
purePursuitDrive.start_INFO [40.620575513] Path=TrcPath(degrees=true, [TrcWaypoint(pose=(x=-101.4,y=-33.1,angle=-95.8),vel=0.000000), TrcWaypoint(pose=(x=-77.7,y=-23.2,angle=-109.6),vel=0.000000), TrcWaypoint(pose=(x=-53.2,y=-14.4,angle=-109.6),vel=0.000000)])
FrcTeleOp.driverControllerButtonEvent_INFO [40.682073211] ##### button=BUTTON_X, pressed=false
Intake.entryTriggerCallback_INFO [41.729041353] active=true, actionParams=(op=IntakeForward, intakePower=1.0, retainPower=0.0, finishDelay=0.0, event=(TaskAutoPickupFromGround.intakeEvent=CLEARED), timeout=0.0)
TaskAutoPickupFromGround.autoTask_INFO [41.744100509] <Event name="StateInfo" time="41.743853256" tag="vvvvv" TaskAutoPickupFromGround.state="CHECK_INTAKE_COMPLETION" />
TaskAutoPickupFromGround.runTaskState_INFO [41.744671204] **** Check Intake: intakeEvent=(TaskAutoPickupFromGround.intakeEvent=CLEARED), gotNoteEvent=(TaskAutoPickupFromGround.gotNoteEvent=SIGNALED), driveEvent=(TaskAutoPickupFromGround.driveEvent=CLEARED), gotNote=true
Intake.exitTriggerCallback_INFO [42.20480367] active=true, actionParams=(op=IntakeForward, intakePower=1.0, retainPower=0.0, finishDelay=0.0, event=(TaskAutoPickupFromGround.intakeEvent=CLEARED), timeout=0.0)
Intake.finish_INFO [42.208949338] Finishing intake: completed=true, power=0.0, finishDelay=0.0
TaskAutoPickupFromGround.autoTask_INFO [42.212260867] <Event name="StateInfo" time="42.210425107" tag="vvvvv" TaskAutoPickupFromGround.state="DONE" />
TaskAutoPickupFromGround.stopSubsystems_INFO [42.215835083] Stopping subsystems.
Intake.cancel_INFO [42.219017481] owner=AutoPickupGround
Intake.finish_INFO [42.22014994] Finishing inactive intake: completed=false, delayFinishPending=false
TaskAutoPickupFromGround.releaseSubsystemsOwnership_INFO [42.223390837] Releasing subsystem ownership (currOwner=AutoPickupGround, intake=AutoPickupGround, robotDrive=null).
Intake.entryTriggerCallback_INFO [42.251241809] active=false, actionParams=null
FrcTeleOp.driverControllerButtonEvent_INFO [44.319427266] ##### button=BUTTON_B, pressed=true
FrcTeleOp.driverControllerButtonEvent_INFO [44.369790708] ##### button=BUTTON_B, pressed=false
FrcTeleOp.operatorControllerButtonEvent_INFO [47.291567803] ##### button=BUTTON_X, pressed=true
Shooter.aimShooter_DEBUG [47.305314371] owner=null, currOwner=null, vel=17.5, tiltAngle=59.5, panAngle=0.0, event=null, timeout=0.0, aimOnly=true, shootOffDelay=0.0
Shooter.onTarget_DEBUG [47.309342134] shooterEvent=(Shooter.shooterOnTargetEvent=SIGNALED), tiltEvent=(Shooter.tiltOnTargetEvent=CLEARED), panEvent=null, aimOnly=true
FrcTeleOp.operatorControllerButtonEvent_INFO [47.55387332] ##### button=BUTTON_X, pressed=false
FrcTeleOp.operatorControllerButtonEvent_INFO [47.653730876] ##### button=BUTTON_X, pressed=true
Shooter.cancel_INFO [47.67613564] owner=null
FrcTeleOp.operatorControllerButtonEvent_INFO [47.759713006] ##### button=BUTTON_X, pressed=false
FrcTeleOp.operatorControllerButtonEvent_INFO [48.165574704] ##### button=BUTTON_B, pressed=true
Intake.performAction_INFO [48.174976909] Action: (op=EjectForward, intakePower=1.0, retainPower=0.0, finishDelay=0.0, event=null, timeout=0.0), hasObject=true
FrcTeleOp.operatorControllerButtonEvent_INFO [48.881202129] ##### button=BUTTON_B, pressed=false
FrcTeleOp.operatorControllerButtonEvent_INFO [48.983770518] ##### button=BUTTON_X, pressed=true
Shooter.aimShooter_DEBUG [48.991830225] owner=null, currOwner=null, vel=17.5, tiltAngle=59.5, panAngle=0.0, event=null, timeout=0.0, aimOnly=true, shootOffDelay=0.0
Shooter.onTarget_DEBUG [49.001853597] shooterEvent=(Shooter.shooterOnTargetEvent=SIGNALED), tiltEvent=(Shooter.tiltOnTargetEvent=CLEARED), panEvent=null, aimOnly=true
Intake.exitTriggerCallback_INFO [49.180190123] active=false, actionParams=(op=EjectForward, intakePower=1.0, retainPower=0.0, finishDelay=0.0, event=null, timeout=0.0)
Intake.finish_INFO [49.18173583] Finishing intake: completed=true, power=0.0, finishDelay=0.0
FrcTeleOp.operatorControllerButtonEvent_INFO [49.196372915] ##### button=BUTTON_X, pressed=false
Shooter.tiltMotor.pidCtrlTask_INFO [49.680901957] controlMode: Position onTarget=true(58.98523505259369/59.5), stalled=false, expired=false, event=(Shooter.tiltOnTargetEvent=SIGNALED)
Shooter.onTarget_DEBUG [49.681014473] shooterEvent=(Shooter.shooterOnTargetEvent=SIGNALED), tiltEvent=(Shooter.tiltOnTargetEvent=SIGNALED), panEvent=null, aimOnly=true
FrcTeleOp.operatorControllerButtonEvent_INFO [50.163087133] ##### button=RIGHT_BUMPER, pressed=true
FrcTeleOp.operatorControllerButtonEvent_INFO [50.26434854] ##### button=RIGHT_BUMPER, pressed=false
FrcTeleOp.driverControllerButtonEvent_INFO [50.316778774] ##### button=BUTTON_B, pressed=true
FrcTeleOp.driverControllerButtonEvent_INFO [50.419284022] ##### button=BUTTON_B, pressed=false
FrcTeleOp.driverControllerButtonEvent_INFO [52.359229278] ##### button=BUTTON_B, pressed=true
FrcTeleOp.driverControllerButtonEvent_INFO [52.45771747] ##### button=BUTTON_B, pressed=false
FrcTeleOp.driverControllerButtonEvent_INFO [58.639770608] ##### button=BUTTON_X, pressed=true
TaskAutoPickupFromGround.autoAssistPickup_INFO [58.641454185] useVision=true, inAuto=false, event=null
TaskAutoPickupFromGround.acquireSubsystemsOwnership_INFO [58.643217721] Successfully acquired subsystem ownerships for AutoPickupGround.
TaskAutoPickupFromGround.autoTask_INFO [58.651107013] <Event name="StateInfo" time="58.650811942" tag="vvvvv" TaskAutoPickupFromGround.state="START" />
TaskAutoPickupFromGround.runTaskState_INFO [58.65257245] ***** Using Note Vision.
TaskAutoPickupFromGround.autoTask_INFO [58.663660951] <Event name="StateInfo" time="58.663214383" tag="vvvvv" TaskAutoPickupFromGround.state="DETECT_NOTE" />
TaskAutoPickupFromGround.runTaskState_INFO [58.667079733] ***** Vision found Note at (x=-0.3,y=-28.3,angle=0.5) from robot back.
TaskAutoPickupFromGround.autoTask_INFO [58.672007953] <Event name="StateInfo" time="58.671827817" tag="vvvvv" TaskAutoPickupFromGround.state="DRIVE_TO_NOTE" />
Intake.performAction_INFO [58.674085977] Action: (op=IntakeForward, intakePower=1.0, retainPower=0.0, finishDelay=0.0, event=(TaskAutoPickupFromGround.intakeEvent=SIGNALED), timeout=0.0), hasObject=false
TaskAutoPickupFromGround.runTaskState_INFO [58.675897661] ***** Approach Note.
purePursuitDrive.start_INFO [58.682391184] Path=TrcPath(degrees=true, [TrcWaypoint(pose=(x=-61.7,y=4.7,angle=-53.6),vel=0.000000), TrcWaypoint(pose=(x=-43.8,y=-8.7,angle=-53.1),vel=0.000000), TrcWaypoint(pose=(x=-23.0,y=-24.4,angle=-53.1),vel=0.000000)])
FrcTeleOp.driverControllerButtonEvent_INFO [58.741722333] ##### button=BUTTON_X, pressed=false
FrcTeleOp.driverControllerButtonEvent_INFO [60.46214078] ##### button=BUTTON_X, pressed=true
TaskAutoScoreNote.autoAssistCancel_INFO [60.463681014] Canceling auto-assist.
TaskAutoPickupFromGround.autoAssistCancel_INFO [60.464026568] Canceling auto-assist.
TaskAutoPickupFromGround.stopSubsystems_INFO [60.464918662] Stopping subsystems.
Intake.cancel_INFO [60.469153181] owner=AutoPickupGround
Intake.finish_INFO [60.473609376] Finishing intake: completed=false, power=0.0, finishDelay=0.0
TaskAutoPickupFromGround.releaseSubsystemsOwnership_INFO [60.489780473] Releasing subsystem ownership (currOwner=AutoPickupGround, intake=AutoPickupGround, robotDrive=AutoPickupGround).
TaskAutoPickupFromSource.autoAssistCancel_INFO [60.490924562] Canceling auto-assist.
FrcTeleOp.driverControllerButtonEvent_INFO [60.52350984] ##### button=BUTTON_X, pressed=false
FrcTeleOp.driverControllerButtonEvent_INFO [60.841282868] ##### button=LEFT_BUMPER, pressed=true
FrcTeleOp.driverControllerButtonEvent_INFO [61.044588058] ##### button=BUTTON_X, pressed=true
TaskAutoPickupFromGround.autoAssistPickup_INFO [61.058886774] useVision=false, inAuto=false, event=null
TaskAutoPickupFromGround.acquireSubsystemsOwnership_INFO [61.066651881] Successfully acquired subsystem ownerships for AutoPickupGround.
TaskAutoPickupFromGround.autoTask_INFO [61.078497181] <Event name="StateInfo" time="61.078243012" tag="vvvvv" TaskAutoPickupFromGround.state="START" />
TaskAutoPickupFromGround.runTaskState_INFO [61.082847559] ***** Not using Note Vision.
TaskAutoPickupFromGround.autoTask_INFO [61.090067087] <Event name="StateInfo" time="61.089244607" tag="vvvvv" TaskAutoPickupFromGround.state="DRIVE_TO_NOTE" />
Intake.performAction_INFO [61.096676893] Action: (op=IntakeForward, intakePower=1.0, retainPower=0.0, finishDelay=0.0, event=(TaskAutoPickupFromGround.intakeEvent=CANCELED), timeout=0.0), hasObject=false
TaskAutoPickupFromGround.runTaskState_INFO [61.100592474] ***** Did not see Note, release drive ownership.
FrcTeleOp.driverControllerButtonEvent_INFO [61.155158183] ##### button=BUTTON_X, pressed=false
FrcTeleOp.driverControllerButtonEvent_INFO [61.15944594] ##### button=LEFT_BUMPER, pressed=false
Intake.entryTriggerCallback_INFO [61.531481776] active=true, actionParams=(op=IntakeForward, intakePower=1.0, retainPower=0.0, finishDelay=0.0, event=(TaskAutoPickupFromGround.intakeEvent=CLEARED), timeout=0.0)
TaskAutoPickupFromGround.autoTask_INFO [61.536437573] <Event name="StateInfo" time="61.532791816" tag="vvvvv" TaskAutoPickupFromGround.state="CHECK_INTAKE_COMPLETION" />
TaskAutoPickupFromGround.runTaskState_INFO [61.537694044] **** Check Intake: intakeEvent=(TaskAutoPickupFromGround.intakeEvent=CLEARED), gotNoteEvent=(TaskAutoPickupFromGround.gotNoteEvent=SIGNALED), driveEvent=(TaskAutoPickupFromGround.driveEvent=CANCELED), gotNote=true
Intake.exitTriggerCallback_INFO [62.049507734] active=true, actionParams=(op=IntakeForward, intakePower=1.0, retainPower=0.0, finishDelay=0.0, event=(TaskAutoPickupFromGround.intakeEvent=CLEARED), timeout=0.0)
Intake.finish_INFO [62.059420322] Finishing intake: completed=true, power=0.0, finishDelay=0.0
TaskAutoPickupFromGround.autoTask_INFO [62.068659219] <Event name="StateInfo" time="62.068168456" tag="vvvvv" TaskAutoPickupFromGround.state="DONE" />
TaskAutoPickupFromGround.stopSubsystems_INFO [62.070737458] Stopping subsystems.
Intake.cancel_INFO [62.071718855] owner=AutoPickupGround
Intake.finish_INFO [62.074672117] Finishing inactive intake: completed=false, delayFinishPending=false
TaskAutoPickupFromGround.releaseSubsystemsOwnership_INFO [62.082729372] Releasing subsystem ownership (currOwner=AutoPickupGround, intake=AutoPickupGround, robotDrive=null).
Intake.entryTriggerCallback_INFO [62.128937634] active=false, actionParams=null
FrcTeleOp.driverControllerButtonEvent_INFO [63.216246307] ##### button=BUTTON_B, pressed=true
FrcTeleOp.driverControllerButtonEvent_INFO [63.324429235] ##### button=BUTTON_B, pressed=false
FrcTeleOp.operatorControllerButtonEvent_INFO [65.231529423] ##### button=BUTTON_X, pressed=true
Shooter.aimShooter_DEBUG [65.233008664] owner=null, currOwner=null, vel=17.5, tiltAngle=59.5, panAngle=0.0, event=null, timeout=0.0, aimOnly=true, shootOffDelay=0.0
Shooter.onTarget_DEBUG [65.23627007] shooterEvent=(Shooter.shooterOnTargetEvent=SIGNALED), tiltEvent=(Shooter.tiltOnTargetEvent=CLEARED), panEvent=null, aimOnly=true
FrcTeleOp.operatorControllerButtonEvent_INFO [65.438813008] ##### button=BUTTON_X, pressed=false
Shooter.tiltMotor.pidCtrlTask_INFO [66.874343077] controlMode: Position onTarget=true(59.4058221558393/59.5), stalled=false, expired=false, event=(Shooter.tiltOnTargetEvent=SIGNALED)
Shooter.onTarget_DEBUG [66.906906839] shooterEvent=(Shooter.shooterOnTargetEvent=SIGNALED), tiltEvent=(Shooter.tiltOnTargetEvent=SIGNALED), panEvent=null, aimOnly=true
FrcTeleOp.operatorControllerButtonEvent_INFO [67.023463254] ##### button=BUTTON_B, pressed=true
Intake.performAction_INFO [67.039732448] Action: (op=EjectForward, intakePower=1.0, retainPower=0.0, finishDelay=0.0, event=null, timeout=0.0), hasObject=true
Intake.exitTriggerCallback_INFO [67.441042748] active=false, actionParams=(op=EjectForward, intakePower=1.0, retainPower=0.0, finishDelay=0.0, event=null, timeout=0.0)
Intake.finish_INFO [67.442452638] Finishing intake: completed=true, power=0.0, finishDelay=0.0
FrcTeleOp.operatorControllerButtonEvent_INFO [67.684473142] ##### button=BUTTON_B, pressed=false
FrcTeleOp.operatorControllerButtonEvent_INFO [68.245033922] ##### button=RIGHT_BUMPER, pressed=true
FrcTeleOp.operatorControllerButtonEvent_INFO [68.396013254] ##### button=RIGHT_BUMPER, pressed=false
FrcTeleOp.driverControllerButtonEvent_INFO [69.124808515] ##### button=BUTTON_B, pressed=true
FrcTeleOp.driverControllerButtonEvent_INFO [69.227376855] ##### button=BUTTON_B, pressed=false
FrcTeleOp.driverControllerButtonEvent_INFO [73.396288984] ##### button=BUTTON_X, pressed=true
TaskAutoPickupFromGround.autoAssistPickup_INFO [73.403380105] useVision=true, inAuto=false, event=null
TaskAutoPickupFromGround.acquireSubsystemsOwnership_INFO [73.405640277] Successfully acquired subsystem ownerships for AutoPickupGround.
TaskAutoPickupFromGround.autoTask_INFO [73.426435823] <Event name="StateInfo" time="73.426172587" tag="vvvvv" TaskAutoPickupFromGround.state="START" />
TaskAutoPickupFromGround.runTaskState_INFO [73.42764675] ***** Using Note Vision.
TaskAutoPickupFromGround.autoTask_INFO [73.431628429] <Event name="StateInfo" time="73.430425611" tag="vvvvv" TaskAutoPickupFromGround.state="DETECT_NOTE" />
TaskAutoPickupFromGround.runTaskState_INFO [73.434987833] ***** Vision found Note at (x=-5.7,y=-30.0,angle=10.8) from robot back.
TaskAutoPickupFromGround.autoTask_INFO [73.440966644] <Event name="StateInfo" time="73.440703452" tag="vvvvv" TaskAutoPickupFromGround.state="DRIVE_TO_NOTE" />
Intake.performAction_INFO [73.442325146] Action: (op=IntakeForward, intakePower=1.0, retainPower=0.0, finishDelay=0.0, event=(TaskAutoPickupFromGround.intakeEvent=SIGNALED), timeout=0.0), hasObject=false
TaskAutoPickupFromGround.runTaskState_INFO [73.443666711] ***** Approach Note.
purePursuitDrive.start_INFO [73.450765826] Path=TrcPath(degrees=true, [TrcWaypoint(pose=(x=-94.1,y=-68.1,angle=-64.9),vel=0.000000), TrcWaypoint(pose=(x=-74.8,y=-83.5,angle=-54.0),vel=0.000000), TrcWaypoint(pose=(x=-53.7,y=-98.8,angle=-54.0),vel=0.000000)])
FrcTeleOp.driverControllerButtonEvent_INFO [73.4552143] ##### button=BUTTON_X, pressed=false
FrcTeleOp.driverControllerButtonEvent_INFO [74.424289866] ##### button=BUTTON_X, pressed=true
TaskAutoScoreNote.autoAssistCancel_INFO [74.434109873] Canceling auto-assist.
TaskAutoPickupFromGround.autoAssistCancel_INFO [74.443957624] Canceling auto-assist.
TaskAutoPickupFromGround.stopSubsystems_INFO [74.445809437] Stopping subsystems.
Intake.cancel_INFO [74.447914869] owner=AutoPickupGround
Intake.finish_INFO [74.453490778] Finishing intake: completed=false, power=0.0, finishDelay=0.0
TaskAutoPickupFromGround.releaseSubsystemsOwnership_INFO [74.464413284] Releasing subsystem ownership (currOwner=AutoPickupGround, intake=AutoPickupGround, robotDrive=AutoPickupGround).
TaskAutoPickupFromSource.autoAssistCancel_INFO [74.466828596] Canceling auto-assist.
FrcTeleOp.driverControllerButtonEvent_INFO [74.496668901] ##### button=BUTTON_X, pressed=false
FrcTeleOp.driverControllerButtonEvent_INFO [75.112747482] ##### button=BUTTON_X, pressed=true
TaskAutoPickupFromGround.autoAssistPickup_INFO [75.115029289] useVision=true, inAuto=false, event=null
TaskAutoPickupFromGround.acquireSubsystemsOwnership_INFO [75.116195726] Successfully acquired subsystem ownerships for AutoPickupGround.
FrcTeleOp.driverControllerButtonEvent_INFO [75.12638115] ##### button=LEFT_BUMPER, pressed=true
TaskAutoPickupFromGround.autoTask_INFO [75.151051676] <Event name="StateInfo" time="75.15011221" tag="vvvvv" TaskAutoPickupFromGround.state="START" />
TaskAutoPickupFromGround.runTaskState_INFO [75.155837147] ***** Using Note Vision.
TaskAutoPickupFromGround.autoTask_INFO [75.162979577] <Event name="StateInfo" time="75.161956637" tag="vvvvv" TaskAutoPickupFromGround.state="DETECT_NOTE" />
TaskAutoPickupFromGround.runTaskState_INFO [75.168860267] ***** Vision found Note at (x=1.2,y=-21.3,angle=-3.3) from robot back.
TaskAutoPickupFromGround.autoTask_INFO [75.185494815] <Event name="StateInfo" time="75.184471829" tag="vvvvv" TaskAutoPickupFromGround.state="DRIVE_TO_NOTE" />
Intake.performAction_INFO [75.18714521] Action: (op=IntakeForward, intakePower=1.0, retainPower=0.0, finishDelay=0.0, event=(TaskAutoPickupFromGround.intakeEvent=CANCELED), timeout=0.0), hasObject=false
TaskAutoPickupFromGround.runTaskState_INFO [75.191403018] ***** Approach Note.
purePursuitDrive.start_INFO [75.206358355] Path=TrcPath(degrees=true, [TrcWaypoint(pose=(x=-65.2,y=-73.0,angle=-104.5),vel=0.000000), TrcWaypoint(pose=(x=-50.7,y=-67.9,angle=-107.8),vel=0.000000), TrcWaypoint(pose=(x=-25.9,y=-60.0,angle=-107.8),vel=0.000000)])
FrcTeleOp.driverControllerButtonEvent_INFO [75.288417121] ##### button=BUTTON_X, pressed=false
FrcTeleOp.driverControllerButtonEvent_INFO [75.291044692] ##### button=LEFT_BUMPER, pressed=false
Intake.entryTriggerCallback_INFO [75.86148917] active=true, actionParams=(op=IntakeForward, intakePower=1.0, retainPower=0.0, finishDelay=0.0, event=(TaskAutoPickupFromGround.intakeEvent=CLEARED), timeout=0.0)
TaskAutoPickupFromGround.autoTask_INFO [75.883173695] <Event name="StateInfo" time="75.882664779" tag="vvvvv" TaskAutoPickupFromGround.state="CHECK_INTAKE_COMPLETION" />
TaskAutoPickupFromGround.runTaskState_INFO [75.888565096] **** Check Intake: intakeEvent=(TaskAutoPickupFromGround.intakeEvent=CLEARED), gotNoteEvent=(TaskAutoPickupFromGround.gotNoteEvent=SIGNALED), driveEvent=(TaskAutoPickupFromGround.driveEvent=CLEARED), gotNote=true
Intake.exitTriggerCallback_INFO [76.381921664] active=true, actionParams=(op=IntakeForward, intakePower=1.0, retainPower=0.0, finishDelay=0.0, event=(TaskAutoPickupFromGround.intakeEvent=CLEARED), timeout=0.0)
Intake.finish_INFO [76.383902183] Finishing intake: completed=true, power=0.0, finishDelay=0.0
TaskAutoPickupFromGround.autoTask_INFO [76.386082777] <Event name="StateInfo" time="76.385830468" tag="vvvvv" TaskAutoPickupFromGround.state="DONE" />
TaskAutoPickupFromGround.stopSubsystems_INFO [76.387336855] Stopping subsystems.
Intake.cancel_INFO [76.3951266] owner=AutoPickupGround
Intake.finish_INFO [76.396385845] Finishing inactive intake: completed=false, delayFinishPending=false
TaskAutoPickupFromGround.releaseSubsystemsOwnership_INFO [76.399421063] Releasing subsystem ownership (currOwner=AutoPickupGround, intake=AutoPickupGround, robotDrive=null).
Intake.entryTriggerCallback_INFO [76.428586561] active=false, actionParams=null
FrcTeleOp.operatorControllerButtonEvent_INFO [79.981472051] ##### button=BUTTON_X, pressed=true
Shooter.aimShooter_DEBUG [79.983492597] owner=null, currOwner=null, vel=17.5, tiltAngle=59.5, panAngle=0.0, event=null, timeout=0.0, aimOnly=true, shootOffDelay=0.0
Shooter.onTarget_DEBUG [79.985981559] shooterEvent=(Shooter.shooterOnTargetEvent=SIGNALED), tiltEvent=(Shooter.tiltOnTargetEvent=CLEARED), panEvent=null, aimOnly=true
FrcTeleOp.operatorControllerButtonEvent_INFO [80.287780173] ##### button=BUTTON_X, pressed=false
Shooter.tiltMotor.pidCtrlTask_INFO [81.277713004] controlMode: Position onTarget=true(61.021030603829075/59.5), stalled=false, expired=false, event=(Shooter.tiltOnTargetEvent=SIGNALED)
Shooter.onTarget_DEBUG [81.298241709] shooterEvent=(Shooter.shooterOnTargetEvent=SIGNALED), tiltEvent=(Shooter.tiltOnTargetEvent=SIGNALED), panEvent=null, aimOnly=true
FrcTeleOp.operatorControllerButtonEvent_INFO [83.59927755] ##### button=BUTTON_B, pressed=true
Intake.performAction_INFO [83.609589411] Action: (op=EjectForward, intakePower=1.0, retainPower=0.0, finishDelay=0.0, event=null, timeout=0.0), hasObject=true
Intake.exitTriggerCallback_INFO [84.005390015] active=false, actionParams=(op=EjectForward, intakePower=1.0, retainPower=0.0, finishDelay=0.0, event=null, timeout=0.0)
Intake.finish_INFO [84.016642313] Finishing intake: completed=true, power=0.0, finishDelay=0.0
FrcTeleOp.operatorControllerButtonEvent_INFO [84.305180059] ##### button=BUTTON_B, pressed=false
FrcTeleOp.operatorControllerButtonEvent_INFO [85.022445627] ##### button=RIGHT_BUMPER, pressed=true
FrcTeleOp.operatorControllerButtonEvent_INFO [85.173820212] ##### button=RIGHT_BUMPER, pressed=false
FrcTeleOp.driverControllerButtonEvent_INFO [85.28185923] ##### button=BUTTON_B, pressed=true
FrcTeleOp.driverControllerButtonEvent_INFO [85.386599019] ##### button=BUTTON_B, pressed=false
FrcTeleOp.driverControllerButtonEvent_INFO [92.439687751] ##### button=BUTTON_X, pressed=true
TaskAutoPickupFromGround.autoAssistPickup_INFO [92.441609205] useVision=true, inAuto=false, event=null
TaskAutoPickupFromGround.acquireSubsystemsOwnership_INFO [92.442817672] Successfully acquired subsystem ownerships for AutoPickupGround.
TaskAutoPickupFromGround.autoTask_INFO [92.447838836] <Event name="StateInfo" time="92.447591749" tag="vvvvv" TaskAutoPickupFromGround.state="START" />
TaskAutoPickupFromGround.runTaskState_INFO [92.448700247] ***** Using Note Vision.
TaskAutoPickupFromGround.autoTask_INFO [92.450767314] <Event name="StateInfo" time="92.450592289" tag="vvvvv" TaskAutoPickupFromGround.state="DETECT_NOTE" />
TaskAutoPickupFromGround.runTaskState_INFO [92.453697608] ***** Vision found Note at (x=12.4,y=-22.4,angle=-28.9) from robot back.
TaskAutoPickupFromGround.autoTask_INFO [92.45652323] <Event name="StateInfo" time="92.456115615" tag="vvvvv" TaskAutoPickupFromGround.state="DRIVE_TO_NOTE" />
Intake.performAction_INFO [92.459995275] Action: (op=IntakeForward, intakePower=1.0, retainPower=0.0, finishDelay=0.0, event=(TaskAutoPickupFromGround.intakeEvent=SIGNALED), timeout=0.0), hasObject=false
TaskAutoPickupFromGround.runTaskState_INFO [92.463402555] ***** Approach Note.
purePursuitDrive.start_INFO [92.468690519] Path=TrcPath(degrees=true, [TrcWaypoint(pose=(x=-231.2,y=-125.3,angle=-69.2),vel=0.000000), TrcWaypoint(pose=(x=-211.5,y=-119.5,angle=-98.1),vel=0.000000), TrcWaypoint(pose=(x=-185.8,y=-115.8,angle=-98.1),vel=0.000000)])
FrcTeleOp.driverControllerButtonEvent_INFO [92.519303287] ##### button=BUTTON_X, pressed=false
Intake.entryTriggerCallback_INFO [93.339176218] active=true, actionParams=(op=IntakeForward, intakePower=1.0, retainPower=0.0, finishDelay=0.0, event=(TaskAutoPickupFromGround.intakeEvent=CLEARED), timeout=0.0)
TaskAutoPickupFromGround.autoTask_INFO [93.380993877] <Event name="StateInfo" time="93.380177106" tag="vvvvv" TaskAutoPickupFromGround.state="CHECK_INTAKE_COMPLETION" />
TaskAutoPickupFromGround.runTaskState_INFO [93.383245672] **** Check Intake: intakeEvent=(TaskAutoPickupFromGround.intakeEvent=CLEARED), gotNoteEvent=(TaskAutoPickupFromGround.gotNoteEvent=SIGNALED), driveEvent=(TaskAutoPickupFromGround.driveEvent=CLEARED), gotNote=true
Intake.exitTriggerCallback_INFO [93.928907328] active=true, actionParams=(op=IntakeForward, intakePower=1.0, retainPower=0.0, finishDelay=0.0, event=(TaskAutoPickupFromGround.intakeEvent=CLEARED), timeout=0.0)
Intake.finish_INFO [93.930044303] Finishing intake: completed=true, power=0.0, finishDelay=0.0
TaskAutoPickupFromGround.autoTask_INFO [93.931258098] <Event name="StateInfo" time="93.931009306" tag="vvvvv" TaskAutoPickupFromGround.state="DONE" />
TaskAutoPickupFromGround.stopSubsystems_INFO [93.933856313] Stopping subsystems.
Intake.cancel_INFO [93.935204758] owner=AutoPickupGround
Intake.finish_INFO [93.936328765] Finishing inactive intake: completed=false, delayFinishPending=false
TaskAutoPickupFromGround.releaseSubsystemsOwnership_INFO [93.957237095] Releasing subsystem ownership (currOwner=AutoPickupGround, intake=AutoPickupGround, robotDrive=null).
FrcTeleOp.driverControllerButtonEvent_INFO [94.325693852] ##### button=BUTTON_B, pressed=true
FrcTeleOp.driverControllerButtonEvent_INFO [94.379206388] ##### button=BUTTON_B, pressed=false
FrcTeleOp.operatorControllerButtonEvent_INFO [97.381612285] ##### button=BUTTON_X, pressed=true
Shooter.aimShooter_DEBUG [97.392574213] owner=null, currOwner=null, vel=17.5, tiltAngle=59.5, panAngle=0.0, event=null, timeout=0.0, aimOnly=true, shootOffDelay=0.0
Shooter.onTarget_DEBUG [97.412804464] shooterEvent=(Shooter.shooterOnTargetEvent=SIGNALED), tiltEvent=(Shooter.tiltOnTargetEvent=CLEARED), panEvent=null, aimOnly=true
FrcTeleOp.operatorControllerButtonEvent_INFO [97.637901098] ##### button=BUTTON_X, pressed=false
Shooter.onTarget_DEBUG [98.883903998] shooterEvent=(Shooter.shooterOnTargetEvent=SIGNALED), tiltEvent=(Shooter.tiltOnTargetEvent=SIGNALED), panEvent=null, aimOnly=true
Shooter.tiltMotor.pidCtrlTask_INFO [98.883899384] controlMode: Position onTarget=true(58.660592111490544/59.5), stalled=false, expired=false, event=(Shooter.tiltOnTargetEvent=SIGNALED)
FrcTeleOp.operatorControllerButtonEvent_INFO [99.178726746] ##### button=BUTTON_Y, pressed=true
Shooter.aimShooter_DEBUG [99.182522161] owner=null, currOwner=null, vel=90.0, tiltAngle=46.32511968573628, panAngle=0.0, event=null, timeout=0.0, aimOnly=true, shootOffDelay=0.0
Shooter.onTarget_DEBUG [99.196500435] shooterEvent=(Shooter.shooterOnTargetEvent=SIGNALED), tiltEvent=(Shooter.tiltOnTargetEvent=CLEARED), panEvent=null, aimOnly=true
Shooter.aimShooter_DEBUG [99.2312751] owner=null, currOwner=null, vel=90.0, tiltAngle=46.80575172071699, panAngle=0.0, event=null, timeout=0.0, aimOnly=true, shootOffDelay=0.0
Shooter.onTarget_DEBUG [99.276720451] shooterEvent=(Shooter.shooterOnTargetEvent=SIGNALED), tiltEvent=(Shooter.tiltOnTargetEvent=CLEARED), panEvent=null, aimOnly=true
Shooter.aimShooter_DEBUG [99.286866536] owner=null, currOwner=null, vel=90.0, tiltAngle=46.84172558904283, panAngle=0.0, event=null, timeout=0.0, aimOnly=true, shootOffDelay=0.0
Shooter.onTarget_DEBUG [99.308835601] shooterEvent=(Shooter.shooterOnTargetEvent=SIGNALED), tiltEvent=(Shooter.tiltOnTargetEvent=CLEARED), panEvent=null, aimOnly=true
Shooter.aimShooter_DEBUG [99.546494966] owner=null, currOwner=null, vel=90.0, tiltAngle=49.60236844414228, panAngle=0.0, event=null, timeout=0.0, aimOnly=true, shootOffDelay=0.0
Shooter.onTarget_DEBUG [99.586961222] shooterEvent=(Shooter.shooterOnTargetEvent=SIGNALED), tiltEvent=(Shooter.tiltOnTargetEvent=CLEARED), panEvent=null, aimOnly=true
Shooter.aimShooter_DEBUG [99.605924612] owner=null, currOwner=null, vel=90.0, tiltAngle=50.142095152801616, panAngle=0.0, event=null, timeout=0.0, aimOnly=true, shootOffDelay=0.0
Shooter.onTarget_DEBUG [99.64150507] shooterEvent=(Shooter.shooterOnTargetEvent=SIGNALED), tiltEvent=(Shooter.tiltOnTargetEvent=CLEARED), panEvent=null, aimOnly=true
Shooter.aimShooter_DEBUG [99.652460592] owner=null, currOwner=null, vel=90.0, tiltAngle=50.745748938650614, panAngle=0.0, event=null, timeout=0.0, aimOnly=true, shootOffDelay=0.0
Shooter.onTarget_DEBUG [99.681735802] shooterEvent=(Shooter.shooterOnTargetEvent=SIGNALED), tiltEvent=(Shooter.tiltOnTargetEvent=CLEARED), panEvent=null, aimOnly=true
Shooter.aimShooter_DEBUG [99.704861556] owner=null, currOwner=null, vel=90.0, tiltAngle=50.64904771305432, panAngle=0.0, event=null, timeout=0.0, aimOnly=true, shootOffDelay=0.0
Shooter.onTarget_DEBUG [99.756283362] shooterEvent=(Shooter.shooterOnTargetEvent=SIGNALED), tiltEvent=(Shooter.tiltOnTargetEvent=CLEARED), panEvent=null, aimOnly=true
Shooter.aimShooter_DEBUG [99.772517393] owner=null, currOwner=null, vel=90.0, tiltAngle=50.83656428147486, panAngle=0.0, event=null, timeout=0.0, aimOnly=true, shootOffDelay=0.0
FrcTeleOp.operatorControllerButtonEvent_INFO [99.823157978] ##### button=BUTTON_B, pressed=true
Intake.performAction_INFO [99.845115182] Action: (op=EjectForward, intakePower=1.0, retainPower=0.0, finishDelay=0.0, event=null, timeout=0.0), hasObject=true
Shooter.onTarget_DEBUG [99.851137036] shooterEvent=(Shooter.shooterOnTargetEvent=SIGNALED), tiltEvent=(Shooter.tiltOnTargetEvent=CLEARED), panEvent=null, aimOnly=true
Shooter.aimShooter_DEBUG [99.864556855] owner=null, currOwner=null, vel=90.0, tiltAngle=50.81700216345133, panAngle=0.0, event=null, timeout=0.0, aimOnly=true, shootOffDelay=0.0
Intake.entryTriggerCallback_INFO [99.915416322] active=false, actionParams=(op=EjectForward, intakePower=1.0, retainPower=0.0, finishDelay=0.0, event=null, timeout=0.0)
Shooter.onTarget_DEBUG [99.918822808] shooterEvent=(Shooter.shooterOnTargetEvent=SIGNALED), tiltEvent=(Shooter.tiltOnTargetEvent=CLEARED), panEvent=null, aimOnly=true
Shooter.aimShooter_DEBUG [99.9272062] owner=null, currOwner=null, vel=90.0, tiltAngle=50.57824365895978, panAngle=0.0, event=null, timeout=0.0, aimOnly=true, shootOffDelay=0.0
Shooter.onTarget_DEBUG [99.940955258] shooterEvent=(Shooter.shooterOnTargetEvent=SIGNALED), tiltEvent=(Shooter.tiltOnTargetEvent=CLEARED), panEvent=null, aimOnly=true
Shooter.aimShooter_DEBUG [99.966878238] owner=null, currOwner=null, vel=90.0, tiltAngle=50.223256885333996, panAngle=0.0, event=null, timeout=0.0, aimOnly=true, shootOffDelay=0.0
Shooter.onTarget_DEBUG [99.985541356] shooterEvent=(Shooter.shooterOnTargetEvent=SIGNALED), tiltEvent=(Shooter.tiltOnTargetEvent=CLEARED), panEvent=null, aimOnly=true
Shooter.aimShooter_DEBUG [100.0691998] owner=null, currOwner=null, vel=90.0, tiltAngle=50.15290201098071, panAngle=0.0, event=null, timeout=0.0, aimOnly=true, shootOffDelay=0.0
Shooter.onTarget_DEBUG [100.098395835] shooterEvent=(Shooter.shooterOnTargetEvent=SIGNALED), tiltEvent=(Shooter.tiltOnTargetEvent=CLEARED), panEvent=null, aimOnly=true
Shooter.aimShooter_DEBUG [100.128162667] owner=null, currOwner=null, vel=90.0, tiltAngle=50.16823480431518, panAngle=0.0, event=null, timeout=0.0, aimOnly=true, shootOffDelay=0.0
Shooter.onTarget_DEBUG [100.151161983] shooterEvent=(Shooter.shooterOnTargetEvent=SIGNALED), tiltEvent=(Shooter.tiltOnTargetEvent=CLEARED), panEvent=null, aimOnly=true
Shooter.aimShooter_DEBUG [100.171985011] owner=null, currOwner=null, vel=90.0, tiltAngle=50.07220963407016, panAngle=0.0, event=null, timeout=0.0, aimOnly=true, shootOffDelay=0.0
Shooter.onTarget_DEBUG [100.188319817] shooterEvent=(Shooter.shooterOnTargetEvent=SIGNALED), tiltEvent=(Shooter.tiltOnTargetEvent=CLEARED), panEvent=null, aimOnly=true
Intake.exitTriggerCallback_INFO [100.197571367] active=false, actionParams=(op=EjectForward, intakePower=1.0, retainPower=0.0, finishDelay=0.0, event=null, timeout=0.0)
Intake.finish_INFO [100.19867765] Finishing intake: completed=true, power=0.0, finishDelay=0.0
Shooter.aimShooter_DEBUG [100.235842149] owner=null, currOwner=null, vel=90.0, tiltAngle=50.68483020157306, panAngle=0.0, event=null, timeout=0.0, aimOnly=true, shootOffDelay=0.0
Shooter.onTarget_DEBUG [100.269290315] shooterEvent=(Shooter.shooterOnTargetEvent=SIGNALED), tiltEvent=(Shooter.tiltOnTargetEvent=CLEARED), panEvent=null, aimOnly=true
Shooter.aimShooter_DEBUG [100.287469544] owner=null, currOwner=null, vel=90.0, tiltAngle=50.051955414365786, panAngle=0.0, event=null, timeout=0.0, aimOnly=true, shootOffDelay=0.0
Shooter.onTarget_DEBUG [100.310217677] shooterEvent=(Shooter.shooterOnTargetEvent=SIGNALED), tiltEvent=(Shooter.tiltOnTargetEvent=CLEARED), panEvent=null, aimOnly=true
Shooter.aimShooter_DEBUG [100.344148663] owner=null, currOwner=null, vel=90.0, tiltAngle=50.40400152330959, panAngle=0.0, event=null, timeout=0.0, aimOnly=true, shootOffDelay=0.0
Shooter.onTarget_DEBUG [100.370665728] shooterEvent=(Shooter.shooterOnTargetEvent=SIGNALED), tiltEvent=(Shooter.tiltOnTargetEvent=CLEARED), panEvent=null, aimOnly=true
Shooter.aimShooter_DEBUG [100.392841715] owner=null, currOwner=null, vel=90.0, tiltAngle=49.79440528372071, panAngle=0.0, event=null, timeout=0.0, aimOnly=true, shootOffDelay=0.0
Shooter.onTarget_DEBUG [100.411458669] shooterEvent=(Shooter.shooterOnTargetEvent=SIGNALED), tiltEvent=(Shooter.tiltOnTargetEvent=CLEARED), panEvent=null, aimOnly=true
Shooter.aimShooter_DEBUG [100.45739554] owner=null, currOwner=null, vel=90.0, tiltAngle=49.96194340615955, panAngle=0.0, event=null, timeout=0.0, aimOnly=true, shootOffDelay=0.0
Shooter.onTarget_DEBUG [100.494847673] shooterEvent=(Shooter.shooterOnTargetEvent=SIGNALED), tiltEvent=(Shooter.tiltOnTargetEvent=CLEARED), panEvent=null, aimOnly=true
Shooter.aimShooter_DEBUG [100.511565351] owner=null, currOwner=null, vel=90.0, tiltAngle=50.62655707654844, panAngle=0.0, event=null, timeout=0.0, aimOnly=true, shootOffDelay=0.0
Shooter.onTarget_DEBUG [100.531704621] shooterEvent=(Shooter.shooterOnTargetEvent=SIGNALED), tiltEvent=(Shooter.tiltOnTargetEvent=CLEARED), panEvent=null, aimOnly=true
Shooter.aimShooter_DEBUG [100.559450043] owner=null, currOwner=null, vel=90.0, tiltAngle=49.885510278532806, panAngle=0.0, event=null, timeout=0.0, aimOnly=true, shootOffDelay=0.0
Shooter.onTarget_DEBUG [100.588001486] shooterEvent=(Shooter.shooterOnTargetEvent=SIGNALED), tiltEvent=(Shooter.tiltOnTargetEvent=CLEARED), panEvent=null, aimOnly=true
Shooter.aimShooter_DEBUG [100.611471523] owner=null, currOwner=null, vel=90.0, tiltAngle=50.32575003641817, panAngle=0.0, event=null, timeout=0.0, aimOnly=true, shootOffDelay=0.0
Shooter.onTarget_DEBUG [100.627365973] shooterEvent=(Shooter.shooterOnTargetEvent=SIGNALED), tiltEvent=(Shooter.tiltOnTargetEvent=CLEARED), panEvent=null, aimOnly=true
FrcTeleOp.operatorControllerButtonEvent_INFO [100.656429143] ##### button=BUTTON_B, pressed=false
FrcTeleOp.operatorControllerButtonEvent_INFO [100.659546872] ##### button=BUTTON_Y, pressed=false
FrcTeleOp.driverControllerButtonEvent_INFO [101.62223546] ##### button=BUTTON_B, pressed=true
FrcTeleOp.driverControllerButtonEvent_INFO [101.726479706] ##### button=BUTTON_B, pressed=false
FrcTeleOp.driverControllerButtonEvent_INFO [103.630413392] ##### button=BUTTON_X, pressed=true
TaskAutoPickupFromGround.autoAssistPickup_INFO [103.63219002] useVision=true, inAuto=false, event=null
TaskAutoPickupFromGround.acquireSubsystemsOwnership_INFO [103.633356039] Successfully acquired subsystem ownerships for AutoPickupGround.
TaskAutoPickupFromGround.autoTask_INFO [103.642778617] <Event name="StateInfo" time="103.642398333" tag="vvvvv" TaskAutoPickupFromGround.state="START" />
TaskAutoPickupFromGround.runTaskState_INFO [103.643183421] ***** Using Note Vision.
TaskAutoPickupFromGround.autoTask_INFO [103.645128107] <Event name="StateInfo" time="103.644950857" tag="vvvvv" TaskAutoPickupFromGround.state="DETECT_NOTE" />
TaskAutoPickupFromGround.runTaskState_INFO [103.646936855] ***** Vision found Note at (x=5.2,y=-21.3,angle=-13.7) from robot back.
TaskAutoPickupFromGround.autoTask_INFO [103.653209329] <Event name="StateInfo" time="103.652286425" tag="vvvvv" TaskAutoPickupFromGround.state="DRIVE_TO_NOTE" />
Intake.performAction_INFO [103.653768665] Action: (op=IntakeForward, intakePower=1.0, retainPower=0.0, finishDelay=0.0, event=(TaskAutoPickupFromGround.intakeEvent=SIGNALED), timeout=0.0), hasObject=false
TaskAutoPickupFromGround.runTaskState_INFO [103.655418448] ***** Approach Note.
purePursuitDrive.start_INFO [103.661510158] Path=TrcPath(degrees=true, [TrcWaypoint(pose=(x=-166.5,y=435.1,angle=-139.6),vel=0.000000), TrcWaypoint(pose=(x=-160.6,y=450.1,angle=-153.3),vel=0.000000), TrcWaypoint(pose=(x=-148.9,y=473.3,angle=-153.3),vel=0.000000)])
FrcTeleOp.driverControllerButtonEvent_INFO [103.689993938] ##### button=BUTTON_X, pressed=false
Intake.entryTriggerCallback_INFO [104.267187464] active=true, actionParams=(op=IntakeForward, intakePower=1.0, retainPower=0.0, finishDelay=0.0, event=(TaskAutoPickupFromGround.intakeEvent=CLEARED), timeout=0.0)
TaskAutoPickupFromGround.autoTask_INFO [104.293879083] <Event name="StateInfo" time="104.293631486" tag="vvvvv" TaskAutoPickupFromGround.state="CHECK_INTAKE_COMPLETION" />
TaskAutoPickupFromGround.runTaskState_INFO [104.301510734] **** Check Intake: intakeEvent=(TaskAutoPickupFromGround.intakeEvent=CLEARED), gotNoteEvent=(TaskAutoPickupFromGround.gotNoteEvent=SIGNALED), driveEvent=(TaskAutoPickupFromGround.driveEvent=CLEARED), gotNote=true
Intake.exitTriggerCallback_INFO [104.792299574] active=true, actionParams=(op=IntakeForward, intakePower=1.0, retainPower=0.0, finishDelay=0.0, event=(TaskAutoPickupFromGround.intakeEvent=CLEARED), timeout=0.0)
Intake.finish_INFO [104.794166428] Finishing intake: completed=true, power=0.0, finishDelay=0.0
TaskAutoPickupFromGround.autoTask_INFO [104.79871257] <Event name="StateInfo" time="104.798213003" tag="vvvvv" TaskAutoPickupFromGround.state="DONE" />
TaskAutoPickupFromGround.stopSubsystems_INFO [104.799593975] Stopping subsystems.
Intake.cancel_INFO [104.800146256] owner=AutoPickupGround
Intake.finish_INFO [104.800703022] Finishing inactive intake: completed=false, delayFinishPending=false
TaskAutoPickupFromGround.releaseSubsystemsOwnership_INFO [104.815430638] Releasing subsystem ownership (currOwner=AutoPickupGround, intake=AutoPickupGround, robotDrive=null).
Intake.entryTriggerCallback_INFO [104.818542312] active=false, actionParams=null
FrcTeleOp.operatorControllerButtonEvent_INFO [105.336826448] ##### button=BUTTON_Y, pressed=true
Shooter.aimShooter_DEBUG [105.44332518] owner=null, currOwner=null, vel=90.0, tiltAngle=39.63198234481022, panAngle=0.0, event=null, timeout=0.0, aimOnly=true, shootOffDelay=0.0
Shooter.onTarget_DEBUG [105.477852513] shooterEvent=(Shooter.shooterOnTargetEvent=SIGNALED), tiltEvent=(Shooter.tiltOnTargetEvent=CLEARED), panEvent=null, aimOnly=true
Shooter.aimShooter_DEBUG [105.498233974] owner=null, currOwner=null, vel=90.0, tiltAngle=40.66701105768306, panAngle=0.0, event=null, timeout=0.0, aimOnly=true, shootOffDelay=0.0
Shooter.onTarget_DEBUG [105.526521509] shooterEvent=(Shooter.shooterOnTargetEvent=SIGNALED), tiltEvent=(Shooter.tiltOnTargetEvent=CLEARED), panEvent=null, aimOnly=true
Shooter.aimShooter_DEBUG [105.54793059] owner=null, currOwner=null, vel=90.0, tiltAngle=41.107341402001914, panAngle=0.0, event=null, timeout=0.0, aimOnly=true, shootOffDelay=0.0
Shooter.onTarget_DEBUG [105.590585604] shooterEvent=(Shooter.shooterOnTargetEvent=SIGNALED), tiltEvent=(Shooter.tiltOnTargetEvent=CLEARED), panEvent=null, aimOnly=true
Shooter.aimShooter_DEBUG [105.906060699] owner=null, currOwner=null, vel=90.0, tiltAngle=50.09144475841309, panAngle=0.0, event=null, timeout=0.0, aimOnly=true, shootOffDelay=0.0
Shooter.onTarget_DEBUG [105.938876596] shooterEvent=(Shooter.shooterOnTargetEvent=SIGNALED), tiltEvent=(Shooter.tiltOnTargetEvent=CLEARED), panEvent=null, aimOnly=true
Shooter.aimShooter_DEBUG [105.962823178] owner=null, currOwner=null, vel=90.0, tiltAngle=51.44133296202259, panAngle=0.0, event=null, timeout=0.0, aimOnly=true, shootOffDelay=0.0
Shooter.onTarget_DEBUG [105.99625942] shooterEvent=(Shooter.shooterOnTargetEvent=SIGNALED), tiltEvent=(Shooter.tiltOnTargetEvent=CLEARED), panEvent=null, aimOnly=true
Shooter.aimShooter_DEBUG [106.016593774] owner=null, currOwner=null, vel=90.0, tiltAngle=52.43836043659011, panAngle=0.0, event=null, timeout=0.0, aimOnly=true, shootOffDelay=0.0
Shooter.onTarget_DEBUG [106.040290162] shooterEvent=(Shooter.shooterOnTargetEvent=SIGNALED), tiltEvent=(Shooter.tiltOnTargetEvent=CLEARED), panEvent=null, aimOnly=true
Shooter.aimShooter_DEBUG [106.069123975] owner=null, currOwner=null, vel=90.0, tiltAngle=53.30524328495273, panAngle=0.0, event=null, timeout=0.0, aimOnly=true, shootOffDelay=0.0
Shooter.onTarget_DEBUG [106.127766986] shooterEvent=(Shooter.shooterOnTargetEvent=SIGNALED), tiltEvent=(Shooter.tiltOnTargetEvent=CLEARED), panEvent=null, aimOnly=true
Shooter.aimShooter_DEBUG [106.138567813] owner=null, currOwner=null, vel=90.0, tiltAngle=54.40362936263972, panAngle=0.0, event=null, timeout=0.0, aimOnly=true, shootOffDelay=0.0
Shooter.onTarget_DEBUG [106.168990132] shooterEvent=(Shooter.shooterOnTargetEvent=SIGNALED), tiltEvent=(Shooter.tiltOnTargetEvent=CLEARED), panEvent=null, aimOnly=true
Shooter.aimShooter_DEBUG [106.186395519] owner=null, currOwner=null, vel=90.0, tiltAngle=54.601884444656164, panAngle=0.0, event=null, timeout=0.0, aimOnly=true, shootOffDelay=0.0
Shooter.onTarget_DEBUG [106.22907832] shooterEvent=(Shooter.shooterOnTargetEvent=SIGNALED), tiltEvent=(Shooter.tiltOnTargetEvent=CLEARED), panEvent=null, aimOnly=true
Shooter.aimShooter_DEBUG [106.247435493] owner=null, currOwner=null, vel=90.0, tiltAngle=54.541843947962306, panAngle=0.0, event=null, timeout=0.0, aimOnly=true, shootOffDelay=0.0
Shooter.onTarget_DEBUG [106.277903279] shooterEvent=(Shooter.shooterOnTargetEvent=SIGNALED), tiltEvent=(Shooter.tiltOnTargetEvent=CLEARED), panEvent=null, aimOnly=true
Shooter.aimShooter_DEBUG [106.299271772] owner=null, currOwner=null, vel=90.0, tiltAngle=54.43609282420336, panAngle=0.0, event=null, timeout=0.0, aimOnly=true, shootOffDelay=0.0
Shooter.onTarget_DEBUG [106.355309363] shooterEvent=(Shooter.shooterOnTargetEvent=SIGNALED), tiltEvent=(Shooter.tiltOnTargetEvent=CLEARED), panEvent=null, aimOnly=true
Shooter.aimShooter_DEBUG [106.367107247] owner=null, currOwner=null, vel=90.0, tiltAngle=54.26109238112904, panAngle=0.0, event=null, timeout=0.0, aimOnly=true, shootOffDelay=0.0
FrcTeleOp.operatorControllerButtonEvent_INFO [106.408199122] ##### button=BUTTON_B, pressed=true
Intake.performAction_INFO [106.417703625] Action: (op=EjectForward, intakePower=1.0, retainPower=0.0, finishDelay=0.0, event=null, timeout=0.0), hasObject=true
Shooter.onTarget_DEBUG [106.421293478] shooterEvent=(Shooter.shooterOnTargetEvent=SIGNALED), tiltEvent=(Shooter.tiltOnTargetEvent=CLEARED), panEvent=null, aimOnly=true
Shooter.aimShooter_DEBUG [106.51677811] owner=null, currOwner=null, vel=90.0, tiltAngle=54.38703779359855, panAngle=0.0, event=null, timeout=0.0, aimOnly=true, shootOffDelay=0.0
Shooter.onTarget_DEBUG [106.526979765] shooterEvent=(Shooter.shooterOnTargetEvent=SIGNALED), tiltEvent=(Shooter.tiltOnTargetEvent=CLEARED), panEvent=null, aimOnly=true
Shooter.aimShooter_DEBUG [106.569149665] owner=null, currOwner=null, vel=90.0, tiltAngle=54.350245932274845, panAngle=0.0, event=null, timeout=0.0, aimOnly=true, shootOffDelay=0.0
Shooter.onTarget_DEBUG [106.601172759] shooterEvent=(Shooter.shooterOnTargetEvent=SIGNALED), tiltEvent=(Shooter.tiltOnTargetEvent=CLEARED), panEvent=null, aimOnly=true
Shooter.aimShooter_DEBUG [106.628897064] owner=null, currOwner=null, vel=90.0, tiltAngle=54.45543377644092, panAngle=0.0, event=null, timeout=0.0, aimOnly=true, shootOffDelay=0.0
Shooter.onTarget_DEBUG [106.645421417] shooterEvent=(Shooter.shooterOnTargetEvent=SIGNALED), tiltEvent=(Shooter.tiltOnTargetEvent=CLEARED), panEvent=null, aimOnly=true
Shooter.aimShooter_DEBUG [106.683682871] owner=null, currOwner=null, vel=90.0, tiltAngle=54.39154810253133, panAngle=0.0, event=null, timeout=0.0, aimOnly=true, shootOffDelay=0.0
Shooter.onTarget_DEBUG [106.726903881] shooterEvent=(Shooter.shooterOnTargetEvent=SIGNALED), tiltEvent=(Shooter.tiltOnTargetEvent=CLEARED), panEvent=null, aimOnly=true
Shooter.aimShooter_DEBUG [106.740028507] owner=null, currOwner=null, vel=90.0, tiltAngle=54.39785708280549, panAngle=0.0, event=null, timeout=0.0, aimOnly=true, shootOffDelay=0.0
Intake.exitTriggerCallback_INFO [106.762015642] active=false, actionParams=(op=EjectForward, intakePower=1.0, retainPower=0.0, finishDelay=0.0, event=null, timeout=0.0)
Intake.finish_INFO [106.763091682] Finishing intake: completed=true, power=0.0, finishDelay=0.0
Shooter.onTarget_DEBUG [106.764062269] shooterEvent=(Shooter.shooterOnTargetEvent=SIGNALED), tiltEvent=(Shooter.tiltOnTargetEvent=CLEARED), panEvent=null, aimOnly=true
Shooter.aimShooter_DEBUG [106.78852457] owner=null, currOwner=null, vel=90.0, tiltAngle=54.44129158078286, panAngle=0.0, event=null, timeout=0.0, aimOnly=true, shootOffDelay=0.0
Shooter.onTarget_DEBUG [106.809552373] shooterEvent=(Shooter.shooterOnTargetEvent=SIGNALED), tiltEvent=(Shooter.tiltOnTargetEvent=CLEARED), panEvent=null, aimOnly=true
Shooter.aimShooter_DEBUG [106.887304598] owner=null, currOwner=null, vel=90.0, tiltAngle=54.42955728837479, panAngle=0.0, event=null, timeout=0.0, aimOnly=true, shootOffDelay=0.0
Shooter.onTarget_DEBUG [106.915179952] shooterEvent=(Shooter.shooterOnTargetEvent=SIGNALED), tiltEvent=(Shooter.tiltOnTargetEvent=CLEARED), panEvent=null, aimOnly=true
Shooter.aimShooter_DEBUG [106.943175685] owner=null, currOwner=null, vel=90.0, tiltAngle=54.30117109744914, panAngle=0.0, event=null, timeout=0.0, aimOnly=true, shootOffDelay=0.0
Shooter.onTarget_DEBUG [106.957412882] shooterEvent=(Shooter.shooterOnTargetEvent=SIGNALED), tiltEvent=(Shooter.tiltOnTargetEvent=CLEARED), panEvent=null, aimOnly=true
Shooter.aimShooter_DEBUG [106.992323158] owner=null, currOwner=null, vel=90.0, tiltAngle=54.250367024250004, panAngle=0.0, event=null, timeout=0.0, aimOnly=true, shootOffDelay=0.0
Shooter.onTarget_DEBUG [107.010318314] shooterEvent=(Shooter.shooterOnTargetEvent=SIGNALED), tiltEvent=(Shooter.tiltOnTargetEvent=CLEARED), panEvent=null, aimOnly=true
Shooter.aimShooter_DEBUG [107.04291955] owner=null, currOwner=null, vel=90.0, tiltAngle=54.649777652417455, panAngle=0.0, event=null, timeout=0.0, aimOnly=true, shootOffDelay=0.0
Shooter.onTarget_DEBUG [107.059648968] shooterEvent=(Shooter.shooterOnTargetEvent=SIGNALED), tiltEvent=(Shooter.tiltOnTargetEvent=CLEARED), panEvent=null, aimOnly=true
Shooter.aimShooter_DEBUG [107.095935272] owner=null, currOwner=null, vel=90.0, tiltAngle=54.488831882906844, panAngle=0.0, event=null, timeout=0.0, aimOnly=true, shootOffDelay=0.0
Shooter.onTarget_DEBUG [107.119504161] shooterEvent=(Shooter.shooterOnTargetEvent=SIGNALED), tiltEvent=(Shooter.tiltOnTargetEvent=CLEARED), panEvent=null, aimOnly=true
Shooter.aimShooter_DEBUG [107.150822389] owner=null, currOwner=null, vel=90.0, tiltAngle=54.44367954953951, panAngle=0.0, event=null, timeout=0.0, aimOnly=true, shootOffDelay=0.0
Shooter.onTarget_DEBUG [107.157762128] shooterEvent=(Shooter.shooterOnTargetEvent=SIGNALED), tiltEvent=(Shooter.tiltOnTargetEvent=CLEARED), panEvent=null, aimOnly=true
Shooter.aimShooter_DEBUG [107.192145133] owner=null, currOwner=null, vel=90.0, tiltAngle=54.29129263917864, panAngle=0.0, event=null, timeout=0.0, aimOnly=true, shootOffDelay=0.0
Shooter.onTarget_DEBUG [107.221485851] shooterEvent=(Shooter.shooterOnTargetEvent=SIGNALED), tiltEvent=(Shooter.tiltOnTargetEvent=CLEARED), panEvent=null, aimOnly=true
Shooter.aimShooter_DEBUG [107.248409601] owner=null, currOwner=null, vel=90.0, tiltAngle=54.23695709208894, panAngle=0.0, event=null, timeout=0.0, aimOnly=true, shootOffDelay=0.0
Shooter.onTarget_DEBUG [107.269645302] shooterEvent=(Shooter.shooterOnTargetEvent=SIGNALED), tiltEvent=(Shooter.tiltOnTargetEvent=CLEARED), panEvent=null, aimOnly=true
FrcTeleOp.operatorControllerButtonEvent_INFO [107.292409831] ##### button=BUTTON_Y, pressed=false
FrcTeleOp.operatorControllerButtonEvent_INFO [107.344356293] ##### button=BUTTON_B, pressed=false
FrcRobotBase.startCompetition_INFO [135.295329486] *** Transitioning from TELEOP_MODE to DISABLED_MODE ***
TaskAutoScoreNote.autoAssistCancel_INFO [135.305542575] Canceling auto-assist.
TaskAutoPickupFromGround.autoAssistCancel_INFO [135.310134391] Canceling auto-assist.
TaskAutoPickupFromSource.autoAssistCancel_INFO [135.325201261] Canceling auto-assist.
TaskAutoScoreNote.autoAssistCancel_INFO [135.327913234] Canceling auto-assist.
TaskAutoPickupFromGround.autoAssistCancel_INFO [135.330060078] Canceling auto-assist.
TaskAutoPickupFromSource.autoAssistCancel_INFO [135.333130326] Canceling auto-assist.
pidDrive.printPerformanceMetrics_INFO [135.340927541] [pidDrive] Loop Performance Metrics:
Average Loop Interval = NaNs (freq=NaNHz, min=0.000000s, max=0.000000s)

FrcRobotBase.printPerformanceMetrics_INFO [135.350465508] [FrcRobotBase] Loop Performance Metrics:
Average Loop Interval = 0.000957s (freq=1045.081Hz, min=0.000000s, max=0.635437s)
[03]                StartTask=0.000000s
[04]          PrePeriodicTask=0.000094s
[07]               UpdateTask=0.000581s
[02]                StartMode=0.000000s
[06]         PostPeriodicTask=0.000097s
[08]                 StopTask=0.000000s
[09]                 StopMode=0.000000s
[00]                RobotInit=9.192937s
[01]           RobotStartMode=0.000001s
[05]                 Periodic=0.000129s
[10]            RobotStopMode=0.000001s

TrcTaskMgr.printTaskPerformanceMetrics_INFO [135.359268918] TrcWatchdogMgr: STANDALONE_TASK=0.000094/0.996719
TrcTaskMgr.printTaskPerformanceMetrics_INFO [135.361944235] DriverController.buttonEvent: PRE_PERIODIC_TASK=0.000014/0.001677
TrcTaskMgr.printTaskPerformanceMetrics_INFO [135.364107558] OperatorController.buttonEvent: PRE_PERIODIC_TASK=0.000012/0.001677
TrcTaskMgr.printTaskPerformanceMetrics_INFO [135.367729719] LED: OUTPUT_TASK=0.000019/0.010651
TrcTaskMgr.printTaskPerformanceMetrics_INFO [135.370949938] lfDriveMotor.pidCtrlTask: OUTPUT_TASK=0.000011/0.010651
TrcTaskMgr.printTaskPerformanceMetrics_INFO [135.374222571] TrcMotor.odometryTask: STANDALONE_TASK=0.000963/0.001031
TrcTaskMgr.printTaskPerformanceMetrics_INFO [135.376479028] lfDriveMotor.odometryCleanupTask: STOP_TASK=0.002143/38.354982
TrcTaskMgr.printTaskPerformanceMetrics_INFO [135.38159415] rfDriveMotor.pidCtrlTask: OUTPUT_TASK=0.000006/0.010651
TrcTaskMgr.printTaskPerformanceMetrics_INFO [135.385716762] lbDriveMotor.pidCtrlTask: OUTPUT_TASK=0.000006/0.010651
TrcTaskMgr.printTaskPerformanceMetrics_INFO [135.390124334] rbDriveMotor.pidCtrlTask: OUTPUT_TASK=0.000006/0.010651
TrcTaskMgr.printTaskPerformanceMetrics_INFO [135.391451576] lfSteerMotor.pidCtrlTask: OUTPUT_TASK=0.000110/0.010651
TrcTaskMgr.printTaskPerformanceMetrics_INFO [135.394855987] rfSteerMotor.pidCtrlTask: OUTPUT_TASK=0.000089/0.010651
TrcTaskMgr.printTaskPerformanceMetrics_INFO [135.400038873] lbSteerMotor.pidCtrlTask: OUTPUT_TASK=0.000083/0.010651
TrcTaskMgr.printTaskPerformanceMetrics_INFO [135.402477834] rbSteerMotor.pidCtrlTask: OUTPUT_TASK=0.000082/0.010651
TrcTaskMgr.printTaskPerformanceMetrics_INFO [135.404851824] TrcDriveBase.odometryTask: INPUT_TASK=0.002682/0.011010
TrcTaskMgr.printTaskPerformanceMetrics_INFO [135.406434587] TrcDriveBase.stopTask: STOP_TASK=0.003801/38.356964
TrcTaskMgr.printTaskPerformanceMetrics_INFO [135.410535578] purePursuitDrive.driveTask: POST_PERIODIC_TASK=0.011745/0.091345
TrcTaskMgr.printTaskPerformanceMetrics_INFO [135.413725782] Intake.motor.pidCtrlTask: OUTPUT_TASK=0.000006/0.010651
TrcTaskMgr.printTaskPerformanceMetrics_INFO [135.417369185] Intake.entryTrigger.triggerTask: PRE_PERIODIC_TASK=0.000017/0.000957
TrcTaskMgr.printTaskPerformanceMetrics_INFO [135.421598491] Intake.exitTrigger.triggerTask: PRE_PERIODIC_TASK=0.000007/0.000957
TrcTaskMgr.printTaskPerformanceMetrics_INFO [135.423962835] Shooter.shooterMotor.pidCtrlTask: OUTPUT_TASK=0.000016/0.010651
TrcTaskMgr.printTaskPerformanceMetrics_INFO [135.426448829] Shooter.tiltMotor.pidCtrlTask: OUTPUT_TASK=0.000193/0.010651
TrcTaskMgr.printTaskPerformanceMetrics_INFO [135.429133171] Shooter.tiltMotor.converterTask: INPUT_TASK=0.000104/0.010651
TrcTaskMgr.printTaskPerformanceMetrics_INFO [135.435639151] Climber.motor.pidCtrlTask: OUTPUT_TASK=0.000047/0.010651
TrcTaskMgr.printTaskPerformanceMetrics_INFO [135.443031082] TaskAutoScoreNote: POST_PERIODIC_TASK=0.001636/0.006698
TrcTaskMgr.printTaskPerformanceMetrics_INFO [135.445799101] TaskAutoPickupFromGround: POST_PERIODIC_TASK=0.000328/0.038723
