Robot.robotStartMode_INFO [0.372455769] Thu Apr 04 13:57:01 PDT 2024: ***** TELEOP_MODE *****
TaskAutoScoreNote.autoAssistCancel_INFO [0.377947384] Canceling auto-assist.
TaskAutoPickupFromGround.autoAssistCancel_INFO [0.378864161] Canceling auto-assist.
TaskAutoPickupFromSource.autoAssistCancel_INFO [0.381181207] Canceling auto-assist.
Climber.motor.pidCtrlTask_INFO [0.477054112] Zero calibration done, event=null
FrcTeleOp.driverControllerButtonEvent_INFO [6.79470404] ##### button=BUTTON_A, pressed=true
FrcTeleOp.driverControllerButtonEvent_INFO [6.896770305] ##### button=BUTTON_A, pressed=false
FrcTeleOp.driverControllerButtonEvent_INFO [6.998132347] ##### button=BUTTON_A, pressed=true
FrcTeleOp.driverControllerButtonEvent_INFO [7.048270162] ##### button=BUTTON_A, pressed=false
FrcTeleOp.driverControllerButtonEvent_INFO [7.71101465] ##### button=BUTTON_A, pressed=true
FrcTeleOp.driverControllerButtonEvent_INFO [7.760973067] ##### button=BUTTON_A, pressed=false
FrcTeleOp.driverControllerButtonEvent_INFO [7.812584205] ##### button=BUTTON_A, pressed=true
FrcTeleOp.driverControllerButtonEvent_INFO [7.866554776] ##### button=BUTTON_A, pressed=false
FrcTeleOp.operatorControllerButtonEvent_INFO [8.379037604] ##### button=BUTTON_Y, pressed=true
FrcTeleOp.operatorControllerButtonEvent_INFO [11.763077211] ##### button=BUTTON_Y, pressed=false
FrcTeleOp.operatorControllerButtonEvent_INFO [12.591650517] ##### button=BUTTON_X, pressed=true
Shooter.cancel_INFO [12.592569975] owner=null
FrcTeleOp.operatorControllerButtonEvent_INFO [12.737766747] ##### button=BUTTON_X, pressed=false
FrcTeleOp.operatorControllerButtonEvent_INFO [14.27230451] ##### button=BUTTON_X, pressed=true
Shooter.aimShooter_DEBUG [14.274073215] owner=null, currOwner=null, vel=17.5, tiltAngle=57.0, panAngle=0.0, event=null, timeout=0.0, aimOnly=true, shootOffDelay=0.0
Shooter.onTarget_DEBUG [14.276210838] shooterEvent=(Shooter.shooterOnTarget=SIGNALED), tiltEvent=(Shooter.tiltOnTarget=CLEARED), panEvent=null, aimOnly=true
FrcTeleOp.operatorControllerButtonEvent_INFO [14.381471586] ##### button=BUTTON_X, pressed=false
FrcTeleOp.operatorControllerButtonEvent_INFO [15.910231542] ##### button=BUTTON_Y, pressed=true
Shooter.aimShooter_DEBUG [15.926074916] owner=null, currOwner=null, vel=90.0, tiltAngle=60.75304864852503, panAngle=0.0, event=null, timeout=0.0, aimOnly=true, shootOffDelay=0.0
Robot.aimShooterAtAprilTag_INFO [15.943407237] Aim at AprilTag: aprilTagId=7, shooterVel=90.0, tiltAngle=60.75304864852503
Shooter.onTarget_DEBUG [15.978454156] shooterEvent=(Shooter.shooterOnTarget=SIGNALED), tiltEvent=(Shooter.tiltOnTarget=CLEARED), panEvent=null, aimOnly=true
Shooter.aimShooter_DEBUG [15.985613284] owner=null, currOwner=null, vel=90.0, tiltAngle=60.762012601753796, panAngle=0.0, event=null, timeout=0.0, aimOnly=true, shootOffDelay=0.0
Robot.aimShooterAtAprilTag_INFO [15.992057538] Aim at AprilTag: aprilTagId=7, shooterVel=90.0, tiltAngle=60.762012601753796
Shooter.onTarget_DEBUG [16.015586922] shooterEvent=(Shooter.shooterOnTarget=SIGNALED), tiltEvent=(Shooter.tiltOnTarget=CLEARED), panEvent=null, aimOnly=true
Shooter.aimShooter_DEBUG [16.036407017] owner=null, currOwner=null, vel=90.0, tiltAngle=60.762012601753796, panAngle=0.0, event=null, timeout=0.0, aimOnly=true, shootOffDelay=0.0
Robot.aimShooterAtAprilTag_INFO [16.039960701] Aim at AprilTag: aprilTagId=7, shooterVel=90.0, tiltAngle=60.762012601753796
Shooter.onTarget_DEBUG [16.059084504] shooterEvent=(Shooter.shooterOnTarget=SIGNALED), tiltEvent=(Shooter.tiltOnTarget=CLEARED), panEvent=null, aimOnly=true
Shooter.aimShooter_DEBUG [16.086573191] owner=null, currOwner=null, vel=90.0, tiltAngle=60.75438944761614, panAngle=0.0, event=null, timeout=0.0, aimOnly=true, shootOffDelay=0.0
Robot.aimShooterAtAprilTag_INFO [16.093845022] Aim at AprilTag: aprilTagId=7, shooterVel=90.0, tiltAngle=60.75438944761614
Shooter.onTarget_DEBUG [16.116721555] shooterEvent=(Shooter.shooterOnTarget=SIGNALED), tiltEvent=(Shooter.tiltOnTarget=CLEARED), panEvent=null, aimOnly=true
Shooter.aimShooter_DEBUG [16.137806559] owner=null, currOwner=null, vel=90.0, tiltAngle=60.7705465698108, panAngle=0.0, event=null, timeout=0.0, aimOnly=true, shootOffDelay=0.0
Robot.aimShooterAtAprilTag_INFO [16.141764589] Aim at AprilTag: aprilTagId=7, shooterVel=90.0, tiltAngle=60.7705465698108
Shooter.onTarget_DEBUG [16.169575445] shooterEvent=(Shooter.shooterOnTarget=SIGNALED), tiltEvent=(Shooter.tiltOnTarget=CLEARED), panEvent=null, aimOnly=true
Shooter.aimShooter_DEBUG [16.190047891] owner=null, currOwner=null, vel=90.0, tiltAngle=60.77096398246855, panAngle=0.0, event=null, timeout=0.0, aimOnly=true, shootOffDelay=0.0
Robot.aimShooterAtAprilTag_INFO [16.194443853] Aim at AprilTag: aprilTagId=7, shooterVel=90.0, tiltAngle=60.77096398246855
Shooter.onTarget_DEBUG [16.213825317] shooterEvent=(Shooter.shooterOnTarget=SIGNALED), tiltEvent=(Shooter.tiltOnTarget=CLEARED), panEvent=null, aimOnly=true
Shooter.aimShooter_DEBUG [16.24184381] owner=null, currOwner=null, vel=90.0, tiltAngle=60.771567330213315, panAngle=0.0, event=null, timeout=0.0, aimOnly=true, shootOffDelay=0.0
Robot.aimShooterAtAprilTag_INFO [16.248027094] Aim at AprilTag: aprilTagId=7, shooterVel=90.0, tiltAngle=60.771567330213315
Shooter.onTarget_DEBUG [16.287576167] shooterEvent=(Shooter.shooterOnTarget=SIGNALED), tiltEvent=(Shooter.tiltOnTarget=CLEARED), panEvent=null, aimOnly=true
Shooter.aimShooter_DEBUG [16.302895252] owner=null, currOwner=null, vel=90.0, tiltAngle=60.77341431399583, panAngle=0.0, event=null, timeout=0.0, aimOnly=true, shootOffDelay=0.0
Robot.aimShooterAtAprilTag_INFO [16.306269047] Aim at AprilTag: aprilTagId=7, shooterVel=90.0, tiltAngle=60.77341431399583
Shooter.onTarget_DEBUG [16.335035667] shooterEvent=(Shooter.shooterOnTarget=SIGNALED), tiltEvent=(Shooter.tiltOnTarget=CLEARED), panEvent=null, aimOnly=true
Shooter.aimShooter_DEBUG [16.350739737] owner=null, currOwner=null, vel=90.0, tiltAngle=60.76858312850104, panAngle=0.0, event=null, timeout=0.0, aimOnly=true, shootOffDelay=0.0
Robot.aimShooterAtAprilTag_INFO [16.354236341] Aim at AprilTag: aprilTagId=7, shooterVel=90.0, tiltAngle=60.76858312850104
Shooter.onTarget_DEBUG [16.391507695] shooterEvent=(Shooter.shooterOnTarget=SIGNALED), tiltEvent=(Shooter.tiltOnTarget=CLEARED), panEvent=null, aimOnly=true
Shooter.aimShooter_DEBUG [16.402761642] owner=null, currOwner=null, vel=90.0, tiltAngle=60.77645283205767, panAngle=0.0, event=null, timeout=0.0, aimOnly=true, shootOffDelay=0.0
Robot.aimShooterAtAprilTag_INFO [16.406363024] Aim at AprilTag: aprilTagId=7, shooterVel=90.0, tiltAngle=60.77645283205767
Shooter.onTarget_DEBUG [16.434484538] shooterEvent=(Shooter.shooterOnTarget=SIGNALED), tiltEvent=(Shooter.tiltOnTarget=CLEARED), panEvent=null, aimOnly=true
Shooter.aimShooter_DEBUG [16.457155741] owner=null, currOwner=null, vel=90.0, tiltAngle=60.77306196650095, panAngle=0.0, event=null, timeout=0.0, aimOnly=true, shootOffDelay=0.0
Robot.aimShooterAtAprilTag_INFO [16.460013788] Aim at AprilTag: aprilTagId=7, shooterVel=90.0, tiltAngle=60.77306196650095
Shooter.onTarget_DEBUG [16.48079051] shooterEvent=(Shooter.shooterOnTarget=SIGNALED), tiltEvent=(Shooter.tiltOnTarget=CLEARED), panEvent=null, aimOnly=true
Shooter.aimShooter_DEBUG [16.504977173] owner=null, currOwner=null, vel=90.0, tiltAngle=60.76766731773857, panAngle=0.0, event=null, timeout=0.0, aimOnly=true, shootOffDelay=0.0
Robot.aimShooterAtAprilTag_INFO [16.507874358] Aim at AprilTag: aprilTagId=7, shooterVel=90.0, tiltAngle=60.76766731773857
Shooter.onTarget_DEBUG [16.539181369] shooterEvent=(Shooter.shooterOnTarget=SIGNALED), tiltEvent=(Shooter.tiltOnTarget=CLEARED), panEvent=null, aimOnly=true
Shooter.aimShooter_DEBUG [16.559436206] owner=null, currOwner=null, vel=90.0, tiltAngle=60.76225296844116, panAngle=0.0, event=null, timeout=0.0, aimOnly=true, shootOffDelay=0.0
Robot.aimShooterAtAprilTag_INFO [16.562287348] Aim at AprilTag: aprilTagId=7, shooterVel=90.0, tiltAngle=60.76225296844116
Shooter.onTarget_DEBUG [16.581840663] shooterEvent=(Shooter.shooterOnTarget=SIGNALED), tiltEvent=(Shooter.tiltOnTarget=CLEARED), panEvent=null, aimOnly=true
Shooter.aimShooter_DEBUG [16.610870773] owner=null, currOwner=null, vel=90.0, tiltAngle=60.78850616815011, panAngle=0.0, event=null, timeout=0.0, aimOnly=true, shootOffDelay=0.0
Robot.aimShooterAtAprilTag_INFO [16.615942855] Aim at AprilTag: aprilTagId=7, shooterVel=90.0, tiltAngle=60.78850616815011
Shooter.onTarget_DEBUG [16.651001365] shooterEvent=(Shooter.shooterOnTarget=SIGNALED), tiltEvent=(Shooter.tiltOnTarget=CLEARED), panEvent=null, aimOnly=true
Shooter.aimShooter_DEBUG [16.662149319] owner=null, currOwner=null, vel=90.0, tiltAngle=60.77556383089675, panAngle=0.0, event=null, timeout=0.0, aimOnly=true, shootOffDelay=0.0
Robot.aimShooterAtAprilTag_INFO [16.666286045] Aim at AprilTag: aprilTagId=7, shooterVel=90.0, tiltAngle=60.77556383089675
Shooter.onTarget_DEBUG [16.686008786] shooterEvent=(Shooter.shooterOnTarget=SIGNALED), tiltEvent=(Shooter.tiltOnTarget=CLEARED), panEvent=null, aimOnly=true
Shooter.aimShooter_DEBUG [16.710168945] owner=null, currOwner=null, vel=90.0, tiltAngle=60.77556383089675, panAngle=0.0, event=null, timeout=0.0, aimOnly=true, shootOffDelay=0.0
Robot.aimShooterAtAprilTag_INFO [16.711276176] Aim at AprilTag: aprilTagId=7, shooterVel=90.0, tiltAngle=60.77556383089675
Shooter.onTarget_DEBUG [16.745630619] shooterEvent=(Shooter.shooterOnTarget=SIGNALED), tiltEvent=(Shooter.tiltOnTarget=CLEARED), panEvent=null, aimOnly=true
FrcTeleOp.operatorControllerButtonEvent_INFO [16.862463495] ##### button=BUTTON_B, pressed=true
Intake.performAction_INFO [16.865987865] Action: (op=EjectForward, intakePower=1.0, retainPower=0.0, finishDelay=0.0, event=null, timeout=0.0), hasObject=true
Shooter.aimShooter_DEBUG [16.919757326] owner=null, currOwner=null, vel=90.0, tiltAngle=60.703171799724316, panAngle=0.0, event=null, timeout=0.0, aimOnly=true, shootOffDelay=0.0
Robot.aimShooterAtAprilTag_INFO [16.922716085] Aim at AprilTag: aprilTagId=7, shooterVel=90.0, tiltAngle=60.703171799724316
Shooter.onTarget_DEBUG [16.934753901] shooterEvent=(Shooter.shooterOnTarget=SIGNALED), tiltEvent=(Shooter.tiltOnTarget=CLEARED), panEvent=null, aimOnly=true
Shooter.aimShooter_DEBUG [16.970643933] owner=null, currOwner=null, vel=90.0, tiltAngle=60.703171799724316, panAngle=0.0, event=null, timeout=0.0, aimOnly=true, shootOffDelay=0.0
Robot.aimShooterAtAprilTag_INFO [16.977520234] Aim at AprilTag: aprilTagId=7, shooterVel=90.0, tiltAngle=60.703171799724316
Shooter.onTarget_DEBUG [17.007408124] shooterEvent=(Shooter.shooterOnTarget=SIGNALED), tiltEvent=(Shooter.tiltOnTarget=CLEARED), panEvent=null, aimOnly=true
Shooter.aimShooter_DEBUG [17.028974014] owner=null, currOwner=null, vel=90.0, tiltAngle=60.876674408815, panAngle=0.0, event=null, timeout=0.0, aimOnly=true, shootOffDelay=0.0
Robot.aimShooterAtAprilTag_INFO [17.032298058] Aim at AprilTag: aprilTagId=7, shooterVel=90.0, tiltAngle=60.876674408815
Shooter.onTarget_DEBUG [17.049612153] shooterEvent=(Shooter.shooterOnTarget=SIGNALED), tiltEvent=(Shooter.tiltOnTarget=CLEARED), panEvent=null, aimOnly=true
Shooter.aimShooter_DEBUG [17.087549057] owner=null, currOwner=null, vel=90.0, tiltAngle=60.81045462059328, panAngle=0.0, event=null, timeout=0.0, aimOnly=true, shootOffDelay=0.0
Robot.aimShooterAtAprilTag_INFO [17.115025531] Aim at AprilTag: aprilTagId=7, shooterVel=90.0, tiltAngle=60.81045462059328
Shooter.onTarget_DEBUG [17.163306798] shooterEvent=(Shooter.shooterOnTarget=SIGNALED), tiltEvent=(Shooter.tiltOnTarget=CLEARED), panEvent=null, aimOnly=true
Shooter.aimShooter_DEBUG [17.193870963] owner=null, currOwner=null, vel=90.0, tiltAngle=60.82304973079184, panAngle=0.0, event=null, timeout=0.0, aimOnly=true, shootOffDelay=0.0
Robot.aimShooterAtAprilTag_INFO [17.203320428] Aim at AprilTag: aprilTagId=7, shooterVel=90.0, tiltAngle=60.82304973079184
Intake.exitTriggerCallback_INFO [17.227577634] active=false, actionParams=(op=EjectForward, intakePower=1.0, retainPower=0.0, finishDelay=0.0, event=null, timeout=0.0)
Intake.finish_INFO [17.233989913] Finishing intake: completed=true, power=0.0, finishDelay=0.0
Shooter.onTarget_DEBUG [17.237673188] shooterEvent=(Shooter.shooterOnTarget=SIGNALED), tiltEvent=(Shooter.tiltOnTarget=CLEARED), panEvent=null, aimOnly=true
Shooter.aimShooter_DEBUG [17.247345996] owner=null, currOwner=null, vel=90.0, tiltAngle=60.78350741702672, panAngle=0.0, event=null, timeout=0.0, aimOnly=true, shootOffDelay=0.0
Robot.aimShooterAtAprilTag_INFO [17.257115609] Aim at AprilTag: aprilTagId=7, shooterVel=90.0, tiltAngle=60.78350741702672
Shooter.onTarget_DEBUG [17.280346717] shooterEvent=(Shooter.shooterOnTarget=SIGNALED), tiltEvent=(Shooter.tiltOnTarget=CLEARED), panEvent=null, aimOnly=true
Shooter.aimShooter_DEBUG [17.292655329] owner=null, currOwner=null, vel=90.0, tiltAngle=60.31591128927581, panAngle=0.0, event=null, timeout=0.0, aimOnly=true, shootOffDelay=0.0
Robot.aimShooterAtAprilTag_INFO [17.302614159] Aim at AprilTag: aprilTagId=8, shooterVel=90.0, tiltAngle=60.31591128927581
Shooter.onTarget_DEBUG [17.329639046] shooterEvent=(Shooter.shooterOnTarget=SIGNALED), tiltEvent=(Shooter.tiltOnTarget=CLEARED), panEvent=null, aimOnly=true
Shooter.aimShooter_DEBUG [17.348865885] owner=null, currOwner=null, vel=90.0, tiltAngle=60.80372764511367, panAngle=0.0, event=null, timeout=0.0, aimOnly=true, shootOffDelay=0.0
Robot.aimShooterAtAprilTag_INFO [17.357589156] Aim at AprilTag: aprilTagId=7, shooterVel=90.0, tiltAngle=60.80372764511367
FrcTeleOp.operatorControllerButtonEvent_INFO [17.392401355] ##### button=BUTTON_B, pressed=false
FrcTeleOp.operatorControllerButtonEvent_INFO [17.395966506] ##### button=BUTTON_Y, pressed=false
Shooter.onTarget_DEBUG [17.401772104] shooterEvent=(Shooter.shooterOnTarget=SIGNALED), tiltEvent=(Shooter.tiltOnTarget=CLEARED), panEvent=null, aimOnly=true
FrcTeleOp.driverControllerButtonEvent_INFO [18.471388879] ##### button=BUTTON_X, pressed=true
TaskAutoPickupFromGround.autoAssistPickup_INFO [18.473101223] useVision=false, inAuto=false, event=null
TaskAutoPickupFromGround.acquireSubsystemsOwnership_INFO [18.474716622] Successfully acquired subsystem ownerships for AutoPickupGround.
TaskAutoPickupFromGround.autoTask_INFO [18.496801575] <Event name="StateInfo" time="18.496327923" tag="vvvvv" TaskAutoPickupFromGround.state="START" />
TaskAutoPickupFromGround.runTaskState_INFO [18.500328372] ***** Not using Note Vision.
TaskAutoPickupFromGround.autoTask_INFO [18.506316428] <Event name="StateInfo" time="18.505512102" tag="vvvvv" TaskAutoPickupFromGround.state="DRIVE_TO_NOTE" />
Intake.performAction_INFO [18.509814119] Action: (op=IntakeForward, intakePower=1.0, retainPower=0.0, finishDelay=0.0, event=(TaskAutoPickupFromGround.intakeEvent=SIGNALED), timeout=0.0), hasObject=false
TaskAutoPickupFromGround.runTaskState_INFO [18.522637183] ***** Did not see Note, release drive ownership.
FrcTeleOp.driverControllerButtonEvent_INFO [18.527233624] ##### button=BUTTON_X, pressed=false
Intake.entryTriggerCallback_INFO [19.426014827] active=true, actionParams=(op=IntakeForward, intakePower=1.0, retainPower=0.0, finishDelay=0.0, event=(TaskAutoPickupFromGround.intakeEvent=CLEARED), timeout=0.0)
TaskAutoPickupFromGround.autoTask_INFO [19.426977424] <Event name="StateInfo" time="19.426487759" tag="vvvvv" TaskAutoPickupFromGround.state="CHECK_INTAKE_COMPLETION" />
TaskAutoPickupFromGround.runTaskState_INFO [19.42826653] **** Check Intake: intakeEvent=(TaskAutoPickupFromGround.intakeEvent=CLEARED), gotNoteEvent=(TaskAutoPickupFromGround.gotNoteEvent=SIGNALED), driveEvent=(TaskAutoPickupFromGround.driveEvent=CANCELED), gotNote=true
Intake.exitTriggerCallback_INFO [19.910906234] active=true, actionParams=(op=IntakeForward, intakePower=1.0, retainPower=0.0, finishDelay=0.0, event=(TaskAutoPickupFromGround.intakeEvent=CLEARED), timeout=0.0)
Intake.finish_INFO [19.911881551] Finishing intake: completed=true, power=0.0, finishDelay=0.0
TaskAutoPickupFromGround.autoTask_INFO [19.923794329] <Event name="StateInfo" time="19.921755102" tag="vvvvv" TaskAutoPickupFromGround.state="DONE" />
TaskAutoPickupFromGround.stopSubsystems_INFO [19.925765207] Stopping subsystems.
Intake.cancel_INFO [19.927253929] owner=AutoPickupGround
Intake.finish_INFO [19.928070795] Finishing inactive intake: completed=false, delayFinishPending=false
TaskAutoPickupFromGround.releaseSubsystemsOwnership_INFO [19.936100346] Releasing subsystem ownership (currOwner=AutoPickupGround, intake=AutoPickupGround, robotDrive=null).
Intake.entryTriggerCallback_INFO [19.945225441] active=false, actionParams=null
FrcTeleOp.operatorControllerButtonEvent_INFO [20.401043855] ##### button=BUTTON_Y, pressed=true
FrcTeleOp.operatorControllerButtonEvent_INFO [21.02278644] ##### button=BUTTON_Y, pressed=false
FrcTeleOp.operatorControllerButtonEvent_INFO [21.487087123] ##### button=BUTTON_X, pressed=true
Shooter.cancel_INFO [21.495137067] owner=null
FrcTeleOp.operatorControllerButtonEvent_INFO [21.639171722] ##### button=BUTTON_X, pressed=false
FrcTeleOp.operatorControllerButtonEvent_INFO [22.417671396] ##### button=BUTTON_X, pressed=true
Shooter.aimShooter_DEBUG [22.425097536] owner=null, currOwner=null, vel=17.5, tiltAngle=57.0, panAngle=0.0, event=null, timeout=0.0, aimOnly=true, shootOffDelay=0.0
Shooter.onTarget_DEBUG [22.433784313] shooterEvent=(Shooter.shooterOnTarget=SIGNALED), tiltEvent=(Shooter.tiltOnTarget=CLEARED), panEvent=null, aimOnly=true
FrcTeleOp.operatorControllerButtonEvent_INFO [22.520390279] ##### button=BUTTON_X, pressed=false
FrcTeleOp.operatorControllerButtonEvent_INFO [23.394646754] ##### button=BUTTON_B, pressed=true
Intake.performAction_INFO [23.403690972] Action: (op=EjectForward, intakePower=1.0, retainPower=0.0, finishDelay=0.0, event=null, timeout=0.0), hasObject=true
Shooter.tiltMotor.pidCtrlTask_INFO [23.410040655] controlMode: Position onTarget=true(57.632737795296364/57.0), stalled=false, expired=false, event=(Shooter.tiltOnTarget=SIGNALED)
Shooter.onTarget_DEBUG [23.415644666] shooterEvent=(Shooter.shooterOnTarget=SIGNALED), tiltEvent=(Shooter.tiltOnTarget=SIGNALED), panEvent=null, aimOnly=true
Intake.exitTriggerCallback_INFO [23.746584217] active=false, actionParams=(op=EjectForward, intakePower=1.0, retainPower=0.0, finishDelay=0.0, event=null, timeout=0.0)
Intake.finish_INFO [23.759078504] Finishing intake: completed=true, power=0.0, finishDelay=0.0
FrcTeleOp.operatorControllerButtonEvent_INFO [23.919926675] ##### button=BUTTON_B, pressed=false
FrcTeleOp.operatorControllerButtonEvent_INFO [24.885260679] ##### button=RIGHT_BUMPER, pressed=true
FrcTeleOp.operatorControllerButtonEvent_INFO [24.992006111] ##### button=RIGHT_BUMPER, pressed=false
FrcTeleOp.driverControllerButtonEvent_INFO [25.922568738] ##### button=BUTTON_X, pressed=true
TaskAutoPickupFromGround.autoAssistPickup_INFO [25.930336966] useVision=false, inAuto=false, event=null
TaskAutoPickupFromGround.acquireSubsystemsOwnership_INFO [25.94261892] Successfully acquired subsystem ownerships for AutoPickupGround.
TaskAutoPickupFromGround.autoTask_INFO [25.953927003] <Event name="StateInfo" time="25.953293585" tag="vvvvv" TaskAutoPickupFromGround.state="START" />
TaskAutoPickupFromGround.runTaskState_INFO [25.955151669] ***** Not using Note Vision.
TaskAutoPickupFromGround.autoTask_INFO [25.957424947] <Event name="StateInfo" time="25.957178405" tag="vvvvv" TaskAutoPickupFromGround.state="DRIVE_TO_NOTE" />
Intake.performAction_INFO [25.958677793] Action: (op=IntakeForward, intakePower=1.0, retainPower=0.0, finishDelay=0.0, event=(TaskAutoPickupFromGround.intakeEvent=SIGNALED), timeout=0.0), hasObject=false
TaskAutoPickupFromGround.runTaskState_INFO [25.96011171] ***** Did not see Note, release drive ownership.
FrcTeleOp.driverControllerButtonEvent_INFO [25.97564188] ##### button=BUTTON_X, pressed=false
Intake.entryTriggerCallback_INFO [27.493285622] active=true, actionParams=(op=IntakeForward, intakePower=1.0, retainPower=0.0, finishDelay=0.0, event=(TaskAutoPickupFromGround.intakeEvent=CLEARED), timeout=0.0)
TaskAutoPickupFromGround.autoTask_INFO [27.507877664] <Event name="StateInfo" time="27.506214487" tag="vvvvv" TaskAutoPickupFromGround.state="CHECK_INTAKE_COMPLETION" />
TaskAutoPickupFromGround.runTaskState_INFO [27.509606052] **** Check Intake: intakeEvent=(TaskAutoPickupFromGround.intakeEvent=CLEARED), gotNoteEvent=(TaskAutoPickupFromGround.gotNoteEvent=SIGNALED), driveEvent=(TaskAutoPickupFromGround.driveEvent=CANCELED), gotNote=true
Intake.exitTriggerCallback_INFO [28.163222904] active=true, actionParams=(op=IntakeForward, intakePower=1.0, retainPower=0.0, finishDelay=0.0, event=(TaskAutoPickupFromGround.intakeEvent=CLEARED), timeout=0.0)
Intake.finish_INFO [28.164735861] Finishing intake: completed=true, power=0.0, finishDelay=0.0
TaskAutoPickupFromGround.autoTask_INFO [28.177195018] <Event name="StateInfo" time="28.176076884" tag="vvvvv" TaskAutoPickupFromGround.state="DONE" />
TaskAutoPickupFromGround.stopSubsystems_INFO [28.180337292] Stopping subsystems.
Intake.cancel_INFO [28.18667641] owner=AutoPickupGround
Intake.finish_INFO [28.190464923] Finishing inactive intake: completed=false, delayFinishPending=false
TaskAutoPickupFromGround.releaseSubsystemsOwnership_INFO [28.19861848] Releasing subsystem ownership (currOwner=AutoPickupGround, intake=AutoPickupGround, robotDrive=null).
Intake.entryTriggerCallback_INFO [28.205252161] active=false, actionParams=null
FrcTeleOp.operatorControllerButtonEvent_INFO [28.664417096] ##### button=BUTTON_Y, pressed=true
Shooter.aimShooter_DEBUG [28.679969811] owner=null, currOwner=null, vel=90.0, tiltAngle=61.01492379657395, panAngle=0.0, event=null, timeout=0.0, aimOnly=true, shootOffDelay=0.0
Robot.aimShooterAtAprilTag_INFO [28.696421133] Aim at AprilTag: aprilTagId=7, shooterVel=90.0, tiltAngle=61.01492379657395
Shooter.onTarget_DEBUG [28.745753849] shooterEvent=(Shooter.shooterOnTarget=SIGNALED), tiltEvent=(Shooter.tiltOnTarget=CLEARED), panEvent=null, aimOnly=true
Shooter.aimShooter_DEBUG [28.760479719] owner=null, currOwner=null, vel=90.0, tiltAngle=60.712748177194825, panAngle=0.0, event=null, timeout=0.0, aimOnly=true, shootOffDelay=0.0
Robot.aimShooterAtAprilTag_INFO [28.766886724] Aim at AprilTag: aprilTagId=7, shooterVel=90.0, tiltAngle=60.712748177194825
Shooter.onTarget_DEBUG [28.803724549] shooterEvent=(Shooter.shooterOnTarget=SIGNALED), tiltEvent=(Shooter.tiltOnTarget=CLEARED), panEvent=null, aimOnly=true
Shooter.aimShooter_DEBUG [28.816465669] owner=null, currOwner=null, vel=90.0, tiltAngle=60.329713889072366, panAngle=0.0, event=null, timeout=0.0, aimOnly=true, shootOffDelay=0.0
Robot.aimShooterAtAprilTag_INFO [28.823875554] Aim at AprilTag: aprilTagId=7, shooterVel=90.0, tiltAngle=60.329713889072366
Shooter.onTarget_DEBUG [28.8695369] shooterEvent=(Shooter.shooterOnTarget=SIGNALED), tiltEvent=(Shooter.tiltOnTarget=CLEARED), panEvent=null, aimOnly=true
Shooter.aimShooter_DEBUG [28.881213175] owner=null, currOwner=null, vel=90.0, tiltAngle=60.41991851817391, panAngle=0.0, event=null, timeout=0.0, aimOnly=true, shootOffDelay=0.0
Robot.aimShooterAtAprilTag_INFO [28.890372775] Aim at AprilTag: aprilTagId=7, shooterVel=90.0, tiltAngle=60.41991851817391
Shooter.onTarget_DEBUG [28.914277288] shooterEvent=(Shooter.shooterOnTarget=SIGNALED), tiltEvent=(Shooter.tiltOnTarget=CLEARED), panEvent=null, aimOnly=true
Shooter.aimShooter_DEBUG [28.925724353] owner=null, currOwner=null, vel=90.0, tiltAngle=60.41333663345777, panAngle=0.0, event=null, timeout=0.0, aimOnly=true, shootOffDelay=0.0
Robot.aimShooterAtAprilTag_INFO [28.932477317] Aim at AprilTag: aprilTagId=7, shooterVel=90.0, tiltAngle=60.41333663345777
Shooter.onTarget_DEBUG [28.976416557] shooterEvent=(Shooter.shooterOnTarget=SIGNALED), tiltEvent=(Shooter.tiltOnTarget=CLEARED), panEvent=null, aimOnly=true
Shooter.aimShooter_DEBUG [28.989958467] owner=null, currOwner=null, vel=90.0, tiltAngle=60.481265200229565, panAngle=0.0, event=null, timeout=0.0, aimOnly=true, shootOffDelay=0.0
Robot.aimShooterAtAprilTag_INFO [28.995959699] Aim at AprilTag: aprilTagId=7, shooterVel=90.0, tiltAngle=60.481265200229565
Shooter.onTarget_DEBUG [29.029936768] shooterEvent=(Shooter.shooterOnTarget=SIGNALED), tiltEvent=(Shooter.tiltOnTarget=CLEARED), panEvent=null, aimOnly=true
Shooter.aimShooter_DEBUG [29.039248867] owner=null, currOwner=null, vel=90.0, tiltAngle=60.350403748932266, panAngle=0.0, event=null, timeout=0.0, aimOnly=true, shootOffDelay=0.0
Robot.aimShooterAtAprilTag_INFO [29.049083684] Aim at AprilTag: aprilTagId=7, shooterVel=90.0, tiltAngle=60.350403748932266
Shooter.onTarget_DEBUG [29.09796296] shooterEvent=(Shooter.shooterOnTarget=SIGNALED), tiltEvent=(Shooter.tiltOnTarget=CLEARED), panEvent=null, aimOnly=true
Shooter.aimShooter_DEBUG [29.112221381] owner=null, currOwner=null, vel=90.0, tiltAngle=60.36244206379842, panAngle=0.0, event=null, timeout=0.0, aimOnly=true, shootOffDelay=0.0
Robot.aimShooterAtAprilTag_INFO [29.118375652] Aim at AprilTag: aprilTagId=7, shooterVel=90.0, tiltAngle=60.36244206379842
Shooter.onTarget_DEBUG [29.164512171] shooterEvent=(Shooter.shooterOnTarget=SIGNALED), tiltEvent=(Shooter.tiltOnTarget=CLEARED), panEvent=null, aimOnly=true
Shooter.aimShooter_DEBUG [29.177349692] owner=null, currOwner=null, vel=90.0, tiltAngle=60.38915099899154, panAngle=0.0, event=null, timeout=0.0, aimOnly=true, shootOffDelay=0.0
Robot.aimShooterAtAprilTag_INFO [29.188015879] Aim at AprilTag: aprilTagId=7, shooterVel=90.0, tiltAngle=60.38915099899154
Shooter.onTarget_DEBUG [29.239775353] shooterEvent=(Shooter.shooterOnTarget=SIGNALED), tiltEvent=(Shooter.tiltOnTarget=CLEARED), panEvent=null, aimOnly=true
Shooter.aimShooter_DEBUG [29.247635628] owner=null, currOwner=null, vel=90.0, tiltAngle=60.39819642762331, panAngle=0.0, event=null, timeout=0.0, aimOnly=true, shootOffDelay=0.0
Robot.aimShooterAtAprilTag_INFO [29.254829261] Aim at AprilTag: aprilTagId=7, shooterVel=90.0, tiltAngle=60.39819642762331
Shooter.onTarget_DEBUG [29.271317563] shooterEvent=(Shooter.shooterOnTarget=SIGNALED), tiltEvent=(Shooter.tiltOnTarget=CLEARED), panEvent=null, aimOnly=true
Shooter.aimShooter_DEBUG [29.293271513] owner=null, currOwner=null, vel=90.0, tiltAngle=60.39819642762331, panAngle=0.0, event=null, timeout=0.0, aimOnly=true, shootOffDelay=0.0
Robot.aimShooterAtAprilTag_INFO [29.294803221] Aim at AprilTag: aprilTagId=7, shooterVel=90.0, tiltAngle=60.39819642762331
Shooter.onTarget_DEBUG [29.314227074] shooterEvent=(Shooter.shooterOnTarget=SIGNALED), tiltEvent=(Shooter.tiltOnTarget=CLEARED), panEvent=null, aimOnly=true
Shooter.aimShooter_DEBUG [29.347605382] owner=null, currOwner=null, vel=90.0, tiltAngle=60.36033475524275, panAngle=0.0, event=null, timeout=0.0, aimOnly=true, shootOffDelay=0.0
Robot.aimShooterAtAprilTag_INFO [29.349687098] Aim at AprilTag: aprilTagId=7, shooterVel=90.0, tiltAngle=60.36033475524275
Shooter.onTarget_DEBUG [29.368191193] shooterEvent=(Shooter.shooterOnTarget=SIGNALED), tiltEvent=(Shooter.tiltOnTarget=CLEARED), panEvent=null, aimOnly=true
Shooter.aimShooter_DEBUG [29.405151413] owner=null, currOwner=null, vel=90.0, tiltAngle=60.248041581946566, panAngle=0.0, event=null, timeout=0.0, aimOnly=true, shootOffDelay=0.0
Robot.aimShooterAtAprilTag_INFO [29.410251773] Aim at AprilTag: aprilTagId=7, shooterVel=90.0, tiltAngle=60.248041581946566
Shooter.onTarget_DEBUG [29.426015954] shooterEvent=(Shooter.shooterOnTarget=SIGNALED), tiltEvent=(Shooter.tiltOnTarget=CLEARED), panEvent=null, aimOnly=true
Shooter.aimShooter_DEBUG [29.44870351] owner=null, currOwner=null, vel=90.0, tiltAngle=60.24129932534592, panAngle=0.0, event=null, timeout=0.0, aimOnly=true, shootOffDelay=0.0
Robot.aimShooterAtAprilTag_INFO [29.450548888] Aim at AprilTag: aprilTagId=7, shooterVel=90.0, tiltAngle=60.24129932534592
Shooter.onTarget_DEBUG [29.484379346] shooterEvent=(Shooter.shooterOnTarget=SIGNALED), tiltEvent=(Shooter.tiltOnTarget=CLEARED), panEvent=null, aimOnly=true
Shooter.aimShooter_DEBUG [29.508583993] owner=null, currOwner=null, vel=90.0, tiltAngle=60.09805553891802, panAngle=0.0, event=null, timeout=0.0, aimOnly=true, shootOffDelay=0.0
Robot.aimShooterAtAprilTag_INFO [29.510713481] Aim at AprilTag: aprilTagId=7, shooterVel=90.0, tiltAngle=60.09805553891802
Shooter.onTarget_DEBUG [29.529448465] shooterEvent=(Shooter.shooterOnTarget=SIGNALED), tiltEvent=(Shooter.tiltOnTarget=CLEARED), panEvent=null, aimOnly=true
FrcTeleOp.operatorControllerButtonEvent_INFO [29.551380321] ##### button=BUTTON_B, pressed=true
Intake.performAction_INFO [29.562167439] Action: (op=EjectForward, intakePower=1.0, retainPower=0.0, finishDelay=0.0, event=null, timeout=0.0), hasObject=true
Shooter.aimShooter_DEBUG [29.571861755] owner=null, currOwner=null, vel=90.0, tiltAngle=60.05504612392456, panAngle=0.0, event=null, timeout=0.0, aimOnly=true, shootOffDelay=0.0
Robot.aimShooterAtAprilTag_INFO [29.577814844] Aim at AprilTag: aprilTagId=7, shooterVel=90.0, tiltAngle=60.05504612392456
Shooter.onTarget_DEBUG [29.589143537] shooterEvent=(Shooter.shooterOnTarget=SIGNALED), tiltEvent=(Shooter.tiltOnTarget=CLEARED), panEvent=null, aimOnly=true
Shooter.aimShooter_DEBUG [29.605479299] owner=null, currOwner=null, vel=90.0, tiltAngle=60.05504612392456, panAngle=0.0, event=null, timeout=0.0, aimOnly=true, shootOffDelay=0.0
Robot.aimShooterAtAprilTag_INFO [29.616732479] Aim at AprilTag: aprilTagId=7, shooterVel=90.0, tiltAngle=60.05504612392456
Shooter.onTarget_DEBUG [29.647989373] shooterEvent=(Shooter.shooterOnTarget=SIGNALED), tiltEvent=(Shooter.tiltOnTarget=CLEARED), panEvent=null, aimOnly=true
Shooter.aimShooter_DEBUG [29.712794343] owner=null, currOwner=null, vel=90.0, tiltAngle=59.67185378063479, panAngle=0.0, event=null, timeout=0.0, aimOnly=true, shootOffDelay=0.0
Robot.aimShooterAtAprilTag_INFO [29.718033365] Aim at AprilTag: aprilTagId=7, shooterVel=90.0, tiltAngle=59.67185378063479
Shooter.onTarget_DEBUG [29.752870926] shooterEvent=(Shooter.shooterOnTarget=SIGNALED), tiltEvent=(Shooter.tiltOnTarget=CLEARED), panEvent=null, aimOnly=true
Shooter.aimShooter_DEBUG [29.772761088] owner=null, currOwner=null, vel=90.0, tiltAngle=59.57459266159672, panAngle=0.0, event=null, timeout=0.0, aimOnly=true, shootOffDelay=0.0
Robot.aimShooterAtAprilTag_INFO [29.780224709] Aim at AprilTag: aprilTagId=7, shooterVel=90.0, tiltAngle=59.57459266159672
Shooter.onTarget_DEBUG [29.792660471] shooterEvent=(Shooter.shooterOnTarget=SIGNALED), tiltEvent=(Shooter.tiltOnTarget=CLEARED), panEvent=null, aimOnly=true
Shooter.aimShooter_DEBUG [29.81674851] owner=null, currOwner=null, vel=90.0, tiltAngle=59.685917779666454, panAngle=0.0, event=null, timeout=0.0, aimOnly=true, shootOffDelay=0.0
Robot.aimShooterAtAprilTag_INFO [29.820208858] Aim at AprilTag: aprilTagId=7, shooterVel=90.0, tiltAngle=59.685917779666454
Shooter.onTarget_DEBUG [29.83146652] shooterEvent=(Shooter.shooterOnTarget=SIGNALED), tiltEvent=(Shooter.tiltOnTarget=CLEARED), panEvent=null, aimOnly=true
Shooter.aimShooter_DEBUG [29.865864063] owner=null, currOwner=null, vel=90.0, tiltAngle=59.50598346086303, panAngle=0.0, event=null, timeout=0.0, aimOnly=true, shootOffDelay=0.0
Robot.aimShooterAtAprilTag_INFO [29.872840937] Aim at AprilTag: aprilTagId=7, shooterVel=90.0, tiltAngle=59.50598346086303
Intake.exitTriggerCallback_INFO [29.892777195] active=false, actionParams=(op=EjectForward, intakePower=1.0, retainPower=0.0, finishDelay=0.0, event=null, timeout=0.0)
Intake.finish_INFO [29.895516034] Finishing intake: completed=true, power=0.0, finishDelay=0.0
Shooter.onTarget_DEBUG [29.899162628] shooterEvent=(Shooter.shooterOnTarget=SIGNALED), tiltEvent=(Shooter.tiltOnTarget=CLEARED), panEvent=null, aimOnly=true
Shooter.aimShooter_DEBUG [29.921212322] owner=null, currOwner=null, vel=90.0, tiltAngle=59.14504781284685, panAngle=0.0, event=null, timeout=0.0, aimOnly=true, shootOffDelay=0.0
Robot.aimShooterAtAprilTag_INFO [29.92502048] Aim at AprilTag: aprilTagId=7, shooterVel=90.0, tiltAngle=59.14504781284685
Shooter.onTarget_DEBUG [29.942245618] shooterEvent=(Shooter.shooterOnTarget=SIGNALED), tiltEvent=(Shooter.tiltOnTarget=CLEARED), panEvent=null, aimOnly=true
Shooter.aimShooter_DEBUG [29.974586574] owner=null, currOwner=null, vel=90.0, tiltAngle=58.90905220852261, panAngle=0.0, event=null, timeout=0.0, aimOnly=true, shootOffDelay=0.0
Robot.aimShooterAtAprilTag_INFO [29.977751756] Aim at AprilTag: aprilTagId=7, shooterVel=90.0, tiltAngle=58.90905220852261
Shooter.onTarget_DEBUG [29.997168952] shooterEvent=(Shooter.shooterOnTarget=SIGNALED), tiltEvent=(Shooter.tiltOnTarget=CLEARED), panEvent=null, aimOnly=true
Shooter.aimShooter_DEBUG [30.023036245] owner=null, currOwner=null, vel=90.0, tiltAngle=59.78563661233033, panAngle=0.0, event=null, timeout=0.0, aimOnly=true, shootOffDelay=0.0
Robot.aimShooterAtAprilTag_INFO [30.02663678] Aim at AprilTag: aprilTagId=7, shooterVel=90.0, tiltAngle=59.78563661233033
Shooter.onTarget_DEBUG [30.038290864] shooterEvent=(Shooter.shooterOnTarget=SIGNALED), tiltEvent=(Shooter.tiltOnTarget=CLEARED), panEvent=null, aimOnly=true
FrcTeleOp.operatorControllerButtonEvent_INFO [30.068375416] ##### button=BUTTON_B, pressed=false
FrcTeleOp.operatorControllerButtonEvent_INFO [30.119883368] ##### button=BUTTON_Y, pressed=false
FrcTeleOp.driverControllerButtonEvent_INFO [33.374351106] ##### button=BUTTON_X, pressed=true
TaskAutoPickupFromGround.autoAssistPickup_INFO [33.375963615] useVision=false, inAuto=false, event=null
TaskAutoPickupFromGround.acquireSubsystemsOwnership_INFO [33.377320774] Successfully acquired subsystem ownerships for AutoPickupGround.
TaskAutoPickupFromGround.autoTask_INFO [33.389408122] <Event name="StateInfo" time="33.388906541" tag="vvvvv" TaskAutoPickupFromGround.state="START" />
TaskAutoPickupFromGround.runTaskState_INFO [33.390882207] ***** Not using Note Vision.
TaskAutoPickupFromGround.autoTask_INFO [33.394522795] <Event name="StateInfo" time="33.394021693" tag="vvvvv" TaskAutoPickupFromGround.state="DRIVE_TO_NOTE" />
Intake.performAction_INFO [33.396028806] Action: (op=IntakeForward, intakePower=1.0, retainPower=0.0, finishDelay=0.0, event=(TaskAutoPickupFromGround.intakeEvent=SIGNALED), timeout=0.0), hasObject=false
TaskAutoPickupFromGround.runTaskState_INFO [33.397743505] ***** Did not see Note, release drive ownership.
FrcTeleOp.driverControllerButtonEvent_INFO [33.478313943] ##### button=BUTTON_X, pressed=false
FrcTeleOp.driverControllerButtonEvent_INFO [36.555176737] ##### button=BUTTON_X, pressed=true
TaskAutoScoreNote.autoAssistCancel_INFO [36.566125233] Canceling auto-assist.
TaskAutoPickupFromGround.autoAssistCancel_INFO [36.566812381] Canceling auto-assist.
TaskAutoPickupFromGround.stopSubsystems_INFO [36.580135718] Stopping subsystems.
Intake.cancel_INFO [36.581782944] owner=AutoPickupGround
Intake.finish_INFO [36.582897795] Finishing intake: completed=false, power=0.0, finishDelay=0.0
TaskAutoPickupFromGround.releaseSubsystemsOwnership_INFO [36.589335227] Releasing subsystem ownership (currOwner=AutoPickupGround, intake=AutoPickupGround, robotDrive=null).
TaskAutoPickupFromSource.autoAssistCancel_INFO [36.590942867] Canceling auto-assist.
FrcTeleOp.driverControllerButtonEvent_INFO [36.650602255] ##### button=BUTTON_X, pressed=false
FrcTeleOp.driverControllerButtonEvent_INFO [37.609955639] ##### button=BUTTON_X, pressed=true
TaskAutoPickupFromGround.autoAssistPickup_INFO [37.610802449] useVision=false, inAuto=false, event=null
TaskAutoPickupFromGround.acquireSubsystemsOwnership_INFO [37.611167736] Successfully acquired subsystem ownerships for AutoPickupGround.
TaskAutoPickupFromGround.autoTask_INFO [37.635045131] <Event name="StateInfo" time="37.634792173" tag="vvvvv" TaskAutoPickupFromGround.state="START" />
TaskAutoPickupFromGround.runTaskState_INFO [37.635480648] ***** Not using Note Vision.
TaskAutoPickupFromGround.autoTask_INFO [37.636749216] <Event name="StateInfo" time="37.636560691" tag="vvvvv" TaskAutoPickupFromGround.state="DRIVE_TO_NOTE" />
Intake.performAction_INFO [37.641957228] Action: (op=IntakeForward, intakePower=1.0, retainPower=0.0, finishDelay=0.0, event=(TaskAutoPickupFromGround.intakeEvent=CANCELED), timeout=0.0), hasObject=false
TaskAutoPickupFromGround.runTaskState_INFO [37.642443362] ***** Did not see Note, release drive ownership.
FrcTeleOp.driverControllerButtonEvent_INFO [37.661155149] ##### button=BUTTON_X, pressed=false
Intake.entryTriggerCallback_INFO [38.299379718] active=true, actionParams=(op=IntakeForward, intakePower=1.0, retainPower=0.0, finishDelay=0.0, event=(TaskAutoPickupFromGround.intakeEvent=CLEARED), timeout=0.0)
TaskAutoPickupFromGround.autoTask_INFO [38.301775174] <Event name="StateInfo" time="38.301530074" tag="vvvvv" TaskAutoPickupFromGround.state="CHECK_INTAKE_COMPLETION" />
TaskAutoPickupFromGround.runTaskState_INFO [38.303839232] **** Check Intake: intakeEvent=(TaskAutoPickupFromGround.intakeEvent=CLEARED), gotNoteEvent=(TaskAutoPickupFromGround.gotNoteEvent=SIGNALED), driveEvent=(TaskAutoPickupFromGround.driveEvent=CANCELED), gotNote=true
Intake.exitTriggerCallback_INFO [38.839509992] active=true, actionParams=(op=IntakeForward, intakePower=1.0, retainPower=0.0, finishDelay=0.0, event=(TaskAutoPickupFromGround.intakeEvent=CLEARED), timeout=0.0)
Intake.finish_INFO [38.840070478] Finishing intake: completed=true, power=0.0, finishDelay=0.0
TaskAutoPickupFromGround.autoTask_INFO [38.858432719] <Event name="StateInfo" time="38.840691367" tag="vvvvv" TaskAutoPickupFromGround.state="DONE" />
TaskAutoPickupFromGround.stopSubsystems_INFO [38.860144034] Stopping subsystems.
Intake.cancel_INFO [38.861279391] owner=AutoPickupGround
Intake.finish_INFO [38.862345748] Finishing inactive intake: completed=false, delayFinishPending=false
TaskAutoPickupFromGround.releaseSubsystemsOwnership_INFO [38.86561539] Releasing subsystem ownership (currOwner=AutoPickupGround, intake=AutoPickupGround, robotDrive=null).
Intake.entryTriggerCallback_INFO [38.869357537] active=false, actionParams=null
FrcTeleOp.operatorControllerButtonEvent_INFO [39.631679661] ##### button=BUTTON_Y, pressed=true
Shooter.aimShooter_DEBUG [39.734569357] owner=null, currOwner=null, vel=90.0, tiltAngle=40.95300060803944, panAngle=0.0, event=null, timeout=0.0, aimOnly=true, shootOffDelay=0.0
Robot.aimShooterAtAprilTag_INFO [39.753108083] Aim at AprilTag: aprilTagId=8, shooterVel=90.0, tiltAngle=40.95300060803944
Shooter.onTarget_DEBUG [39.783168428] shooterEvent=(Shooter.shooterOnTarget=SIGNALED), tiltEvent=(Shooter.tiltOnTarget=CLEARED), panEvent=null, aimOnly=true
Shooter.aimShooter_DEBUG [39.794291765] owner=null, currOwner=null, vel=90.0, tiltAngle=41.45113306469952, panAngle=0.0, event=null, timeout=0.0, aimOnly=true, shootOffDelay=0.0
Robot.aimShooterAtAprilTag_INFO [39.798637275] Aim at AprilTag: aprilTagId=8, shooterVel=90.0, tiltAngle=41.45113306469952
Shooter.onTarget_DEBUG [39.833450838] shooterEvent=(Shooter.shooterOnTarget=SIGNALED), tiltEvent=(Shooter.tiltOnTarget=CLEARED), panEvent=null, aimOnly=true
Shooter.aimShooter_DEBUG [39.841445951] owner=null, currOwner=null, vel=90.0, tiltAngle=42.04438759420641, panAngle=0.0, event=null, timeout=0.0, aimOnly=true, shootOffDelay=0.0
Robot.aimShooterAtAprilTag_INFO [39.848235586] Aim at AprilTag: aprilTagId=8, shooterVel=90.0, tiltAngle=42.04438759420641
Shooter.onTarget_DEBUG [39.891438418] shooterEvent=(Shooter.shooterOnTarget=SIGNALED), tiltEvent=(Shooter.tiltOnTarget=CLEARED), panEvent=null, aimOnly=true
Shooter.aimShooter_DEBUG [39.897837319] owner=null, currOwner=null, vel=90.0, tiltAngle=42.802762200885425, panAngle=0.0, event=null, timeout=0.0, aimOnly=true, shootOffDelay=0.0
Robot.aimShooterAtAprilTag_INFO [39.903131486] Aim at AprilTag: aprilTagId=8, shooterVel=90.0, tiltAngle=42.802762200885425
Shooter.onTarget_DEBUG [39.930503071] shooterEvent=(Shooter.shooterOnTarget=SIGNALED), tiltEvent=(Shooter.tiltOnTarget=CLEARED), panEvent=null, aimOnly=true
Shooter.aimShooter_DEBUG [40.058921011] owner=null, currOwner=null, vel=90.0, tiltAngle=45.20185582136485, panAngle=0.0, event=null, timeout=0.0, aimOnly=true, shootOffDelay=0.0
Robot.aimShooterAtAprilTag_INFO [40.065886418] Aim at AprilTag: aprilTagId=7, shooterVel=90.0, tiltAngle=45.20185582136485
Shooter.onTarget_DEBUG [40.107862576] shooterEvent=(Shooter.shooterOnTarget=SIGNALED), tiltEvent=(Shooter.tiltOnTarget=CLEARED), panEvent=null, aimOnly=true
Shooter.aimShooter_DEBUG [40.268597875] owner=null, currOwner=null, vel=90.0, tiltAngle=48.77998040316423, panAngle=0.0, event=null, timeout=0.0, aimOnly=true, shootOffDelay=0.0
Robot.aimShooterAtAprilTag_INFO [40.271637434] Aim at AprilTag: aprilTagId=7, shooterVel=90.0, tiltAngle=48.77998040316423
Shooter.onTarget_DEBUG [40.311544152] shooterEvent=(Shooter.shooterOnTarget=SIGNALED), tiltEvent=(Shooter.tiltOnTarget=CLEARED), panEvent=null, aimOnly=true
Shooter.aimShooter_DEBUG [40.326867862] owner=null, currOwner=null, vel=90.0, tiltAngle=49.31963739595653, panAngle=0.0, event=null, timeout=0.0, aimOnly=true, shootOffDelay=0.0
Robot.aimShooterAtAprilTag_INFO [40.335097026] Aim at AprilTag: aprilTagId=7, shooterVel=90.0, tiltAngle=49.31963739595653
Shooter.onTarget_DEBUG [40.371203155] shooterEvent=(Shooter.shooterOnTarget=SIGNALED), tiltEvent=(Shooter.tiltOnTarget=CLEARED), panEvent=null, aimOnly=true
Shooter.aimShooter_DEBUG [40.377443619] owner=null, currOwner=null, vel=90.0, tiltAngle=52.680686575707625, panAngle=0.0, event=null, timeout=0.0, aimOnly=true, shootOffDelay=0.0
Robot.aimShooterAtAprilTag_INFO [40.38132867] Aim at AprilTag: aprilTagId=7, shooterVel=90.0, tiltAngle=52.680686575707625
Shooter.onTarget_DEBUG [40.412613448] shooterEvent=(Shooter.shooterOnTarget=SIGNALED), tiltEvent=(Shooter.tiltOnTarget=CLEARED), panEvent=null, aimOnly=true
Shooter.aimShooter_DEBUG [40.428104239] owner=null, currOwner=null, vel=90.0, tiltAngle=52.680686575707625, panAngle=0.0, event=null, timeout=0.0, aimOnly=true, shootOffDelay=0.0
Robot.aimShooterAtAprilTag_INFO [40.43212897] Aim at AprilTag: aprilTagId=7, shooterVel=90.0, tiltAngle=52.680686575707625
Shooter.onTarget_DEBUG [40.457727809] shooterEvent=(Shooter.shooterOnTarget=SIGNALED), tiltEvent=(Shooter.tiltOnTarget=CLEARED), panEvent=null, aimOnly=true
Shooter.aimShooter_DEBUG [40.476366041] owner=null, currOwner=null, vel=90.0, tiltAngle=54.24451163765263, panAngle=0.0, event=null, timeout=0.0, aimOnly=true, shootOffDelay=0.0
Robot.aimShooterAtAprilTag_INFO [40.48025273] Aim at AprilTag: aprilTagId=7, shooterVel=90.0, tiltAngle=54.24451163765263
Shooter.onTarget_DEBUG [40.504512967] shooterEvent=(Shooter.shooterOnTarget=SIGNALED), tiltEvent=(Shooter.tiltOnTarget=CLEARED), panEvent=null, aimOnly=true
Shooter.aimShooter_DEBUG [40.526040618] owner=null, currOwner=null, vel=90.0, tiltAngle=56.71400495712627, panAngle=0.0, event=null, timeout=0.0, aimOnly=true, shootOffDelay=0.0
Robot.aimShooterAtAprilTag_INFO [40.527076609] Aim at AprilTag: aprilTagId=7, shooterVel=90.0, tiltAngle=56.71400495712627
Shooter.onTarget_DEBUG [40.559325804] shooterEvent=(Shooter.shooterOnTarget=SIGNALED), tiltEvent=(Shooter.tiltOnTarget=CLEARED), panEvent=null, aimOnly=true
Shooter.aimShooter_DEBUG [40.585297907] owner=null, currOwner=null, vel=90.0, tiltAngle=56.71400495712627, panAngle=0.0, event=null, timeout=0.0, aimOnly=true, shootOffDelay=0.0
Robot.aimShooterAtAprilTag_INFO [40.587198509] Aim at AprilTag: aprilTagId=7, shooterVel=90.0, tiltAngle=56.71400495712627
Shooter.onTarget_DEBUG [40.60745111] shooterEvent=(Shooter.shooterOnTarget=SIGNALED), tiltEvent=(Shooter.tiltOnTarget=CLEARED), panEvent=null, aimOnly=true
Shooter.aimShooter_DEBUG [40.633571137] owner=null, currOwner=null, vel=90.0, tiltAngle=58.17606277520302, panAngle=0.0, event=null, timeout=0.0, aimOnly=true, shootOffDelay=0.0
Robot.aimShooterAtAprilTag_INFO [40.63598186] Aim at AprilTag: aprilTagId=7, shooterVel=90.0, tiltAngle=58.17606277520302
Shooter.onTarget_DEBUG [40.665423397] shooterEvent=(Shooter.shooterOnTarget=SIGNALED), tiltEvent=(Shooter.tiltOnTarget=CLEARED), panEvent=null, aimOnly=true
Shooter.aimShooter_DEBUG [40.682648984] owner=null, currOwner=null, vel=90.0, tiltAngle=59.4391849554069, panAngle=0.0, event=null, timeout=0.0, aimOnly=true, shootOffDelay=0.0
Robot.aimShooterAtAprilTag_INFO [40.685300664] Aim at AprilTag: aprilTagId=7, shooterVel=90.0, tiltAngle=59.4391849554069
Shooter.onTarget_DEBUG [40.715733504] shooterEvent=(Shooter.shooterOnTarget=SIGNALED), tiltEvent=(Shooter.tiltOnTarget=CLEARED), panEvent=null, aimOnly=true
Shooter.aimShooter_DEBUG [40.738586399] owner=null, currOwner=null, vel=90.0, tiltAngle=60.06623574391088, panAngle=0.0, event=null, timeout=0.0, aimOnly=true, shootOffDelay=0.0
Robot.aimShooterAtAprilTag_INFO [40.744557147] Aim at AprilTag: aprilTagId=7, shooterVel=90.0, tiltAngle=60.06623574391088
Shooter.onTarget_DEBUG [40.780293935] shooterEvent=(Shooter.shooterOnTarget=SIGNALED), tiltEvent=(Shooter.tiltOnTarget=CLEARED), panEvent=null, aimOnly=true
Shooter.aimShooter_DEBUG [40.839270945] owner=null, currOwner=null, vel=90.0, tiltAngle=60.36395310959937, panAngle=0.0, event=null, timeout=0.0, aimOnly=true, shootOffDelay=0.0
Robot.aimShooterAtAprilTag_INFO [40.842844725] Aim at AprilTag: aprilTagId=7, shooterVel=90.0, tiltAngle=60.36395310959937
Shooter.onTarget_DEBUG [40.859850936] shooterEvent=(Shooter.shooterOnTarget=SIGNALED), tiltEvent=(Shooter.tiltOnTarget=CLEARED), panEvent=null, aimOnly=true
FrcTeleOp.operatorControllerButtonEvent_INFO [40.937245138] ##### button=BUTTON_B, pressed=true
Intake.performAction_INFO [40.945950084] Action: (op=EjectForward, intakePower=1.0, retainPower=0.0, finishDelay=0.0, event=null, timeout=0.0), hasObject=true
Shooter.aimShooter_DEBUG [41.072266173] owner=null, currOwner=null, vel=90.0, tiltAngle=60.18890073253258, panAngle=0.0, event=null, timeout=0.0, aimOnly=true, shootOffDelay=0.0
Robot.aimShooterAtAprilTag_INFO [41.084929053] Aim at AprilTag: aprilTagId=7, shooterVel=90.0, tiltAngle=60.18890073253258
Shooter.onTarget_DEBUG [41.116083071] shooterEvent=(Shooter.shooterOnTarget=SIGNALED), tiltEvent=(Shooter.tiltOnTarget=CLEARED), panEvent=null, aimOnly=true
Shooter.aimShooter_DEBUG [41.134627312] owner=null, currOwner=null, vel=90.0, tiltAngle=60.39471431366213, panAngle=0.0, event=null, timeout=0.0, aimOnly=true, shootOffDelay=0.0
Robot.aimShooterAtAprilTag_INFO [41.145308644] Aim at AprilTag: aprilTagId=7, shooterVel=90.0, tiltAngle=60.39471431366213
Shooter.onTarget_DEBUG [41.161664372] shooterEvent=(Shooter.shooterOnTarget=SIGNALED), tiltEvent=(Shooter.tiltOnTarget=CLEARED), panEvent=null, aimOnly=true
Shooter.aimShooter_DEBUG [41.198010234] owner=null, currOwner=null, vel=90.0, tiltAngle=60.24267136680981, panAngle=0.0, event=null, timeout=0.0, aimOnly=true, shootOffDelay=0.0
Robot.aimShooterAtAprilTag_INFO [41.206211761] Aim at AprilTag: aprilTagId=7, shooterVel=90.0, tiltAngle=60.24267136680981
Shooter.onTarget_DEBUG [41.222398662] shooterEvent=(Shooter.shooterOnTarget=SIGNALED), tiltEvent=(Shooter.tiltOnTarget=CLEARED), panEvent=null, aimOnly=true
Shooter.aimShooter_DEBUG [41.241839692] owner=null, currOwner=null, vel=90.0, tiltAngle=60.23879981499542, panAngle=0.0, event=null, timeout=0.0, aimOnly=true, shootOffDelay=0.0
Robot.aimShooterAtAprilTag_INFO [41.251391729] Aim at AprilTag: aprilTagId=7, shooterVel=90.0, tiltAngle=60.23879981499542
Shooter.onTarget_DEBUG [41.27417367] shooterEvent=(Shooter.shooterOnTarget=SIGNALED), tiltEvent=(Shooter.tiltOnTarget=CLEARED), panEvent=null, aimOnly=true
Intake.exitTriggerCallback_INFO [41.284781266] active=false, actionParams=(op=EjectForward, intakePower=1.0, retainPower=0.0, finishDelay=0.0, event=null, timeout=0.0)
Intake.finish_INFO [41.286524536] Finishing intake: completed=true, power=0.0, finishDelay=0.0
Shooter.aimShooter_DEBUG [41.308944374] owner=null, currOwner=null, vel=90.0, tiltAngle=60.36561693040257, panAngle=0.0, event=null, timeout=0.0, aimOnly=true, shootOffDelay=0.0
Robot.aimShooterAtAprilTag_INFO [41.323190165] Aim at AprilTag: aprilTagId=7, shooterVel=90.0, tiltAngle=60.36561693040257
Shooter.onTarget_DEBUG [41.347086222] shooterEvent=(Shooter.shooterOnTarget=SIGNALED), tiltEvent=(Shooter.tiltOnTarget=CLEARED), panEvent=null, aimOnly=true
Shooter.aimShooter_DEBUG [41.411601526] owner=null, currOwner=null, vel=90.0, tiltAngle=60.31029078190261, panAngle=0.0, event=null, timeout=0.0, aimOnly=true, shootOffDelay=0.0
Robot.aimShooterAtAprilTag_INFO [41.415923056] Aim at AprilTag: aprilTagId=7, shooterVel=90.0, tiltAngle=60.31029078190261
Shooter.onTarget_DEBUG [41.435801728] shooterEvent=(Shooter.shooterOnTarget=SIGNALED), tiltEvent=(Shooter.tiltOnTarget=CLEARED), panEvent=null, aimOnly=true
Shooter.aimShooter_DEBUG [41.462256552] owner=null, currOwner=null, vel=90.0, tiltAngle=59.99359650711417, panAngle=0.0, event=null, timeout=0.0, aimOnly=true, shootOffDelay=0.0
Robot.aimShooterAtAprilTag_INFO [41.499099117] Aim at AprilTag: aprilTagId=8, shooterVel=90.0, tiltAngle=59.99359650711417
Shooter.onTarget_DEBUG [41.530405973] shooterEvent=(Shooter.shooterOnTarget=SIGNALED), tiltEvent=(Shooter.tiltOnTarget=CLEARED), panEvent=null, aimOnly=true
Shooter.aimShooter_DEBUG [41.540011973] owner=null, currOwner=null, vel=90.0, tiltAngle=60.25687658364491, panAngle=0.0, event=null, timeout=0.0, aimOnly=true, shootOffDelay=0.0
Robot.aimShooterAtAprilTag_INFO [41.550741877] Aim at AprilTag: aprilTagId=7, shooterVel=90.0, tiltAngle=60.25687658364491
Shooter.onTarget_DEBUG [41.57415222] shooterEvent=(Shooter.shooterOnTarget=SIGNALED), tiltEvent=(Shooter.tiltOnTarget=CLEARED), panEvent=null, aimOnly=true
FrcTeleOp.operatorControllerButtonEvent_INFO [41.580390455] ##### button=BUTTON_B, pressed=false
FrcTeleOp.operatorControllerButtonEvent_INFO [41.588315904] ##### button=BUTTON_Y, pressed=false
FrcTeleOp.driverControllerButtonEvent_INFO [42.63952606] ##### button=BUTTON_B, pressed=true
FrcTeleOp.driverControllerButtonEvent_INFO [42.693952458] ##### button=BUTTON_B, pressed=false
FrcTeleOp.driverControllerButtonEvent_INFO [49.433775023] ##### button=BUTTON_X, pressed=true
TaskAutoPickupFromGround.autoAssistPickup_INFO [49.435113471] useVision=false, inAuto=false, event=null
TaskAutoPickupFromGround.acquireSubsystemsOwnership_INFO [49.436010522] Successfully acquired subsystem ownerships for AutoPickupGround.
TaskAutoPickupFromGround.autoTask_INFO [49.462773199] <Event name="StateInfo" time="49.460711604" tag="vvvvv" TaskAutoPickupFromGround.state="START" />
TaskAutoPickupFromGround.runTaskState_INFO [49.464467823] ***** Not using Note Vision.
TaskAutoPickupFromGround.autoTask_INFO [49.471453302] <Event name="StateInfo" time="49.471255914" tag="vvvvv" TaskAutoPickupFromGround.state="DRIVE_TO_NOTE" />
Intake.performAction_INFO [49.473805099] Action: (op=IntakeForward, intakePower=1.0, retainPower=0.0, finishDelay=0.0, event=(TaskAutoPickupFromGround.intakeEvent=SIGNALED), timeout=0.0), hasObject=false
TaskAutoPickupFromGround.runTaskState_INFO [49.476625831] ***** Did not see Note, release drive ownership.
FrcTeleOp.driverControllerButtonEvent_INFO [49.487477369] ##### button=BUTTON_X, pressed=false
FrcTeleOp.driverControllerButtonEvent_INFO [51.244370047] ##### button=LEFT_BUMPER, pressed=true
FrcTeleOp.driverControllerButtonEvent_INFO [51.657409461] ##### button=LEFT_BUMPER, pressed=false
Intake.entryTriggerCallback_INFO [53.777505138] active=true, actionParams=(op=IntakeForward, intakePower=1.0, retainPower=0.0, finishDelay=0.0, event=(TaskAutoPickupFromGround.intakeEvent=CLEARED), timeout=0.0)
TaskAutoPickupFromGround.autoTask_INFO [53.792657958] <Event name="StateInfo" time="53.79230697" tag="vvvvv" TaskAutoPickupFromGround.state="CHECK_INTAKE_COMPLETION" />
TaskAutoPickupFromGround.runTaskState_INFO [53.79404571] **** Check Intake: intakeEvent=(TaskAutoPickupFromGround.intakeEvent=CLEARED), gotNoteEvent=(TaskAutoPickupFromGround.gotNoteEvent=SIGNALED), driveEvent=(TaskAutoPickupFromGround.driveEvent=CANCELED), gotNote=true
Intake.exitTriggerCallback_INFO [54.302443066] active=true, actionParams=(op=IntakeForward, intakePower=1.0, retainPower=0.0, finishDelay=0.0, event=(TaskAutoPickupFromGround.intakeEvent=CLEARED), timeout=0.0)
Intake.finish_INFO [54.318109772] Finishing intake: completed=true, power=0.0, finishDelay=0.0
TaskAutoPickupFromGround.autoTask_INFO [54.320307944] <Event name="StateInfo" time="54.320041382" tag="vvvvv" TaskAutoPickupFromGround.state="DONE" />
TaskAutoPickupFromGround.stopSubsystems_INFO [54.323304141] Stopping subsystems.
Intake.cancel_INFO [54.325223035] owner=AutoPickupGround
Intake.finish_INFO [54.33003114] Finishing inactive intake: completed=false, delayFinishPending=false
TaskAutoPickupFromGround.releaseSubsystemsOwnership_INFO [54.334101598] Releasing subsystem ownership (currOwner=AutoPickupGround, intake=AutoPickupGround, robotDrive=null).
Intake.entryTriggerCallback_INFO [54.339768026] active=false, actionParams=null
FrcTeleOp.operatorControllerButtonEvent_INFO [56.35211495] ##### button=BUTTON_Y, pressed=true
Shooter.aimShooter_DEBUG [58.922469924] owner=null, currOwner=null, vel=90.0, tiltAngle=46.963324976885964, panAngle=0.0, event=null, timeout=0.0, aimOnly=true, shootOffDelay=0.0
Robot.aimShooterAtAprilTag_INFO [58.925037278] Aim at AprilTag: aprilTagId=7, shooterVel=90.0, tiltAngle=46.963324976885964
Shooter.onTarget_DEBUG [59.015178181] shooterEvent=(Shooter.shooterOnTarget=SIGNALED), tiltEvent=(Shooter.tiltOnTarget=CLEARED), panEvent=null, aimOnly=true
Shooter.aimShooter_DEBUG [59.025589725] owner=null, currOwner=null, vel=90.0, tiltAngle=46.66558718733736, panAngle=0.0, event=null, timeout=0.0, aimOnly=true, shootOffDelay=0.0
Robot.aimShooterAtAprilTag_INFO [59.032269299] Aim at AprilTag: aprilTagId=7, shooterVel=90.0, tiltAngle=46.66558718733736
Shooter.onTarget_DEBUG [59.063925655] shooterEvent=(Shooter.shooterOnTarget=SIGNALED), tiltEvent=(Shooter.tiltOnTarget=CLEARED), panEvent=null, aimOnly=true
Shooter.aimShooter_DEBUG [59.07978137] owner=null, currOwner=null, vel=90.0, tiltAngle=46.66558718733736, panAngle=0.0, event=null, timeout=0.0, aimOnly=true, shootOffDelay=0.0
Robot.aimShooterAtAprilTag_INFO [59.090063268] Aim at AprilTag: aprilTagId=7, shooterVel=90.0, tiltAngle=46.66558718733736
Shooter.onTarget_DEBUG [59.123922559] shooterEvent=(Shooter.shooterOnTarget=SIGNALED), tiltEvent=(Shooter.tiltOnTarget=CLEARED), panEvent=null, aimOnly=true
Shooter.aimShooter_DEBUG [59.143243434] owner=null, currOwner=null, vel=90.0, tiltAngle=46.71458590792374, panAngle=0.0, event=null, timeout=0.0, aimOnly=true, shootOffDelay=0.0
Robot.aimShooterAtAprilTag_INFO [59.154166785] Aim at AprilTag: aprilTagId=7, shooterVel=90.0, tiltAngle=46.71458590792374
Shooter.onTarget_DEBUG [59.183314993] shooterEvent=(Shooter.shooterOnTarget=SIGNALED), tiltEvent=(Shooter.tiltOnTarget=CLEARED), panEvent=null, aimOnly=true
Shooter.aimShooter_DEBUG [59.196521949] owner=null, currOwner=null, vel=90.0, tiltAngle=46.71458590792374, panAngle=0.0, event=null, timeout=0.0, aimOnly=true, shootOffDelay=0.0
Robot.aimShooterAtAprilTag_INFO [59.201178606] Aim at AprilTag: aprilTagId=7, shooterVel=90.0, tiltAngle=46.71458590792374
Shooter.onTarget_DEBUG [59.245775518] shooterEvent=(Shooter.shooterOnTarget=SIGNALED), tiltEvent=(Shooter.tiltOnTarget=CLEARED), panEvent=null, aimOnly=true
Shooter.aimShooter_DEBUG [59.257239423] owner=null, currOwner=null, vel=90.0, tiltAngle=46.34016700563605, panAngle=0.0, event=null, timeout=0.0, aimOnly=true, shootOffDelay=0.0
Robot.aimShooterAtAprilTag_INFO [59.261163997] Aim at AprilTag: aprilTagId=7, shooterVel=90.0, tiltAngle=46.34016700563605
Shooter.onTarget_DEBUG [59.291348293] shooterEvent=(Shooter.shooterOnTarget=SIGNALED), tiltEvent=(Shooter.tiltOnTarget=CLEARED), panEvent=null, aimOnly=true
Shooter.aimShooter_DEBUG [59.309037373] owner=null, currOwner=null, vel=90.0, tiltAngle=46.17825608922404, panAngle=0.0, event=null, timeout=0.0, aimOnly=true, shootOffDelay=0.0
Robot.aimShooterAtAprilTag_INFO [59.313652354] Aim at AprilTag: aprilTagId=7, shooterVel=90.0, tiltAngle=46.17825608922404
Shooter.onTarget_DEBUG [59.353064021] shooterEvent=(Shooter.shooterOnTarget=SIGNALED), tiltEvent=(Shooter.tiltOnTarget=CLEARED), panEvent=null, aimOnly=true
Shooter.aimShooter_DEBUG [59.362875787] owner=null, currOwner=null, vel=90.0, tiltAngle=46.0412615617679, panAngle=0.0, event=null, timeout=0.0, aimOnly=true, shootOffDelay=0.0
Robot.aimShooterAtAprilTag_INFO [59.369807522] Aim at AprilTag: aprilTagId=7, shooterVel=90.0, tiltAngle=46.0412615617679
Shooter.onTarget_DEBUG [59.397734844] shooterEvent=(Shooter.shooterOnTarget=SIGNALED), tiltEvent=(Shooter.tiltOnTarget=CLEARED), panEvent=null, aimOnly=true
Shooter.aimShooter_DEBUG [59.411826979] owner=null, currOwner=null, vel=90.0, tiltAngle=45.97093953159842, panAngle=0.0, event=null, timeout=0.0, aimOnly=true, shootOffDelay=0.0
Robot.aimShooterAtAprilTag_INFO [59.416327083] Aim at AprilTag: aprilTagId=7, shooterVel=90.0, tiltAngle=45.97093953159842
Shooter.onTarget_DEBUG [59.457137875] shooterEvent=(Shooter.shooterOnTarget=SIGNALED), tiltEvent=(Shooter.tiltOnTarget=CLEARED), panEvent=null, aimOnly=true
Shooter.aimShooter_DEBUG [59.519838448] owner=null, currOwner=null, vel=90.0, tiltAngle=45.36709087333746, panAngle=0.0, event=null, timeout=0.0, aimOnly=true, shootOffDelay=0.0
Robot.aimShooterAtAprilTag_INFO [59.524226938] Aim at AprilTag: aprilTagId=7, shooterVel=90.0, tiltAngle=45.36709087333746
Shooter.onTarget_DEBUG [59.581832909] shooterEvent=(Shooter.shooterOnTarget=SIGNALED), tiltEvent=(Shooter.tiltOnTarget=CLEARED), panEvent=null, aimOnly=true
Shooter.aimShooter_DEBUG [59.601556447] owner=null, currOwner=null, vel=90.0, tiltAngle=45.6266641110351, panAngle=0.0, event=null, timeout=0.0, aimOnly=true, shootOffDelay=0.0
Robot.aimShooterAtAprilTag_INFO [59.61000834] Aim at AprilTag: aprilTagId=7, shooterVel=90.0, tiltAngle=45.6266641110351
Shooter.onTarget_DEBUG [59.640460002] shooterEvent=(Shooter.shooterOnTarget=SIGNALED), tiltEvent=(Shooter.tiltOnTarget=CLEARED), panEvent=null, aimOnly=true
Shooter.aimShooter_DEBUG [59.730920111] owner=null, currOwner=null, vel=90.0, tiltAngle=45.239739032539816, panAngle=0.0, event=null, timeout=0.0, aimOnly=true, shootOffDelay=0.0
Robot.aimShooterAtAprilTag_INFO [59.739322878] Aim at AprilTag: aprilTagId=7, shooterVel=90.0, tiltAngle=45.239739032539816
Shooter.onTarget_DEBUG [59.774153343] shooterEvent=(Shooter.shooterOnTarget=SIGNALED), tiltEvent=(Shooter.tiltOnTarget=CLEARED), panEvent=null, aimOnly=true
Shooter.aimShooter_DEBUG [59.786667799] owner=null, currOwner=null, vel=90.0, tiltAngle=44.85482891016173, panAngle=0.0, event=null, timeout=0.0, aimOnly=true, shootOffDelay=0.0
Robot.aimShooterAtAprilTag_INFO [59.789618461] Aim at AprilTag: aprilTagId=7, shooterVel=90.0, tiltAngle=44.85482891016173
Shooter.onTarget_DEBUG [59.827202348] shooterEvent=(Shooter.shooterOnTarget=SIGNALED), tiltEvent=(Shooter.tiltOnTarget=CLEARED), panEvent=null, aimOnly=true
Shooter.aimShooter_DEBUG [59.832482152] owner=null, currOwner=null, vel=90.0, tiltAngle=44.66822502832991, panAngle=0.0, event=null, timeout=0.0, aimOnly=true, shootOffDelay=0.0
Robot.aimShooterAtAprilTag_INFO [59.846595542] Aim at AprilTag: aprilTagId=7, shooterVel=90.0, tiltAngle=44.66822502832991
Shooter.onTarget_DEBUG [59.891875526] shooterEvent=(Shooter.shooterOnTarget=SIGNALED), tiltEvent=(Shooter.tiltOnTarget=CLEARED), panEvent=null, aimOnly=true
Shooter.aimShooter_DEBUG [59.89793418] owner=null, currOwner=null, vel=90.0, tiltAngle=45.3547986724568, panAngle=0.0, event=null, timeout=0.0, aimOnly=true, shootOffDelay=0.0
Robot.aimShooterAtAprilTag_INFO [59.90405361] Aim at AprilTag: aprilTagId=7, shooterVel=90.0, tiltAngle=45.3547986724568
Shooter.onTarget_DEBUG [59.946604647] shooterEvent=(Shooter.shooterOnTarget=SIGNALED), tiltEvent=(Shooter.tiltOnTarget=CLEARED), panEvent=null, aimOnly=true
Shooter.aimShooter_DEBUG [59.959673118] owner=null, currOwner=null, vel=90.0, tiltAngle=45.297296060399894, panAngle=0.0, event=null, timeout=0.0, aimOnly=true, shootOffDelay=0.0
Robot.aimShooterAtAprilTag_INFO [59.963484241] Aim at AprilTag: aprilTagId=7, shooterVel=90.0, tiltAngle=45.297296060399894
Shooter.onTarget_DEBUG [60.006631258] shooterEvent=(Shooter.shooterOnTarget=SIGNALED), tiltEvent=(Shooter.tiltOnTarget=CLEARED), panEvent=null, aimOnly=true
Shooter.aimShooter_DEBUG [60.015303688] owner=null, currOwner=null, vel=90.0, tiltAngle=45.7729580958203, panAngle=0.0, event=null, timeout=0.0, aimOnly=true, shootOffDelay=0.0
Robot.aimShooterAtAprilTag_INFO [60.023845237] Aim at AprilTag: aprilTagId=7, shooterVel=90.0, tiltAngle=45.7729580958203
Shooter.onTarget_DEBUG [60.085846654] shooterEvent=(Shooter.shooterOnTarget=SIGNALED), tiltEvent=(Shooter.tiltOnTarget=CLEARED), panEvent=null, aimOnly=true
Shooter.aimShooter_DEBUG [60.096433571] owner=null, currOwner=null, vel=90.0, tiltAngle=47.02415250537292, panAngle=0.0, event=null, timeout=0.0, aimOnly=true, shootOffDelay=0.0
Robot.aimShooterAtAprilTag_INFO [60.107953772] Aim at AprilTag: aprilTagId=7, shooterVel=90.0, tiltAngle=47.02415250537292
Shooter.onTarget_DEBUG [60.13843608] shooterEvent=(Shooter.shooterOnTarget=SIGNALED), tiltEvent=(Shooter.tiltOnTarget=CLEARED), panEvent=null, aimOnly=true
Shooter.aimShooter_DEBUG [60.156035276] owner=null, currOwner=null, vel=90.0, tiltAngle=47.02415250537292, panAngle=0.0, event=null, timeout=0.0, aimOnly=true, shootOffDelay=0.0
Robot.aimShooterAtAprilTag_INFO [60.161678301] Aim at AprilTag: aprilTagId=7, shooterVel=90.0, tiltAngle=47.02415250537292
Shooter.onTarget_DEBUG [60.213675486] shooterEvent=(Shooter.shooterOnTarget=SIGNALED), tiltEvent=(Shooter.tiltOnTarget=CLEARED), panEvent=null, aimOnly=true
Shooter.aimShooter_DEBUG [60.22447052] owner=null, currOwner=null, vel=90.0, tiltAngle=47.39628200005861, panAngle=0.0, event=null, timeout=0.0, aimOnly=true, shootOffDelay=0.0
Robot.aimShooterAtAprilTag_INFO [60.2277842] Aim at AprilTag: aprilTagId=7, shooterVel=90.0, tiltAngle=47.39628200005861
Shooter.onTarget_DEBUG [60.278222979] shooterEvent=(Shooter.shooterOnTarget=SIGNALED), tiltEvent=(Shooter.tiltOnTarget=CLEARED), panEvent=null, aimOnly=true
Shooter.aimShooter_DEBUG [60.337967648] owner=null, currOwner=null, vel=90.0, tiltAngle=47.641957086980405, panAngle=0.0, event=null, timeout=0.0, aimOnly=true, shootOffDelay=0.0
Robot.aimShooterAtAprilTag_INFO [60.347006014] Aim at AprilTag: aprilTagId=7, shooterVel=90.0, tiltAngle=47.641957086980405
Shooter.onTarget_DEBUG [60.385627253] shooterEvent=(Shooter.shooterOnTarget=SIGNALED), tiltEvent=(Shooter.tiltOnTarget=CLEARED), panEvent=null, aimOnly=true
Shooter.aimShooter_DEBUG [60.400364377] owner=null, currOwner=null, vel=90.0, tiltAngle=47.404100545497066, panAngle=0.0, event=null, timeout=0.0, aimOnly=true, shootOffDelay=0.0
Robot.aimShooterAtAprilTag_INFO [60.403889444] Aim at AprilTag: aprilTagId=7, shooterVel=90.0, tiltAngle=47.404100545497066
Shooter.onTarget_DEBUG [60.454526473] shooterEvent=(Shooter.shooterOnTarget=SIGNALED), tiltEvent=(Shooter.tiltOnTarget=CLEARED), panEvent=null, aimOnly=true
Shooter.aimShooter_DEBUG [60.47489195] owner=null, currOwner=null, vel=90.0, tiltAngle=47.638466053757384, panAngle=0.0, event=null, timeout=0.0, aimOnly=true, shootOffDelay=0.0
Robot.aimShooterAtAprilTag_INFO [60.483338831] Aim at AprilTag: aprilTagId=7, shooterVel=90.0, tiltAngle=47.638466053757384
Shooter.onTarget_DEBUG [60.505645299] shooterEvent=(Shooter.shooterOnTarget=SIGNALED), tiltEvent=(Shooter.tiltOnTarget=CLEARED), panEvent=null, aimOnly=true
Shooter.aimShooter_DEBUG [60.515003873] owner=null, currOwner=null, vel=90.0, tiltAngle=47.621588901365165, panAngle=0.0, event=null, timeout=0.0, aimOnly=true, shootOffDelay=0.0
Robot.aimShooterAtAprilTag_INFO [60.516790352] Aim at AprilTag: aprilTagId=7, shooterVel=90.0, tiltAngle=47.621588901365165
FrcTeleOp.operatorControllerButtonEvent_INFO [60.562592292] ##### button=BUTTON_B, pressed=true
Intake.performAction_INFO [60.5761594] Action: (op=EjectForward, intakePower=1.0, retainPower=0.0, finishDelay=0.0, event=null, timeout=0.0), hasObject=true
Shooter.onTarget_DEBUG [60.577659776] shooterEvent=(Shooter.shooterOnTarget=SIGNALED), tiltEvent=(Shooter.tiltOnTarget=CLEARED), panEvent=null, aimOnly=true
Shooter.aimShooter_DEBUG [60.589725077] owner=null, currOwner=null, vel=90.0, tiltAngle=47.62556931080236, panAngle=0.0, event=null, timeout=0.0, aimOnly=true, shootOffDelay=0.0
Robot.aimShooterAtAprilTag_INFO [60.591723225] Aim at AprilTag: aprilTagId=7, shooterVel=90.0, tiltAngle=47.62556931080236
Shooter.onTarget_DEBUG [60.647113532] shooterEvent=(Shooter.shooterOnTarget=SIGNALED), tiltEvent=(Shooter.tiltOnTarget=CLEARED), panEvent=null, aimOnly=true
Shooter.aimShooter_DEBUG [60.665923498] owner=null, currOwner=null, vel=90.0, tiltAngle=47.569366397362714, panAngle=0.0, event=null, timeout=0.0, aimOnly=true, shootOffDelay=0.0
Robot.aimShooterAtAprilTag_INFO [60.680643594] Aim at AprilTag: aprilTagId=7, shooterVel=90.0, tiltAngle=47.569366397362714
Shooter.onTarget_DEBUG [60.715828023] shooterEvent=(Shooter.shooterOnTarget=SIGNALED), tiltEvent=(Shooter.tiltOnTarget=CLEARED), panEvent=null, aimOnly=true
Shooter.aimShooter_DEBUG [60.73511867] owner=null, currOwner=null, vel=90.0, tiltAngle=47.29076380902563, panAngle=0.0, event=null, timeout=0.0, aimOnly=true, shootOffDelay=0.0
Robot.aimShooterAtAprilTag_INFO [60.743121613] Aim at AprilTag: aprilTagId=7, shooterVel=90.0, tiltAngle=47.29076380902563
Shooter.onTarget_DEBUG [60.757798218] shooterEvent=(Shooter.shooterOnTarget=SIGNALED), tiltEvent=(Shooter.tiltOnTarget=CLEARED), panEvent=null, aimOnly=true
Shooter.aimShooter_DEBUG [60.776232028] owner=null, currOwner=null, vel=90.0, tiltAngle=47.29076380902563, panAngle=0.0, event=null, timeout=0.0, aimOnly=true, shootOffDelay=0.0
Robot.aimShooterAtAprilTag_INFO [60.792080582] Aim at AprilTag: aprilTagId=7, shooterVel=90.0, tiltAngle=47.29076380902563
Shooter.onTarget_DEBUG [60.836393018] shooterEvent=(Shooter.shooterOnTarget=SIGNALED), tiltEvent=(Shooter.tiltOnTarget=CLEARED), panEvent=null, aimOnly=true
Shooter.aimShooter_DEBUG [60.850313653] owner=null, currOwner=null, vel=90.0, tiltAngle=47.43481274129102, panAngle=0.0, event=null, timeout=0.0, aimOnly=true, shootOffDelay=0.0
Robot.aimShooterAtAprilTag_INFO [60.857304795] Aim at AprilTag: aprilTagId=7, shooterVel=90.0, tiltAngle=47.43481274129102
Shooter.onTarget_DEBUG [60.872345291] shooterEvent=(Shooter.shooterOnTarget=SIGNALED), tiltEvent=(Shooter.tiltOnTarget=CLEARED), panEvent=null, aimOnly=true
Shooter.aimShooter_DEBUG [60.896693834] owner=null, currOwner=null, vel=90.0, tiltAngle=47.51245547360715, panAngle=0.0, event=null, timeout=0.0, aimOnly=true, shootOffDelay=0.0
Robot.aimShooterAtAprilTag_INFO [60.902576679] Aim at AprilTag: aprilTagId=7, shooterVel=90.0, tiltAngle=47.51245547360715
Intake.exitTriggerCallback_INFO [60.94330825] active=false, actionParams=(op=EjectForward, intakePower=1.0, retainPower=0.0, finishDelay=0.0, event=null, timeout=0.0)
Intake.finish_INFO [60.945939476] Finishing intake: completed=true, power=0.0, finishDelay=0.0
Shooter.onTarget_DEBUG [60.950587226] shooterEvent=(Shooter.shooterOnTarget=SIGNALED), tiltEvent=(Shooter.tiltOnTarget=CLEARED), panEvent=null, aimOnly=true
Shooter.aimShooter_DEBUG [60.966434722] owner=null, currOwner=null, vel=90.0, tiltAngle=47.54327164458743, panAngle=0.0, event=null, timeout=0.0, aimOnly=true, shootOffDelay=0.0
Robot.aimShooterAtAprilTag_INFO [60.970122495] Aim at AprilTag: aprilTagId=7, shooterVel=90.0, tiltAngle=47.54327164458743
Shooter.onTarget_DEBUG [60.994860426] shooterEvent=(Shooter.shooterOnTarget=SIGNALED), tiltEvent=(Shooter.tiltOnTarget=CLEARED), panEvent=null, aimOnly=true
Shooter.aimShooter_DEBUG [61.004173453] owner=null, currOwner=null, vel=90.0, tiltAngle=46.91393410613914, panAngle=0.0, event=null, timeout=0.0, aimOnly=true, shootOffDelay=0.0
Robot.aimShooterAtAprilTag_INFO [61.018310178] Aim at AprilTag: aprilTagId=8, shooterVel=90.0, tiltAngle=46.91393410613914
Shooter.onTarget_DEBUG [61.048033576] shooterEvent=(Shooter.shooterOnTarget=SIGNALED), tiltEvent=(Shooter.tiltOnTarget=CLEARED), panEvent=null, aimOnly=true
Shooter.aimShooter_DEBUG [61.067864728] owner=null, currOwner=null, vel=90.0, tiltAngle=47.471950858582154, panAngle=0.0, event=null, timeout=0.0, aimOnly=true, shootOffDelay=0.0
Robot.aimShooterAtAprilTag_INFO [61.077986624] Aim at AprilTag: aprilTagId=7, shooterVel=90.0, tiltAngle=47.471950858582154
Shooter.onTarget_DEBUG [61.106167425] shooterEvent=(Shooter.shooterOnTarget=SIGNALED), tiltEvent=(Shooter.tiltOnTarget=CLEARED), panEvent=null, aimOnly=true
Shooter.aimShooter_DEBUG [61.116144892] owner=null, currOwner=null, vel=90.0, tiltAngle=47.10798369936562, panAngle=0.0, event=null, timeout=0.0, aimOnly=true, shootOffDelay=0.0
Robot.aimShooterAtAprilTag_INFO [61.120849681] Aim at AprilTag: aprilTagId=7, shooterVel=90.0, tiltAngle=47.10798369936562
Shooter.onTarget_DEBUG [61.156354943] shooterEvent=(Shooter.shooterOnTarget=SIGNALED), tiltEvent=(Shooter.tiltOnTarget=CLEARED), panEvent=null, aimOnly=true
FrcTeleOp.operatorControllerButtonEvent_INFO [61.160401107] ##### button=BUTTON_B, pressed=false
FrcTeleOp.operatorControllerButtonEvent_INFO [61.17137067] ##### button=BUTTON_Y, pressed=false
FrcTeleOp.driverControllerButtonEvent_INFO [70.924983733] ##### button=BUTTON_X, pressed=true
TaskAutoPickupFromGround.autoAssistPickup_INFO [70.929350969] useVision=false, inAuto=false, event=null
TaskAutoPickupFromGround.acquireSubsystemsOwnership_INFO [70.930405732] Successfully acquired subsystem ownerships for AutoPickupGround.
TaskAutoPickupFromGround.autoTask_INFO [70.935518999] <Event name="StateInfo" time="70.935251618" tag="vvvvv" TaskAutoPickupFromGround.state="START" />
TaskAutoPickupFromGround.runTaskState_INFO [70.938126895] ***** Not using Note Vision.
TaskAutoPickupFromGround.autoTask_INFO [70.940604839] <Event name="StateInfo" time="70.940414053" tag="vvvvv" TaskAutoPickupFromGround.state="DRIVE_TO_NOTE" />
Intake.performAction_INFO [70.941789521] Action: (op=IntakeForward, intakePower=1.0, retainPower=0.0, finishDelay=0.0, event=(TaskAutoPickupFromGround.intakeEvent=SIGNALED), timeout=0.0), hasObject=false
TaskAutoPickupFromGround.runTaskState_INFO [70.942779936] ***** Did not see Note, release drive ownership.
FrcTeleOp.driverControllerButtonEvent_INFO [70.975272205] ##### button=BUTTON_X, pressed=false
Intake.entryTriggerCallback_INFO [73.36642994] active=true, actionParams=(op=IntakeForward, intakePower=1.0, retainPower=0.0, finishDelay=0.0, event=(TaskAutoPickupFromGround.intakeEvent=CLEARED), timeout=0.0)
TaskAutoPickupFromGround.autoTask_INFO [73.368923692] <Event name="StateInfo" time="73.36850792" tag="vvvvv" TaskAutoPickupFromGround.state="CHECK_INTAKE_COMPLETION" />
TaskAutoPickupFromGround.runTaskState_INFO [73.369934627] **** Check Intake: intakeEvent=(TaskAutoPickupFromGround.intakeEvent=CLEARED), gotNoteEvent=(TaskAutoPickupFromGround.gotNoteEvent=SIGNALED), driveEvent=(TaskAutoPickupFromGround.driveEvent=CANCELED), gotNote=true
Intake.exitTriggerCallback_INFO [73.837599187] active=true, actionParams=(op=IntakeForward, intakePower=1.0, retainPower=0.0, finishDelay=0.0, event=(TaskAutoPickupFromGround.intakeEvent=CLEARED), timeout=0.0)
Intake.finish_INFO [73.839623225] Finishing intake: completed=true, power=0.0, finishDelay=0.0
TaskAutoPickupFromGround.autoTask_INFO [73.842113183] <Event name="StateInfo" time="73.84183842" tag="vvvvv" TaskAutoPickupFromGround.state="DONE" />
TaskAutoPickupFromGround.stopSubsystems_INFO [73.843231535] Stopping subsystems.
Intake.cancel_INFO [73.844640049] owner=AutoPickupGround
Intake.finish_INFO [73.845934164] Finishing inactive intake: completed=false, delayFinishPending=false
TaskAutoPickupFromGround.releaseSubsystemsOwnership_INFO [73.861941638] Releasing subsystem ownership (currOwner=AutoPickupGround, intake=AutoPickupGround, robotDrive=null).
Intake.entryTriggerCallback_INFO [73.900675379] active=false, actionParams=null
FrcTeleOp.operatorControllerButtonEvent_INFO [76.704812881] ##### button=BUTTON_Y, pressed=true
Shooter.aimShooter_DEBUG [78.709158205] owner=null, currOwner=null, vel=90.0, tiltAngle=39.408058717248096, panAngle=0.0, event=null, timeout=0.0, aimOnly=true, shootOffDelay=0.0
Robot.aimShooterAtAprilTag_INFO [78.711500162] Aim at AprilTag: aprilTagId=7, shooterVel=90.0, tiltAngle=39.408058717248096
Shooter.onTarget_DEBUG [78.754830174] shooterEvent=(Shooter.shooterOnTarget=SIGNALED), tiltEvent=(Shooter.tiltOnTarget=CLEARED), panEvent=null, aimOnly=true
Shooter.aimShooter_DEBUG [78.814374043] owner=null, currOwner=null, vel=90.0, tiltAngle=40.65352663908389, panAngle=0.0, event=null, timeout=0.0, aimOnly=true, shootOffDelay=0.0
Robot.aimShooterAtAprilTag_INFO [78.831324461] Aim at AprilTag: aprilTagId=7, shooterVel=90.0, tiltAngle=40.65352663908389
Shooter.onTarget_DEBUG [78.885150822] shooterEvent=(Shooter.shooterOnTarget=SIGNALED), tiltEvent=(Shooter.tiltOnTarget=CLEARED), panEvent=null, aimOnly=true
Shooter.aimShooter_DEBUG [78.900291305] owner=null, currOwner=null, vel=90.0, tiltAngle=41.11618423374346, panAngle=0.0, event=null, timeout=0.0, aimOnly=true, shootOffDelay=0.0
Robot.aimShooterAtAprilTag_INFO [78.903985499] Aim at AprilTag: aprilTagId=7, shooterVel=90.0, tiltAngle=41.11618423374346
Shooter.onTarget_DEBUG [78.942127093] shooterEvent=(Shooter.shooterOnTarget=SIGNALED), tiltEvent=(Shooter.tiltOnTarget=CLEARED), panEvent=null, aimOnly=true
Shooter.aimShooter_DEBUG [78.956658768] owner=null, currOwner=null, vel=90.0, tiltAngle=42.10098758320719, panAngle=0.0, event=null, timeout=0.0, aimOnly=true, shootOffDelay=0.0
Robot.aimShooterAtAprilTag_INFO [78.960531009] Aim at AprilTag: aprilTagId=7, shooterVel=90.0, tiltAngle=42.10098758320719
Shooter.onTarget_DEBUG [79.005033702] shooterEvent=(Shooter.shooterOnTarget=SIGNALED), tiltEvent=(Shooter.tiltOnTarget=CLEARED), panEvent=null, aimOnly=true
Shooter.aimShooter_DEBUG [79.172204205] owner=null, currOwner=null, vel=90.0, tiltAngle=46.16958526226754, panAngle=0.0, event=null, timeout=0.0, aimOnly=true, shootOffDelay=0.0
Robot.aimShooterAtAprilTag_INFO [79.19119997] Aim at AprilTag: aprilTagId=7, shooterVel=90.0, tiltAngle=46.16958526226754
Shooter.onTarget_DEBUG [79.219759112] shooterEvent=(Shooter.shooterOnTarget=SIGNALED), tiltEvent=(Shooter.tiltOnTarget=CLEARED), panEvent=null, aimOnly=true
Shooter.aimShooter_DEBUG [79.237874058] owner=null, currOwner=null, vel=90.0, tiltAngle=48.25642212911591, panAngle=0.0, event=null, timeout=0.0, aimOnly=true, shootOffDelay=0.0
Robot.aimShooterAtAprilTag_INFO [79.253279509] Aim at AprilTag: aprilTagId=7, shooterVel=90.0, tiltAngle=48.25642212911591
Shooter.onTarget_DEBUG [79.300446285] shooterEvent=(Shooter.shooterOnTarget=SIGNALED), tiltEvent=(Shooter.tiltOnTarget=CLEARED), panEvent=null, aimOnly=true
Shooter.aimShooter_DEBUG [79.310795886] owner=null, currOwner=null, vel=90.0, tiltAngle=48.93389505133794, panAngle=0.0, event=null, timeout=0.0, aimOnly=true, shootOffDelay=0.0
Robot.aimShooterAtAprilTag_INFO [79.316643373] Aim at AprilTag: aprilTagId=7, shooterVel=90.0, tiltAngle=48.93389505133794
Shooter.onTarget_DEBUG [79.340049724] shooterEvent=(Shooter.shooterOnTarget=SIGNALED), tiltEvent=(Shooter.tiltOnTarget=CLEARED), panEvent=null, aimOnly=true
Shooter.aimShooter_DEBUG [79.356274996] owner=null, currOwner=null, vel=90.0, tiltAngle=49.97770273508864, panAngle=0.0, event=null, timeout=0.0, aimOnly=true, shootOffDelay=0.0
Robot.aimShooterAtAprilTag_INFO [79.359953248] Aim at AprilTag: aprilTagId=7, shooterVel=90.0, tiltAngle=49.97770273508864
Shooter.onTarget_DEBUG [79.398915427] shooterEvent=(Shooter.shooterOnTarget=SIGNALED), tiltEvent=(Shooter.tiltOnTarget=CLEARED), panEvent=null, aimOnly=true
Shooter.aimShooter_DEBUG [79.409170711] owner=null, currOwner=null, vel=90.0, tiltAngle=51.2460791193333, panAngle=0.0, event=null, timeout=0.0, aimOnly=true, shootOffDelay=0.0
Robot.aimShooterAtAprilTag_INFO [79.414066185] Aim at AprilTag: aprilTagId=7, shooterVel=90.0, tiltAngle=51.2460791193333
Shooter.onTarget_DEBUG [79.438397715] shooterEvent=(Shooter.shooterOnTarget=SIGNALED), tiltEvent=(Shooter.tiltOnTarget=CLEARED), panEvent=null, aimOnly=true
Shooter.aimShooter_DEBUG [79.458564872] owner=null, currOwner=null, vel=90.0, tiltAngle=52.09209508613617, panAngle=0.0, event=null, timeout=0.0, aimOnly=true, shootOffDelay=0.0
Robot.aimShooterAtAprilTag_INFO [79.462584595] Aim at AprilTag: aprilTagId=7, shooterVel=90.0, tiltAngle=52.09209508613617
Shooter.onTarget_DEBUG [79.489805538] shooterEvent=(Shooter.shooterOnTarget=SIGNALED), tiltEvent=(Shooter.tiltOnTarget=CLEARED), panEvent=null, aimOnly=true
FrcTeleOp.operatorControllerButtonEvent_INFO [79.502161789] ##### button=BUTTON_B, pressed=true
Intake.performAction_INFO [79.529870024] Action: (op=EjectForward, intakePower=1.0, retainPower=0.0, finishDelay=0.0, event=null, timeout=0.0), hasObject=true
Shooter.aimShooter_DEBUG [79.54301227] owner=null, currOwner=null, vel=90.0, tiltAngle=53.75890937527058, panAngle=0.0, event=null, timeout=0.0, aimOnly=true, shootOffDelay=0.0
Robot.aimShooterAtAprilTag_INFO [79.547442301] Aim at AprilTag: aprilTagId=8, shooterVel=90.0, tiltAngle=53.75890937527058
Shooter.onTarget_DEBUG [79.575296704] shooterEvent=(Shooter.shooterOnTarget=SIGNALED), tiltEvent=(Shooter.tiltOnTarget=CLEARED), panEvent=null, aimOnly=true
Shooter.aimShooter_DEBUG [79.589372185] owner=null, currOwner=null, vel=90.0, tiltAngle=55.368586121854875, panAngle=0.0, event=null, timeout=0.0, aimOnly=true, shootOffDelay=0.0
Robot.aimShooterAtAprilTag_INFO [79.595609824] Aim at AprilTag: aprilTagId=7, shooterVel=90.0, tiltAngle=55.368586121854875
Shooter.onTarget_DEBUG [79.623976606] shooterEvent=(Shooter.shooterOnTarget=SIGNALED), tiltEvent=(Shooter.tiltOnTarget=CLEARED), panEvent=null, aimOnly=true
Shooter.aimShooter_DEBUG [79.641400101] owner=null, currOwner=null, vel=90.0, tiltAngle=56.4295768808946, panAngle=0.0, event=null, timeout=0.0, aimOnly=true, shootOffDelay=0.0
Robot.aimShooterAtAprilTag_INFO [79.646830766] Aim at AprilTag: aprilTagId=7, shooterVel=90.0, tiltAngle=56.4295768808946
Shooter.onTarget_DEBUG [79.662831658] shooterEvent=(Shooter.shooterOnTarget=SIGNALED), tiltEvent=(Shooter.tiltOnTarget=CLEARED), panEvent=null, aimOnly=true
Shooter.aimShooter_DEBUG [79.690395015] owner=null, currOwner=null, vel=90.0, tiltAngle=57.25939242314928, panAngle=0.0, event=null, timeout=0.0, aimOnly=true, shootOffDelay=0.0
Robot.aimShooterAtAprilTag_INFO [79.69811791] Aim at AprilTag: aprilTagId=7, shooterVel=90.0, tiltAngle=57.25939242314928
Shooter.onTarget_DEBUG [79.73751795] shooterEvent=(Shooter.shooterOnTarget=SIGNALED), tiltEvent=(Shooter.tiltOnTarget=CLEARED), panEvent=null, aimOnly=true
Shooter.aimShooter_DEBUG [79.754062934] owner=null, currOwner=null, vel=90.0, tiltAngle=57.8207248964963, panAngle=0.0, event=null, timeout=0.0, aimOnly=true, shootOffDelay=0.0
Robot.aimShooterAtAprilTag_INFO [79.758653185] Aim at AprilTag: aprilTagId=7, shooterVel=90.0, tiltAngle=57.8207248964963
Shooter.onTarget_DEBUG [79.77967629] shooterEvent=(Shooter.shooterOnTarget=SIGNALED), tiltEvent=(Shooter.tiltOnTarget=CLEARED), panEvent=null, aimOnly=true
Shooter.aimShooter_DEBUG [79.808844705] owner=null, currOwner=null, vel=90.0, tiltAngle=58.40361097197324, panAngle=0.0, event=null, timeout=0.0, aimOnly=true, shootOffDelay=0.0
Robot.aimShooterAtAprilTag_INFO [79.816767608] Aim at AprilTag: aprilTagId=7, shooterVel=90.0, tiltAngle=58.40361097197324
Shooter.onTarget_DEBUG [79.845656351] shooterEvent=(Shooter.shooterOnTarget=SIGNALED), tiltEvent=(Shooter.tiltOnTarget=CLEARED), panEvent=null, aimOnly=true
Shooter.aimShooter_DEBUG [79.852220321] owner=null, currOwner=null, vel=90.0, tiltAngle=58.76920552860995, panAngle=0.0, event=null, timeout=0.0, aimOnly=true, shootOffDelay=0.0
Robot.aimShooterAtAprilTag_INFO [79.855608934] Aim at AprilTag: aprilTagId=7, shooterVel=90.0, tiltAngle=58.76920552860995
Shooter.onTarget_DEBUG [79.871490154] shooterEvent=(Shooter.shooterOnTarget=SIGNALED), tiltEvent=(Shooter.tiltOnTarget=CLEARED), panEvent=null, aimOnly=true
Intake.exitTriggerCallback_INFO [79.891557012] active=false, actionParams=(op=EjectForward, intakePower=1.0, retainPower=0.0, finishDelay=0.0, event=null, timeout=0.0)
Intake.finish_INFO [79.893072831] Finishing intake: completed=true, power=0.0, finishDelay=0.0
Shooter.aimShooter_DEBUG [79.918065702] owner=null, currOwner=null, vel=90.0, tiltAngle=59.1065125109829, panAngle=0.0, event=null, timeout=0.0, aimOnly=true, shootOffDelay=0.0
Robot.aimShooterAtAprilTag_INFO [79.930244052] Aim at AprilTag: aprilTagId=7, shooterVel=90.0, tiltAngle=59.1065125109829
Shooter.onTarget_DEBUG [79.976678339] shooterEvent=(Shooter.shooterOnTarget=SIGNALED), tiltEvent=(Shooter.tiltOnTarget=CLEARED), panEvent=null, aimOnly=true
Shooter.aimShooter_DEBUG [79.984503394] owner=null, currOwner=null, vel=90.0, tiltAngle=59.136438148045656, panAngle=0.0, event=null, timeout=0.0, aimOnly=true, shootOffDelay=0.0
Robot.aimShooterAtAprilTag_INFO [79.99462851] Aim at AprilTag: aprilTagId=8, shooterVel=90.0, tiltAngle=59.136438148045656
Shooter.onTarget_DEBUG [80.023875609] shooterEvent=(Shooter.shooterOnTarget=SIGNALED), tiltEvent=(Shooter.tiltOnTarget=CLEARED), panEvent=null, aimOnly=true
Shooter.aimShooter_DEBUG [80.036018389] owner=null, currOwner=null, vel=90.0, tiltAngle=59.866056661421894, panAngle=0.0, event=null, timeout=0.0, aimOnly=true, shootOffDelay=0.0
Robot.aimShooterAtAprilTag_INFO [80.044098275] Aim at AprilTag: aprilTagId=7, shooterVel=90.0, tiltAngle=59.866056661421894
Shooter.onTarget_DEBUG [80.069367451] shooterEvent=(Shooter.shooterOnTarget=SIGNALED), tiltEvent=(Shooter.tiltOnTarget=CLEARED), panEvent=null, aimOnly=true
Shooter.aimShooter_DEBUG [80.094451407] owner=null, currOwner=null, vel=90.0, tiltAngle=59.866056661421894, panAngle=0.0, event=null, timeout=0.0, aimOnly=true, shootOffDelay=0.0
Robot.aimShooterAtAprilTag_INFO [80.101253628] Aim at AprilTag: aprilTagId=7, shooterVel=90.0, tiltAngle=59.866056661421894
Shooter.onTarget_DEBUG [80.125176249] shooterEvent=(Shooter.shooterOnTarget=SIGNALED), tiltEvent=(Shooter.tiltOnTarget=CLEARED), panEvent=null, aimOnly=true
Shooter.aimShooter_DEBUG [80.142648268] owner=null, currOwner=null, vel=90.0, tiltAngle=59.970238163734415, panAngle=0.0, event=null, timeout=0.0, aimOnly=true, shootOffDelay=0.0
Robot.aimShooterAtAprilTag_INFO [80.145623412] Aim at AprilTag: aprilTagId=7, shooterVel=90.0, tiltAngle=59.970238163734415
Shooter.onTarget_DEBUG [80.173293261] shooterEvent=(Shooter.shooterOnTarget=SIGNALED), tiltEvent=(Shooter.tiltOnTarget=CLEARED), panEvent=null, aimOnly=true
FrcTeleOp.operatorControllerButtonEvent_INFO [80.20380086] ##### button=BUTTON_B, pressed=false
Shooter.aimShooter_DEBUG [80.214337944] owner=null, currOwner=null, vel=90.0, tiltAngle=60.28846306587725, panAngle=0.0, event=null, timeout=0.0, aimOnly=true, shootOffDelay=0.0
Robot.aimShooterAtAprilTag_INFO [80.220987258] Aim at AprilTag: aprilTagId=7, shooterVel=90.0, tiltAngle=60.28846306587725
Shooter.onTarget_DEBUG [80.274576385] shooterEvent=(Shooter.shooterOnTarget=SIGNALED), tiltEvent=(Shooter.tiltOnTarget=CLEARED), panEvent=null, aimOnly=true
Shooter.aimShooter_DEBUG [80.279252299] owner=null, currOwner=null, vel=90.0, tiltAngle=59.866087016967874, panAngle=0.0, event=null, timeout=0.0, aimOnly=true, shootOffDelay=0.0
Robot.aimShooterAtAprilTag_INFO [80.29225963] Aim at AprilTag: aprilTagId=8, shooterVel=90.0, tiltAngle=59.866087016967874
FrcTeleOp.operatorControllerButtonEvent_INFO [80.328810437] ##### button=BUTTON_Y, pressed=false
Shooter.onTarget_DEBUG [80.332789965] shooterEvent=(Shooter.shooterOnTarget=SIGNALED), tiltEvent=(Shooter.tiltOnTarget=CLEARED), panEvent=null, aimOnly=true
FrcRobotBase.startCompetition_INFO [95.812138886] *** Transitioning from TELEOP_MODE to DISABLED_MODE ***
TaskAutoScoreNote.autoAssistCancel_INFO [95.824514378] Canceling auto-assist.
TaskAutoPickupFromGround.autoAssistCancel_INFO [95.832440224] Canceling auto-assist.
TaskAutoPickupFromSource.autoAssistCancel_INFO [95.834524344] Canceling auto-assist.
TaskAutoScoreNote.autoAssistCancel_INFO [95.841591172] Canceling auto-assist.
TaskAutoPickupFromGround.autoAssistCancel_INFO [95.843475657] Canceling auto-assist.
TaskAutoPickupFromSource.autoAssistCancel_INFO [95.844879682] Canceling auto-assist.
pidDrive.printPerformanceMetrics_INFO [95.849339512] [pidDrive] Loop Performance Metrics:
Average Loop Interval = NaNs (freq=NaNHz, min=0.000000s, max=0.000000s)

FrcRobotBase.printPerformanceMetrics_INFO [95.859382257] [FrcRobotBase] Loop Performance Metrics:
Average Loop Interval = 0.000832s (freq=1202.369Hz, min=0.000000s, max=0.544567s)
[03]                StartTask=0.000000s
[04]          PrePeriodicTask=0.000085s
[07]               UpdateTask=0.000521s
[02]                StartMode=0.000000s
[06]         PostPeriodicTask=0.000062s
[08]                 StopTask=0.000000s
[09]                 StopMode=0.000000s
[00]                RobotInit=8.735410s
[01]           RobotStartMode=0.000001s
[05]                 Periodic=0.000115s
[10]            RobotStopMode=0.000001s

TrcTaskMgr.printTaskPerformanceMetrics_INFO [95.862963927] TrcWatchdogMgr: STANDALONE_TASK=0.000130/0.997840
TrcTaskMgr.printTaskPerformanceMetrics_INFO [95.86774478] DriverController.buttonEvent: PRE_PERIODIC_TASK=0.000015/0.002328
TrcTaskMgr.printTaskPerformanceMetrics_INFO [95.871811419] OperatorController.buttonEvent: PRE_PERIODIC_TASK=0.000011/0.002328
TrcTaskMgr.printTaskPerformanceMetrics_INFO [95.874776077] SonarTrigger.triggerTask: PRE_PERIODIC_TASK=0.000173/0.046787
TrcTaskMgr.printTaskPerformanceMetrics_INFO [95.87723325] LED: OUTPUT_TASK=0.000021/0.010783
TrcTaskMgr.printTaskPerformanceMetrics_INFO [95.880514488] lfDriveMotor.pidCtrlTask: OUTPUT_TASK=0.000013/0.010783
TrcTaskMgr.printTaskPerformanceMetrics_INFO [95.88382194] TrcMotor.odometryTask: STANDALONE_TASK=0.000434/0.000456
TrcTaskMgr.printTaskPerformanceMetrics_INFO [95.887572531] lfDriveMotor.odometryCleanupTask: STOP_TASK=0.002934/25.560251
TrcTaskMgr.printTaskPerformanceMetrics_INFO [95.892558759] rfDriveMotor.pidCtrlTask: OUTPUT_TASK=0.000007/0.010783
TrcTaskMgr.printTaskPerformanceMetrics_INFO [95.896160001] lbDriveMotor.pidCtrlTask: OUTPUT_TASK=0.000007/0.010783
TrcTaskMgr.printTaskPerformanceMetrics_INFO [95.899284732] rbDriveMotor.pidCtrlTask: OUTPUT_TASK=0.000008/0.010783
TrcTaskMgr.printTaskPerformanceMetrics_INFO [95.904059474] lfSteerMotor.pidCtrlTask: OUTPUT_TASK=0.000097/0.010783
TrcTaskMgr.printTaskPerformanceMetrics_INFO [95.906188101] rfSteerMotor.pidCtrlTask: OUTPUT_TASK=0.000078/0.010783
TrcTaskMgr.printTaskPerformanceMetrics_INFO [95.911474191] lbSteerMotor.pidCtrlTask: OUTPUT_TASK=0.000079/0.010783
TrcTaskMgr.printTaskPerformanceMetrics_INFO [95.914176201] rbSteerMotor.pidCtrlTask: OUTPUT_TASK=0.000077/0.010783
TrcTaskMgr.printTaskPerformanceMetrics_INFO [95.916675647] TrcDriveBase.odometryTask: INPUT_TASK=0.003610/0.011843
TrcTaskMgr.printTaskPerformanceMetrics_INFO [95.919488555] TrcDriveBase.stopTask: STOP_TASK=0.001992/25.561873
TrcTaskMgr.printTaskPerformanceMetrics_INFO [95.922235588] purePursuitDrive.driveTask: POST_PERIODIC_TASK=0.011800/0.036779
TrcTaskMgr.printTaskPerformanceMetrics_INFO [95.926610426] Intake.motor.pidCtrlTask: OUTPUT_TASK=0.000006/0.010783
TrcTaskMgr.printTaskPerformanceMetrics_INFO [95.930223878] Intake.entryTrigger.triggerTask: PRE_PERIODIC_TASK=0.000015/0.000832
TrcTaskMgr.printTaskPerformanceMetrics_INFO [95.932799629] Intake.exitTrigger.triggerTask: PRE_PERIODIC_TASK=0.000006/0.000832
TrcTaskMgr.printTaskPerformanceMetrics_INFO [95.934592282] Shooter.shooterMotor.pidCtrlTask: OUTPUT_TASK=0.000018/0.010783
TrcTaskMgr.printTaskPerformanceMetrics_INFO [95.936290482] Shooter.tiltMotor.pidCtrlTask: OUTPUT_TASK=0.000210/0.010783
TrcTaskMgr.printTaskPerformanceMetrics_INFO [95.938690662] Shooter.tiltMotor.converterTask: INPUT_TASK=0.000111/0.010783
TrcTaskMgr.printTaskPerformanceMetrics_INFO [95.940996899] Climber.motor.pidCtrlTask: OUTPUT_TASK=0.000028/0.010783
TrcTaskMgr.printTaskPerformanceMetrics_INFO [95.942436068] Deflector.servo.stopTask: STOP_TASK=0.000118/25.560496
TrcTaskMgr.printTaskPerformanceMetrics_INFO [95.944148242] TaskAutoScoreNote: POST_PERIODIC_TASK=0.000554/0.020612
TrcTaskMgr.printTaskPerformanceMetrics_INFO [95.957227688] TaskAutoPickupFromGround: POST_PERIODIC_TASK=0.000036/0.008324
