Robot.robotStartMode_INFO [0.029422443] Fri Apr 05 10:11:30 PDT 2024: ***** AUTO_MODE *****
TaskAutoScoreNote.autoAssistCancel_INFO [0.031190903] Canceling auto-assist.
TaskAutoPickupFromGround.autoAssistCancel_INFO [0.031628315] Canceling auto-assist.
TaskAutoPickupFromSource.autoAssistCancel_INFO [0.032154737] Canceling auto-assist.
rfDriveMotor.recordResponseCode_ERR [0.142867094] resetMotorPosition (StatusCode=TxFailed)
rfDriveMotor.recordResponseCode_ERR [0.29093511] setOpenLoopRampRate (StatusCode=TxFailed)
FrcAuto.startMode_INFO [0.309967951] <Info name="MatchInfo" date="Fri Apr 05 10:11:30 PDT 2024" event="PNCMP" type="Qualification" match=37 replay=1 alliance="Blue" location=2 gameMsg="" />
Climber.motor.pidCtrlTask_INFO [0.315961415] Zero calibration done, event=null
FrcAuto.startMode_INFO [0.32020843] <Info name="AutoChoices" alliance="Blue" strategy="CRESCENDO_AUTO" startPos="SW_SOURCE_SIDE" scoreWingNotes="SCORE_NONE" endAction="SCORE_TWO_NOTES" relocalize="false" startDelay=0 sec pathFile="DrivePath.csv" xDistance=6.0 ft yDistance=6.0 ft turnDegrees=90 deg driveTime=4 sec drivePower=4.0 />
CmdAuto.cmdPeriodic_INFO [0.367069991] <Event name="StateInfo" time="0.366817324" tag="vvvvv" CmdAuto.state="START" />
CmdAuto.cmdPeriodic_INFO [0.392695461] ***** Shoot Preload from SW_SOURCE_SIDE at (x=-175.3,y=34.2,angle=243.5).
Shooter.aimShooter_DEBUG [0.400225599] owner=null, currOwner=null, vel=90.0, tiltAngle=64.0, panAngle=0.0, event=(CmdAuto=CLEARED), timeout=0.0, aimOnly=false, shootOffDelay=null
CmdAuto.cmdPeriodic_INFO [0.43419775] <Event name="StateInfo" time="0.433222194" tag="^^^^^" CmdAuto.state="START" />
Shooter.onTarget_DEBUG [0.453578279] shooterEvent=(Shooter.shooterOnTarget=SIGNALED), tiltEvent=(Shooter.tiltOnTarget=CLEARED), panEvent=null, aimOnly=false
Shooter.onTarget_DEBUG [1.074380989] shooterEvent=(Shooter.shooterOnTarget=SIGNALED), tiltEvent=(Shooter.tiltOnTarget=SIGNALED), panEvent=null, aimOnly=false
Shooter.tiltMotor.pidCtrlTask_INFO [1.085667979] controlMode: Position onTarget=true(64.72915204064321/64.0), stalled=false, expired=false, event=(Shooter.tiltOnTarget=SIGNALED)
Intake: pwr=0.0, current=0.0, isActive=false, hasObject=true.shoot_DEBUG [1.106065127] owner=null, power=1.0, event=(Shooter.shootCompletionEvent=CLEARED)
Intake.performAction_INFO [1.127841553] Action: (op=EjectForward, intakePower=1.0, retainPower=0.0, finishDelay=0.0, event=(Shooter.shootCompletionEvent=CLEARED), timeout=0.0), hasObject=true
Intake.entryTriggerCallback_INFO [1.193672938] active=false, actionParams=(op=EjectForward, intakePower=1.0, retainPower=0.0, finishDelay=0.0, event=(Shooter.shootCompletionEvent=CLEARED), timeout=0.0)
Intake.exitTriggerCallback_INFO [1.474735496] active=false, actionParams=(op=EjectForward, intakePower=1.0, retainPower=0.0, finishDelay=0.0, event=(Shooter.shootCompletionEvent=CLEARED), timeout=0.0)
Intake.finish_INFO [1.477366815] Finishing intake: completed=true, power=0.0, finishDelay=0.0
Shooter.shootCompleted_INFO [1.482223159] Shoot completed, keeping shooter motor running.
CmdAuto.cmdPeriodic_INFO [1.488533763] <Event name="StateInfo" time="1.486812047" tag="vvvvv" CmdAuto.state="DO_DELAY" />
CmdAuto.cmdPeriodic_INFO [1.489213556] ***** Set shooter to Wing Note preset.
Shooter.aimShooter_DEBUG [1.492664962] owner=null, currOwner=null, vel=90.0, tiltAngle=44.0, panAngle=0.0, event=null, timeout=0.0, aimOnly=true, shootOffDelay=null
CmdAuto.cmdPeriodic_INFO [1.49795134] <Event name="StateInfo" time="1.494318735" tag="^^^^^" CmdAuto.state="DO_DELAY" />
Shooter.onTarget_DEBUG [1.499779051] shooterEvent=(Shooter.shooterOnTarget=SIGNALED), tiltEvent=(Shooter.tiltOnTarget=CLEARED), panEvent=null, aimOnly=true
CmdAuto.cmdPeriodic_INFO [1.503050911] <Event name="StateInfo" time="1.502813542" tag="vvvvv" CmdAuto.state="DRIVE_TO_WING_NOTE" />
CmdAuto.cmdPeriodic_INFO [1.503642853] ***** No Scoring Wing Note.
CmdAuto.cmdPeriodic_INFO [1.504385814] <Event name="StateInfo" time="1.50416501" tag="^^^^^" CmdAuto.state="DRIVE_TO_WING_NOTE" />
CmdAuto.cmdPeriodic_INFO [1.507633404] <Event name="StateInfo" time="1.507396741" tag="vvvvv" CmdAuto.state="DRIVE_TO_CENTERLINE" />
CmdAuto.cmdPeriodic_INFO [1.516048894] ***** EndAction=SCORE_TWO_NOTES: drive to Centerline Source.
purePursuitDrive.start_INFO [1.567758032] Path=TrcPath(degrees=true, [TrcWaypoint(index=0,pose=(x=-175.3,y=34.2,angle=243.5),vel=0.000000), TrcWaypoint(index=1,pose=(x=-62.6,y=145.6,angle=180.0),vel=0.000000), TrcWaypoint(index=2,pose=(x=-62.6,y=265.6,angle=180.0),vel=0.000000)])
CmdAuto.cmdPeriodic_INFO [1.574991033] <Event name="StateInfo" time="1.574730903" tag="^^^^^" CmdAuto.state="DRIVE_TO_CENTERLINE" RobotPose=(x=-175.3,y=34.2,angle=243.5) TargetPose=(x=-62.6,y=265.6,angle=180.0) vel=(x=-0.1,y=-0.0,angle=0.7) Path=TrcPath(degrees=true, [TrcWaypoint(index=0,pose=(x=0.0,y=0.0,angle=0.0),vel=0.000000), TrcWaypoint(simple=false,index=-1,timestep=0.506,pose=(x=24.6,y=-74.8,angle=-31.6),vel=157.480000,encPos=0.000000,accel=0.000000,jerk=0.000000), TrcWaypoint(index=1,pose=(x=49.5,y=-150.5,angle=-63.5),vel=157.480000), TrcWaypoint(simple=false,index=-1,timestep=1.000,pose=(x=86.5,y=-168.9,angle=-63.5),vel=157.480000,encPos=0.000000,accel=-157.480000,jerk=0.000000), TrcWaypoint(index=2,pose=(x=156.9,y=-204.0,angle=-63.5),vel=0.000000)]) />
Robot.relocalize_INFO [1.61822545] Relocalize Robot: aprilTagId=8, robotEstimatedPoseFromAprilTag=(x=-174.6,y=30.5,angle=-122.1)
Robot.relocalize_INFO [1.627861711] Relocalize Robot: aprilTagId=8, error=3.7076480551004796 (error too large or small to relocalize).
Robot.relocalize_INFO [1.669639306] Relocalize Robot: aprilTagId=7, error=4.152275582520817 (error too large or small to relocalize).
Robot.relocalize_INFO [1.70725887] Relocalize Robot: aprilTagId=7, error=4.896098014969527 (error too large or small to relocalize).
Robot.relocalize_INFO [1.771365814] Relocalize Robot: aprilTagId=7, error=5.3685548197409805 (error too large or small to relocalize).
Robot.relocalize_INFO [1.814208478] Relocalize Robot: aprilTagId=7, error=6.168413501126482 (error too large or small to relocalize).
Robot.relocalize_INFO [1.860611431] Relocalize Robot: aprilTagId=7, error=7.343738897967129 (error too large or small to relocalize).
Robot.relocalize_INFO [1.898486408] Relocalize Robot: aprilTagId=7, error=7.2055657209929285 (error too large or small to relocalize).
Robot.relocalize_INFO [1.942457765] Relocalize Robot: aprilTagId=7, error=8.747918595082767 (error too large or small to relocalize).
Robot.relocalize_INFO [1.970576991] Relocalize Robot: aprilTagId=7, error=8.45548558939735 (error too large or small to relocalize).
Robot.relocalize_INFO [2.020996183] Relocalize Robot: aprilTagId=7, error=8.964346260833938 (error too large or small to relocalize).
Robot.relocalize_INFO [2.057278654] Relocalize Robot: aprilTagId=7, error=9.113185496843313 (error too large or small to relocalize).
Robot.relocalize_INFO [2.100328127] Relocalize Robot: aprilTagId=7, error=11.009949744323668 (error too large or small to relocalize).
Robot.relocalize_INFO [2.129174258] Relocalize Robot: aprilTagId=7, error=10.705922623084195 (error too large or small to relocalize).
Robot.relocalize_INFO [2.171630593] Relocalize Robot: aprilTagId=7, error=11.770532013755448 (error too large or small to relocalize).
Robot.relocalize_INFO [2.219038117] Relocalize Robot: AprilTagId=7, error=14.027260961014788, robotPose=(x=-155.8,y=52.6,angle=225.5), relocalizePose=(x=-165.9,y=42.8,angle=-138.0)
Robot.relocalize_INFO [2.268502097] Relocalize Robot: aprilTagId=7, error=0.47764186224312405 (error too large or small to relocalize).
Robot.relocalize_INFO [2.299054372] Relocalize Robot: aprilTagId=7, error=1.9934390405745854 (error too large or small to relocalize).
Robot.relocalize_INFO [2.333432086] Relocalize Robot: aprilTagId=7, error=3.648667734605471 (error too large or small to relocalize).
Robot.relocalize_INFO [2.367987797] Relocalize Robot: aprilTagId=7, error=3.4189754859252246 (error too large or small to relocalize).
Robot.relocalize_INFO [2.400563007] Relocalize Robot: aprilTagId=7, error=3.603079312231438 (error too large or small to relocalize).
Robot.relocalize_INFO [2.450227177] Relocalize Robot: aprilTagId=7, error=2.709469432331188 (error too large or small to relocalize).
Robot.relocalize_INFO [2.51443339] Relocalize Robot: aprilTagId=7, error=3.460522343814956 (error too large or small to relocalize).
Robot.relocalize_INFO [2.56352177] Relocalize Robot: aprilTagId=7, error=4.256891253752362 (error too large or small to relocalize).
Robot.relocalize_INFO [2.597408038] Relocalize Robot: aprilTagId=7, error=3.7852498479283168 (error too large or small to relocalize).
Robot.relocalize_INFO [2.632468173] Relocalize Robot: aprilTagId=7, error=6.015522912870809 (error too large or small to relocalize).
Robot.relocalize_INFO [2.676447735] Relocalize Robot: aprilTagId=7, error=5.383670707169587 (error too large or small to relocalize).
Robot.relocalize_INFO [2.707578177] Relocalize Robot: aprilTagId=7, error=5.438119582721537 (error too large or small to relocalize).
Robot.relocalize_INFO [2.745757803] Relocalize Robot: aprilTagId=7, error=7.206477830776764 (error too large or small to relocalize).
Robot.relocalize_INFO [2.778241831] Relocalize Robot: aprilTagId=7, error=8.20269979279858 (error too large or small to relocalize).
Robot.relocalize_INFO [2.821572408] Relocalize Robot: aprilTagId=7, error=9.635288480723789 (error too large or small to relocalize).
Robot.relocalize_INFO [2.842493538] Relocalize Robot: aprilTagId=7, error=9.397907635622868 (error too large or small to relocalize).
Robot.relocalize_INFO [2.873065443] Relocalize Robot: aprilTagId=7, error=9.282298538326703 (error too large or small to relocalize).
Robot.relocalize_INFO [2.899548444] Relocalize Robot: aprilTagId=7, error=11.785480362544343 (error too large or small to relocalize).
Robot.relocalize_INFO [2.931293411] Relocalize Robot: AprilTagId=7, error=13.639379173530594, robotPose=(x=-130.3,y=78.3,angle=-154.4), relocalizePose=(x=-143.2,y=73.9,angle=-154.4)
Robot.relocalize_INFO [2.968770916] Relocalize Robot: aprilTagId=7, error=4.5002753975367265 (error too large or small to relocalize).
Robot.relocalize_INFO [2.999326637] Relocalize Robot: aprilTagId=7, error=2.1221349808362433 (error too large or small to relocalize).
Robot.relocalize_INFO [3.14861296] Relocalize Robot: aprilTagId=8, robotEstimatedPoseFromAprilTag=(x=-128.0,y=91.3,angle=-164.9)
Robot.relocalize_INFO [3.172832244] Relocalize Robot: aprilTagId=8, error=7.9889075723818 (error too large or small to relocalize).
Robot.relocalize_INFO [3.19499228] Relocalize Robot: aprilTagId=7, error=9.978689626777806 (error too large or small to relocalize).
Robot.relocalize_INFO [3.259461411] Relocalize Robot: aprilTagId=8, robotEstimatedPoseFromAprilTag=(x=-120.2,y=96.5,angle=-166.9)
Robot.relocalize_INFO [3.260936158] Relocalize Robot: aprilTagId=8, error=7.811987961719571 (error too large or small to relocalize).
Robot.relocalize_INFO [3.337110701] Relocalize Robot: aprilTagId=8, robotEstimatedPoseFromAprilTag=(x=-117.1,y=103.3,angle=-168.8)
Robot.relocalize_INFO [3.340634494] Relocalize Robot: aprilTagId=8, error=8.855463617740048 (error too large or small to relocalize).
Robot.relocalize_INFO [3.3910342] Relocalize Robot: aprilTagId=7, error=6.605720077446134 (error too large or small to relocalize).
Robot.relocalize_INFO [3.432040707] Relocalize Robot: aprilTagId=8, robotEstimatedPoseFromAprilTag=(x=-108.5,y=108.9,angle=-169.3)
Robot.relocalize_INFO [3.435489544] Relocalize Robot: aprilTagId=8, error=6.197136841670752 (error too large or small to relocalize).
Robot.relocalize_INFO [3.459692623] Relocalize Robot: aprilTagId=8, robotEstimatedPoseFromAprilTag=(x=-108.5,y=108.9,angle=-169.3)
Robot.relocalize_INFO [3.463936271] Relocalize Robot: aprilTagId=8, error=6.95874703340272 (error too large or small to relocalize).
Robot.relocalize_INFO [3.485019494] Relocalize Robot: aprilTagId=8, robotEstimatedPoseFromAprilTag=(x=-106.4,y=108.8,angle=-168.9)
Robot.relocalize_INFO [3.492192609] Relocalize Robot: aprilTagId=8, error=7.427261767469055 (error too large or small to relocalize).
CmdAuto.waypointHandler_INFO [3.865838104] ***** [DRIVE_TO_CENTERLINE] Waypoint 1: TrcWaypoint(index=1,pose=(x=49.5,y=-150.5,angle=-63.5),vel=157.480000), robotPose=(x=-69.7,y=138.6,angle=-175.1)
CmdAuto.waypointHandler_INFO [3.869035553] ***** Turn on full Note Vision.
CmdAuto.cmdPeriodic_INFO [4.457720394] ***** Vision found note: notePose=(x=28.3,y=92.9,angle=16.9), robotPose=(x=-62.4,y=206.9,angle=-187.2)
CmdAuto.cmdPeriodic_INFO [4.51364595] ***** Vision found note: notePose=(x=28.4,y=87.5,angle=18.0), robotPose=(x=-62.6,y=216.3,angle=-187.6)
CmdAuto.cmdPeriodic_INFO [4.516446771] <Event name="StateInfo" time="4.516168269" tag="vvvvv" CmdAuto.state="PERFORM_END_ACTION" />
CmdAuto.cmdPeriodic_INFO [4.518171704] ***** Turn off Vision and cancel PurePursuitDrive.
CmdAuto.waypointHandler_INFO [4.53317037] ***** [PERFORM_END_ACTION] Waypoint -1: null, robotPose=(x=-62.6,y=219.6,angle=-187.7)
CmdAuto.cmdPeriodic_INFO [4.533955382] <Event name="StateInfo" time="4.533738143" tag="^^^^^" CmdAuto.state="PERFORM_END_ACTION" />
CmdAuto.cmdPeriodic_INFO [4.539005073] <Event name="StateInfo" time="4.538804033" tag="vvvvv" CmdAuto.state="PICKUP_CENTERLINE_NOTE" />
CmdAuto.cmdPeriodic_INFO [4.540842088] ***** Pickup Centerline Note.
TaskAutoPickupFromGround.autoAssistPickup_INFO [4.543907082] useVision=true, inAuto=true, event=(CmdAuto=CANCELED)
TaskAutoPickupFromGround.acquireSubsystemsOwnership_INFO [4.559833291] Successfully acquired subsystem ownerships for AutoPickupGround.
CmdAuto.cmdPeriodic_INFO [4.56558961] <Event name="StateInfo" time="4.565389235" tag="^^^^^" CmdAuto.state="PICKUP_CENTERLINE_NOTE" />
TaskAutoPickupFromGround.autoTask_INFO [4.571082866] <Event name="StateInfo" time="4.569058616" tag="vvvvv" TaskAutoPickupFromGround.state="START" />
TaskAutoPickupFromGround.runTaskState_INFO [4.57850164] ***** Using Note Vision.
TaskAutoPickupFromGround.autoTask_INFO [4.588348196] <Event name="StateInfo" time="4.588154865" tag="vvvvv" TaskAutoPickupFromGround.state="DETECT_NOTE" />
TaskAutoPickupFromGround.runTaskState_INFO [4.597045234] ***** Vision found Note: notePose=(x=-27.3,y=-78.7,angle=19.2), robotPose=(x=-62.8,y=225.9,angle=-187.6)
TaskAutoPickupFromGround.autoTask_INFO [4.605024846] <Event name="StateInfo" time="4.602995337" tag="vvvvv" TaskAutoPickupFromGround.state="DRIVE_TO_NOTE" />
Intake.performAction_INFO [4.609498058] Action: (op=IntakeForward, intakePower=1.0, retainPower=0.0, finishDelay=0.0, event=(TaskAutoPickupFromGround.intakeEvent=CLEARED), timeout=0.0), hasObject=false
TaskAutoPickupFromGround.runTaskState_INFO [4.616539172] ***** Approach Note.
purePursuitDrive.start_INFO [4.621631344] Path=TrcPath(degrees=true, [TrcWaypoint(index=0,pose=(x=-62.8,y=226.9,angle=-187.4),vel=0.000000), TrcWaypoint(index=1,pose=(x=-45.1,y=302.5,angle=-168.2),vel=0.000000), TrcWaypoint(index=2,pose=(x=-39.8,y=328.0,angle=-168.2),vel=0.000000)])
purePursuitDrive.xPosPid.isStalled_INFO [6.840575356] PID stalled.
purePursuitDrive.yPosPid.isStalled_INFO [6.843155693] PID stalled.
purePursuitDrive.turnPid.isStalled_INFO [6.846353691] PID stalled.
purePursuitDrive.driveTask_INFO [6.856112721] Done: index=4/5, stalled=true, timeout=false, posOnTarget=false,headingOnTarget=true,robotPose=(x=-40.2,y=325.9,angle=-168.5)
purePursuitDrive.driveTask_INFO [6.869216043] Signal completion event (TaskAutoPickupFromGround.driveEvent=CLEARED).
TaskAutoPickupFromGround.autoTask_INFO [6.872221673] <Event name="StateInfo" time="6.871950503" tag="vvvvv" TaskAutoPickupFromGround.state="CHECK_INTAKE_COMPLETION" />
TaskAutoPickupFromGround.runTaskState_INFO [6.875594158] **** Check Intake: intakeEvent=(TaskAutoPickupFromGround.intakeEvent=CLEARED), gotNoteEvent=(TaskAutoPickupFromGround.gotNoteEvent=CLEARED), driveEvent=(TaskAutoPickupFromGround.driveEvent=SIGNALED), gotNote=false
TaskAutoPickupFromGround.autoTask_INFO [6.884431676] <Event name="StateInfo" time="6.884221196" tag="vvvvv" TaskAutoPickupFromGround.state="DONE" />
TaskAutoPickupFromGround.stopSubsystems_INFO [6.886710499] Stopping subsystems.
TaskAutoPickupFromGround.releaseSubsystemsOwnership_INFO [6.893477131] Releasing subsystem ownership (currOwner=AutoPickupGround, intake=AutoPickupGround, robotDrive=AutoPickupGround).
CmdAuto.cmdPeriodic_INFO [6.902943979] <Event name="StateInfo" time="6.902679079" tag="vvvvv" CmdAuto.state="DRIVE_TO_SPEAKER" />
CmdAuto.cmdPeriodic_INFO [6.90570502] ***** Drive to Speaker to score Centerline Note.
purePursuitDrive.start_INFO [6.917754855] Path=TrcPath(degrees=true, [TrcWaypoint(index=0,pose=(x=-40.2,y=325.9,angle=-168.5),vel=0.000000), TrcWaypoint(index=1,pose=(x=-62.6,y=265.6,angle=225.0),vel=0.000000), TrcWaypoint(index=2,pose=(x=-155.6,y=84.0,angle=225.0),vel=0.000000), TrcWaypoint(index=3,pose=(x=-161.6,y=78.0,angle=225.0),vel=0.000000)])
CmdAuto.cmdPeriodic_INFO [6.929429224] <Event name="StateInfo" time="6.92893109" tag="^^^^^" CmdAuto.state="DRIVE_TO_SPEAKER" RobotPose=(x=-40.2,y=325.9,angle=-168.5) TargetPose=(x=-161.6,y=78.0,angle=225.0) vel=(x=3.1,y=19.0,angle=1.0) Path=TrcPath(degrees=true, [TrcWaypoint(index=0,pose=(x=0.0,y=0.0,angle=0.0),vel=0.000000), TrcWaypoint(index=1,pose=(x=10.0,y=63.6,angle=393.5),vel=142.403667), TrcWaypoint(simple=false,index=-1,timestep=0.758,pose=(x=13.9,y=77.4,angle=393.5),vel=157.480000,encPos=0.000000,accel=0.000000,jerk=0.000000), TrcWaypoint(simple=false,index=-1,timestep=0.672,pose=(x=46.0,y=192.4,angle=393.5),vel=157.480000,encPos=0.000000,accel=-157.480000,jerk=0.000000), TrcWaypoint(index=2,pose=(x=64.9,y=260.1,angle=393.5),vel=51.696462), TrcWaypoint(index=3,pose=(x=69.6,y=267.2,angle=393.5),vel=0.000000)]) />
CmdAuto.waypointHandler_INFO [7.917918931] ***** [DRIVE_TO_SPEAKER] Waypoint 1: TrcWaypoint(index=1,pose=(x=10.0,y=63.6,angle=393.5),vel=142.403667), robotPose=(x=-59.3,y=273.1,angle=-138.5)
Shooter.aimShooter_DEBUG [7.921357508] owner=null, currOwner=null, vel=90.0, tiltAngle=44.0, panAngle=0.0, event=null, timeout=0.0, aimOnly=true, shootOffDelay=null
CmdAuto.waypointHandler_INFO [7.927106756] ***** Turn on AprilTag Vision Tracking.
Shooter.onTarget_DEBUG [7.971307245] shooterEvent=(Shooter.shooterOnTarget=SIGNALED), tiltEvent=(Shooter.tiltOnTarget=CLEARED), panEvent=null, aimOnly=true
FrcRobotBase.startCompetition_INFO [9.770799805] *** Transitioning from AUTO_MODE to DISABLED_MODE ***
TaskAutoScoreNote.autoAssistCancel_INFO [9.781035837] Canceling auto-assist.
TaskAutoPickupFromGround.autoAssistCancel_INFO [9.790409282] Canceling auto-assist.
TaskAutoPickupFromSource.autoAssistCancel_INFO [9.792041723] Canceling auto-assist.
CmdAuto.waypointHandler_INFO [9.795059559] ***** [null] Waypoint -1: null, robotPose=(x=-137.6,y=117.2,angle=-103.6)
pidDrive.printPerformanceMetrics_INFO [9.812810455] [pidDrive] Loop Performance Metrics:
Average Loop Interval = NaNs (freq=NaNHz, min=0.000000s, max=0.000000s)

FrcRobotBase.printPerformanceMetrics_INFO [9.820360712] [FrcRobotBase] Loop Performance Metrics:
Average Loop Interval = 0.000675s (freq=1481.453Hz, min=0.000000s, max=0.470310s)
[03]                StartTask=0.000000s
[04]          PrePeriodicTask=0.000068s
[07]               UpdateTask=0.000466s
[02]                StartMode=0.000000s
[06]         PostPeriodicTask=0.000065s
[08]                 StopTask=0.000000s
[09]                 StopMode=0.000000s
[00]                RobotInit=9.432494s
[01]           RobotStartMode=0.000002s
[05]                 Periodic=0.000030s
[10]            RobotStopMode=0.000000s

TrcTaskMgr.printTaskPerformanceMetrics_INFO [9.828647811] TrcWatchdogMgr: STANDALONE_TASK=0.000066/0.992994
TrcTaskMgr.printTaskPerformanceMetrics_INFO [9.831817473] LED: OUTPUT_TASK=0.000017/0.010551
TrcTaskMgr.printTaskPerformanceMetrics_INFO [9.833829446] lfDriveMotor.pidCtrlTask: OUTPUT_TASK=0.000009/0.010551
TrcTaskMgr.printTaskPerformanceMetrics_INFO [9.836671879] TrcMotor.odometryTask: STANDALONE_TASK=0.001825/0.002404
TrcTaskMgr.printTaskPerformanceMetrics_INFO [9.840442706] lfDriveMotor.odometryCleanupTask: STOP_TASK=0.003698/4.894277
TrcTaskMgr.printTaskPerformanceMetrics_INFO [9.843676101] rfDriveMotor.pidCtrlTask: OUTPUT_TASK=0.000005/0.010551
TrcTaskMgr.printTaskPerformanceMetrics_INFO [9.846605306] lbDriveMotor.pidCtrlTask: OUTPUT_TASK=0.000005/0.010551
TrcTaskMgr.printTaskPerformanceMetrics_INFO [9.850793521] rbDriveMotor.pidCtrlTask: OUTPUT_TASK=0.000005/0.010551
TrcTaskMgr.printTaskPerformanceMetrics_INFO [9.853139098] lfSteerMotor.pidCtrlTask: OUTPUT_TASK=0.000021/0.010551
TrcTaskMgr.printTaskPerformanceMetrics_INFO [9.855354845] rfSteerMotor.pidCtrlTask: OUTPUT_TASK=0.000021/0.010551
TrcTaskMgr.printTaskPerformanceMetrics_INFO [9.857251854] lbSteerMotor.pidCtrlTask: OUTPUT_TASK=0.000021/0.010551
TrcTaskMgr.printTaskPerformanceMetrics_INFO [9.858853157] rbSteerMotor.pidCtrlTask: OUTPUT_TASK=0.000020/0.010551
TrcTaskMgr.printTaskPerformanceMetrics_INFO [9.862171383] TrcDriveBase.odometryTask: INPUT_TASK=0.004130/0.011475
TrcTaskMgr.printTaskPerformanceMetrics_INFO [9.866104492] TrcDriveBase.stopTask: STOP_TASK=0.006249/4.897827
TrcTaskMgr.printTaskPerformanceMetrics_INFO [9.86832409] purePursuitDrive.driveTask: POST_PERIODIC_TASK=0.014411/0.018890
TrcTaskMgr.printTaskPerformanceMetrics_INFO [9.871877664] Intake.motor.pidCtrlTask: OUTPUT_TASK=0.000004/0.010551
TrcTaskMgr.printTaskPerformanceMetrics_INFO [9.874283546] Intake.entryTrigger.triggerTask: PRE_PERIODIC_TASK=0.000013/0.000675
TrcTaskMgr.printTaskPerformanceMetrics_INFO [9.876073236] Intake.exitTrigger.triggerTask: PRE_PERIODIC_TASK=0.000005/0.000675
TrcTaskMgr.printTaskPerformanceMetrics_INFO [9.878229149] Shooter.shooterMotor.pidCtrlTask: OUTPUT_TASK=0.000007/0.010551
TrcTaskMgr.printTaskPerformanceMetrics_INFO [9.8835865] Shooter.tiltMotor.pidCtrlTask: OUTPUT_TASK=0.000052/0.010551
TrcTaskMgr.printTaskPerformanceMetrics_INFO [9.885502208] Shooter.tiltMotor.converterTask: INPUT_TASK=0.000098/0.010551
TrcTaskMgr.printTaskPerformanceMetrics_INFO [9.888203496] Climber.motor.pidCtrlTask: OUTPUT_TASK=0.000005/0.010551
TrcTaskMgr.printTaskPerformanceMetrics_INFO [9.889974472] Deflector.servo.stopTask: STOP_TASK=0.000183/4.892348
TrcTaskMgr.printTaskPerformanceMetrics_INFO [9.893180261] TaskAutoPickupFromGround: POST_PERIODIC_TASK=0.000513/0.015539
