Robot.robotStartMode_INFO [0.029606239] Thu Apr 04 11:36:16 PDT 2024: ***** AUTO_MODE *****
TaskAutoScoreNote.autoAssistCancel_INFO [0.03486418] Canceling auto-assist.
TaskAutoPickupFromGround.autoAssistCancel_INFO [0.036141217] Canceling auto-assist.
TaskAutoPickupFromSource.autoAssistCancel_INFO [0.037065917] Canceling auto-assist.
FrcAuto.startMode_INFO [0.080697594] <Info name="MatchInfo" date="Thu Apr 04 11:36:16 PDT 2024" event="PNCMP" type="None" match=999 replay=10 alliance="Blue" location=1 gameMsg="" />
FrcAuto.startMode_INFO [0.087585022] <Info name="AutoChoices" alliance="Blue" strategy="CRESCENDO_AUTO" startPos="AMP" scoreWingNotes="SCORE_NONE" endAction="SCORE_ONE_NOTE" relocalize="false" startDelay=0 sec pathFile="DrivePath.csv" xDistance=6.0 ft yDistance=6.0 ft turnDegrees=90 deg driveTime=4 sec drivePower=4.0 />
CmdAuto.cmdPeriodic_INFO [0.123389709] <Event name="StateInfo" time="0.123137199" tag="vvvvv" CmdAuto.state="START" />
CmdAuto.cmdPeriodic_INFO [0.193342639] ***** Shoot Preload from AMP at (x=-288.3,y=56.8,angle=-90.0).
TaskAutoScoreNote.autoAssistScore_INFO [0.197916317] targetType=Amp, useVision=false, inAuto=true, relocalize=false, event=(CmdAuto=CLEARED)
Climber.motor.pidCtrlTask_INFO [0.200801406] Zero calibration done, event=null
TaskAutoScoreNote.acquireSubsystemsOwnership_INFO [0.211417543] Successfully acquired subsystem ownerships for AutoScoreNote.
CmdAuto.cmdPeriodic_INFO [0.216046882] <Event name="StateInfo" time="0.21434672" tag="^^^^^" CmdAuto.state="START" />
TaskAutoScoreNote.autoTask_INFO [0.235411186] <Event name="StateInfo" time="0.23234765" tag="vvvvv" TaskAutoScoreNote.state="START" />
TaskAutoScoreNote.runTaskState_INFO [0.246753133] ***** Not using AprilTag Vision.
TaskAutoScoreNote.autoTask_INFO [0.259356946] <Event name="StateInfo" time="0.256455097" tag="vvvvv" TaskAutoScoreNote.state="DRIVE_TO_APRILTAG" />
TaskAutoScoreNote.runTaskState_INFO [0.262349432] ***** Prep shooter to score to Amp.
Shooter.aimShooter_DEBUG [0.267570081] owner=AutoScoreNote, currOwner=AutoScoreNote, vel=17.5, tiltAngle=57.0, panAngle=0.0, event=(TaskAutoScoreNote.event=CLEARED), timeout=0.0, aimOnly=true, shootOffDelay=0.0
TaskAutoScoreNote.runTaskState_INFO [0.307985696] DRIVE_TO_APRILTAG***** Approach Amp in Auto without Vision:
	RobotFieldPose=(x=-288.1,y=57.4,angle=-90.5)
	alliance=Blue
	intermediatePose=(x=-288.1,y=72.4,angle=-90.0)
	targetPose=(x=-322.0,y=72.4,angle=-90.0)
purePursuitDrive.start_INFO [0.387097897] Path=TrcPath(degrees=true, [TrcWaypoint(index=0,pose=(x=-287.7,y=57.4,angle=-90.3),vel=0.000000), TrcWaypoint(index=1,pose=(x=-287.7,y=72.5,angle=-89.8),vel=0.000000), TrcWaypoint(index=2,pose=(x=-321.7,y=72.6,angle=-89.8),vel=0.000000)])
Shooter.onTarget_DEBUG [0.398069211] shooterEvent=(Shooter.shooterOnTarget=SIGNALED), tiltEvent=(Shooter.tiltOnTarget=CLEARED), panEvent=null, aimOnly=true
TaskAutoScoreNote.sonarTrigger_INFO [1.075760671] ***** SonarTrigger: Canceling PurePureSuitDrive, distance=15.19650673469388
Shooter.tiltMotor.pidCtrlTask_INFO [1.798677814] controlMode: Position onTarget=true(61.276161053544385/57.0), stalled=false, expired=false, event=(Shooter.tiltOnTarget=SIGNALED)
Shooter.onTarget_DEBUG [1.799024815] shooterEvent=(Shooter.shooterOnTarget=SIGNALED), tiltEvent=(Shooter.tiltOnTarget=SIGNALED), panEvent=null, aimOnly=true
purePursuitDrive.driveTask_INFO [2.377051272] Done: index=2/3, stalled=false, timeout=true, posOnTarget=false,headingOnTarget=true,robotPose=(x=-315.4,y=72.7,angle=-90.0)
purePursuitDrive.driveTask_INFO [2.391834543] Signal completion event (TaskAutoScoreNote.driveEvent=CLEARED).
TaskAutoScoreNote.autoTask_INFO [2.397972982] <Event name="StateInfo" time="2.396823276" tag="vvvvv" TaskAutoScoreNote.state="SCORE_NOTE" />
Intake: pwr=0.0, current=0.0, isActive=false, hasObject=true.shoot_DEBUG [2.456587354] owner=AutoScoreNote, power=1.0, event=(TaskAutoScoreNote.event=SIGNALED)
Intake.performAction_INFO [2.474665858] Action: (op=EjectForward, intakePower=1.0, retainPower=0.0, finishDelay=0.0, event=(TaskAutoScoreNote.event=SIGNALED), timeout=0.0), hasObject=true
Intake.exitTriggerCallback_INFO [2.826401852] active=false, actionParams=(op=EjectForward, intakePower=1.0, retainPower=0.0, finishDelay=0.0, event=(TaskAutoScoreNote.event=CLEARED), timeout=0.0)
Intake.finish_INFO [2.840056821] Finishing intake: completed=true, power=0.0, finishDelay=0.0
TaskAutoScoreNote.autoTask_INFO [2.849472616] <Event name="StateInfo" time="2.848445815" tag="vvvvv" TaskAutoScoreNote.state="DONE" />
TaskAutoScoreNote.stopSubsystems_INFO [2.854805444] Stopping subsystems.
Intake.cancel_INFO [2.858199988] owner=AutoScoreNote
Intake.finish_INFO [2.862458499] Finishing inactive intake: completed=false, delayFinishPending=false
TaskAutoScoreNote.releaseSubsystemsOwnership_INFO [2.870091983] Releasing subsystem ownership (currOwner=AutoScoreNote, intake=AutoScoreNote, shooter=AutoScoreNote, robotDrive=AutoScoreNote).
CmdAuto.cmdPeriodic_INFO [2.879483555] <Event name="StateInfo" time="2.878612803" tag="vvvvv" CmdAuto.state="DO_DELAY" />
CmdAuto.cmdPeriodic_INFO [2.883450054] <Event name="StateInfo" time="2.883177644" tag="^^^^^" CmdAuto.state="DO_DELAY" />
CmdAuto.cmdPeriodic_INFO [2.893209813] <Event name="StateInfo" time="2.892666919" tag="vvvvv" CmdAuto.state="DRIVE_TO_WING_NOTE" />
CmdAuto.cmdPeriodic_INFO [2.896637029] ***** No Scoring Wing Note.
CmdAuto.cmdPeriodic_INFO [2.899253172] <Event name="StateInfo" time="2.898699889" tag="^^^^^" CmdAuto.state="DRIVE_TO_WING_NOTE" />
CmdAuto.cmdPeriodic_INFO [2.906698997] <Event name="StateInfo" time="2.903919052" tag="vvvvv" CmdAuto.state="DRIVE_TO_CENTERLINE" />
CmdAuto.cmdPeriodic_INFO [2.910535485] ***** EndAction=SCORE_ONE_NOTE: drive to Centerline Amp.
CmdAuto.cmdPeriodic_INFO [2.936283839] ***** Ultrasonic Relocalize: ultrasonicDistance=6.85088418367347, relocalized robotPose=(x=-305.4,y=72.7,angle=-90.1)
purePursuitDrive.start_INFO [2.95515945] Path=TrcPath(degrees=true, [TrcWaypoint(index=0,pose=(x=-305.4,y=72.7,angle=-90.1),vel=0.000000), TrcWaypoint(index=1,pose=(x=-293.6,y=181.6,angle=-90.0),vel=0.000000), TrcWaypoint(index=2,pose=(x=-293.6,y=229.6,angle=180.0),vel=0.000000), TrcWaypoint(index=3,pose=(x=-293.6,y=265.6,angle=180.0),vel=0.000000)])
CmdAuto.cmdPeriodic_INFO [2.963487697] <Event name="StateInfo" time="2.963249866" tag="^^^^^" CmdAuto.state="DRIVE_TO_CENTERLINE" RobotPose=(x=-305.4,y=72.7,angle=-90.1) TargetPose=(x=-293.6,y=265.6,angle=180.0) vel=(x=0.0,y=0.0,angle=0.0) Path=TrcPath(degrees=true, [TrcWaypoint(index=0,pose=(x=0.0,y=0.0,angle=0.0),vel=0.000000), TrcWaypoint(simple=false,index=-1,timestep=0.195,pose=(x=78.3,y=-8.5,angle=0.0),vel=157.480000,encPos=0.000000,accel=0.000000,jerk=0.000000), TrcWaypoint(index=1,pose=(x=108.9,y=-11.9,angle=0.1),vel=157.480000), TrcWaypoint(simple=false,index=-1,timestep=0.324,pose=(x=114.1,y=-11.9,angle=350.2),vel=157.480000,encPos=0.000000,accel=-157.480000,jerk=0.000000), TrcWaypoint(index=2,pose=(x=156.9,y=-11.9,angle=270.1),vel=106.482675), TrcWaypoint(index=3,pose=(x=192.9,y=-12.0,angle=270.1),vel=0.000000)]) />
CmdAuto.waypointHandler_INFO [4.104126606] ***** [DRIVE_TO_CENTERLINE] Waypoint 1: TrcWaypoint(index=1,pose=(x=108.9,y=-11.9,angle=0.1),vel=157.480000), robotPose=(x=-294.7,y=172.3,angle=-89.4)
CmdAuto.waypointHandler_INFO [4.461585255] ***** [DRIVE_TO_CENTERLINE] Waypoint 2: TrcWaypoint(index=2,pose=(x=156.9,y=-11.9,angle=270.1),vel=106.482675), robotPose=(x=-294.4,y=221.1,angle=-101.9)
CmdAuto.waypointHandler_INFO [4.463004179] ***** Turn on narrow Note Vision.
CmdAuto.cmdPeriodic_INFO [4.779001731] ***** Vision found note too far or not turn enough: notePose=(x=-38.0,y=66.8,angle=-29.6), robotPose=(x=-294.1,y=253.2,angle=-150.3)
CmdAuto.cmdPeriodic_INFO [4.813946562] ***** Vision found note too far or not turn enough: notePose=(x=-33.8,y=73.6,angle=-24.6), robotPose=(x=-293.4,y=255.7,angle=-156.8)
CmdAuto.cmdPeriodic_INFO [4.844269273] ***** Vision found note too far or not turn enough: notePose=(x=-28.1,y=77.5,angle=-19.9), robotPose=(x=-293.1,y=256.0,angle=-162.5)
CmdAuto.cmdPeriodic_INFO [4.876915665] ***** Vision found note too far or not turn enough: notePose=(x=-23.1,y=82.3,angle=-15.7), robotPose=(x=-292.4,y=257.9,angle=-166.5)
CmdAuto.cmdPeriodic_INFO [4.909866858] ***** Vision found note too far or not turn enough: notePose=(x=-16.1,y=78.8,angle=-11.6), robotPose=(x=-292.3,y=258.8,angle=-168.0)
CmdAuto.cmdPeriodic_INFO [4.939463103] ***** Vision found note too far or not turn enough: notePose=(x=-16.1,y=78.8,angle=-11.6), robotPose=(x=-292.4,y=259.9,angle=-169.3)
CmdAuto.cmdPeriodic_INFO [4.972447676] ***** Vision found note: notePose=(x=-11.1,y=78.4,angle=-8.1), robotPose=(x=-292.5,y=260.3,angle=-171.6)
CmdAuto.cmdPeriodic_INFO [4.998132403] ***** Vision found note: notePose=(x=-8.9,y=78.0,angle=-6.5), robotPose=(x=-292.7,y=261.0,angle=-172.9)
CmdAuto.cmdPeriodic_INFO [5.000732983] <Event name="StateInfo" time="5.000220509" tag="vvvvv" CmdAuto.state="PERFORM_END_ACTION" />
CmdAuto.cmdPeriodic_INFO [5.010672016] ***** Turn off Vision and cancel PurePursuitDrive.
CmdAuto.waypointHandler_INFO [5.035598841] ***** [PERFORM_END_ACTION] Waypoint -1: null, robotPose=(x=-292.8,y=261.2,angle=-173.8)
CmdAuto.cmdPeriodic_INFO [5.039277145] <Event name="StateInfo" time="5.039038509" tag="^^^^^" CmdAuto.state="PERFORM_END_ACTION" />
CmdAuto.cmdPeriodic_INFO [5.047008792] <Event name="StateInfo" time="5.046079724" tag="vvvvv" CmdAuto.state="PICKUP_CENTERLINE_NOTE" />
CmdAuto.cmdPeriodic_INFO [5.049346703] ***** Pickup Centerline Note.
TaskAutoPickupFromGround.autoAssistPickup_INFO [5.053921999] useVision=true, inAuto=true, event=(CmdAuto=CANCELED)
TaskAutoPickupFromGround.acquireSubsystemsOwnership_INFO [5.069139134] Successfully acquired subsystem ownerships for AutoPickupGround.
CmdAuto.cmdPeriodic_INFO [5.072498841] <Event name="StateInfo" time="5.071948327" tag="^^^^^" CmdAuto.state="PICKUP_CENTERLINE_NOTE" />
TaskAutoPickupFromGround.autoTask_INFO [5.076139706] <Event name="StateInfo" time="5.075264188" tag="vvvvv" TaskAutoPickupFromGround.state="START" />
TaskAutoPickupFromGround.runTaskState_INFO [5.083747872] ***** Using Note Vision.
TaskAutoPickupFromGround.autoTask_INFO [5.092226964] <Event name="StateInfo" time="5.091980613" tag="vvvvv" TaskAutoPickupFromGround.state="DETECT_NOTE" />
TaskAutoPickupFromGround.runTaskState_INFO [5.099158429] ***** Vision found Note: notePose=(x=4.2,y=-77.8,angle=-3.1), robotPose=(x=-293.1,y=261.5,angle=-175.7)
TaskAutoPickupFromGround.autoTask_INFO [5.107470449] <Event name="StateInfo" time="5.106927278" tag="vvvvv" TaskAutoPickupFromGround.state="DRIVE_TO_NOTE" />
Intake.performAction_INFO [5.115437007] Action: (op=IntakeForward, intakePower=1.0, retainPower=0.0, finishDelay=0.0, event=(TaskAutoPickupFromGround.intakeEvent=CLEARED), timeout=0.0), hasObject=false
TaskAutoPickupFromGround.runTaskState_INFO [5.119839017] ***** Approach Note.
purePursuitDrive.start_INFO [5.133130444] Path=TrcPath(degrees=true, [TrcWaypoint(index=0,pose=(x=-293.1,y=261.6,angle=-176.0),vel=0.000000), TrcWaypoint(index=1,pose=(x=-292.3,y=333.5,angle=-179.1),vel=0.000000), TrcWaypoint(index=2,pose=(x=-291.9,y=359.5,angle=-179.1),vel=0.000000)])
purePursuitDrive.xPosPid.isStalled_INFO [6.655454853] PID stalled.
purePursuitDrive.xPosPid.isStalled_INFO [6.671478334] PID stalled.
purePursuitDrive.xPosPid.isStalled_INFO [6.682671329] PID stalled.
purePursuitDrive.xPosPid.isStalled_INFO [6.697486356] PID stalled.
purePursuitDrive.xPosPid.isStalled_INFO [6.714453238] PID stalled.
purePursuitDrive.xPosPid.isStalled_INFO [6.729892962] PID stalled.
purePursuitDrive.driveTask_INFO [6.735318935] Done: index=4/5, stalled=false, timeout=false, posOnTarget=true,headingOnTarget=true,robotPose=(x=-292.0,y=358.0,angle=-180.1)
purePursuitDrive.driveTask_INFO [6.748363909] Signal completion event (TaskAutoPickupFromGround.driveEvent=CLEARED).
TaskAutoPickupFromGround.autoTask_INFO [6.752442751] <Event name="StateInfo" time="6.751565735" tag="vvvvv" TaskAutoPickupFromGround.state="CHECK_INTAKE_COMPLETION" />
TaskAutoPickupFromGround.runTaskState_INFO [6.757419058] **** Check Intake: intakeEvent=(TaskAutoPickupFromGround.intakeEvent=CLEARED), gotNoteEvent=(TaskAutoPickupFromGround.gotNoteEvent=CLEARED), driveEvent=(TaskAutoPickupFromGround.driveEvent=SIGNALED), gotNote=false
TaskAutoPickupFromGround.autoTask_INFO [6.766887322] <Event name="StateInfo" time="6.764507648" tag="vvvvv" TaskAutoPickupFromGround.state="DONE" />
TaskAutoPickupFromGround.stopSubsystems_INFO [6.769392518] Stopping subsystems.
TaskAutoPickupFromGround.releaseSubsystemsOwnership_INFO [6.774241912] Releasing subsystem ownership (currOwner=AutoPickupGround, intake=AutoPickupGround, robotDrive=AutoPickupGround).
CmdAuto.cmdPeriodic_INFO [6.781235228] <Event name="StateInfo" time="6.780081329" tag="vvvvv" CmdAuto.state="DRIVE_TO_AMP" />
CmdAuto.cmdPeriodic_INFO [6.784336471] ***** Drive to Amp to score Centerline Note.
purePursuitDrive.start_INFO [6.810108195] Path=TrcPath(degrees=true, [TrcWaypoint(index=0,pose=(x=-292.0,y=358.1,angle=-180.0),vel=0.000000), TrcWaypoint(index=1,pose=(x=-299.7,y=234.0,angle=-90.0),vel=0.000000), TrcWaypoint(index=2,pose=(x=-299.7,y=174.0,angle=-90.0),vel=0.000000), TrcWaypoint(index=3,pose=(x=-299.7,y=72.4,angle=-90.0),vel=0.000000), TrcWaypoint(index=4,pose=(x=-287.4,y=72.4,angle=-90.0),vel=0.000000)])
CmdAuto.cmdPeriodic_INFO [6.814750269] <Event name="StateInfo" time="6.814412083" tag="^^^^^" CmdAuto.state="DRIVE_TO_AMP" RobotPose=(x=-292.0,y=358.1,angle=-180.0) TargetPose=(x=-287.4,y=72.4,angle=-90.0) vel=(x=0.1,y=-0.3,angle=0.0) Path=TrcPath(degrees=true, [TrcWaypoint(index=0,pose=(x=0.0,y=0.0,angle=0.0),vel=0.000000), TrcWaypoint(simple=false,index=-1,timestep=0.289,pose=(x=4.8,y=78.6,angle=57.0),vel=157.480000,encPos=0.000000,accel=0.000000,jerk=0.000000), TrcWaypoint(index=1,pose=(x=7.6,y=124.1,angle=90.0),vel=157.480000), TrcWaypoint(index=2,pose=(x=7.6,y=184.1,angle=90.0),vel=157.480000), TrcWaypoint(simple=false,index=-1,timestep=0.604,pose=(x=7.6,y=219.2,angle=90.0),vel=157.480000,encPos=0.000000,accel=-157.480000,jerk=0.000000), TrcWaypoint(index=3,pose=(x=7.5,y=285.6,angle=90.0),vel=62.393153), TrcWaypoint(index=4,pose=(x=-4.8,y=285.6,angle=90.0),vel=0.000000)]) />
CmdAuto.waypointHandler_INFO [8.149753897] ***** [DRIVE_TO_AMP] Waypoint 1: TrcWaypoint(index=1,pose=(x=7.6,y=124.1,angle=90.0),vel=157.480000), robotPose=(x=-298.1,y=242.1,angle=-116.8)
CmdAuto.waypointHandler_INFO [8.703481605] ***** [DRIVE_TO_AMP] Waypoint 2: TrcWaypoint(index=2,pose=(x=7.6,y=184.1,angle=90.0),vel=157.480000), robotPose=(x=-298.8,y=183.9,angle=-73.7)
CmdAuto.waypointHandler_INFO [8.716381549] ***** Ultrasonic Relocalize: ultrasonicDistance=10.961414693877552, relocalized robotPose=(x=-301.3,y=183.4,angle=-73.9)
CmdAuto.waypointHandler_INFO [9.543003724] ***** [DRIVE_TO_AMP] Waypoint 3: TrcWaypoint(index=3,pose=(x=7.5,y=285.6,angle=90.0),vel=62.393153), robotPose=(x=-298.7,y=81.4,angle=-90.7)
Intake.entryTriggerCallback_INFO [9.951528988] active=true, actionParams=(op=IntakeForward, intakePower=1.0, retainPower=0.0, finishDelay=0.0, event=(TaskAutoPickupFromGround.intakeEvent=CLEARED), timeout=0.0)
purePursuitDrive.driveTask_INFO [10.46939589] Done: index=6/7, stalled=false, timeout=false, posOnTarget=true,headingOnTarget=true,robotPose=(x=-288.6,y=72.0,angle=-89.9)
purePursuitDrive.driveTask_INFO [10.473168895] Signal completion event (CmdAuto=CLEARED).
Intake.exitTriggerCallback_INFO [10.476585686] active=true, actionParams=(op=IntakeForward, intakePower=1.0, retainPower=0.0, finishDelay=0.0, event=(TaskAutoPickupFromGround.intakeEvent=CLEARED), timeout=0.0)
Intake.finish_INFO [10.48026375] Finishing intake: completed=true, power=0.0, finishDelay=0.0
CmdAuto.cmdPeriodic_INFO [10.484764888] <Event name="StateInfo" time="10.483616442" tag="vvvvv" CmdAuto.state="SCORE_NOTE_TO_AMP" />
CmdAuto.cmdPeriodic_INFO [10.487793457] ***** Scoring Wing Note 1 or Centerline Note 1 into the Amp.
TaskAutoScoreNote.autoAssistScore_INFO [10.490860547] targetType=Amp, useVision=true, inAuto=true, relocalize=false, event=(CmdAuto=SIGNALED)
TaskAutoScoreNote.acquireSubsystemsOwnership_INFO [10.493887798] Successfully acquired subsystem ownerships for AutoScoreNote.
CmdAuto.cmdPeriodic_INFO [10.49554258] <Event name="StateInfo" time="10.49531017" tag="^^^^^" CmdAuto.state="SCORE_NOTE_TO_AMP" />
TaskAutoScoreNote.autoTask_INFO [10.499137621] <Event name="StateInfo" time="10.498902769" tag="vvvvv" TaskAutoScoreNote.state="START" />
TaskAutoScoreNote.runTaskState_INFO [10.501697714] ***** Using AprilTag Vision.
Intake.entryTriggerCallback_INFO [10.507780759] active=false, actionParams=null
TaskAutoScoreNote.autoTask_INFO [10.516932476] <Event name="StateInfo" time="10.516729386" tag="vvvvv" TaskAutoScoreNote.state="FIND_APRILTAG" />
TaskAutoScoreNote.runTaskState_INFO [10.52666665] ***** Vision found AprilTag 6: aprilTagPose=(x=20.7,y=39.5,angle=27.6)
TaskAutoScoreNote.autoTask_INFO [10.533245946] <Event name="StateInfo" time="10.532272416" tag="vvvvv" TaskAutoScoreNote.state="DRIVE_TO_APRILTAG" />
TaskAutoScoreNote.runTaskState_INFO [10.535520666] ***** Prep shooter to score to Amp.
Shooter.aimShooter_DEBUG [10.538163082] owner=AutoScoreNote, currOwner=AutoScoreNote, vel=17.5, tiltAngle=57.0, panAngle=0.0, event=(TaskAutoScoreNote.event=SIGNALED), timeout=0.0, aimOnly=true, shootOffDelay=0.0
TaskAutoScoreNote.runTaskState_INFO [10.550413829] DRIVE_TO_APRILTAG***** Approach Amp in Auto with Vision:
	RobotFieldPose=(x=-288.7,y=71.9,angle=-90.2)
	intermediatePose=(x=17.2,y=0.0,angle=0.2)
	targetPose=(x=0.0,y=39.5,angle=0.0)
purePursuitDrive.start_INFO [10.554999523] Path=TrcPath(degrees=true, [TrcWaypoint(index=0,pose=(x=-288.7,y=71.9,angle=-90.2),vel=0.000000), TrcWaypoint(index=1,pose=(x=-288.8,y=89.1,angle=-90.0),vel=0.000000), TrcWaypoint(index=2,pose=(x=-328.3,y=89.1,angle=-90.0),vel=0.000000)])
Shooter.onTarget_DEBUG [10.55813156] shooterEvent=(Shooter.shooterOnTarget=SIGNALED), tiltEvent=(Shooter.tiltOnTarget=CLEARED), panEvent=null, aimOnly=true
TaskAutoScoreNote.sonarTrigger_INFO [11.269816173] ***** SonarTrigger: Canceling PurePureSuitDrive, distance=15.943875918367349
TaskAutoScoreNote.sonarTrigger_INFO [11.291850869] ***** SonarTrigger: Canceling PurePureSuitDrive, distance=15.819314387755105
purePursuitDrive.driveTask_INFO [12.557614274] Done: index=2/3, stalled=false, timeout=true, posOnTarget=false,headingOnTarget=true,robotPose=(x=-322.2,y=89.1,angle=-89.1)
purePursuitDrive.driveTask_INFO [12.571500931] Signal completion event (TaskAutoScoreNote.driveEvent=CLEARED).
Shooter.onTarget_DEBUG [12.800935244] shooterEvent=(Shooter.shooterOnTarget=SIGNALED), tiltEvent=(Shooter.tiltOnTarget=SIGNALED), panEvent=null, aimOnly=true
Shooter.tiltMotor.pidCtrlTask_INFO [12.802570687] controlMode: Position onTarget=true(57.52556654267393/57.0), stalled=false, expired=false, event=(Shooter.tiltOnTarget=SIGNALED)
TaskAutoScoreNote.autoTask_INFO [12.820657471] <Event name="StateInfo" time="12.820400827" tag="vvvvv" TaskAutoScoreNote.state="SCORE_NOTE" />
Intake: pwr=0.0, current=0.0, isActive=false, hasObject=true.shoot_DEBUG [12.834321499] owner=AutoScoreNote, power=1.0, event=(TaskAutoScoreNote.event=SIGNALED)
Intake.performAction_INFO [12.843419595] Action: (op=EjectForward, intakePower=1.0, retainPower=0.0, finishDelay=0.0, event=(TaskAutoScoreNote.event=SIGNALED), timeout=0.0), hasObject=true
Intake.exitTriggerCallback_INFO [13.193406628] active=false, actionParams=(op=EjectForward, intakePower=1.0, retainPower=0.0, finishDelay=0.0, event=(TaskAutoScoreNote.event=CLEARED), timeout=0.0)
Intake.finish_INFO [13.212634062] Finishing intake: completed=true, power=0.0, finishDelay=0.0
TaskAutoScoreNote.autoTask_INFO [13.221308835] <Event name="StateInfo" time="13.220812748" tag="vvvvv" TaskAutoScoreNote.state="DONE" />
TaskAutoScoreNote.stopSubsystems_INFO [13.232912826] Stopping subsystems.
Intake.cancel_INFO [13.238522627] owner=AutoScoreNote
Intake.finish_INFO [13.24271885] Finishing inactive intake: completed=false, delayFinishPending=false
TaskAutoScoreNote.releaseSubsystemsOwnership_INFO [13.249271729] Releasing subsystem ownership (currOwner=AutoScoreNote, intake=AutoScoreNote, shooter=AutoScoreNote, robotDrive=AutoScoreNote).
CmdAuto.cmdPeriodic_INFO [13.257118278] <Event name="StateInfo" time="13.256830111" tag="vvvvv" CmdAuto.state="DRIVE_TO_CENTERLINE" />
CmdAuto.cmdPeriodic_INFO [13.263026478] ***** EndAction=SCORE_ONE_NOTE: we are done.
CmdAuto.cmdPeriodic_INFO [13.269603872] <Event name="StateInfo" time="13.268466862" tag="^^^^^" CmdAuto.state="DRIVE_TO_CENTERLINE" />
CmdAuto.cmdPeriodic_INFO [13.283044876] <Event name="StateInfo" time="13.282818763" tag="vvvvv" CmdAuto.state="DONE" />
CmdAuto.cmdPeriodic_INFO [13.291420731] <Event name="StateInfo" time="13.291011083" tag="^^^^^" CmdAuto.state="DONE" />
FrcRobotBase.startCompetition_INFO [15.309084172] *** Transitioning from AUTO_MODE to DISABLED_MODE ***
TaskAutoScoreNote.autoAssistCancel_INFO [15.312959221] Canceling auto-assist.
TaskAutoPickupFromGround.autoAssistCancel_INFO [15.318338678] Canceling auto-assist.
TaskAutoPickupFromSource.autoAssistCancel_INFO [15.320171399] Canceling auto-assist.
pidDrive.printPerformanceMetrics_INFO [15.339827663] [pidDrive] Loop Performance Metrics:
Average Loop Interval = NaNs (freq=NaNHz, min=0.000000s, max=0.000000s)

FrcRobotBase.printPerformanceMetrics_INFO [15.345832442] [FrcRobotBase] Loop Performance Metrics:
Average Loop Interval = 0.000659s (freq=1517.102Hz, min=0.000000s, max=0.269215s)
[03]                StartTask=0.000000s
[04]          PrePeriodicTask=0.000067s
[07]               UpdateTask=0.000460s
[02]                StartMode=0.000000s
[06]         PostPeriodicTask=0.000061s
[08]                 StopTask=0.000000s
[09]                 StopMode=0.000000s
[00]                RobotInit=10.992937s
[01]           RobotStartMode=0.000001s
[05]                 Periodic=0.000029s
[10]            RobotStopMode=0.000000s

TrcTaskMgr.printTaskPerformanceMetrics_INFO [15.352729167] TrcWatchdogMgr: STANDALONE_TASK=0.000224/0.995899
TrcTaskMgr.printTaskPerformanceMetrics_INFO [15.354309911] SonarTrigger.triggerTask: PRE_PERIODIC_TASK=0.000126/0.032219
TrcTaskMgr.printTaskPerformanceMetrics_INFO [15.355433598] LED: OUTPUT_TASK=0.000016/0.010537
TrcTaskMgr.printTaskPerformanceMetrics_INFO [15.356478471] lfDriveMotor.pidCtrlTask: OUTPUT_TASK=0.000009/0.010537
TrcTaskMgr.printTaskPerformanceMetrics_INFO [15.358614337] TrcMotor.odometryTask: STANDALONE_TASK=0.001672/0.002026
TrcTaskMgr.printTaskPerformanceMetrics_INFO [15.360384981] lfDriveMotor.odometryCleanupTask: STOP_TASK=0.000656/7.661282
TrcTaskMgr.printTaskPerformanceMetrics_INFO [15.361776081] rfDriveMotor.pidCtrlTask: OUTPUT_TASK=0.000005/0.010537
TrcTaskMgr.printTaskPerformanceMetrics_INFO [15.362960841] lbDriveMotor.pidCtrlTask: OUTPUT_TASK=0.000005/0.010537
TrcTaskMgr.printTaskPerformanceMetrics_INFO [15.364723066] rbDriveMotor.pidCtrlTask: OUTPUT_TASK=0.000005/0.010537
TrcTaskMgr.printTaskPerformanceMetrics_INFO [15.367630428] lfSteerMotor.pidCtrlTask: OUTPUT_TASK=0.000020/0.010537
TrcTaskMgr.printTaskPerformanceMetrics_INFO [15.370576128] rfSteerMotor.pidCtrlTask: OUTPUT_TASK=0.000016/0.010537
TrcTaskMgr.printTaskPerformanceMetrics_INFO [15.371592365] lbSteerMotor.pidCtrlTask: OUTPUT_TASK=0.000017/0.010537
TrcTaskMgr.printTaskPerformanceMetrics_INFO [15.372808223] rbSteerMotor.pidCtrlTask: OUTPUT_TASK=0.000018/0.010537
TrcTaskMgr.printTaskPerformanceMetrics_INFO [15.374643376] TrcDriveBase.odometryTask: INPUT_TASK=0.003513/0.011061
TrcTaskMgr.printTaskPerformanceMetrics_INFO [15.375976096] TrcDriveBase.stopTask: STOP_TASK=0.004243/7.661825
TrcTaskMgr.printTaskPerformanceMetrics_INFO [15.377554706] purePursuitDrive.driveTask: POST_PERIODIC_TASK=0.012282/0.016025
TrcTaskMgr.printTaskPerformanceMetrics_INFO [15.381208237] Intake.motor.pidCtrlTask: OUTPUT_TASK=0.000004/0.010537
TrcTaskMgr.printTaskPerformanceMetrics_INFO [15.382532949] Intake.entryTrigger.triggerTask: PRE_PERIODIC_TASK=0.000013/0.000659
TrcTaskMgr.printTaskPerformanceMetrics_INFO [15.384050049] Intake.exitTrigger.triggerTask: PRE_PERIODIC_TASK=0.000006/0.000659
TrcTaskMgr.printTaskPerformanceMetrics_INFO [15.386879352] Shooter.shooterMotor.pidCtrlTask: OUTPUT_TASK=0.000008/0.010537
TrcTaskMgr.printTaskPerformanceMetrics_INFO [15.38801031] Shooter.tiltMotor.pidCtrlTask: OUTPUT_TASK=0.000015/0.010537
TrcTaskMgr.printTaskPerformanceMetrics_INFO [15.389041812] Shooter.tiltMotor.converterTask: INPUT_TASK=0.000111/0.010537
TrcTaskMgr.printTaskPerformanceMetrics_INFO [15.391203533] Climber.motor.pidCtrlTask: OUTPUT_TASK=0.000005/0.010537
TrcTaskMgr.printTaskPerformanceMetrics_INFO [15.393427911] Deflector.servo.stopTask: STOP_TASK=0.000162/7.658210
TrcTaskMgr.printTaskPerformanceMetrics_INFO [15.395326807] TaskAutoScoreNote: POST_PERIODIC_TASK=0.000514/0.016888
TrcTaskMgr.printTaskPerformanceMetrics_INFO [15.396724055] TaskAutoPickupFromGround: POST_PERIODIC_TASK=0.000758/0.015498
